1.22056 0
1.22067 0.000115181
1.22789 0.00721758
1.22425 0.00626959
1.22775 0.00599002
1.22582 0.00525714
1.22529 0.00447494
1.22597 0.00393513
1.22485 0.00364822
1.22579 0.00339631
1.22552 0.00308428
1.22613 0.00288198
1.22534 0.00276687
1.22619 0.00270028
1.22642 0.00252378
1.22704 0.00244171
1.22712 0.00229482
1.22708 0.00216383
1.2273 0.00205827
1.22729 0.00195268
1.22723 0.00185839
1.22705 0.00178079
1.22728 0.0017165
1.22663 0.00176523
1.22716 0.00177437
1.22691 0.00172361
1.22691 0.00165854
1.2267 0.0016114
1.22678 0.00155691
1.22705 0.0015277
1.22656 0.00155648
1.22659 0.00150747
1.22627 0.00149636
1.22622 0.00145255
1.22658 0.00145671
1.22618 0.00147206
1.22645 0.00145661
1.22643 0.00141794
1.22635 0.00138302
1.22652 0.00135808
1.22646 0.00132588
1.22648 0.00129409
1.22622 0.00129036
1.22644 0.00127964
1.22616 0.0012814
1.22637 0.00127023
1.22661 0.00126594
1.22653 0.00124184
1.22684 0.00125468
1.22649 0.001278
1.22666 0.00126487
1.22662 0.00124109
1.22659 0.00121783
1.22664 0.00119623
1.22667 0.0011747
1.22681 0.00116195
1.22691 0.00114574
1.22697 0.00112732
1.22683 0.00111721
1.227 0.00111217
1.22658 0.0011701
1.2266 0.00115113
1.22663 0.0011331
1.22664 0.00111539
1.22664 0.00109813
1.2267 0.00108322
1.22675 0.00106814
1.22683 0.00105567
1.22682 0.00104031
1.22662 0.00104479
1.22684 0.00105287
1.22692 0.00104091
1.22683 0.00102995
1.2269 0.0010184
1.2268 0.00100963
1.22688 0.000999004
1.2267 0.00100243
1.22673 0.000990212
1.22678 0.00097877
1.22674 0.000967519
1.22671 0.000955994
1.22669 0.00094437
1.22678 0.000937226
1.22665 0.000934821
1.22673 0.000927216
1.22664 0.000921093
1.22652 0.00091849
1.22662 0.00091376
1.22672 0.000909126
1.22655 0.000915402
1.22666 0.000912195
1.22646 0.000924042
1.22644 0.000914343
1.22658 0.000915347
1.22649 0.000910159
1.22648 0.000900657
1.22649 0.000891327
1.22648 0.000882196
1.22651 0.000873748
1.22654 0.000865392
