-5.35684 0
-5.38303 0.0261889
-5.39211 0.0176384
-5.39643 0.0132009
-5.39899 0.0105403
-5.40054 0.0087441
-5.40181 0.00749874
-5.40275 0.00656216
-5.4036 0.00584888
-5.40421 0.00526666
-5.40462 0.00478185
-5.40503 0.00438409
-5.40532 0.00404354
-5.40568 0.00376033
-5.40593 0.00350994
-5.40619 0.00329375
-5.40641 0.00310117
-5.40662 0.00293179
-5.40679 0.00277835
-5.40698 0.00264232
-5.4071 0.0025165
-5.40727 0.00240513
-5.40735 0.00229968
-5.40742 0.00220281
-5.4075 0.00211439
-5.40759 0.00203323
-5.4077 0.0019599
-5.40778 0.00189014
-5.40789 0.00182708
-5.40794 0.0017658
-5.40797 0.00170816
-5.40798 0.00165399
-5.40801 0.00160329
-5.40803 0.00155557
-5.40813 0.00151378
-5.40816 0.00147145
-5.40821 0.00143217
-5.40827 0.00139529
-5.40828 0.00135906
-5.40835 0.00132629
-5.40841 0.00129497
-5.40843 0.00126393
-5.40847 0.00123479
-5.40853 0.00120788
-5.40854 0.00118076
-5.40856 0.00115516
-5.40862 0.00113188
-5.40867 0.00110905
-5.40871 0.001087
-5.40872 0.00106506
-5.40876 0.00104476
-5.40879 0.00102479
-5.40882 0.0010059
-5.40884 0.000987273
-5.40884 0.000969157
-5.40886 0.000951835
-5.40889 0.000935524
-5.40892 0.00091972
-5.40892 0.000903998
-5.40892 0.000888804
-5.40893 0.000874247
-5.40895 0.000860108
-5.40897 0.000846581
-5.40899 0.000833497
-5.40901 0.000821037
-5.40903 0.00080862
-5.40903 0.000796465
-5.40904 0.000784691
-5.40904 0.000773249
-5.40904 0.000762128
-5.40907 0.000751611
-5.40908 0.000741353
-5.4091 0.00073121
-5.4091 0.000721317
-5.40913 0.000711983
-5.40915 0.000702783
-5.40916 0.000693755
-5.40917 0.000684898
-5.40918 0.000676205
-5.40919 0.000667746
-5.4092 0.000659625
-5.40923 0.000652143
-5.40923 0.000644258
-5.40925 0.00063678
-5.40925 0.000629248
-5.40928 0.000622261
-5.40927 0.000615086
-5.40929 0.000608503
-5.40931 0.000601769
-5.40932 0.00059523
-5.40932 0.000588658
-5.40932 0.000582231
-5.40933 0.00057602
-5.40934 0.000570002
-5.40936 0.000564127
-5.40937 0.000558321
-5.40937 0.000552567
-5.40938 0.000546936
-5.40938 0.000541398
-5.4094 0.000536077
