-6.57739 0
-6.6037 0.0263041
-6.62 0.0222782
-6.62068 0.0157679
-6.62674 0.0136362
-6.62636 0.0111404
-6.6271 0.00944428
-6.62873 0.00833897
-6.62845 0.00735955
-6.63 0.00676268
-6.63014 0.00611868
-6.63116 0.00567825
-6.63066 0.00524686
-6.63187 0.00500575
-6.63235 0.00468462
-6.63324 0.00447079
-6.63352 0.00420936
-6.63371 0.00397285
-6.63409 0.00377775
-6.63427 0.00358809
-6.63433 0.00341356
-6.63432 0.00325472
-6.63463 0.00312529
-6.63405 0.00304735
-6.63466 0.0029861
-6.63449 0.00287392
-6.63461 0.00276774
-6.63448 0.0026702
-6.63467 0.00258345
-6.63498 0.00251581
-6.63452 0.00247622
-6.63457 0.00239814
-6.63428 0.00234329
-6.63425 0.0022735
-6.63471 0.00225588
-6.63434 0.00222385
-6.63466 0.00218688
-6.6347 0.0021289
-6.63464 0.00207462
-6.63487 0.00203526
-6.63487 0.001985
-6.63491 0.0019376
-6.63469 0.00190505
-6.63497 0.00188205
-6.6347 0.00185947
-6.63493 0.00183383
-6.63523 0.00181927
-6.6352 0.00178126
-6.63555 0.00177939
-6.63521 0.00177674
-6.63542 0.00175485
-6.6354 0.00172087
-6.63541 0.0016881
-6.63548 0.00165807
-6.63551 0.00162795
-6.63567 0.00160621
-6.6358 0.00158326
-6.63589 0.00155819
-6.63574 0.00153824
-6.63592 0.00152247
-6.63552 0.00154989
-6.63554 0.00152486
-6.63559 0.00150128
-6.63563 0.00147812
-6.63565 0.00145533
-6.63573 0.00143519
-6.63578 0.00141463
-6.63587 0.00139661
-6.63586 0.00137624
-6.63567 0.00137077
-6.63591 0.00137236
-6.636 0.00135652
-6.63593 0.00133978
-6.63601 0.00132395
-6.63593 0.00130845
-6.63602 0.0012944
-6.63586 0.00128824
-6.63591 0.00127256
-6.63596 0.00125753
-6.63592 0.00124228
-6.63591 0.00122694
-6.63592 0.00121197
-6.63602 0.00120103
-6.63591 0.0011918
-6.63599 0.00118056
-6.63592 0.00116895
-6.63579 0.0011623
-6.63592 0.00115589
-6.63603 0.00114856
-6.63587 0.00114664
-6.63599 0.00113975
-6.63579 0.00114533
-6.63577 0.00113302
-6.63592 0.00113128
-6.63585 0.00112196
-6.63585 0.00111022
-6.63586 0.00109874
-6.63586 0.00108748
-6.6359 0.00107696
-6.63593 0.00106683
