0.813704 0
0.81378 7.67875e-05
0.818592 0.00481172
0.816164 0.00417973
0.818502 0.00399334
0.817216 0.00350476
0.816861 0.00298329
0.817316 0.00262342
0.816567 0.00243215
0.817194 0.00226421
0.817012 0.00205618
0.817422 0.00192132
0.816894 0.00184458
0.817463 0.00180019
0.817613 0.00168252
0.818028 0.00162781
0.818078 0.00152988
0.818056 0.00144255
0.818201 0.00137218
0.818193 0.00130179
0.818152 0.00123893
0.818033 0.00118719
0.818184 0.00114433
0.817754 0.00117682
0.818108 0.00118291
0.817939 0.00114907
0.817937 0.0011057
0.8178 0.00107426
0.817853 0.00103794
0.818031 0.00101847
0.817705 0.00103765
0.817729 0.00100498
0.817514 0.000997574
0.81748 0.00096837
0.817723 0.000971137
0.817454 0.00098137
0.817633 0.000971074
0.817618 0.00094529
0.817569 0.000922015
0.817679 0.000905386
0.817639 0.000883921
0.817653 0.000862727
0.817479 0.000860239
0.817625 0.000853091
0.81744 0.000854267
0.817578 0.000846823
0.817738 0.000843958
0.817685 0.000827892
0.817891 0.000836456
0.817658 0.000852002
0.817774 0.000843248
0.817745 0.000827394
0.817725 0.000811889
0.81776 0.000797484
0.817781 0.000783137
0.817874 0.00077463
0.81794 0.000763827
0.817979 0.000751547
0.817884 0.000744806
0.818 0.000741446
0.817723 0.000780067
0.817731 0.00076742
0.817751 0.000755399
0.817762 0.000743595
0.817757 0.000732087
0.817799 0.000722149
0.817833 0.000712091
0.817889 0.00070378
0.817882 0.000693543
0.817748 0.000696525
0.817894 0.000701911
0.817944 0.000693939
0.817888 0.000686633
0.817936 0.000678934
0.817869 0.000673085
0.817919 0.000666002
0.817798 0.000668288
0.817823 0.000660142
0.817855 0.000652513
0.817825 0.000645013
0.817804 0.00063733
0.817795 0.00062958
0.817855 0.000624818
0.817769 0.000623214
0.817823 0.000618144
0.817761 0.000614062
0.81768 0.000612326
0.817748 0.000609174
0.817816 0.000606084
0.817701 0.000610268
0.817775 0.00060813
0.817642 0.000616028
0.817627 0.000609562
0.81772 0.000610231
0.81766 0.000606772
0.817655 0.000600438
0.817657 0.000594218
0.817654 0.000588131
0.817674 0.000582498
0.817692 0.000576928
