1.40941 0
1.45414 0.044734
1.47939 0.0361204
1.48286 0.0257755
1.48869 0.0207972
1.48491 0.0173955
1.48972 0.0154695
1.48716 0.0136403
1.48766 0.01204
1.48579 0.01093
1.48312 0.010239
1.48219 0.009393
1.47758 0.00979522
1.48512 0.0117921
1.48682 0.0111095
1.48971 0.0107849
1.4865 0.010626
1.48438 0.0102396
1.48917 0.0108025
1.48928 0.0102489
1.49155 0.0100075
1.49371 0.00978478
1.49575 0.0095688
1.49507 0.0091863
1.49906 0.00966902
1.49725 0.00946408
1.49771 0.00911857
1.49593 0.00896482
1.49827 0.00896122
1.49795 0.00866353
1.49696 0.0084372
1.49982 0.00865622
1.50012 0.00839513
1.49971 0.00815486
1.49871 0.00798174
1.49969 0.00781911
1.49902 0.00763447
1.49672 0.00777762
1.49683 0.00757635
1.49743 0.00740906
1.49808 0.00725443
1.49853 0.00709414
1.49907 0.00694828
1.49827 0.00683591
1.49785 0.00669537
1.49669 0.00664906
1.49584 0.00656143
1.49703 0.00653268
1.49683 0.0064011
1.49757 0.00631474
1.49805 0.00620815
1.49761 0.00610321
1.49678 0.0060447
1.49702 0.00593643
1.49731 0.00583489
1.49587 0.00590716
1.49726 0.00596656
1.4971 0.005865
1.49714 0.00576486
1.49678 0.00567924
1.49671 0.0055858
1.49667 0.00549515
1.49702 0.00541867
1.49675 0.00534031
1.4965 0.00526345
1.49599 0.00520781
1.49725 0.00528342
1.49668 0.00523696
1.49632 0.00517314
1.49611 0.0051028
1.49614 0.00503047
1.49746 0.00513285
1.49744 0.00506206
1.49751 0.00499365
1.49754 0.0049267
1.49811 0.00489482
1.49731 0.00489707
1.49696 0.00484627
1.4983 0.00496991
1.49845 0.00490953
1.49796 0.00487324
1.49751 0.00483392
1.49761 0.00477623
1.49756 0.00471928
1.49752 0.00466363
1.49819 0.00465788
1.49811 0.00460467
1.49796 0.0045546
1.4975 0.00452597
1.49752 0.00447543
1.49744 0.00442677
1.49762 0.00438237
1.49798 0.00434934
1.49741 0.00433932
1.49775 0.00430618
1.49814 0.00427908
1.49853 0.00425282
1.49774 0.00428269
1.49817 0.00426108
1.49768 0.00424734
