1.51978 0
1.51627 0.00351114
1.49713 0.0192419
1.51023 0.0188896
1.49765 0.0192969
1.50066 0.0160395
1.49942 0.0136125
1.49398 0.0129821
1.49807 0.0121595
1.49926 0.01094
1.49778 0.0100052
1.49446 0.00971712
1.49459 0.0089394
1.49628 0.00844604
1.49409 0.00816119
1.49702 0.0081777
1.49759 0.00770226
1.49574 0.00749242
1.49672 0.00715347
1.49722 0.00680479
1.4993 0.00679848
1.50018 0.00654225
1.50018 0.00625134
1.49826 0.00628495
1.49838 0.00602946
1.49726 0.00589981
1.49826 0.00576504
1.49939 0.00566823
1.49776 0.00570717
1.49859 0.00557667
1.49669 0.00571823
1.49709 0.00555077
1.49786 0.00543546
1.49754 0.00528318
1.49781 0.00513724
1.49846 0.00503419
1.49952 0.00500976
1.49921 0.00488605
1.49825 0.00485496
1.49883 0.0047677
1.49887 0.00465016
1.49839 0.0045635
1.4973 0.00458778
1.4966 0.00453628
1.49857 0.00485299
1.49869 0.0047478
1.49904 0.00465845
1.49718 0.00492458
1.49774 0.00485532
1.49821 0.00478066
1.49879 0.00472176
1.49917 0.00464539
1.49881 0.00457104
1.49803 0.00455276
1.49829 0.00447692
1.49937 0.00452662
1.49851 0.00452889
1.49921 0.00450497
1.49945 0.00443441
1.49923 0.00436549
1.49842 0.0043688
1.49807 0.00431193
1.49848 0.00426265
1.49904 0.00423309
1.49948 0.00418986
1.501 0.00439802
1.50145 0.00435568
1.50051 0.00439334
1.50022 0.0043393
1.50093 0.00433656
1.50015 0.00434622
1.49959 0.0043218
1.49938 0.00426733
1.49858 0.00428551
1.49816 0.00424797
1.49763 0.00422577
1.4975 0.00417239
1.4975 0.00411855
1.49699 0.00409814
1.49661 0.00406409
1.49693 0.00402633
1.49681 0.00397876
1.49719 0.00394829
1.49706 0.00390316
1.49711 0.00385733
1.49735 0.00381985
1.49738 0.00377582
1.49782 0.00375867
1.49751 0.00372948
1.49723 0.00369866
1.49724 0.00365782
1.49698 0.00362727
1.49733 0.00360506
1.49833 0.00370573
1.49747 0.00376602
1.49827 0.0038103
1.49812 0.00377364
1.49741 0.00380218
1.49718 0.00377077
1.49789 0.00379954
