5.04993 0
5.08878 0.0388489
5.09903 0.0246613
5.09629 0.0176518
5.07462 0.0256252
5.0447 0.0365133
5.0419 0.0309861
5.02468 0.0318819
5.02839 0.0283604
5.03575 0.0264126
5.04121 0.0245067
5.03092 0.0246233
5.0346 0.0229473
5.04228 0.0225913
5.03252 0.0231857
5.02026 0.024917
5.00642 0.0271897
5.00163 0.0260786
4.99987 0.0247306
4.9952 0.0239206
4.99226 0.022943
4.98882 0.0221432
4.98586 0.0213656
4.98632 0.0204613
4.99614 0.0219446
4.99349 0.02125
4.99524 0.0205229
4.99758 0.0199142
5.00046 0.0194306
5.00104 0.0187805
4.99798 0.0184196
5.00212 0.0183081
5.0017 0.0177496
4.99996 0.0173068
4.99544 0.0174022
4.99744 0.0170289
4.99365 0.0169903
4.98957 0.0170313
4.98926 0.0165917
4.98605 0.0164879
4.98753 0.0161486
4.98524 0.0159249
4.98428 0.0155792
4.98027 0.015742
4.97851 0.0154885
4.97629 0.015309
4.97569 0.014992
4.97664 0.0147074
4.97681 0.0144051
4.97907 0.0142943
4.98074 0.0141108
4.97964 0.0138807
4.98003 0.0136219
4.97938 0.0133833
4.98143 0.0132976
4.98349 0.0132188
4.98237 0.013033
4.98661 0.013492
4.98716 0.0132725
4.98797 0.0130749
4.98895 0.0128959
4.99008 0.0127365
4.99041 0.012537
4.98784 0.0126039
4.99019 0.0126277
4.99205 0.012574
4.98916 0.0127187
4.98835 0.0125562
4.99206 0.0129164
4.99189 0.0127317
4.99278 0.0125827
4.99222 0.0124194
4.99416 0.0124016
4.99637 0.0124297
4.99397 0.0124952
4.99316 0.0123562
4.99311 0.0121947
4.99401 0.0120702
4.99546 0.0120051
4.99416 0.0119258
4.99792 0.0123642
4.99703 0.0122444
4.99677 0.012099
4.99866 0.0121031
4.99577 0.0123052
4.99569 0.0121616
4.99582 0.0120217
4.99635 0.0118963
4.99557 0.0117876
4.9956 0.0116559
4.99597 0.0115331
4.99605 0.0114074
4.99686 0.011313
4.99578 0.0112439
4.99584 0.0111251
4.99624 0.0110159
4.99503 0.0109688
4.99562 0.0108721
4.99558 0.0107618
4.99641 0.0106855
