4.97375 0
5.02969 0.0559377
5.02419 0.03276
5.00754 0.028529
5.01145 0.0224411
4.975 0.040795
5.00012 0.0426615
5.00345 0.0370955
5.00289 0.0327199
5.01145 0.0304914
5.01678 0.0280901
5.0085 0.0269459
5.00463 0.0250868
5.00246 0.0233269
4.99833 0.0221066
4.99796 0.0206821
5.00031 0.0195687
5.00017 0.0184501
5.00205 0.0175526
5.01734 0.0226113
5.01437 0.0217118
5.02195 0.0220463
5.01744 0.021545
5.0188 0.0206727
5.02058 0.0199084
5.01806 0.0192929
5.01923 0.0186016
5.0199 0.0179375
5.01832 0.0173797
5.01874 0.0167955
5.01234 0.0174569
5.01388 0.0169721
5.01332 0.0164593
5.01435 0.0160013
5.0112 0.0158533
5.00809 0.0157177
5.00244 0.016296
5.00254 0.0158617
4.99993 0.0156691
4.99993 0.0152724
5.00304 0.0152177
4.99799 0.0156859
4.99637 0.0154026
4.99468 0.0151432
4.99019 0.0154677
4.99307 0.0153982
4.99845 0.0160017
4.99579 0.0158903
4.99844 0.0157878
5.00002 0.0155486
5.00205 0.0153756
5.00064 0.0151427
4.99889 0.0149566
4.999 0.0146774
5.0007 0.014508
5.0034 0.014499
5.00154 0.0143622
5.00167 0.014113
5.00188 0.0138734
4.99945 0.0138558
4.99835 0.0136709
4.99792 0.0134554
5.00027 0.0134458
5.00163 0.0133046
5.0009 0.0131191
5.00096 0.012919
5.00013 0.0127517
4.99914 0.0126019
5.00052 0.0124951
5.00211 0.0124165
5.00258 0.0122497
5.00201 0.0120918
5.00137 0.0119422
5.0015 0.0117804
5.00181 0.0116263
5.00269 0.0115057
5.00059 0.0115468
5.00131 0.01142
5.00025 0.0113234
4.99933 0.0112194
4.99861 0.0111031
4.99917 0.0109813
4.99876 0.0108559
5.00035 0.0108425
5.00011 0.0107169
4.99928 0.0106243
4.99894 0.0105068
4.99734 0.0105097
4.99947 0.0106062
4.99781 0.0106181
4.99649 0.0105829
4.99829 0.0106207
4.99847 0.0105073
4.99975 0.0104743
4.99876 0.0104108
4.99892 0.010303
5.00022 0.0102792
5.00033 0.0101744
5.00003 0.0100756
5.00045 0.00998295
