0
0.000661007
0.000381714
0.000387638
0.000335675
0.000274264
0.000313528
0.000281409
0.000253536
0.000276625
0.000255642
0.000241494
0.000226197
0.00021264
0.000218632
0.000210621
0.000206133
0.000194887
0.000184385
0.000198974
0.000198724
0.000189834
0.0002544
0.000246331
0.000240405
0.000231406
0.000223697
0.000218714
0.000214902
0.000209698
0.000203143
0.000203569
0.000198198
0.000195773
0.00019074
0.000185605
0.000181404
0.000177913
0.000174003
0.000171664
0.000172117
0.000169304
0.000166834
0.000168047
0.000164751
0.000162271
0.000159537
0.000162415
0.000160574
0.000157594
0.00015547
0.000156059
0.000153336
0.00015201
0.000149469
0.000146884
0.000147462
0.000145859
0.000147873
0.000145811
0.000143559
0.000141732
0.000139495
0.000137298
0.00013604
0.000134135
0.000132138
0.000130229
0.000128567
0.000129486
0.000127703
0.000126276
0.000124882
0.000125785
0.000125499
0.00012584
0.000126816
0.000125217
0.00012402
0.000122856
0.000121475
0.000120378
0.000119862
0.000118695
0.000117293
0.000119239
0.000117871
0.000116525
0.000116304
0.000115216
0.000114468
0.000113223
0.000112095
0.000110944
0.000111637
0.000110555
0.000109559
0.000110274
0.000109178
0.00010895
