3.14157
3.14223
3.14224
3.14196
3.14211
3.1421
3.14189
3.14197
3.14191
3.14176
3.14181
3.14187
3.14191
3.14188
3.14178
3.14183
3.14178
3.14176
3.14176
3.14166
3.1416
3.14161
3.14179
3.14183
3.14187
3.14186
3.14184
3.14187
3.14183
3.1418
3.14179
3.14174
3.14176
3.14172
3.14174
3.14173
3.14171
3.14173
3.14172
3.14174
3.1417
3.14172
3.14175
3.14179
3.1418
3.14178
3.14177
3.14172
3.1417
3.14169
3.14171
3.14174
3.14175
3.14173
3.14172
3.14171
3.14168
3.14167
3.14163
3.14162
3.14163
3.14164
3.14163
3.14163
3.14162
3.14163
3.14163
3.14162
3.14162
3.14159
3.14159
3.1416
3.14161
3.14159
3.14157
3.14159
3.14162
3.14161
3.14162
3.14161
3.14161
3.1416
3.14161
3.14162
3.14162
3.14159
3.14159
3.14159
3.14158
3.14158
3.1416
3.14159
3.1416
3.1416
3.14157
3.14157
3.14158
3.14156
3.14156
3.14154
