           0    0.817287    -0.57623
           1    0.491101   -0.871103
           2    0.828785   -0.559567
           3    0.909755   -0.415145
           4    0.929488   -0.368852
           5    0.996383  -0.0849741
           6    0.994097    0.108496
           7    0.988382    0.151989
           8    0.983789    0.179328
           9    0.919697    0.392628
          10     0.81556    0.578672
          11    0.763349    0.645987
          12    0.717473    0.696586
          13    0.666931     0.74512
          14    0.301728    0.953394
          15    0.219871    0.975529
          16    0.149543    0.988755
          17   -0.142465      0.9898
          18   -0.200895    0.979613
          19   -0.488159    0.872755
          20   -0.957635    0.287984
          21    -0.98434    0.176281
          22   -0.999094   0.0425475
          23    -0.99935   0.0360596
          24   -0.953885   -0.300172
          25   -0.898197   -0.439593
          26   -0.884443   -0.466647
          27   -0.874885    -0.48433
          28   -0.577805   -0.816175
          29   -0.278816   -0.960344
          30    0.029236   -0.999573
          31    0.162934   -0.986637
          33    0.817287    -0.57623
