           0   -0.340902    0.174932
           1    -0.37904    0.180137
           2   -0.413993    0.156019
           3    -0.44652    0.213423
           4   -0.330082    0.229649
           5   -0.286148     0.17838
           6   -0.128504    0.336567
           7    0.265764    0.470267
           8     0.49461    0.418855
           9    0.485475   -0.100978
          10    0.186006   -0.130649
          11    0.256047  -0.0208621
          12    0.254052  0.00185779
          13    0.345767   0.0264639
          14     0.24877    0.139112
          15   0.0849169    0.116809
          16  -0.0228853   0.0718346
          17   -0.100088   -0.173142
          18    0.340005   -0.447239
          19    0.313285   -0.482058
          20   0.0831787   -0.435357
          21  -0.0184705   -0.494115
          22   -0.240972   -0.359523
          23   -0.266843   -0.306707
          24   -0.416046   -0.340741
          25   -0.482141   -0.385744
          26   -0.478862   -0.331675
          27   -0.364107   -0.260404
          28   -0.242107   -0.260732
          29   -0.156771  -0.0631128
          30   -0.220767   0.0458579
          31   -0.248635   0.0381503
          33   -0.340902    0.174932
