0
0
0.00308033
0.00194242
0.00187468
0.00152172
0.00127643
0.00110752
0.00112004
0.00099678
0.000929164
0.000870277
0.000823025
0.000759591
0.000737537
0.000773349
0.000735317
0.000703231
0.000672256
0.000647167
0.000617645
0.000589818
0.000648533
0.000627148
0.000628061
0.000605322
0.000644751
0.000647611
0.000624474
0.000606716
0.000586505
0.00057875
0.000580732
0.00056956
0.00056465
0.00055136
0.000543858
0.000529184
0.000523174
0.000511113
0.000499319
0.000487925
0.000478313
0.000484281
0.000490402
0.000480924
0.000481838
0.000497443
0.000488027
0.000478464
0.000475841
0.000466621
0.000457679
0.000459485
0.000451877
0.00044384
0.000435968
0.000428378
0.000421657
0.000415212
0.00041338
0.000408244
0.000404866
0.000399551
0.000397557
0.000391471
0.000386529
0.000384579
0.000380044
0.000379921
0.000374655
0.000369624
0.000364789
0.00036009
0.000355224
0.000350656
0.00034641
0.000342346
0.00034095
0.000336805
0.000332793
0.000330879
0.000328405
0.000326644
0.000326939
0.000325371
0.00032317
0.000319458
0.000315829
0.000315026
0.000319476
0.000315979
0.00031385
0.000310598
0.000307978
0.000309989
0.000309346
0.000306156
0.000304071
0.000301039
