0
0
0.000298055
0.000194103
0.000289486
0.000235837
0.000195397
0.000191288
0.000171092
0.000153715
0.000138685
0.000127425
0.000116861
0.000110348
0.000128458
0.000135608
0.000127792
0.000140932
0.000133341
0.000139572
0.000133926
0.000129916
0.000124001
0.000119199
0.000120831
0.000145972
0.000142358
0.000137818
0.00013457
0.000133804
0.000129338
0.000125204
0.000121297
0.000117767
0.00011472
0.000114521
0.000111351
0.00010834
0.000107186
0.000104946
0.000104054
0.000102477
0.000101754
0.000100985
9.99069e-05
9.78838e-05
0.000100394
0.000100038
9.81115e-05
9.68692e-05
9.64476e-05
9.45799e-05
9.28917e-05
9.19249e-05
9.1356e-05
8.97005e-05
8.81188e-05
8.67593e-05
8.60115e-05
8.65134e-05
8.51053e-05
8.38364e-05
8.27232e-05
8.21103e-05
8.35941e-05
8.23479e-05
8.1389e-05
8.05087e-05
8.00744e-05
7.89746e-05
7.8107e-05
7.77122e-05
7.68434e-05
7.59592e-05
7.56216e-05
7.53915e-05
7.44983e-05
7.35999e-05
7.26617e-05
7.18614e-05
7.14697e-05
7.06293e-05
7.0312e-05
6.99594e-05
7.12332e-05
7.0977e-05
7.08594e-05
7.01084e-05
6.93988e-05
6.87737e-05
6.81648e-05
6.86078e-05
6.78983e-05
6.71695e-05
6.67417e-05
6.60768e-05
6.70734e-05
6.65892e-05
6.73911e-05
6.69035e-05
