-0.370058 0
-0.358969 0.0110893
-0.358169 0.00645218
-0.353887 0.00625717
-0.35153 0.00538927
-0.346231 0.00688819
-0.342042 0.00717196
-0.344171 0.00656576
-0.342929 0.00592197
-0.345143 0.00574089
-0.345507 0.00520557
-0.345322 0.00475563
-0.345273 0.00437482
-0.346654 0.00427945
-0.351103 0.00597191
-0.351472 0.00559834
-0.353979 0.00582601
-0.357595 0.0065759
-0.361773 0.00749309
-0.366666 0.00863007
-0.369826 0.00879611
-0.370929 0.00845888
-0.370483 0.00809502
-0.370466 0.00775041
-0.37151 0.0075069
-0.371078 0.00722535
-0.370177 0.00701073
-0.369293 0.00681321
-0.367346 0.0068564
-0.365456 0.00688835
-0.363245 0.0070195
-0.362075 0.00689658
-0.361572 0.00670326
-0.361506 0.00650345
-0.362077 0.00634064
-0.362974 0.00622694
-0.365223 0.00646045
-0.36535 0.00628942
-0.365406 0.00612629
-0.366186 0.00602181
-0.367813 0.00609441
-0.368946 0.0060544
-0.370136 0.00603053
-0.370763 0.00592512
-0.371886 0.00589997
-0.372328 0.00578714
-0.373005 0.00570297
-0.373977 0.00566689
-0.375391 0.00572743
-0.376012 0.00564592
-0.376797 0.00558952
-0.376559 0.00548614
-0.376084 0.00540252
-0.376319 0.00530675
-0.376531 0.00521367
-0.376383 0.00512187
-0.376532 0.00503341
-0.376622 0.0049467
-0.376542 0.0048628
-0.376433 0.0047823
-0.376413 0.00470329
-0.376875 0.00464982
-0.376992 0.00457691
-0.376981 0.00450484
-0.377149 0.00443816
-0.377028 0.00437206
-0.376762 0.00431451
-0.376695 0.00425112
-0.376238 0.00421387
-0.375735 0.00418357
-0.375832 0.00412536
-0.375802 0.00406778
-0.375575 0.00401808
-0.376333 0.00403525
-0.376907 0.00402222
-0.377449 0.00400585
-0.378174 0.00401932
-0.377837 0.00398172
-0.377363 0.00395941
-0.377489 0.00391163
-0.377869 0.00388168
-0.378231 0.00385113
-0.378889 0.00386086
-0.379165 0.00382462
-0.379036 0.00378155
-0.379473 0.00376271
-0.379154 0.00373286
-0.378498 0.00374798
-0.378797 0.00371765
-0.378995 0.00368145
-0.378973 0.00364084
-0.378888 0.00360203
-0.379092 0.00356893
-0.379518 0.00355636
-0.380372 0.00362074
-0.3809 0.00362155
-0.380603 0.00359631
-0.380584 0.00355947
-0.380949 0.00354214
-0.381768 0.00360104
