1.18214 0
1.17948 0.00266
1.18053 0.00186066
1.17847 0.00244429
1.17738 0.00218706
1.17417 0.00367715
1.1716 0.00403182
1.17318 0.00383357
1.17248 0.00345189
1.17406 0.00346808
1.17439 0.00315378
1.17433 0.00287952
1.17436 0.00264891
1.17533 0.00263758
1.17834 0.00388184
1.17862 0.00364186
1.18032 0.00382114
1.18276 0.00435004
1.18557 0.0049829
1.18885 0.00575731
1.19098 0.00587597
1.19174 0.00565334
1.19146 0.00540907
1.19147 0.0051788
1.19219 0.00501847
1.19191 0.00482922
1.19133 0.00468377
1.19075 0.00454992
1.18947 0.00457473
1.18822 0.00459247
1.18676 0.00467593
1.18599 0.00459219
1.18566 0.00446269
1.18563 0.00432958
1.18602 0.00422199
1.18662 0.00414751
1.18813 0.00430606
1.18822 0.0041922
1.18827 0.00408353
1.18879 0.00401458
1.18988 0.00406449
1.19064 0.00403873
1.19144 0.00402405
1.19187 0.0039545
1.19262 0.00393898
1.19293 0.00386416
1.19338 0.00380856
1.19403 0.00378501
1.19498 0.00382587
1.1954 0.00377162
1.19592 0.00373416
1.19577 0.003665
1.19545 0.00360892
1.19561 0.00354501
1.19575 0.00348291
1.19566 0.00342149
1.19576 0.00336247
1.19582 0.00330459
1.19577 0.00324851
1.1957 0.00319468
1.19569 0.0031419
1.196 0.00310629
1.19608 0.00305763
1.19607 0.00300948
1.19619 0.00296498
1.19611 0.00292077
1.19593 0.00288214
1.19589 0.00283975
1.19559 0.00281449
1.19526 0.00279381
1.19532 0.002755
1.19531 0.00271652
1.19516 0.00268321
1.19566 0.00269478
1.19605 0.00268614
1.19641 0.0026753
1.19689 0.00268437
1.19667 0.00265914
1.19636 0.00264406
1.19644 0.00261217
1.1967 0.00259222
1.19694 0.00257184
1.19738 0.00257841
1.19756 0.00255431
1.19748 0.00252546
1.19777 0.00251308
1.19756 0.00249292
1.19713 0.00250248
1.19733 0.00248237
1.19746 0.00245829
1.19745 0.00243116
1.19739 0.00240522
1.19753 0.00238316
1.19782 0.0023749
1.19839 0.00241809
1.19874 0.00241874
1.19854 0.00240175
1.19853 0.00237714
1.19878 0.00236558
1.19932 0.00240488
