1.77322 0
1.76923 0.00399
1.7708 0.00279099
1.76771 0.00366644
1.76607 0.00328059
1.76125 0.00551572
1.7574 0.00604773
1.75977 0.00575035
1.75872 0.00517783
1.76109 0.00520213
1.76158 0.00473068
1.7615 0.00431928
1.76154 0.00397336
1.763 0.00395637
1.7675 0.00582276
1.76792 0.0054628
1.77048 0.00573171
1.77413 0.00652507
1.77835 0.00747435
1.78328 0.00863596
1.78648 0.00881396
1.78761 0.00848001
1.78719 0.0081136
1.78721 0.00776819
1.78828 0.0075277
1.78787 0.00724383
1.78699 0.00702566
1.78613 0.00682488
1.7842 0.00686209
1.78233 0.00688871
1.78014 0.0070139
1.77898 0.00688828
1.7785 0.00669403
1.77844 0.00649437
1.77903 0.00633299
1.77994 0.00622127
1.7822 0.0064591
1.78233 0.0062883
1.7824 0.0061253
1.78319 0.00602188
1.78482 0.00609673
1.78596 0.00605809
1.78716 0.00603607
1.7878 0.00593175
1.78894 0.00590848
1.78939 0.00579624
1.79007 0.00571283
1.79105 0.00567752
1.79247 0.00573881
1.7931 0.00565743
1.79388 0.00560123
1.79365 0.0054975
1.79318 0.00541338
1.79342 0.00531752
1.79363 0.00522436
1.79349 0.00513224
1.79364 0.0050437
1.79373 0.00495688
1.79366 0.00487276
1.79355 0.00479203
1.79353 0.00471285
1.794 0.00465943
1.79412 0.00458644
1.79411 0.00451421
1.79428 0.00444747
1.79416 0.00438115
1.7939 0.00432321
1.79384 0.00425963
1.79338 0.00422173
1.79289 0.00419072
1.79299 0.0041325
1.79296 0.00407478
1.79274 0.00402481
1.7935 0.00404217
1.79407 0.00402921
1.79462 0.00401296
1.79534 0.00402655
1.79501 0.00398871
1.79453 0.00396609
1.79466 0.00391826
1.79504 0.00388834
1.79541 0.00385776
1.79607 0.00386762
1.79635 0.00383146
1.79622 0.0037882
1.79666 0.00376962
1.79634 0.00373938
1.79569 0.00375372
1.79599 0.00372356
1.79619 0.00368744
1.79617 0.00364674
1.79609 0.00360783
1.7963 0.00357474
1.79673 0.00356236
1.79758 0.00362714
1.79811 0.00362812
1.79782 0.00360262
1.7978 0.00356571
1.79817 0.00354837
1.79899 0.00360732
