1.40316 0
1.41026 0.00709931
1.41263 0.00473743
1.41383 0.00355569
1.41454 0.00284535
1.41502 0.00237185
1.41535 0.00203254
1.4156 0.00177723
1.4158 0.00157962
1.41595 0.00142137
1.41607 0.00129159
1.41618 0.00118357
1.41627 0.00109234
1.41634 0.00101407
1.4164 0.000946016
1.41645 0.000886372
1.4165 0.000833874
1.41654 0.000787285
1.41658 0.000745645
1.41661 0.000708299
1.41665 0.000674633
1.41668 0.00064405
1.41671 0.000616125
1.41674 0.000590618
1.41677 0.00056718
1.41679 0.000545515
1.41681 0.000525357
1.41683 0.000506653
1.41685 0.000489204
1.41687 0.000472961
1.41689 0.000457841
1.41691 0.000443647
1.41692 0.000430304
1.41694 0.000417716
1.41695 0.000405797
1.41696 0.000394534
1.41697 0.000383878
1.41698 0.000373762
1.41699 0.000364178
1.417 0.000355044
1.41701 0.000346379
1.41702 0.000338122
1.41703 0.000330321
1.41704 0.000322938
1.41705 0.000315879
1.41706 0.000309109
1.41707 0.000302582
1.41708 0.000296282
1.41708 0.000290221
1.41708 0.000284383
1.41709 0.000278778
1.41709 0.000273379
1.41709 0.000268184
1.4171 0.000263185
1.4171 0.000258375
1.4171 0.000253758
1.41711 0.000249295
1.41711 0.000244983
1.41711 0.000240812
1.41712 0.00023678
1.41712 0.000232883
1.41712 0.00022911
1.41712 0.000225462
1.41713 0.000221926
1.41713 0.000218501
1.41713 0.000215188
1.41714 0.000211988
1.41714 0.000208886
1.41715 0.000205882
1.41715 0.000202972
1.41715 0.00020013
1.41716 0.000197377
1.41716 0.000194675
1.41716 0.000192037
1.41716 0.000189467
1.41717 0.000186968
1.41717 0.000184533
1.41717 0.000182158
1.41717 0.000179844
1.41717 0.000177589
1.41717 0.000175388
1.41718 0.000173238
1.41718 0.000171148
1.41718 0.000169116
1.41718 0.000167149
1.41719 0.000165227
1.41719 0.000163353
1.41719 0.000161523
1.4172 0.000159728
1.4172 0.000157969
1.4172 0.000156247
1.4172 0.00015455
1.41721 0.000152887
1.41721 0.00015127
1.41721 0.000149693
1.41721 0.00014814
1.41721 0.000146618
1.41722 0.000145124
1.41722 0.000143654
1.41722 0.000142215
