           1     13.3422    0.710498
           2     12.4219     0.70233
           3     11.8142    0.411853
           4     11.5652   0.0213659
           5     11.5477   0.0335435
           6      11.516   0.0308726
           7     11.4889   0.0369015
           8     11.4257    0.147725
           9     11.2043    0.271704
          10     10.8726    0.280318
          11     10.5417    0.204712
          12     10.2711    0.299964
          13     9.89258    0.152368
          14     9.77976   0.0298844
          15     9.74106   0.0750119
          16     9.64959   0.0757125
          17     9.59314  0.00888598
          18     9.58046   0.0336589
          19     9.53469   0.0699088
          20     9.42823    0.110209
          21     9.29601    0.146359
          22     9.09732    0.122858
          23     8.98585    0.180801
          24     8.73964    0.212564
          25     8.52896    0.119923
          26     8.48823   0.0139164
          27     8.46041   0.0652487
          28     8.36923    0.121852
          29     8.23246   0.0853214
          30     8.16703   0.0368875
          31     8.11638    0.106171
          32     8.01629     0.13864
          33     7.89217   0.0525255
          34     7.87222    0.007319
          35     7.86571   0.0120805
          36     7.84894   0.0328307
          37     7.80661   0.0850628
          38     7.69384    0.104842
          39     7.57936   0.0450097
          40     7.52929   0.0528833
          41     7.49012 7.14122e-15
          42     7.48941  0.00714087
          43     7.48369   0.0205388
          44     7.46298   0.0348354
          45     7.42859   0.0330859
          46     7.39048   0.0675356
          47     7.31781   0.0938187
          48     7.24313    0.045537
          49     7.23052 8.03388e-15
          50     7.23042  0.00103683
          51     7.22917  0.00350445
          52     7.22217   0.0470957
          53     7.18685    0.127039
          54     7.01703    0.230306
          55     6.82291      0.1611
          56     6.75489    0.011137
          57     6.73868   0.0278321
          58     6.71131   0.0440573
          59     6.67031   0.0384651
          60     6.63667   0.0124899
          61     6.63253 1.16045e-14
          62     6.63158  0.00946841
          63     6.62138   0.0304097
          64     6.59319   0.0465558
          65     6.54925   0.0396328
          66     6.51421   0.0681779
          67     6.45094    0.114318
          68      6.3485    0.114809
          69     6.26693   0.0455558
          70     6.23878   0.0133226
          71     6.23689           0
          72     6.23689           0
          73     6.23689           0
          74     6.23689           0
          75     6.23689           0
          76     6.23689           0
          77     6.23645  0.00434974
          78     6.23119   0.0146913
          79     6.21901   0.0214668
          80     6.19813   0.0135508
          81     6.19332 0.000736428
          82     6.19199  0.00290357
          83     6.18787  0.00320489
          84     6.18603 8.92653e-15
          85     6.18505  0.00690226
          86     6.17531   0.0209286
          87     6.15877   0.0258546
          88      6.1347  0.00546954
          89      6.1337 8.03388e-15
          90     6.13331  0.00390618
          91     6.12667   0.0150827
          92     6.11553   0.0194824
          93     6.10309   0.0220367
          94     6.08125   0.0394281
          95     6.04269   0.0635978
          96     5.99749   0.0568781
          97     5.96247  0.00195717
          98      5.9608  0.00171592
          99     5.95987 1.78531e-15
         100     5.95987 1.78531e-15
         101     5.95987 1.78531e-15
         102     5.95903  0.00712344
         103     5.95176   0.0210788
         104     5.92966   0.0356306
         105     5.89783   0.0481051
         106     5.86145    0.046847
         107     5.81202   0.0467082
         108     5.77541   0.0176694
         109     5.76063   0.0101154
         110     5.75747 1.33898e-14
         111     5.75747 1.33898e-14
         112     5.75607   0.0139719
         113     5.73789   0.0487193
         114     5.69597    0.069681
         115     5.61775 4.46326e-15
         116     5.61775 4.46326e-15
         117     5.61761  0.00137921
         118     5.61637  0.00415848
         119     5.61209   0.0068176
         120     5.60506  0.00376056
         121     5.60396 8.92653e-15
         122     5.60396 8.92653e-15
         123     5.60396 8.92653e-15
         124     5.60396 8.92653e-15
         125     5.60396 8.92653e-15
         126     5.60396 8.92653e-15
         127     5.60396 8.92653e-15
         128     5.60396 8.92653e-15
         129     5.60396 8.92653e-15
         130     5.60396 8.92653e-15
         131     5.60396 8.92653e-15
         132     5.60396 8.92653e-15
         133     5.60396 8.92653e-15
         134     5.60396 8.92653e-15
         135     5.60396 8.92653e-15
         136     5.60396 8.92653e-15
         137     5.60396 8.92653e-15
         138     5.60396 8.92653e-15
         139     5.60396 8.92653e-15
         140     5.60396 8.92653e-15
         141     5.60396 8.92653e-15
         142     5.60396 8.92653e-15
         143     5.60396 8.92653e-15
         144     5.60396 8.92653e-15
         145     5.60396 8.92653e-15
         146     5.60396 8.92653e-15
         147     5.60396 8.92653e-15
         148     5.60396 8.92653e-15
         149     5.60395 1.91759e-05
         150     5.60313  0.00693102
         151      5.5923   0.0245133
         152     5.56644   0.0329733
         153       5.541   0.0180209
         154     5.53549 1.16045e-14
         155     5.53468  0.00806323
         156     5.52259   0.0297092
         157     5.49335   0.0407412
         158     5.46812   0.0321065
         159     5.44901  0.00941486
         160     5.44046  0.00969782
         161     5.43242   0.0188207
         162      5.4116   0.0609334
         163     5.37242   0.0881694
         164     5.28474   0.0750038
         165     5.24742 6.24857e-15
         166     5.24742 6.24857e-15
         167     5.24742 6.24857e-15
         168     5.24742 6.24857e-15
         169     5.24605   0.0136989
         170      5.2214   0.0540115
         171     5.15016   0.0624733
         172     5.11043 7.14122e-15
         173     5.11043 7.14122e-15
         174     5.11043 7.14122e-15
         175     5.11043 7.14122e-15
         176     5.11043 7.14122e-15
         177     5.11043 7.14122e-15
         178     5.11043 7.14122e-15
         179     5.11043 7.14122e-15
         180      5.1102   0.0023301
         181      5.1088  0.00597513
         182     5.10368   0.0106264
         183     5.09832   0.0116998
         184     5.09054  0.00820184
         185     5.08713 3.57061e-15
         186     5.08713 3.57061e-15
         187     5.08713 3.57061e-15
         188     5.08713 1.79751e-05
         189      5.0871 6.78605e-05
         190     5.08705 9.00387e-05
         191     5.08698 6.45073e-05
         192     5.08695 1.07118e-14
         193     5.08695 1.07118e-14
         194     5.08695 1.07118e-14
         195     5.08695 1.07118e-14
         196     5.08695 1.07118e-14
         197     5.08695 1.07118e-14
         198     5.08695 1.07118e-14
         199     5.08695 1.07118e-14
         200     5.08695 1.07118e-14
         201     5.08695 1.07118e-14
         202     5.08695 1.07118e-14
         203     5.08695 1.07118e-14
         204     5.08695 1.07118e-14
         205     5.08695 1.07118e-14
         206     5.08695 1.07118e-14
         207     5.08695 1.07118e-14
         208     5.08695 1.07118e-14
         209     5.08695 1.07118e-14
         210     5.08695 1.07118e-14
         211     5.08695 1.07118e-14
         212     5.08695 1.07118e-14
         213       5.086  0.00950771
         214     5.07508   0.0312323
         215      5.0437   0.0473432
         216     5.00192    0.028895
         217     4.99187 8.28276e-05
         218     4.99178 0.000270514
         219     4.99154 0.000409426
         220     4.99116 0.000288849
         221     4.99105 5.35592e-15
         222     4.99105 5.35592e-15
         223     4.99105 5.35592e-15
         224     4.99105 5.35592e-15
         225     4.99105 5.35592e-15
         226     4.99105 5.35592e-15
         227     4.99105 5.35592e-15
         228     4.99105 5.35592e-15
         229     4.99105 5.35592e-15
         230     4.99105 5.35592e-15
         231     4.99105 5.35592e-15
         232     4.99105 5.35592e-15
         233     4.99105 5.35592e-15
         234     4.99105 5.35592e-15
         235     4.99105 5.35592e-15
         236     4.99105 5.35592e-15
         237     4.99105 5.35592e-15
         238     4.99105 5.35592e-15
         239     4.99105 5.35592e-15
         240     4.99105 5.35592e-15
         241     4.99105 5.35592e-15
         242     4.99105 5.35592e-15
         243     4.99105 5.35592e-15
         244     4.99105 5.35592e-15
         245     4.99105 5.35592e-15
         246     4.99105 5.35592e-15
         247     4.99105 5.35592e-15
         248     4.99105 5.35592e-15
         249     4.99105 5.35592e-15
         250     4.99105 5.35592e-15
         251     4.99105 5.35592e-15
         252     4.99105 5.35592e-15
         253     4.99105 5.35592e-15
         254     4.99105 5.35592e-15
         255     4.99105 5.35592e-15
         256     4.98968   0.0136989
         257     4.97324   0.0463018
         258     4.93077   0.0683419
         259     4.85543   0.0136989
         260     4.85406 1.07118e-14
         261     4.85406 1.07118e-14
         262     4.85406 1.07118e-14
         263     4.85406 1.07118e-14
         264     4.85406 1.07118e-14
         265     4.85406 1.07118e-14
         266     4.85406 1.07118e-14
         267     4.85406 1.07118e-14
         268     4.85406 1.07118e-14
         269     4.85406 1.07118e-14
         270     4.85406 1.07118e-14
         271     4.85406 1.07118e-14
         272     4.85406 1.07118e-14
         273     4.85406 1.07118e-14
         274     4.85406 1.07118e-14
         275     4.85406 1.07118e-14
         276     4.85406 1.07118e-14
         277     4.85406 1.07118e-14
         278     4.85406 1.07118e-14
         279     4.85406 1.07118e-14
         280     4.85406 1.07118e-14
         281     4.85406 1.07118e-14
         282     4.85406 1.07118e-14
         283     4.85406 1.07118e-14
         284     4.85406 1.07118e-14
         285     4.85406 1.07118e-14
         286     4.85406 1.07118e-14
         287     4.85406 1.07118e-14
         288     4.85406 1.07118e-14
         289     4.85406 1.07118e-14
         290     4.85406 1.07118e-14
         291     4.85406 1.07118e-14
         292     4.85406 1.07118e-14
         293     4.85406 1.07118e-14
         294     4.85406 1.07118e-14
         295     4.85406 1.07118e-14
         296     4.85406 1.07118e-14
         297     4.85406 1.07118e-14
         298     4.85406 1.07118e-14
         299     4.85406 1.07118e-14
         300     4.85406 1.07118e-14
         301     4.85406 1.07118e-14
         302     4.85406 1.07118e-14
         303     4.85406 1.07118e-14
         304     4.85406 1.07118e-14
         305     4.85406 1.07118e-14
         306     4.85406 1.07118e-14
         307     4.85406 1.07118e-14
         308     4.85406 1.07118e-14
         309     4.85406 1.07118e-14
         310     4.85406 1.07118e-14
         311     4.85406 1.07118e-14
         312     4.85406 1.07118e-14
         313     4.85406 1.07118e-14
         314     4.85406 1.07118e-14
         315     4.85406 1.07118e-14
         316     4.85406 1.07118e-14
         317     4.85406 1.07118e-14
         318     4.85406 1.07118e-14
         319     4.85406 1.07118e-14
         320     4.85406 1.07118e-14
         321     4.85406 1.07118e-14
         322     4.85406 1.07118e-14
         323     4.85406 1.07118e-14
         324     4.85406 1.07118e-14
         325     4.85406 1.07118e-14
         326     4.85406 1.07118e-14
         327     4.85406 1.07118e-14
         328     4.85406 1.07118e-14
         329     4.85406 1.07118e-14
         330     4.85406 1.07118e-14
         331     4.85406 1.07118e-14
         332     4.85406 1.07118e-14
         333     4.85406 1.07118e-14
         334     4.85406 1.07118e-14
         335     4.85406 1.07118e-14
         336     4.85406 1.07118e-14
         337     4.85406 1.07118e-14
         338     4.85406 1.07118e-14
         339     4.85406 1.07118e-14
         340     4.85406 1.07118e-14
         341     4.85406 1.07118e-14
         342     4.85406 1.07118e-14
         343     4.85406 1.07118e-14
         344     4.85406 1.07118e-14
         345     4.85406 1.07118e-14
         346     4.85406 1.07118e-14
         347     4.85406 1.07118e-14
         348     4.85406 1.07118e-14
         349     4.85406 1.07118e-14
         350     4.85406 1.07118e-14
         351     4.85406 1.07118e-14
         352     4.85406 1.07118e-14
         353     4.85406 1.07118e-14
         354     4.85406 1.07118e-14
         355     4.85406 1.07118e-14
         356     4.85406 1.07118e-14
         357     4.85406 1.07118e-14
         358     4.85406 1.07118e-14
         359     4.85406 1.07118e-14
         360     4.85406 1.07118e-14
         361     4.85406 1.07118e-14
         362     4.85406 1.07118e-14
         363     4.85406 1.07118e-14
         364     4.85406 1.07118e-14
         365     4.85406 1.07118e-14
         366     4.85406 1.07118e-14
         367     4.85406 1.07118e-14
         368     4.85406 1.07118e-14
         369     4.85406 1.07118e-14
         370     4.85406 1.07118e-14
         371     4.85406 1.07118e-14
         372     4.85406 1.07118e-14
         373     4.85406 1.07118e-14
         374     4.85406 1.07118e-14
         375     4.85406 1.07118e-14
         376     4.85406 1.07118e-14
         377     4.85406 1.07118e-14
         378     4.85406 1.07118e-14
         379     4.85406 1.07118e-14
         380     4.85406 1.07118e-14
         381     4.85406 1.07118e-14
         382     4.85406 1.07118e-14
         383     4.85406 1.07118e-14
         384     4.85406 1.07118e-14
         385     4.85406 1.07118e-14
         386     4.85406 1.07118e-14
         387     4.85406 1.07118e-14
         388     4.85406 1.07118e-14
         389     4.85406 1.07118e-14
         390     4.85406 1.07118e-14
         391     4.85406 1.07118e-14
         392     4.85406 1.07118e-14
         393     4.85406 1.07118e-14
         394     4.85406 1.07118e-14
         395     4.85406 1.07118e-14
         396     4.85406 1.07118e-14
         397     4.85406 1.07118e-14
         398     4.85406 1.07118e-14
         399     4.85406 1.07118e-14
         400     4.85406 1.07118e-14
         401     4.85406 1.07118e-14
         402     4.85406 1.07118e-14
         403     4.85406 1.07118e-14
         404     4.85406 1.07118e-14
         405     4.85406 1.07118e-14
         406     4.85406 1.07118e-14
         407     4.85406 1.07118e-14
         408     4.85406 1.07118e-14
         409     4.85406 1.07118e-14
         410     4.85406 1.07118e-14
         411     4.85406 1.07118e-14
         412     4.85406 1.07118e-14
         413     4.85406 1.07118e-14
         414     4.85406 1.07118e-14
         415     4.85406 1.07118e-14
         416     4.85406 1.07118e-14
         417     4.85406 1.07118e-14
         418     4.85406 1.07118e-14
         419     4.85406 1.07118e-14
         420     4.85406 1.07118e-14
         421     4.85406 1.07118e-14
         422     4.85406 1.07118e-14
         423     4.85406 1.07118e-14
         424     4.85406 1.07118e-14
         425     4.85406 1.07118e-14
         426     4.85406 1.07118e-14
         427     4.85406 1.07118e-14
         428     4.85406 1.07118e-14
         429     4.85406 1.07118e-14
         430     4.85406 1.07118e-14
         431     4.85406 1.07118e-14
         432     4.85406 1.07118e-14
         433     4.85406 1.07118e-14
         434     4.85406 1.07118e-14
         435     4.85406 1.07118e-14
         436     4.85406 1.07118e-14
         437     4.85406 1.07118e-14
         438     4.85406 1.07118e-14
         439     4.85406 1.07118e-14
         440     4.85406 1.07118e-14
         441     4.85406 1.07118e-14
         442     4.85406 1.07118e-14
         443     4.85406 1.07118e-14
         444     4.85406 1.07118e-14
         445     4.85406 1.07118e-14
         446     4.85406 1.07118e-14
         447     4.85406 1.07118e-14
         448     4.85406 1.07118e-14
         449     4.85406 1.07118e-14
         450     4.85406 1.07118e-14
         451     4.85406 1.07118e-14
         452     4.85406 1.07118e-14
         453     4.85406 1.07118e-14
         454     4.85406 1.07118e-14
         455     4.85406 1.07118e-14
         456     4.85406 1.07118e-14
         457     4.85406 1.07118e-14
         458     4.85406 1.07118e-14
         459     4.85406 1.07118e-14
         460     4.85406 1.07118e-14
         461     4.85406 1.07118e-14
         462     4.85406 1.07118e-14
         463     4.85406 1.07118e-14
         464     4.85406 1.07118e-14
         465     4.85406 1.07118e-14
         466     4.85406 1.07118e-14
         467     4.85406 1.07118e-14
         468     4.85406 1.07118e-14
         469     4.85406 1.07118e-14
         470     4.85406 1.07118e-14
         471     4.85406 1.07118e-14
         472     4.85406 1.07118e-14
         473     4.85406 1.07118e-14
         474     4.85406 1.07118e-14
         475     4.85406 1.07118e-14
         476     4.85406 1.07118e-14
         477     4.85406 1.07118e-14
         478     4.85406 1.07118e-14
         479     4.85406 1.07118e-14
         480     4.85406 1.07118e-14
         481     4.85406 1.07118e-14
         482     4.85406 1.07118e-14
         483     4.85406 1.07118e-14
         484     4.85406 1.07118e-14
         485     4.85406 1.07118e-14
         486     4.85406 1.07118e-14
         487     4.85406 1.07118e-14
         488     4.85406 1.07118e-14
         489     4.85406 1.07118e-14
         490     4.85406 1.07118e-14
         491     4.85406 1.07118e-14
         492     4.85406 1.07118e-14
         493     4.85406 1.07118e-14
         494     4.85406 1.07118e-14
         495     4.85406 1.07118e-14
         496     4.85406 1.07118e-14
         497     4.85406 1.07118e-14
         498     4.85406 1.07118e-14
         499     4.85406 1.07118e-14
         500     4.85406 1.07118e-14
         501     4.85406 1.07118e-14
         502     4.85406 1.07118e-14
         503     4.85406 1.07118e-14
         504     4.85406 1.07118e-14
         505     4.85406 1.07118e-14
         506     4.85406 1.07118e-14
         507     4.85406 1.07118e-14
         508     4.85406 1.07118e-14
         509     4.85406 1.07118e-14
         510     4.85406 1.07118e-14
         511     4.85406 1.07118e-14
         512     4.85406 1.07118e-14
         513     4.85406 1.07118e-14
         514     4.85406 1.07118e-14
         515     4.85406 1.07118e-14
         516     4.85406 1.07118e-14
         517     4.85406 1.07118e-14
         518     4.85406 1.07118e-14
         519     4.85406 1.07118e-14
         520     4.85406 1.07118e-14
         521     4.85406 1.07118e-14
         522     4.85406 1.07118e-14
         523     4.85406 1.07118e-14
         524     4.85406 1.07118e-14
         525     4.85406 1.07118e-14
         526     4.85406 1.07118e-14
         527     4.85406 1.07118e-14
         528     4.85406 1.07118e-14
         529     4.85406 1.07118e-14
         530     4.85406 1.07118e-14
         531     4.85406 1.07118e-14
         532     4.85406 1.07118e-14
         533     4.85406 1.07118e-14
         534     4.85406 1.07118e-14
         535     4.85406 1.07118e-14
         536     4.85406 1.07118e-14
         537     4.85406 1.07118e-14
         538     4.85406 1.07118e-14
         539     4.85406 1.07118e-14
         540     4.85406 1.07118e-14
         541     4.85406 1.07118e-14
         542     4.85406 1.07118e-14
         543     4.85406 1.07118e-14
         544     4.85406 1.07118e-14
         545     4.85406 1.07118e-14
         546     4.85406 1.07118e-14
         547     4.85406 1.07118e-14
         548     4.85406 1.07118e-14
         549     4.85406 1.07118e-14
         550     4.85406 1.07118e-14
         551     4.85406 1.07118e-14
         552     4.85406 1.07118e-14
         553     4.85406 1.07118e-14
         554     4.85406 1.07118e-14
         555     4.85406 1.07118e-14
         556     4.85406 1.07118e-14
         557     4.85406 1.07118e-14
         558     4.85406 1.07118e-14
         559     4.85406 1.07118e-14
         560     4.85406 1.07118e-14
         561     4.85406 1.07118e-14
         562     4.85406 1.07118e-14
         563     4.85406 1.07118e-14
         564     4.85406 1.07118e-14
         565     4.85406 1.07118e-14
         566     4.85406 1.07118e-14
         567     4.85406 1.07118e-14
         568     4.85406 1.07118e-14
         569     4.85406 1.07118e-14
         570     4.85406 1.07118e-14
         571     4.85406 1.07118e-14
         572     4.85406 1.07118e-14
         573     4.85406 1.07118e-14
         574     4.85406 1.07118e-14
         575     4.85406 1.07118e-14
         576     4.85406 1.07118e-14
         577     4.85406 1.07118e-14
         578     4.85406 1.07118e-14
         579     4.85406 1.07118e-14
         580     4.85406 1.07118e-14
         581     4.85406 1.07118e-14
         582     4.85406 1.07118e-14
         583     4.85406 1.07118e-14
         584     4.85406 1.07118e-14
         585     4.85406 1.07118e-14
         586     4.85406 1.07118e-14
         587     4.85406 1.07118e-14
         588     4.85406 1.07118e-14
         589     4.85406 1.07118e-14
         590     4.85406 1.07118e-14
         591     4.85406 1.07118e-14
         592     4.85406 1.07118e-14
         593     4.85406 1.07118e-14
         594     4.85406 1.07118e-14
         595     4.85406 1.07118e-14
         596     4.85406 1.07118e-14
         597     4.85406 1.07118e-14
         598     4.85406 1.07118e-14
         599     4.85406 1.07118e-14
         600     4.85406 1.07118e-14
         601     4.85406 1.07118e-14
         602     4.85406 1.07118e-14
         603     4.85406 1.07118e-14
         604     4.85406 1.07118e-14
         605     4.85406 1.07118e-14
         606     4.85406 1.07118e-14
         607     4.85406 1.07118e-14
         608     4.85406 1.07118e-14
         609     4.85406 1.07118e-14
         610     4.85406 1.07118e-14
         611     4.85406 1.07118e-14
         612     4.85406 1.07118e-14
         613     4.85406 1.07118e-14
         614     4.85406 1.07118e-14
         615     4.85406 1.07118e-14
         616     4.85406 1.07118e-14
         617     4.85406 1.07118e-14
         618     4.85406 1.07118e-14
         619     4.85406 1.07118e-14
         620     4.85406 1.07118e-14
         621     4.85406 1.07118e-14
         622     4.85406 1.07118e-14
         623     4.85406 1.07118e-14
         624     4.85406 1.07118e-14
         625     4.85406 1.07118e-14
         626     4.85406 1.07118e-14
         627     4.85406 1.07118e-14
         628     4.85406 1.07118e-14
         629     4.85406 1.07118e-14
         630     4.85406 1.07118e-14
         631     4.85406 1.07118e-14
         632     4.85406 1.07118e-14
         633     4.85406 1.07118e-14
         634     4.85406 1.07118e-14
         635     4.85406 1.07118e-14
         636     4.85406 1.07118e-14
         637     4.85406 1.07118e-14
         638     4.85406 1.07118e-14
         639     4.85406 1.07118e-14
         640     4.85406 1.07118e-14
         641     4.85406 1.07118e-14
         642     4.85406 1.07118e-14
         643     4.85406 1.07118e-14
         644     4.85406 1.07118e-14
         645     4.85406 1.07118e-14
         646     4.85406 1.07118e-14
         647     4.85406 1.07118e-14
         648     4.85406 1.07118e-14
         649     4.85406 1.07118e-14
         650     4.85406 1.07118e-14
         651     4.85406 1.07118e-14
         652     4.85406 1.07118e-14
         653     4.85406 1.07118e-14
         654     4.85406 1.07118e-14
         655     4.85406 1.07118e-14
         656     4.85406 1.07118e-14
         657     4.85406 1.07118e-14
         658     4.85406 1.07118e-14
         659     4.85406 1.07118e-14
         660     4.85406 1.07118e-14
         661     4.85406 1.07118e-14
         662     4.85406 1.07118e-14
         663     4.85406 1.07118e-14
         664     4.85406 1.07118e-14
         665     4.85406 1.07118e-14
         666     4.85406 1.07118e-14
         667     4.85406 1.07118e-14
         668     4.85406 1.07118e-14
         669     4.85406 1.07118e-14
         670     4.85406 1.07118e-14
         671     4.85406 1.07118e-14
         672     4.85406 1.07118e-14
         673     4.85406 1.07118e-14
         674     4.85406 1.07118e-14
         675     4.85406 1.07118e-14
         676     4.85406 1.07118e-14
         677     4.85406 1.07118e-14
         678     4.85406 1.07118e-14
         679     4.85406 1.07118e-14
         680     4.85406 1.07118e-14
         681     4.85406 1.07118e-14
         682     4.85406 1.07118e-14
         683     4.85406 1.07118e-14
         684     4.85406 1.07118e-14
         685     4.85406 1.07118e-14
         686     4.85406 1.07118e-14
         687     4.85406 1.07118e-14
         688     4.85406 1.07118e-14
         689     4.85406 1.07118e-14
         690     4.85406 1.07118e-14
         691     4.85406 1.07118e-14
         692     4.85406 1.07118e-14
         693     4.85406 1.07118e-14
         694     4.85406 1.07118e-14
         695     4.85406 1.07118e-14
         696     4.85406 1.07118e-14
         697     4.85406 1.07118e-14
         698     4.85406 1.07118e-14
         699     4.85406 1.07118e-14
         700     4.85406 1.07118e-14
         701     4.85406 1.07118e-14
         702     4.85406 1.07118e-14
         703     4.85406 1.07118e-14
         704     4.85406 1.07118e-14
         705     4.85406 1.07118e-14
         706     4.85406 1.07118e-14
         707     4.85406 1.07118e-14
         708     4.85406 1.07118e-14
         709     4.85406 1.07118e-14
         710     4.85406 1.07118e-14
         711     4.85406 1.07118e-14
         712     4.85406 1.07118e-14
         713     4.85406 1.07118e-14
         714     4.85406 1.07118e-14
         715     4.85406 1.07118e-14
         716     4.85406 1.07118e-14
         717     4.85406 1.07118e-14
         718     4.85406 1.07118e-14
         719     4.85406 1.07118e-14
         720     4.85406 1.07118e-14
         721     4.85406 1.07118e-14
         722     4.85406 1.07118e-14
         723     4.85406 1.07118e-14
         724     4.85406 1.07118e-14
         725     4.85406 1.07118e-14
         726     4.85406 1.07118e-14
         727     4.85406 1.07118e-14
         728     4.85406 1.07118e-14
         729     4.85406 1.07118e-14
         730     4.85406 1.07118e-14
         731     4.85406 1.07118e-14
         732     4.85406 1.07118e-14
         733     4.85406 1.07118e-14
         734     4.85406 1.07118e-14
         735     4.85406 1.07118e-14
         736     4.85406 1.07118e-14
         737     4.85406 1.07118e-14
         738     4.85406 1.07118e-14
         739     4.85406 1.07118e-14
         740     4.85406 1.07118e-14
         741     4.85406 1.07118e-14
         742     4.85406 1.07118e-14
         743     4.85406 1.07118e-14
         744     4.85406 1.07118e-14
         745     4.85406 1.07118e-14
         746     4.85406 1.07118e-14
         747     4.85406 1.07118e-14
         748     4.85406 1.07118e-14
         749     4.85406 1.07118e-14
         750     4.85406 1.07118e-14
         751     4.85406 1.07118e-14
         752     4.85406 1.07118e-14
         753     4.85406 1.07118e-14
         754     4.85406 1.07118e-14
         755     4.85406 1.07118e-14
         756     4.85406 1.07118e-14
         757     4.85406 1.07118e-14
         758     4.85406 1.07118e-14
         759     4.85406 1.07118e-14
         760     4.85406 1.07118e-14
         761     4.85406 1.07118e-14
         762     4.85406 1.07118e-14
         763     4.85406 1.07118e-14
         764     4.85406 1.07118e-14
         765     4.85406 1.07118e-14
         766     4.85406 1.07118e-14
         767     4.85406 1.07118e-14
         768     4.85406 1.07118e-14
         769     4.85406 1.07118e-14
         770     4.85406 1.07118e-14
         771     4.85406 1.07118e-14
         772     4.85406 1.07118e-14
         773     4.85406 1.07118e-14
         774     4.85406 1.07118e-14
         775     4.85406 1.07118e-14
         776     4.85406 1.07118e-14
         777     4.85406 1.07118e-14
         778     4.85406 1.07118e-14
         779     4.85406 1.07118e-14
         780     4.85406 1.07118e-14
         781     4.85406 1.07118e-14
         782     4.85406 1.07118e-14
         783     4.85406 1.07118e-14
         784     4.85406 1.07118e-14
         785     4.85406 1.07118e-14
         786     4.85406 1.07118e-14
         787     4.85406 1.07118e-14
         788     4.85406 1.07118e-14
         789     4.85406 1.07118e-14
         790     4.85406 1.07118e-14
         791     4.85406 1.07118e-14
         792     4.85406 1.07118e-14
         793     4.85406 1.07118e-14
         794     4.85406 1.07118e-14
         795     4.85406 1.07118e-14
         796     4.85406 1.07118e-14
         797     4.85406 1.07118e-14
         798     4.85406 1.07118e-14
         799     4.85406 1.07118e-14
         800     4.85406 1.07118e-14
         801     4.85406 1.07118e-14
         802     4.85406 1.07118e-14
         803     4.85406 1.07118e-14
         804     4.85406 1.07118e-14
         805     4.85406 1.07118e-14
         806     4.85406 1.07118e-14
         807     4.85406 1.07118e-14
         808     4.85406 1.07118e-14
         809     4.85406 1.07118e-14
         810     4.85406 1.07118e-14
         811     4.85406 1.07118e-14
         812     4.85406 1.07118e-14
         813     4.85406 1.07118e-14
         814     4.85406 1.07118e-14
         815     4.85406 1.07118e-14
         816     4.85406 1.07118e-14
         817     4.85406 1.07118e-14
         818     4.85406 1.07118e-14
         819     4.85406 1.07118e-14
         820     4.85406 1.07118e-14
         821     4.85406 1.07118e-14
         822     4.85406 1.07118e-14
         823     4.85406 1.07118e-14
         824     4.85406 1.07118e-14
         825     4.85406 1.07118e-14
         826     4.85406 1.07118e-14
         827     4.85406 1.07118e-14
         828     4.85406 1.07118e-14
         829     4.85406 1.07118e-14
         830     4.85406 1.07118e-14
         831     4.85406 1.07118e-14
         832     4.85406 1.07118e-14
         833     4.85406 1.07118e-14
         834     4.85406 1.07118e-14
         835     4.85406 1.07118e-14
         836     4.85406 1.07118e-14
         837     4.85406 1.07118e-14
         838     4.85406 1.07118e-14
         839     4.85406 1.07118e-14
         840     4.85406 1.07118e-14
         841     4.85406 1.07118e-14
         842     4.85406 1.07118e-14
         843     4.85406 1.07118e-14
         844     4.85406 1.07118e-14
         845     4.85406 1.07118e-14
         846     4.85406 1.07118e-14
         847     4.85406 1.07118e-14
         848     4.85406 1.07118e-14
         849     4.85406 1.07118e-14
         850     4.85406 1.07118e-14
         851     4.85406 1.07118e-14
         852     4.85406 1.07118e-14
         853     4.85406 1.07118e-14
         854     4.85406 1.07118e-14
         855     4.85406 1.07118e-14
         856     4.85406 1.07118e-14
         857     4.85406 1.07118e-14
         858     4.85406 1.07118e-14
         859     4.85406 1.07118e-14
         860     4.85406 1.07118e-14
         861     4.85406 1.07118e-14
         862     4.85406 1.07118e-14
         863     4.85406 1.07118e-14
         864     4.85406 1.07118e-14
         865     4.85406 1.07118e-14
         866     4.85406 1.07118e-14
         867     4.85406 1.07118e-14
         868     4.85406 1.07118e-14
         869     4.85406 1.07118e-14
         870     4.85406 1.07118e-14
         871     4.85406 1.07118e-14
         872     4.85406 1.07118e-14
         873     4.85406 1.07118e-14
         874     4.85406 1.07118e-14
         875     4.85406 1.07118e-14
         876     4.85406 1.07118e-14
         877     4.85406 1.07118e-14
         878     4.85406 1.07118e-14
         879     4.85406 1.07118e-14
         880     4.85406 1.07118e-14
         881     4.85406 1.07118e-14
         882     4.85406 1.07118e-14
         883     4.85406 1.07118e-14
         884     4.85406 1.07118e-14
         885     4.85406 1.07118e-14
         886     4.85406 1.07118e-14
         887     4.85406 1.07118e-14
         888     4.85406 1.07118e-14
         889     4.85406 1.07118e-14
         890     4.85406 1.07118e-14
         891     4.85406 1.07118e-14
         892     4.85406 1.07118e-14
         893     4.85406 1.07118e-14
         894     4.85406 1.07118e-14
         895     4.85406 1.07118e-14
         896     4.85406 1.07118e-14
         897     4.85406 1.07118e-14
         898     4.85406 1.07118e-14
         899     4.85406 1.07118e-14
         900     4.85406 1.07118e-14
         901     4.85406 1.07118e-14
         902     4.85406 1.07118e-14
         903     4.85406 1.07118e-14
         904     4.85406 1.07118e-14
         905     4.85406 1.07118e-14
         906     4.85406 1.07118e-14
         907     4.85406 1.07118e-14
         908     4.85406 1.07118e-14
         909     4.85406 1.07118e-14
         910     4.85406 1.07118e-14
         911     4.85406 1.07118e-14
         912     4.85406 1.07118e-14
         913     4.85406 1.07118e-14
         914     4.85406 1.07118e-14
         915     4.85406 1.07118e-14
         916     4.85406 1.07118e-14
         917     4.85406 1.07118e-14
         918     4.85406 1.07118e-14
         919     4.85406 1.07118e-14
         920     4.85406 1.07118e-14
         921     4.85406 1.07118e-14
         922     4.85406 1.07118e-14
         923     4.85406 1.07118e-14
         924     4.85406 1.07118e-14
         925     4.85406 1.07118e-14
         926     4.85406 1.07118e-14
         927     4.85406 1.07118e-14
         928     4.85406 1.07118e-14
         929     4.85406 1.07118e-14
         930     4.85406 1.07118e-14
         931     4.85406 1.07118e-14
         932     4.85406 1.07118e-14
         933     4.85406 1.07118e-14
         934     4.85406 1.07118e-14
         935     4.85406 1.07118e-14
         936     4.85406 1.07118e-14
         937     4.85406 1.07118e-14
         938     4.85406 1.07118e-14
         939     4.85406 1.07118e-14
         940     4.85406 1.07118e-14
         941     4.85406 1.07118e-14
         942     4.85406 1.07118e-14
         943     4.85406 1.07118e-14
         944     4.85406 1.07118e-14
         945     4.85406 1.07118e-14
         946     4.85406 1.07118e-14
         947     4.85406 1.07118e-14
         948     4.85406 1.07118e-14
         949     4.85406 1.07118e-14
         950     4.85406 1.07118e-14
         951     4.85406 1.07118e-14
         952     4.85406 1.07118e-14
         953     4.85406 1.07118e-14
         954     4.85406 1.07118e-14
         955     4.85406 1.07118e-14
         956     4.85406 1.07118e-14
         957     4.85406 1.07118e-14
         958     4.85406 1.07118e-14
         959     4.85406 1.07118e-14
         960     4.85406 1.07118e-14
         961     4.85406 1.07118e-14
         962     4.85406 1.07118e-14
         963     4.85406 1.07118e-14
         964     4.85406 1.07118e-14
         965     4.85406 1.07118e-14
         966     4.85406 1.07118e-14
         967     4.85406 1.07118e-14
         968     4.85406 1.07118e-14
         969     4.85406 1.07118e-14
         970     4.85406 1.07118e-14
         971     4.85406 1.07118e-14
         972     4.85406 1.07118e-14
         973     4.85406 1.07118e-14
         974     4.85406 1.07118e-14
         975     4.85406 1.07118e-14
         976     4.85406 1.07118e-14
         977     4.85406 1.07118e-14
         978     4.85406 1.07118e-14
         979     4.85406 1.07118e-14
         980     4.85406 1.07118e-14
         981     4.85406 1.07118e-14
         982     4.85406 1.07118e-14
         983     4.85406 1.07118e-14
         984     4.85406 1.07118e-14
         985     4.85406 1.07118e-14
         986     4.85406 1.07118e-14
         987     4.85406 1.07118e-14
         988     4.85406 1.07118e-14
         989     4.85406 1.07118e-14
         990     4.85406 1.07118e-14
         991     4.85406 1.07118e-14
         992     4.85406 1.07118e-14
         993     4.85406 1.07118e-14
         994     4.85406 1.07118e-14
         995     4.85406 1.07118e-14
         996     4.85406 1.07118e-14
         997     4.85406 1.07118e-14
         998     4.85406 1.07118e-14
         999     4.85406 1.07118e-14
        1000     4.85406 1.07118e-14
        1001     4.85406 1.07118e-14
        1002     4.85406 1.07118e-14
        1003     4.85406 1.07118e-14
        1004     4.85406 1.07118e-14
        1005     4.85406 1.07118e-14
        1006     4.85406 1.07118e-14
        1007     4.85406 1.07118e-14
        1008     4.85406 1.07118e-14
        1009     4.85406 1.07118e-14
        1010     4.85406 1.07118e-14
        1011     4.85406 1.07118e-14
        1012     4.85406 1.07118e-14
        1013     4.85406 1.07118e-14
        1014     4.85406 1.07118e-14
        1015     4.85406 1.07118e-14
        1016     4.85406 1.07118e-14
        1017     4.85406 1.07118e-14
        1018     4.85406 1.07118e-14
        1019     4.85406 1.07118e-14
        1020     4.85406 1.07118e-14
        1021     4.85406 1.07118e-14
        1022     4.85406 1.07118e-14
        1023     4.85406 1.07118e-14
        1024     4.85406 1.07118e-14
        1025     4.85406 1.07118e-14
        1026     4.85406 1.07118e-14
        1027     4.85406 1.07118e-14
        1028     4.85406 1.07118e-14
        1029     4.85406 1.07118e-14
        1030     4.85406 1.07118e-14
        1031     4.85406 1.07118e-14
        1032     4.85406 1.07118e-14
        1033     4.85406 1.07118e-14
        1034     4.85406 1.07118e-14
        1035     4.85406 1.07118e-14
        1036     4.85406 1.07118e-14
        1037     4.85406 1.07118e-14
        1038     4.85406 1.07118e-14
        1039     4.85406 1.07118e-14
        1040     4.85406 1.07118e-14
        1041     4.85406 1.07118e-14
        1042     4.85406 1.07118e-14
        1043     4.85406 1.07118e-14
        1044     4.85406 1.07118e-14
        1045     4.85406 1.07118e-14
        1046     4.85406 1.07118e-14
        1047     4.85406 1.07118e-14
        1048     4.85406 1.07118e-14
        1049     4.85406 1.07118e-14
        1050     4.85406 1.07118e-14
        1051     4.85406 1.07118e-14
        1052     4.85406 1.07118e-14
        1053     4.85406 1.07118e-14
        1054     4.85406 1.07118e-14
        1055     4.85406 1.07118e-14
        1056     4.85406 1.07118e-14
        1057     4.85406 1.07118e-14
        1058     4.85406 1.07118e-14
        1059     4.85406 1.07118e-14
        1060     4.85406 1.07118e-14
        1061     4.85406 1.07118e-14
        1062     4.85406 1.07118e-14
        1063     4.85406 1.07118e-14
        1064     4.85406 1.07118e-14
        1065     4.85406 1.07118e-14
        1066     4.85406 1.07118e-14
        1067     4.85406 1.07118e-14
        1068     4.85406 1.07118e-14
        1069     4.85406 1.07118e-14
        1070     4.85406 1.07118e-14
        1071     4.85406 1.07118e-14
        1072     4.85406 1.07118e-14
        1073     4.85406 1.07118e-14
        1074     4.85406 1.07118e-14
        1075     4.85406 1.07118e-14
        1076     4.85406 1.07118e-14
        1077     4.85406 1.07118e-14
        1078     4.85406 1.07118e-14
        1079     4.85406 1.07118e-14
        1080     4.85406 1.07118e-14
        1081     4.85406 1.07118e-14
        1082     4.85406 1.07118e-14
        1083     4.85406 1.07118e-14
        1084     4.85406 1.07118e-14
        1085     4.85406 1.07118e-14
        1086     4.85406 1.07118e-14
        1087     4.85406 1.07118e-14
        1088     4.85406 1.07118e-14
        1089     4.85406 1.07118e-14
        1090     4.85406 1.07118e-14
        1091     4.85406 1.07118e-14
        1092     4.85406 1.07118e-14
        1093     4.85406 1.07118e-14
        1094     4.85406 1.07118e-14
        1095     4.85406 1.07118e-14
        1096     4.85406 1.07118e-14
        1097     4.85406 1.07118e-14
        1098     4.85406 1.07118e-14
        1099     4.85406 1.07118e-14
        1100     4.85406 1.07118e-14
        1101     4.85406 1.07118e-14
        1102     4.85406 1.07118e-14
        1103     4.85406 1.07118e-14
        1104     4.85406 1.07118e-14
        1105     4.85406 1.07118e-14
        1106     4.85406 1.07118e-14
        1107     4.85406 1.07118e-14
        1108     4.85406 1.07118e-14
        1109     4.85406 1.07118e-14
        1110     4.85406 1.07118e-14
        1111     4.85406 1.07118e-14
        1112     4.85406 1.07118e-14
        1113     4.85406 1.07118e-14
        1114     4.85406 1.07118e-14
        1115     4.85406 1.07118e-14
        1116     4.85406 1.07118e-14
        1117     4.85406 1.07118e-14
        1118     4.85406 1.07118e-14
        1119     4.85406 1.07118e-14
        1120     4.85406 1.07118e-14
        1121     4.85406 1.07118e-14
        1122     4.85406 1.07118e-14
        1123     4.85406 1.07118e-14
        1124     4.85406 1.07118e-14
        1125     4.85406 1.07118e-14
        1126     4.85406 1.07118e-14
        1127     4.85406 1.07118e-14
        1128     4.85406 1.07118e-14
        1129     4.85406 1.07118e-14
        1130     4.85406 1.07118e-14
        1131     4.85406 1.07118e-14
        1132     4.85406 1.07118e-14
        1133     4.85406 1.07118e-14
        1134     4.85406 1.07118e-14
        1135     4.85406 1.07118e-14
        1136     4.85406 1.07118e-14
        1137     4.85406 1.07118e-14
        1138     4.85406 1.07118e-14
        1139     4.85406 1.07118e-14
        1140     4.85406 1.07118e-14
        1141     4.85406 1.07118e-14
        1142     4.85406 1.07118e-14
        1143     4.85406 1.07118e-14
        1144     4.85406 1.07118e-14
        1145     4.85406 1.07118e-14
        1146     4.85406 1.07118e-14
        1147     4.85406 1.07118e-14
        1148     4.85406 1.07118e-14
        1149     4.85406 1.07118e-14
        1150     4.85406 1.07118e-14
        1151     4.85406 1.07118e-14
        1152     4.85406 1.07118e-14
        1153     4.85406 1.07118e-14
        1154     4.85406 1.07118e-14
        1155     4.85406 1.07118e-14
        1156     4.85406 1.07118e-14
        1157     4.85406 1.07118e-14
        1158     4.85406 1.07118e-14
        1159     4.85406 1.07118e-14
        1160     4.85406 1.07118e-14
        1161     4.85406 1.07118e-14
        1162     4.85406 1.07118e-14
        1163     4.85406 1.07118e-14
        1164     4.85406 1.07118e-14
        1165     4.85406 1.07118e-14
        1166     4.85406 1.07118e-14
        1167     4.85406 1.07118e-14
        1168     4.85406 1.07118e-14
        1169     4.85406 1.07118e-14
        1170     4.85406 1.07118e-14
        1171     4.85406 1.07118e-14
        1172     4.85406 1.07118e-14
        1173     4.85406 1.07118e-14
        1174     4.85406 1.07118e-14
        1175     4.85406 1.07118e-14
        1176     4.85406 1.07118e-14
        1177     4.85406 1.07118e-14
        1178     4.85406 1.07118e-14
        1179     4.85406 1.07118e-14
        1180     4.85406 1.07118e-14
        1181     4.85406 1.07118e-14
        1182     4.85406 1.07118e-14
        1183     4.85406 1.07118e-14
        1184     4.85406 1.07118e-14
        1185     4.85406 1.07118e-14
        1186     4.85406 1.07118e-14
        1187     4.85406 1.07118e-14
        1188     4.85406 1.07118e-14
        1189     4.85406 1.07118e-14
        1190     4.85406 1.07118e-14
        1191     4.85406 1.07118e-14
        1192     4.85406 1.07118e-14
        1193     4.85406 1.07118e-14
        1194     4.85406 1.07118e-14
        1195     4.85406 1.07118e-14
        1196     4.85406 1.07118e-14
        1197     4.85406 1.07118e-14
        1198     4.85406 1.07118e-14
        1199     4.85406 1.07118e-14
        1200     4.85406 1.07118e-14
        1201     4.85406 1.07118e-14
        1202     4.85406 1.07118e-14
        1203     4.85406 1.07118e-14
        1204     4.85406 1.07118e-14
        1205     4.85406 1.07118e-14
        1206     4.85406 1.07118e-14
        1207     4.85406 1.07118e-14
        1208     4.85406 1.07118e-14
        1209     4.85406 1.07118e-14
        1210     4.85406 1.07118e-14
        1211     4.85406 1.07118e-14
        1212     4.85406 1.07118e-14
        1213     4.85406 1.07118e-14
        1214     4.85406 1.07118e-14
        1215     4.85406 1.07118e-14
        1216     4.85406 1.07118e-14
        1217     4.85406 1.07118e-14
        1218     4.85406 1.07118e-14
        1219     4.85406 1.07118e-14
        1220     4.85406 1.07118e-14
        1221     4.85406 1.07118e-14
        1222     4.85406 1.07118e-14
        1223     4.85406 1.07118e-14
        1224     4.85406 1.07118e-14
        1225     4.85406 1.07118e-14
        1226     4.85406 1.07118e-14
        1227     4.85406 1.07118e-14
        1228     4.85406 1.07118e-14
        1229     4.85406 1.07118e-14
        1230     4.85406 1.07118e-14
        1231     4.85406 1.07118e-14
        1232     4.85406 1.07118e-14
        1233     4.85406 1.07118e-14
        1234     4.85406 1.07118e-14
        1235     4.85406 1.07118e-14
        1236     4.85406 1.07118e-14
        1237     4.85406 1.07118e-14
        1238     4.85406 1.07118e-14
        1239     4.85406 1.07118e-14
        1240     4.85406 1.07118e-14
        1241     4.85406 1.07118e-14
        1242     4.85406 1.07118e-14
        1243     4.85406 1.07118e-14
        1244     4.85406 1.07118e-14
        1245     4.85406 1.07118e-14
        1246     4.85406 1.07118e-14
        1247     4.85406 1.07118e-14
        1248     4.85406 1.07118e-14
        1249     4.85406 1.07118e-14
        1250     4.85406 1.07118e-14
        1251     4.85406 1.07118e-14
        1252     4.85406 1.07118e-14
        1253     4.85406 1.07118e-14
        1254     4.85406 1.07118e-14
        1255     4.85406 1.07118e-14
        1256     4.85406 1.07118e-14
        1257     4.85406 1.07118e-14
        1258     4.85406 1.07118e-14
        1259     4.85406 1.07118e-14
        1260     4.85406 1.07118e-14
        1261     4.85406 1.07118e-14
        1262     4.85406 1.07118e-14
        1263     4.85406 1.07118e-14
        1264     4.85406 1.07118e-14
        1265     4.85406 1.07118e-14
        1266     4.85406 1.07118e-14
        1267     4.85406 1.07118e-14
        1268     4.85406 1.07118e-14
        1269     4.85406 1.07118e-14
        1270     4.85406 1.07118e-14
        1271     4.85406 1.07118e-14
        1272     4.85406 1.07118e-14
        1273     4.85406 1.07118e-14
        1274     4.85406 1.07118e-14
        1275     4.85406 1.07118e-14
        1276     4.85406 1.07118e-14
        1277     4.85406 1.07118e-14
        1278     4.85406 1.07118e-14
        1279     4.85406 1.07118e-14
        1280     4.85406 1.07118e-14
        1281     4.85406 1.07118e-14
        1282     4.85406 1.07118e-14
        1283     4.85406 1.07118e-14
        1284     4.85406 1.07118e-14
        1285     4.85406 1.07118e-14
        1286     4.85406 1.07118e-14
        1287     4.85406 1.07118e-14
        1288     4.85406 1.07118e-14
        1289     4.85406 1.07118e-14
        1290     4.85406 1.07118e-14
        1291     4.85406 1.07118e-14
        1292     4.85406 1.07118e-14
        1293     4.85406 1.07118e-14
        1294     4.85406 1.07118e-14
        1295     4.85406 1.07118e-14
        1296     4.85406 1.07118e-14
        1297     4.85406 1.07118e-14
        1298     4.85406 1.07118e-14
        1299     4.85406 1.07118e-14
        1300     4.85406 1.07118e-14
        1301     4.85406 1.07118e-14
        1302     4.85406 1.07118e-14
        1303     4.85406 1.07118e-14
        1304     4.85406 1.07118e-14
        1305     4.85406 1.07118e-14
        1306     4.85406 1.07118e-14
        1307     4.85406 1.07118e-14
        1308     4.85406 1.07118e-14
        1309     4.85406 1.07118e-14
        1310     4.85406 1.07118e-14
        1311     4.85406 1.07118e-14
        1312     4.85406 1.07118e-14
        1313     4.85406 1.07118e-14
        1314     4.85406 1.07118e-14
        1315     4.85406 1.07118e-14
        1316     4.85406 1.07118e-14
        1317     4.85406 1.07118e-14
        1318     4.85406 1.07118e-14
        1319     4.85406 1.07118e-14
        1320     4.85406 1.07118e-14
        1321     4.85406 1.07118e-14
        1322     4.85406 1.07118e-14
        1323     4.85406 1.07118e-14
        1324     4.85406 1.07118e-14
        1325     4.85406 1.07118e-14
        1326     4.85406 1.07118e-14
        1327     4.85406 1.07118e-14
        1328     4.85406 1.07118e-14
        1329     4.85406 1.07118e-14
        1330     4.85406 1.07118e-14
        1331     4.85406 1.07118e-14
        1332     4.85406 1.07118e-14
        1333     4.85406 1.07118e-14
        1334     4.85406 1.07118e-14
        1335     4.85406 1.07118e-14
        1336     4.85406 1.07118e-14
        1337     4.85406 1.07118e-14
        1338     4.85406 1.07118e-14
        1339     4.85406 1.07118e-14
        1340     4.85406 1.07118e-14
        1341     4.85406 1.07118e-14
        1342     4.85406 1.07118e-14
        1343     4.85406 1.07118e-14
        1344     4.85406 1.07118e-14
        1345     4.85406 1.07118e-14
        1346     4.85406 1.07118e-14
        1347     4.85406 1.07118e-14
        1348     4.85406 1.07118e-14
        1349     4.85406 1.07118e-14
        1350     4.85406 1.07118e-14
        1351     4.85406 1.07118e-14
        1352     4.85406 1.07118e-14
        1353     4.85406 1.07118e-14
        1354     4.85406 1.07118e-14
        1355     4.85406 1.07118e-14
        1356     4.85406 1.07118e-14
        1357     4.85406 1.07118e-14
        1358     4.85406 1.07118e-14
        1359     4.85406 1.07118e-14
        1360     4.85406 1.07118e-14
        1361     4.85406 1.07118e-14
        1362     4.85406 1.07118e-14
        1363     4.85406 1.07118e-14
        1364     4.85406 1.07118e-14
        1365     4.85406 1.07118e-14
        1366     4.85406 1.07118e-14
        1367     4.85406 1.07118e-14
        1368     4.85406 1.07118e-14
        1369     4.85406 1.07118e-14
        1370     4.85406 1.07118e-14
        1371     4.85406 1.07118e-14
        1372     4.85406 1.07118e-14
        1373     4.85406 1.07118e-14
        1374     4.85406 1.07118e-14
        1375     4.85406 1.07118e-14
        1376     4.85406 1.07118e-14
        1377     4.85406 1.07118e-14
        1378     4.85406 1.07118e-14
        1379     4.85406 1.07118e-14
        1380     4.85406 1.07118e-14
        1381     4.85406 1.07118e-14
        1382     4.85406 1.07118e-14
        1383     4.85406 1.07118e-14
        1384     4.85406 1.07118e-14
        1385     4.85406 1.07118e-14
        1386     4.85406 1.07118e-14
        1387     4.85406 1.07118e-14
        1388     4.85406 1.07118e-14
        1389     4.85406 1.07118e-14
        1390     4.85406 1.07118e-14
        1391     4.85406 1.07118e-14
        1392     4.85406 1.07118e-14
        1393     4.85406 1.07118e-14
        1394     4.85406 1.07118e-14
        1395     4.85406 1.07118e-14
        1396     4.85406 1.07118e-14
        1397     4.85406 1.07118e-14
        1398     4.85406 1.07118e-14
        1399     4.85406 1.07118e-14
        1400     4.85406 1.07118e-14
        1401     4.85406 1.07118e-14
        1402     4.85406 1.07118e-14
        1403     4.85406 1.07118e-14
        1404     4.85406 1.07118e-14
        1405     4.85406 1.07118e-14
        1406     4.85406 1.07118e-14
        1407     4.85406 1.07118e-14
        1408     4.85406 1.07118e-14
        1409     4.85406 1.07118e-14
        1410     4.85406 1.07118e-14
        1411     4.85406 1.07118e-14
        1412     4.85406 1.07118e-14
        1413     4.85406 1.07118e-14
        1414     4.85406 1.07118e-14
        1415     4.85406 1.07118e-14
        1416     4.85406 1.07118e-14
        1417     4.85406 1.07118e-14
        1418     4.85406 1.07118e-14
        1419     4.85406 1.07118e-14
        1420     4.85406 1.07118e-14
        1421     4.85406 1.07118e-14
        1422     4.85406 1.07118e-14
        1423     4.85406 1.07118e-14
        1424     4.85406 1.07118e-14
        1425     4.85406 1.07118e-14
        1426     4.85406 1.07118e-14
        1427     4.85406 1.07118e-14
        1428     4.85406 1.07118e-14
        1429     4.85406 1.07118e-14
        1430     4.85406 1.07118e-14
        1431     4.85406 1.07118e-14
        1432     4.85406 1.07118e-14
        1433     4.85406 1.07118e-14
        1434     4.85406 1.07118e-14
        1435     4.85406 1.07118e-14
        1436     4.85406 1.07118e-14
        1437     4.85406 1.07118e-14
        1438     4.85406 1.07118e-14
        1439     4.85406 1.07118e-14
        1440     4.85406 1.07118e-14
        1441     4.85406 1.07118e-14
        1442     4.85406 1.07118e-14
        1443     4.85406 1.07118e-14
        1444     4.85406 1.07118e-14
        1445     4.85406 1.07118e-14
        1446     4.85406 1.07118e-14
        1447     4.85406 1.07118e-14
        1448     4.85406 1.07118e-14
        1449     4.85406 1.07118e-14
        1450     4.85406 1.07118e-14
        1451     4.85406 1.07118e-14
        1452     4.85406 1.07118e-14
        1453     4.85406 1.07118e-14
        1454     4.85406 1.07118e-14
        1455     4.85406 1.07118e-14
        1456     4.85406 1.07118e-14
        1457     4.85406 1.07118e-14
        1458     4.85406 1.07118e-14
        1459     4.85406 1.07118e-14
        1460     4.85406 1.07118e-14
        1461     4.85406 1.07118e-14
        1462     4.85406 1.07118e-14
        1463     4.85406 1.07118e-14
        1464     4.85406 1.07118e-14
        1465     4.85406 1.07118e-14
        1466     4.85406 1.07118e-14
        1467     4.85406 1.07118e-14
        1468     4.85406 1.07118e-14
        1469     4.85406 1.07118e-14
        1470     4.85406 1.07118e-14
        1471     4.85406 1.07118e-14
        1472     4.85406 1.07118e-14
        1473     4.85406 1.07118e-14
        1474     4.85406 1.07118e-14
        1475     4.85406 1.07118e-14
        1476     4.85406 1.07118e-14
        1477     4.85406 1.07118e-14
        1478     4.85406 1.07118e-14
        1479     4.85406 1.07118e-14
        1480     4.85406 1.07118e-14
        1481     4.85406 1.07118e-14
        1482     4.85406 1.07118e-14
        1483     4.85406 1.07118e-14
        1484     4.85406 1.07118e-14
        1485     4.85406 1.07118e-14
        1486     4.85406 1.07118e-14
        1487     4.85406 1.07118e-14
        1488     4.85406 1.07118e-14
        1489     4.85406 1.07118e-14
        1490     4.85406 1.07118e-14
        1491     4.85406 1.07118e-14
        1492     4.85406 1.07118e-14
        1493     4.85406 1.07118e-14
        1494     4.85406 1.07118e-14
        1495     4.85406 1.07118e-14
        1496     4.85406 1.07118e-14
        1497     4.85406 1.07118e-14
        1498     4.85406 1.07118e-14
        1499     4.85406 1.07118e-14
        1500     4.85406 1.07118e-14
        1501     4.85406 1.07118e-14
        1502     4.85406 1.07118e-14
        1503     4.85406 1.07118e-14
        1504     4.85406 1.07118e-14
        1505     4.85406 1.07118e-14
        1506     4.85406 1.07118e-14
        1507     4.85406 1.07118e-14
        1508     4.85406 1.07118e-14
        1509     4.85406 1.07118e-14
        1510     4.85406 1.07118e-14
        1511     4.85406 1.07118e-14
        1512     4.85406 1.07118e-14
        1513     4.85406 1.07118e-14
        1514     4.85406 1.07118e-14
        1515     4.85406 1.07118e-14
        1516     4.85406 1.07118e-14
        1517     4.85406 1.07118e-14
        1518     4.85406 1.07118e-14
        1519     4.85406 1.07118e-14
        1520     4.85406 1.07118e-14
        1521     4.85406 1.07118e-14
        1522     4.85406 1.07118e-14
        1523     4.85406 1.07118e-14
        1524     4.85406 1.07118e-14
        1525     4.85406 1.07118e-14
        1526     4.85406 1.07118e-14
        1527     4.85406 1.07118e-14
        1528     4.85406 1.07118e-14
        1529     4.85406 1.07118e-14
        1530     4.85406 1.07118e-14
        1531     4.85406 1.07118e-14
        1532     4.85406 1.07118e-14
        1533     4.85406 1.07118e-14
        1534     4.85406 1.07118e-14
        1535     4.85406 1.07118e-14
        1536     4.85406 1.07118e-14
        1537     4.85406 1.07118e-14
        1538     4.85406 1.07118e-14
        1539     4.85406 1.07118e-14
        1540     4.85406 1.07118e-14
        1541     4.85406 1.07118e-14
        1542     4.85406 1.07118e-14
        1543     4.85406 1.07118e-14
        1544     4.85406 1.07118e-14
        1545     4.85406 1.07118e-14
        1546     4.85406 1.07118e-14
        1547     4.85406 1.07118e-14
        1548     4.85406 1.07118e-14
        1549     4.85406 1.07118e-14
        1550     4.85406 1.07118e-14
        1551     4.85406 1.07118e-14
        1552     4.85406 1.07118e-14
        1553     4.85406 1.07118e-14
        1554     4.85406 1.07118e-14
        1555     4.85406 1.07118e-14
        1556     4.85406 1.07118e-14
        1557     4.85406 1.07118e-14
        1558     4.85406 1.07118e-14
        1559     4.85406 1.07118e-14
        1560     4.85406 1.07118e-14
        1561     4.85406 1.07118e-14
        1562     4.85406 1.07118e-14
        1563     4.85406 1.07118e-14
        1564     4.85406 1.07118e-14
        1565     4.85406 1.07118e-14
        1566     4.85406 1.07118e-14
        1567     4.85406 1.07118e-14
        1568     4.85406 1.07118e-14
        1569     4.85406 1.07118e-14
        1570     4.85406 1.07118e-14
        1571     4.85406 1.07118e-14
        1572     4.85406 1.07118e-14
        1573     4.85406 1.07118e-14
        1574     4.85406 1.07118e-14
        1575     4.85406 1.07118e-14
        1576     4.85406 1.07118e-14
        1577     4.85406 1.07118e-14
        1578     4.85406 1.07118e-14
        1579     4.85406 1.07118e-14
        1580     4.85406 1.07118e-14
        1581     4.85406 1.07118e-14
        1582     4.85406 1.07118e-14
        1583     4.85406 1.07118e-14
        1584     4.85406 1.07118e-14
        1585     4.85406 1.07118e-14
        1586     4.85406 1.07118e-14
        1587     4.85406 1.07118e-14
        1588     4.85406 1.07118e-14
        1589     4.85406 1.07118e-14
        1590     4.85406 1.07118e-14
        1591     4.85406 1.07118e-14
        1592     4.85406 1.07118e-14
        1593     4.85406 1.07118e-14
        1594     4.85406 1.07118e-14
        1595     4.85406 1.07118e-14
        1596     4.85406 1.07118e-14
        1597     4.85406 1.07118e-14
        1598     4.85406 1.07118e-14
        1599     4.85406 1.07118e-14
        1600     4.85406 1.07118e-14
        1601     4.85406 1.07118e-14
        1602     4.85406 1.07118e-14
        1603     4.85406 1.07118e-14
        1604     4.85406 1.07118e-14
        1605     4.85406 1.07118e-14
        1606     4.85406 1.07118e-14
        1607     4.85406 1.07118e-14
        1608     4.85406 1.07118e-14
        1609     4.85406 1.07118e-14
        1610     4.85406 1.07118e-14
        1611     4.85406 1.07118e-14
        1612     4.85406 1.07118e-14
        1613     4.85406 1.07118e-14
        1614     4.85406 1.07118e-14
        1615     4.85406 1.07118e-14
        1616     4.85406 1.07118e-14
        1617     4.85406 1.07118e-14
        1618     4.85406 1.07118e-14
        1619     4.85406 1.07118e-14
        1620     4.85406 1.07118e-14
        1621     4.85406 1.07118e-14
        1622     4.85406 1.07118e-14
        1623     4.85406 1.07118e-14
        1624     4.85406 1.07118e-14
        1625     4.85406 1.07118e-14
        1626     4.85406 1.07118e-14
        1627     4.85406 1.07118e-14
        1628     4.85406 1.07118e-14
        1629     4.85406 1.07118e-14
        1630     4.85406 1.07118e-14
        1631     4.85406 1.07118e-14
        1632     4.85406 1.07118e-14
        1633     4.85406 1.07118e-14
        1634     4.85406 1.07118e-14
        1635     4.85406 1.07118e-14
        1636     4.85406 1.07118e-14
        1637     4.85406 1.07118e-14
        1638     4.85406 1.07118e-14
        1639     4.85406 1.07118e-14
        1640     4.85406 1.07118e-14
        1641     4.85406 1.07118e-14
        1642     4.85406 1.07118e-14
        1643     4.85406 1.07118e-14
        1644     4.85406 1.07118e-14
        1645     4.85406 1.07118e-14
        1646     4.85406 1.07118e-14
        1647     4.85406 1.07118e-14
        1648     4.85406 1.07118e-14
        1649     4.85406 1.07118e-14
        1650     4.85406 1.07118e-14
        1651     4.85406 1.07118e-14
        1652     4.85406 1.07118e-14
        1653     4.85406 1.07118e-14
        1654     4.85406 1.07118e-14
        1655     4.85406 1.07118e-14
        1656     4.85406 1.07118e-14
        1657     4.85406 1.07118e-14
        1658     4.85406 1.07118e-14
        1659     4.85406 1.07118e-14
        1660     4.85406 1.07118e-14
        1661     4.85406 1.07118e-14
        1662     4.85406 1.07118e-14
        1663     4.85406 1.07118e-14
        1664     4.85406 1.07118e-14
        1665     4.85406 1.07118e-14
        1666     4.85406 1.07118e-14
        1667     4.85406 1.07118e-14
        1668     4.85406 1.07118e-14
        1669     4.85406 1.07118e-14
        1670     4.85406 1.07118e-14
        1671     4.85406 1.07118e-14
        1672     4.85406 1.07118e-14
        1673     4.85406 1.07118e-14
        1674     4.85406 1.07118e-14
        1675     4.85406 1.07118e-14
        1676     4.85406 1.07118e-14
        1677     4.85406 1.07118e-14
        1678     4.85406 1.07118e-14
        1679     4.85406 1.07118e-14
        1680     4.85406 1.07118e-14
        1681     4.85406 1.07118e-14
        1682     4.85406 1.07118e-14
        1683     4.85406 1.07118e-14
        1684     4.85406 1.07118e-14
        1685     4.85406 1.07118e-14
        1686     4.85406 1.07118e-14
        1687     4.85406 1.07118e-14
        1688     4.85406 1.07118e-14
        1689     4.85406 1.07118e-14
        1690     4.85406 1.07118e-14
        1691     4.85406 1.07118e-14
        1692     4.85406 1.07118e-14
        1693     4.85406 1.07118e-14
        1694     4.85406 1.07118e-14
        1695     4.85406 1.07118e-14
        1696     4.85406 1.07118e-14
        1697     4.85406 1.07118e-14
        1698     4.85406 1.07118e-14
        1699     4.85406 1.07118e-14
        1700     4.85406 1.07118e-14
        1701     4.85406 1.07118e-14
        1702     4.85406 1.07118e-14
        1703     4.85406 1.07118e-14
        1704     4.85406 1.07118e-14
        1705     4.85406 1.07118e-14
        1706     4.85406 1.07118e-14
        1707     4.85406 1.07118e-14
        1708     4.85406 1.07118e-14
        1709     4.85406 1.07118e-14
        1710     4.85406 1.07118e-14
        1711     4.85406 1.07118e-14
        1712     4.85406 1.07118e-14
        1713     4.85406 1.07118e-14
        1714     4.85406 1.07118e-14
        1715     4.85406 1.07118e-14
        1716     4.85406 1.07118e-14
        1717     4.85406 1.07118e-14
        1718     4.85406 1.07118e-14
        1719     4.85406 1.07118e-14
        1720     4.85406 1.07118e-14
        1721     4.85406 1.07118e-14
        1722     4.85406 1.07118e-14
        1723     4.85406 1.07118e-14
        1724     4.85406 1.07118e-14
        1725     4.85406 1.07118e-14
        1726     4.85406 1.07118e-14
        1727     4.85406 1.07118e-14
        1728     4.85406 1.07118e-14
        1729     4.85406 1.07118e-14
        1730     4.85406 1.07118e-14
        1731     4.85406 1.07118e-14
        1732     4.85406 1.07118e-14
        1733     4.85406 1.07118e-14
        1734     4.85406 1.07118e-14
        1735     4.85406 1.07118e-14
        1736     4.85406 1.07118e-14
        1737     4.85406 1.07118e-14
        1738     4.85406 1.07118e-14
        1739     4.85406 1.07118e-14
        1740     4.85406 1.07118e-14
        1741     4.85406 1.07118e-14
        1742     4.85406 1.07118e-14
        1743     4.85406 1.07118e-14
        1744     4.85406 1.07118e-14
        1745     4.85406 1.07118e-14
        1746     4.85406 1.07118e-14
        1747     4.85406 1.07118e-14
        1748     4.85406 1.07118e-14
        1749     4.85406 1.07118e-14
        1750     4.85406 1.07118e-14
        1751     4.85406 1.07118e-14
        1752     4.85406 1.07118e-14
        1753     4.85406 1.07118e-14
        1754     4.85406 1.07118e-14
        1755     4.85406 1.07118e-14
        1756     4.85406 1.07118e-14
        1757     4.85406 1.07118e-14
        1758     4.85406 1.07118e-14
        1759     4.85406 1.07118e-14
        1760     4.85406 1.07118e-14
        1761     4.85406 1.07118e-14
        1762     4.85406 1.07118e-14
        1763     4.85406 1.07118e-14
        1764     4.85406 1.07118e-14
        1765     4.85406 1.07118e-14
        1766     4.85406 1.07118e-14
        1767     4.85406 1.07118e-14
        1768     4.85406 1.07118e-14
        1769     4.85406 1.07118e-14
        1770     4.85406 1.07118e-14
        1771     4.85406 1.07118e-14
        1772     4.85406 1.07118e-14
        1773     4.85406 1.07118e-14
        1774     4.85406 1.07118e-14
        1775     4.85406 1.07118e-14
        1776     4.85406 1.07118e-14
        1777     4.85406 1.07118e-14
        1778     4.85406 1.07118e-14
        1779     4.85406 1.07118e-14
        1780     4.85406 1.07118e-14
        1781     4.85406 1.07118e-14
        1782     4.85406 1.07118e-14
        1783     4.85406 1.07118e-14
        1784     4.85406 1.07118e-14
        1785     4.85406 1.07118e-14
        1786     4.85406 1.07118e-14
        1787     4.85406 1.07118e-14
        1788     4.85406 1.07118e-14
        1789     4.85406 1.07118e-14
        1790     4.85406 1.07118e-14
        1791     4.85406 1.07118e-14
        1792     4.85406 1.07118e-14
        1793     4.85406 1.07118e-14
        1794     4.85406 1.07118e-14
        1795     4.85406 1.07118e-14
        1796     4.85406 1.07118e-14
        1797     4.85406 1.07118e-14
        1798     4.85406 1.07118e-14
        1799     4.85406 1.07118e-14
        1800     4.85406 1.07118e-14
        1801     4.85406 1.07118e-14
        1802     4.85406 1.07118e-14
        1803     4.85406 1.07118e-14
        1804     4.85406 1.07118e-14
        1805     4.85406 1.07118e-14
        1806     4.85406 1.07118e-14
        1807     4.85406 1.07118e-14
        1808     4.85406 1.07118e-14
        1809     4.85406 1.07118e-14
        1810     4.85406 1.07118e-14
        1811     4.85406 1.07118e-14
        1812     4.85406 1.07118e-14
        1813     4.85406 1.07118e-14
        1814     4.85406 1.07118e-14
        1815     4.85406 1.07118e-14
        1816     4.85406 1.07118e-14
        1817     4.85406 1.07118e-14
        1818     4.85406 1.07118e-14
        1819     4.85406 1.07118e-14
        1820     4.85406 1.07118e-14
        1821     4.85406 1.07118e-14
        1822     4.85406 1.07118e-14
        1823     4.85406 1.07118e-14
        1824     4.85406 1.07118e-14
        1825     4.85406 1.07118e-14
        1826     4.85406 1.07118e-14
        1827     4.85406 1.07118e-14
        1828     4.85406 1.07118e-14
        1829     4.85406 1.07118e-14
        1830     4.85406 1.07118e-14
        1831     4.85406 1.07118e-14
        1832     4.85406 1.07118e-14
        1833     4.85406 1.07118e-14
        1834     4.85406 1.07118e-14
        1835     4.85406 1.07118e-14
        1836     4.85406 1.07118e-14
        1837     4.85406 1.07118e-14
        1838     4.85406 1.07118e-14
        1839     4.85406 1.07118e-14
        1840     4.85406 1.07118e-14
        1841     4.85406 1.07118e-14
        1842     4.85406 1.07118e-14
        1843     4.85406 1.07118e-14
        1844     4.85406 1.07118e-14
        1845     4.85406 1.07118e-14
        1846     4.85406 1.07118e-14
        1847     4.85406 1.07118e-14
        1848     4.85406 1.07118e-14
        1849     4.85406 1.07118e-14
        1850     4.85406 1.07118e-14
        1851     4.85406 1.07118e-14
        1852     4.85406 1.07118e-14
        1853     4.85406 1.07118e-14
        1854     4.85406 1.07118e-14
        1855     4.85406 1.07118e-14
        1856     4.85406 1.07118e-14
        1857     4.85406 1.07118e-14
        1858     4.85406 1.07118e-14
        1859     4.85406 1.07118e-14
        1860     4.85406 1.07118e-14
        1861     4.85406 1.07118e-14
        1862     4.85406 1.07118e-14
        1863     4.85406 1.07118e-14
        1864     4.85406 1.07118e-14
        1865     4.85406 1.07118e-14
        1866     4.85406 1.07118e-14
        1867     4.85406 1.07118e-14
        1868     4.85406 1.07118e-14
        1869     4.85406 1.07118e-14
        1870     4.85406 1.07118e-14
        1871     4.85406 1.07118e-14
        1872     4.85406 1.07118e-14
        1873     4.85406 1.07118e-14
        1874     4.85406 1.07118e-14
        1875     4.85406 1.07118e-14
        1876     4.85406 1.07118e-14
        1877     4.85406 1.07118e-14
        1878     4.85406 1.07118e-14
        1879     4.85406 1.07118e-14
        1880     4.85406 1.07118e-14
        1881     4.85406 1.07118e-14
        1882     4.85406 1.07118e-14
        1883     4.85406 1.07118e-14
        1884     4.85406 1.07118e-14
        1885     4.85406 1.07118e-14
        1886     4.85406 1.07118e-14
        1887     4.85406 1.07118e-14
        1888     4.85406 1.07118e-14
        1889     4.85406 1.07118e-14
        1890     4.85406 1.07118e-14
        1891     4.85406 1.07118e-14
        1892     4.85406 1.07118e-14
        1893     4.85406 1.07118e-14
        1894     4.85406 1.07118e-14
        1895     4.85406 1.07118e-14
        1896     4.85406 1.07118e-14
        1897     4.85406 1.07118e-14
        1898     4.85406 1.07118e-14
        1899     4.85406 1.07118e-14
        1900     4.85406 1.07118e-14
        1901     4.85406 1.07118e-14
        1902     4.85406 1.07118e-14
        1903     4.85406 1.07118e-14
        1904     4.85406 1.07118e-14
        1905     4.85406 1.07118e-14
        1906     4.85406 1.07118e-14
        1907     4.85406 1.07118e-14
        1908     4.85406 1.07118e-14
        1909     4.85406 1.07118e-14
        1910     4.85406 1.07118e-14
        1911     4.85406 1.07118e-14
        1912     4.85406 1.07118e-14
        1913     4.85406 1.07118e-14
        1914     4.85406 1.07118e-14
        1915     4.85406 1.07118e-14
        1916     4.85406 1.07118e-14
        1917     4.85406 1.07118e-14
        1918     4.85406 1.07118e-14
        1919     4.85406 1.07118e-14
        1920     4.85406 1.07118e-14
        1921     4.85406 1.07118e-14
        1922     4.85406 1.07118e-14
        1923     4.85406 1.07118e-14
        1924     4.85406 1.07118e-14
        1925     4.85406 1.07118e-14
        1926     4.85406 1.07118e-14
        1927     4.85406 1.07118e-14
        1928     4.85406 1.07118e-14
        1929     4.85406 1.07118e-14
        1930     4.85406 1.07118e-14
        1931     4.85406 1.07118e-14
        1932     4.85406 1.07118e-14
        1933     4.85406 1.07118e-14
        1934     4.85406 1.07118e-14
        1935     4.85406 1.07118e-14
        1936     4.85406 1.07118e-14
        1937     4.85406 1.07118e-14
        1938     4.85406 1.07118e-14
        1939     4.85406 1.07118e-14
        1940     4.85406 1.07118e-14
        1941     4.85406 1.07118e-14
        1942     4.85406 1.07118e-14
        1943     4.85406 1.07118e-14
        1944     4.85406 1.07118e-14
        1945     4.85406 1.07118e-14
        1946     4.85406 1.07118e-14
        1947     4.85406 1.07118e-14
        1948     4.85406 1.07118e-14
        1949     4.85406 1.07118e-14
        1950     4.85406 1.07118e-14
        1951     4.85406 1.07118e-14
        1952     4.85406 1.07118e-14
        1953     4.85406 1.07118e-14
        1954     4.85406 1.07118e-14
        1955     4.85406 1.07118e-14
        1956     4.85406 1.07118e-14
        1957     4.85406 1.07118e-14
        1958     4.85406 1.07118e-14
        1959     4.85406 1.07118e-14
        1960     4.85406 1.07118e-14
        1961     4.85406 1.07118e-14
        1962     4.85406 1.07118e-14
        1963     4.85406 1.07118e-14
        1964     4.85406 1.07118e-14
        1965     4.85406 1.07118e-14
        1966     4.85406 1.07118e-14
        1967     4.85406 1.07118e-14
        1968     4.85406 1.07118e-14
        1969     4.85406 1.07118e-14
        1970     4.85406 1.07118e-14
        1971     4.85406 1.07118e-14
        1972     4.85406 1.07118e-14
        1973     4.85406 1.07118e-14
        1974     4.85406 1.07118e-14
        1975     4.85406 1.07118e-14
        1976     4.85406 1.07118e-14
        1977     4.85406 1.07118e-14
        1978     4.85406 1.07118e-14
        1979     4.85406 1.07118e-14
        1980     4.85406 1.07118e-14
        1981     4.85406 1.07118e-14
        1982     4.85406 1.07118e-14
        1983     4.85406 1.07118e-14
        1984     4.85406 1.07118e-14
        1985     4.85406 1.07118e-14
        1986     4.85406 1.07118e-14
        1987     4.85406 1.07118e-14
        1988     4.85406 1.07118e-14
        1989     4.85406 1.07118e-14
        1990     4.85406 1.07118e-14
        1991     4.85406 1.07118e-14
        1992     4.85406 1.07118e-14
        1993     4.85406 1.07118e-14
        1994     4.85406 1.07118e-14
        1995     4.85406 1.07118e-14
        1996     4.85406 1.07118e-14
        1997     4.85406 1.07118e-14
        1998     4.85406 1.07118e-14
        1999     4.85406 1.07118e-14
        2000     4.85406 1.07118e-14
