           1     15.6704     1.03525
           2     14.3513    0.666761
           3      13.763    0.119598
           4     13.6899    0.128976
           5     13.5578    0.179433
           6     13.3854   0.0577447
           7     13.3413    0.056946
           8     13.2518    0.145611
           9      13.036    0.361565
          10     12.6789    0.405563
          11     12.3052    0.339036
          12     11.9747    0.233686
          13     11.7336   0.0692151
          14     11.6424    0.123683
          15     11.5005    0.144419
          16     11.3861   0.0847018
          17      11.301   0.0989341
          18     11.1986    0.142157
          19     11.0228   0.0852448
          20     10.9183    0.124385
          21     10.7954     0.08005
          22     10.7077    0.113309
          23     10.5741    0.214963
          24     10.3039    0.179842
          25     10.1561   0.0677109
          26     10.1307   0.0275029
          27     10.1068   0.0553463
          28     10.0391   0.0756103
          29     9.98144   0.0761932
          30     9.90233   0.0379535
          31     9.87652   0.0506651
          32     9.81819   0.0168789
          33     9.81324 1.96384e-14
          34     9.80739   0.0335472
          35     9.78375   0.0801297
          36      9.7335    0.127238
          37     9.61218    0.156896
          38     9.46623   0.0827777
          39     9.35089    0.202246
          40     9.13088    0.272966
          41     8.88429  2.3209e-14
          42      8.8832  0.00619865
          43     8.87656   0.0149325
          44     8.85908   0.0369567
          45     8.79091    0.119419
          46     8.64323    0.199979
          47     8.41073    0.147049
          48     8.30825   0.0829114
          49     8.24407   0.0831967
          50     8.16252    0.106038
          51      8.0698   0.0568682
          52     8.03036   0.0485832
          53     7.97235   0.0807125
          54     7.90789   0.0607096
          55     7.87238   0.0441942
          56     7.81889   0.0801206
          57     7.76152   0.0750769
          58     7.69651   0.0696473
          59     7.63401    0.101183
          60     7.56164    0.089177
          61     7.49801   0.0316286
          62     7.46411   0.0501887
          63     7.41264   0.0445406
          64      7.3675   0.0382269
          65     7.33868   0.0353315
          66     7.29606   0.0427627
          67     7.26012    0.027911
          68     7.24973  0.00140412
          69     7.24843  0.00422916
          70     7.24222   0.0142483
          71     7.22142   0.0376532
          72     7.16028   0.0481685
          73     7.11445   0.0372633
          74     7.07311   0.0462556
          75     7.01832   0.0517779
          76     6.96793    0.024942
          77     6.94432   0.0368684
          78     6.90909   0.0263036
          79     6.88953   0.0358762
          80     6.85226   0.0564178
          81     6.79959   0.0326334
          82     6.78799 1.16045e-14
          83     6.78799 1.16045e-14
          84     6.78799 1.16045e-14
          85     6.78799 1.16045e-14
          86     6.78799 1.16045e-14
          87     6.78799 1.16045e-14
          88     6.78513    0.028438
          89     6.73668    0.109751
          90     6.64287    0.142591
          91       6.513    0.056301
          92     6.49799  0.00785137
          93     6.49024   0.0065021
          94     6.48711 8.92653e-16
          95     6.48711 8.92653e-16
          96     6.48455   0.0196837
          97     6.46289   0.0604897
          98     6.40229   0.0895292
          99     6.30881   0.0238863
         100     6.30336 7.14122e-15
         101     6.30336 7.14122e-15
         102     6.30336 7.14122e-15
         103     6.30187   0.0149176
         104     6.27925    0.054895
         105      6.2256   0.0747289
         106     6.16164   0.0326759
         107     6.15418 7.14122e-15
         108     6.15418 7.14122e-15
         109     6.15417 0.000183479
         110     6.15313   0.0065792
         111     6.13967   0.0243593
         112     6.12066   0.0282385
         113     6.09469  0.00462121
         114     6.09374   0.0029778
         115     6.08974   0.0104114
         116      6.0814   0.0147171
         117     6.06957   0.0115295
         118     6.06315  0.00599973
         119     6.05508   0.0193516
         120     6.03494   0.0281697
         121     6.00442   0.0113131
         122     5.99739  0.00729051
         123     5.99122  0.00577056
         124     5.98339   0.0174209
         125     5.96401   0.0235257
         126     5.94368 1.60678e-14
         127     5.94368 1.60678e-14
         128     5.94368 1.60678e-14
         129     5.94368 1.60678e-14
         130     5.94368 1.60678e-14
         131     5.94368 1.60678e-14
         132     5.94368 1.60678e-14
         133     5.94368 1.60678e-14
         134     5.94368 1.60678e-14
         135     5.94368 1.60678e-14
         136     5.94368 1.60678e-14
         137     5.94368 1.60678e-14
         138     5.94341  0.00269052
         139     5.94126  0.00773857
         140     5.93453   0.0128094
         141     5.92296   0.0113796
         142     5.91548   0.0103307
         143      5.9004   0.0355771
         144     5.86607   0.0483607
         145     5.83154   0.0337906
         146     5.81755 8.92653e-16
         147     5.81755 8.92653e-16
         148     5.81755 8.92653e-16
         149     5.81755 8.92653e-16
         150     5.81755 8.92653e-16
         151     5.81755 8.92653e-16
         152     5.81755 8.92653e-16
         153     5.81755 8.92653e-16
         154     5.81755 8.92653e-16
         155     5.81755 8.92653e-16
         156     5.81755 8.92653e-16
         157     5.81755 8.92653e-16
         158     5.81755 8.92653e-16
         159     5.81755 8.92653e-16
         160     5.81755 8.92653e-16
         161     5.81755 8.92653e-16
         162     5.81755 8.92653e-16
         163     5.81755 8.92653e-16
         164     5.81755 8.92653e-16
         165     5.81755 8.92653e-16
         166     5.81755 8.92653e-16
         167     5.81755 8.92653e-16
         168     5.81755 8.92653e-16
         169     5.81755 8.92653e-16
         170     5.81755 8.92653e-16
         171     5.81722  0.00334221
         172     5.81488  0.00911287
         173     5.80701   0.0159067
         174     5.79363   0.0190023
         175     5.77546  0.00906813
         176     5.76824  0.00589831
         177     5.76607 1.16045e-14
         178     5.76607 1.16045e-14
         179     5.76607 1.16045e-14
         180     5.76607 1.16045e-14
         181     5.76607 1.16045e-14
         182     5.76607 1.16045e-14
         183     5.76607 1.16045e-14
         184     5.76607 1.16045e-14
         185     5.76607 1.16045e-14
         186     5.76607 1.16045e-14
         187     5.76607 1.16045e-14
         188     5.76607 1.16045e-14
         189     5.76518  0.00883268
         190     5.75635   0.0277758
         191      5.7272   0.0440652
         192     5.69187   0.0325443
         193     5.67774 5.35592e-15
         194     5.67774 5.35592e-15
         195     5.67757  0.00170596
         196     5.67468  0.00655859
         197     5.66648    0.008122
         198     5.66068 5.35592e-15
         199     5.66068 5.35592e-15
         200     5.66068 5.35592e-15
         201     5.66068 5.35592e-15
         202     5.66068 5.35592e-15
         203     5.66068 5.35592e-15
         204     5.66068 5.35592e-15
         205     5.66068 5.35592e-15
         206     5.66068 5.35592e-15
         207     5.66068 5.35592e-15
         208     5.66068 5.35592e-15
         209     5.66068 5.35592e-15
         210     5.66068 5.35592e-15
         211     5.66068 5.35592e-15
         212     5.66068 5.35592e-15
         213     5.66068 5.35592e-15
         214     5.66068 5.35592e-15
         215     5.66068 5.35592e-15
         216     5.66068 5.35592e-15
         217     5.66068 5.35592e-15
         218     5.66068 5.35592e-15
         219     5.66068 5.35592e-15
         220     5.66068 5.35592e-15
         221     5.66068 5.35592e-15
         222     5.66068 5.35592e-15
         223     5.66068 5.35592e-15
         224     5.66068 5.35592e-15
         225      5.6605  0.00183707
         226     5.65829  0.00620924
         227      5.6526  0.00916489
         228     5.64507  0.00659268
         229     5.64231 9.81918e-15
         230     5.64199  0.00322403
         231     5.63651   0.0124487
         232      5.6244   0.0163896
         233     5.60732  0.00659268
         234      5.5996  0.00914069
         235     5.59409  0.00620924
         236      5.5917 8.92653e-16
         237      5.5917 8.92653e-16
         238      5.5917 8.92653e-16
         239      5.5917 8.92653e-16
         240      5.5917 8.92653e-16
         241     5.58912   0.0257892
         242     5.56849   0.0741758
         243      5.5066    0.121875
         244      5.4086    0.117611
         245     5.33381           0
         246     5.33381           0
         247     5.33381           0
         248     5.33381           0
         249     5.33381           0
         250     5.33381           0
         251     5.33381           0
         252     5.33381           0
         253     5.33381           0
         254     5.33381           0
         255     5.33381           0
         256     5.33381           0
         257     5.33381           0
         258     5.33381           0
         259     5.33123   0.0257807
         260     5.31318   0.0702937
         261     5.24583     0.12154
         262     5.13878    0.110518
         263       5.076 3.57061e-15
         264       5.076 3.57061e-15
         265     5.07573  0.00268865
         266     5.07324  0.00836535
         267     5.06522   0.0166511
         268      5.0363   0.0295189
         269     5.00851    0.035946
         270     4.97765   0.0189406
         271      4.9721 5.35592e-15
         272      4.9721 5.35592e-15
         273      4.9721 5.35592e-15
         274      4.9721 5.35592e-15
         275      4.9721 5.35592e-15
         276      4.9721 5.35592e-15
         277      4.9721 5.35592e-15
         278      4.9721 5.35592e-15
         279      4.9721 5.35592e-15
         280      4.9721 5.35592e-15
         281      4.9721 5.35592e-15
         282      4.9721 5.35592e-15
         283      4.9721 5.35592e-15
         284      4.9721 5.35592e-15
         285      4.9721 5.35592e-15
         286      4.9721 5.35592e-15
         287      4.9721 5.35592e-15
         288      4.9721 5.35592e-15
         289      4.9721 5.35592e-15
         290      4.9721 5.35592e-15
         291      4.9721 5.35592e-15
         292      4.9721 5.35592e-15
         293      4.9721 5.35592e-15
         294      4.9721 5.35592e-15
         295      4.9721 5.35592e-15
         296      4.9721 5.35592e-15
         297      4.9721 5.35592e-15
         298      4.9721 5.35592e-15
         299      4.9721 5.35592e-15
         300      4.9721 5.35592e-15
         301      4.9721 5.35592e-15
         302      4.9721 5.35592e-15
         303      4.9721 5.35592e-15
         304      4.9721 5.35592e-15
         305     4.97183  0.00268865
         306     4.97048  0.00641736
         307     4.96134    0.013238
         308     4.95112   0.0111938
         309     4.94521 1.07118e-14
         310     4.94521 1.07118e-14
         311     4.94521 1.07118e-14
         312     4.94521 1.07118e-14
         313     4.94521 1.07118e-14
         314     4.94521 1.07118e-14
         315     4.94521 1.07118e-14
         316     4.94521 1.07118e-14
         317     4.94521 1.07118e-14
         318     4.94521 1.07118e-14
         319     4.94521 1.07118e-14
         320     4.94521 1.07118e-14
         321     4.94521 1.07118e-14
         322     4.94521 1.07118e-14
         323     4.94521 1.07118e-14
         324     4.94521 1.07118e-14
         325     4.94521 1.07118e-14
         326     4.94521 1.07118e-14
         327     4.94521 1.07118e-14
         328     4.94521 1.07118e-14
         329     4.94521 1.07118e-14
         330     4.94521 1.07118e-14
         331     4.94521 1.07118e-14
         332     4.94521 1.07118e-14
         333     4.94521 1.07118e-14
         334     4.94521 1.07118e-14
         335     4.94521 1.07118e-14
         336     4.94521 1.07118e-14
         337     4.94521 1.07118e-14
         338     4.94521 1.07118e-14
         339     4.94521 1.07118e-14
         340     4.94521 1.07118e-14
         341     4.94521 1.07118e-14
         342     4.94521 1.07118e-14
         343     4.94521 1.07118e-14
         344     4.94521 1.07118e-14
         345     4.94521 1.07118e-14
         346     4.94521 1.07118e-14
         347     4.94521 1.07118e-14
         348     4.94521 1.07118e-14
         349     4.94521 1.07118e-14
         350     4.94521 1.07118e-14
         351     4.94521 1.07118e-14
         352     4.94521 1.07118e-14
         353     4.94521 1.07118e-14
         354     4.94521 1.07118e-14
         355     4.94521 1.07118e-14
         356     4.94521 1.07118e-14
         357     4.94521 1.07118e-14
         358     4.94521 1.07118e-14
         359     4.94521 1.07118e-14
         360     4.94521 1.07118e-14
         361     4.94521 1.07118e-14
         362     4.94521 1.07118e-14
         363     4.94521 1.07118e-14
         364     4.94521 1.07118e-14
         365     4.94521 1.07118e-14
         366     4.94521 1.07118e-14
         367     4.94521 1.07118e-14
         368     4.94521 1.07118e-14
         369     4.94521 1.07118e-14
         370     4.94521 1.07118e-14
         371     4.94521 1.07118e-14
         372     4.94521 1.07118e-14
         373     4.94521 1.07118e-14
         374     4.94521 1.07118e-14
         375     4.94521 1.07118e-14
         376     4.94521 1.07118e-14
         377     4.94521 1.07118e-14
         378     4.94521 1.07118e-14
         379     4.94521 1.07118e-14
         380     4.94521 1.07118e-14
         381     4.94521 1.07118e-14
         382     4.94521 1.07118e-14
         383     4.94521 1.07118e-14
         384     4.94521 1.07118e-14
         385     4.94521 1.07118e-14
         386     4.94521 1.07118e-14
         387     4.94521 1.07118e-14
         388     4.94521 1.07118e-14
         389     4.94521 1.07118e-14
         390     4.94521 1.07118e-14
         391     4.94521 1.07118e-14
         392     4.94521 1.07118e-14
         393     4.94521 1.07118e-14
         394     4.94521 1.07118e-14
         395     4.94521 1.07118e-14
         396     4.94521 1.07118e-14
         397     4.94521 1.07118e-14
         398     4.94521 1.07118e-14
         399     4.94482   0.0039349
         400     4.93813   0.0151935
         401     4.92239   0.0195189
         402     4.90885   0.0108876
         403     4.90367  0.00544428
         404     4.89837   0.0078388
         405     4.89025 8.03388e-15
         406     4.89025 8.03388e-15
         407     4.89025 8.03388e-15
         408     4.89025 8.03388e-15
         409     4.89025 8.03388e-15
         410     4.89025 8.03388e-15
         411     4.89025 8.03388e-15
         412     4.89025 8.03388e-15
         413     4.89025 8.03388e-15
         414     4.89025 8.03388e-15
         415     4.89025 8.03388e-15
         416     4.89025 8.03388e-15
         417     4.89025 8.03388e-15
         418     4.89025 8.03388e-15
         419     4.89025 8.03388e-15
         420     4.89025 8.03388e-15
         421     4.89025 8.03388e-15
         422     4.89025 8.03388e-15
         423     4.89025 8.03388e-15
         424     4.89025 8.03388e-15
         425     4.89025 8.03388e-15
         426     4.89025 8.03388e-15
         427     4.89025 8.03388e-15
         428     4.89025 8.03388e-15
         429     4.89025 8.03388e-15
         430     4.89025 8.03388e-15
         431     4.89025 8.03388e-15
         432     4.89025 8.03388e-15
         433     4.89025 8.03388e-15
         434     4.89025 8.03388e-15
         435     4.89025 8.03388e-15
         436     4.89025 8.03388e-15
         437     4.89025 8.03388e-15
         438     4.89025 8.03388e-15
         439     4.89025 8.03388e-15
         440     4.89025 8.03388e-15
         441     4.89025 8.03388e-15
         442     4.89025 8.03388e-15
         443     4.89025 8.03388e-15
         444     4.89025 8.03388e-15
         445     4.89025 8.03388e-15
         446     4.89025 8.03388e-15
         447     4.89025 8.03388e-15
         448     4.89025 8.03388e-15
         449     4.89025 8.03388e-15
         450     4.89025 8.03388e-15
         451     4.89025 8.03388e-15
         452     4.89025 8.03388e-15
         453     4.89025 8.03388e-15
         454     4.89025 8.03388e-15
         455     4.89025 8.03388e-15
         456     4.89025 8.03388e-15
         457     4.89025 8.03388e-15
         458     4.89025 8.03388e-15
         459     4.89025 8.03388e-15
         460     4.89025 8.03388e-15
         461     4.89025 8.03388e-15
         462     4.89025 8.03388e-15
         463     4.89025 8.03388e-15
         464     4.89025 8.03388e-15
         465     4.89025 8.03388e-15
         466     4.89025 8.03388e-15
         467     4.89025 8.03388e-15
         468     4.89025 8.03388e-15
         469     4.89025 8.03388e-15
         470     4.89025 8.03388e-15
         471     4.89025 8.03388e-15
         472     4.89025 8.03388e-15
         473     4.89025 8.03388e-15
         474     4.89025 8.03388e-15
         475     4.89025 8.03388e-15
         476     4.89025 8.03388e-15
         477     4.89025 8.03388e-15
         478     4.89025 8.03388e-15
         479     4.89025 8.03388e-15
         480     4.89025 8.03388e-15
         481     4.89025 8.03388e-15
         482     4.89025 8.03388e-15
         483     4.89025 8.03388e-15
         484     4.89025 8.03388e-15
         485     4.89025 8.03388e-15
         486     4.89025 8.03388e-15
         487     4.89025 8.03388e-15
         488     4.89025 8.03388e-15
         489     4.89025 8.03388e-15
         490     4.89025 8.03388e-15
         491     4.89025 8.03388e-15
         492     4.89025 8.03388e-15
         493     4.89025 8.03388e-15
         494     4.89025 8.03388e-15
         495     4.89025 8.03388e-15
         496     4.89025 8.03388e-15
         497     4.89025 8.03388e-15
         498     4.89025 8.03388e-15
         499     4.89025 8.03388e-15
         500     4.89025 8.03388e-15
         501     4.89025 8.03388e-15
         502     4.89025 8.03388e-15
         503     4.89025 8.03388e-15
         504     4.89025 8.03388e-15
         505     4.89025 8.03388e-15
         506     4.89025 8.03388e-15
         507     4.89025 8.03388e-15
         508     4.89025 8.03388e-15
         509     4.89025 8.03388e-15
         510     4.89025 8.03388e-15
         511     4.89025 8.03388e-15
         512     4.89025 8.03388e-15
         513     4.89025 8.03388e-15
         514     4.89025 8.03388e-15
         515     4.89025 8.03388e-15
         516     4.89025 8.03388e-15
         517     4.89025 8.03388e-15
         518     4.89025 8.03388e-15
         519     4.89025 8.03388e-15
         520     4.89025 8.03388e-15
         521     4.89025 8.03388e-15
         522     4.89025 8.03388e-15
         523     4.89025 8.03388e-15
         524     4.89025 8.03388e-15
         525     4.89025 8.03388e-15
         526     4.89025 8.03388e-15
         527     4.89025 8.03388e-15
         528     4.89025 8.03388e-15
         529     4.89025 8.03388e-15
         530     4.89025 8.03388e-15
         531     4.89025 8.03388e-15
         532     4.89025 8.03388e-15
         533     4.89025 8.03388e-15
         534     4.89025 8.03388e-15
         535     4.89025 8.03388e-15
         536     4.89025 8.03388e-15
         537     4.89025 8.03388e-15
         538     4.89025 8.03388e-15
         539     4.89025 8.03388e-15
         540     4.89025 8.03388e-15
         541     4.89025 8.03388e-15
         542     4.89025 8.03388e-15
         543     4.89025 8.03388e-15
         544     4.89025 8.03388e-15
         545     4.89025 8.03388e-15
         546     4.89025 8.03388e-15
         547     4.89025 8.03388e-15
         548     4.89025 8.03388e-15
         549     4.89025 8.03388e-15
         550     4.89025 8.03388e-15
         551     4.89025 8.03388e-15
         552     4.89025 8.03388e-15
         553     4.89025 8.03388e-15
         554     4.89025 8.03388e-15
         555     4.89025 8.03388e-15
         556     4.89025 8.03388e-15
         557     4.89025 8.03388e-15
         558     4.89025 8.03388e-15
         559     4.89025 8.03388e-15
         560     4.89025 8.03388e-15
         561     4.89025 8.03388e-15
         562     4.89025 8.03388e-15
         563     4.89025 8.03388e-15
         564     4.89025 8.03388e-15
         565     4.89025 8.03388e-15
         566     4.89025 8.03388e-15
         567     4.89025 8.03388e-15
         568     4.89025 8.03388e-15
         569     4.89025 8.03388e-15
         570     4.89025 8.03388e-15
         571     4.89025 8.03388e-15
         572     4.89025 8.03388e-15
         573     4.89025 8.03388e-15
         574     4.89025 8.03388e-15
         575     4.89025 8.03388e-15
         576     4.89025 8.03388e-15
         577     4.89025 8.03388e-15
         578     4.89025 8.03388e-15
         579     4.89025 8.03388e-15
         580     4.89025 8.03388e-15
         581     4.89025 8.03388e-15
         582     4.89025 8.03388e-15
         583     4.89025 8.03388e-15
         584     4.89025 8.03388e-15
         585     4.89025 8.03388e-15
         586     4.89025 8.03388e-15
         587     4.89025 8.03388e-15
         588     4.89025 8.03388e-15
         589     4.89025 8.03388e-15
         590     4.89025 8.03388e-15
         591     4.89025 8.03388e-15
         592     4.89025 8.03388e-15
         593     4.89025 8.03388e-15
         594     4.89025 8.03388e-15
         595     4.89025 8.03388e-15
         596     4.89025 8.03388e-15
         597     4.89025 8.03388e-15
         598     4.89025 8.03388e-15
         599     4.89025 8.03388e-15
         600     4.89025 8.03388e-15
         601     4.89025 8.03388e-15
         602     4.89025 8.03388e-15
         603     4.89025 8.03388e-15
         604     4.89025 8.03388e-15
         605     4.89025 8.03388e-15
         606     4.89025 8.03388e-15
         607     4.89025 8.03388e-15
         608     4.89025 8.03388e-15
         609     4.89025 8.03388e-15
         610     4.89025 8.03388e-15
         611     4.89025 8.03388e-15
         612     4.88968  0.00570373
         613     4.88226   0.0198909
         614     4.86116   0.0286566
         615      4.8412   0.0198909
         616     4.83321 1.16045e-14
         617     4.83321 1.16045e-14
         618     4.83321 1.16045e-14
         619     4.83321 1.16045e-14
         620     4.83321 1.16045e-14
         621     4.83321 1.16045e-14
         622     4.83321 1.16045e-14
         623     4.83321 1.16045e-14
         624     4.83321 1.16045e-14
         625     4.83321 1.16045e-14
         626     4.83321 1.16045e-14
         627     4.83321 1.16045e-14
         628     4.83321 1.16045e-14
         629     4.83321 1.16045e-14
         630     4.83321 1.16045e-14
         631     4.83321 1.16045e-14
         632     4.83321 1.16045e-14
         633     4.83321 1.16045e-14
         634     4.83321 1.16045e-14
         635     4.83321 1.16045e-14
         636     4.83321 1.16045e-14
         637     4.83321 1.16045e-14
         638     4.83321 1.16045e-14
         639     4.83321 1.16045e-14
         640     4.83321 1.16045e-14
         641     4.83321 1.16045e-14
         642     4.83321 1.16045e-14
         643     4.83321 1.16045e-14
         644     4.83321 1.16045e-14
         645     4.83321 1.16045e-14
         646     4.83321 1.16045e-14
         647     4.83321 1.16045e-14
         648     4.83321 1.16045e-14
         649     4.83321 1.16045e-14
         650     4.83321 1.16045e-14
         651     4.83321 1.16045e-14
         652     4.83321 1.16045e-14
         653     4.83321 1.16045e-14
         654     4.83321 1.16045e-14
         655     4.83321 1.16045e-14
         656     4.83321 1.16045e-14
         657     4.83321 1.16045e-14
         658     4.83321 1.16045e-14
         659     4.83321 1.16045e-14
         660     4.83321 1.16045e-14
         661     4.83321 1.16045e-14
         662     4.83321 1.16045e-14
         663     4.83321 1.16045e-14
         664     4.83321 1.16045e-14
         665     4.83321 1.16045e-14
         666     4.83321 1.16045e-14
         667     4.83321 1.16045e-14
         668     4.83321 1.16045e-14
         669     4.83321 1.16045e-14
         670     4.83321 1.16045e-14
         671     4.83321 1.16045e-14
         672     4.83321 1.16045e-14
         673     4.83321 1.16045e-14
         674     4.83321 1.16045e-14
         675     4.83321 1.16045e-14
         676     4.83321 1.16045e-14
         677     4.83321 1.16045e-14
         678     4.83321 1.16045e-14
         679     4.83321 1.16045e-14
         680     4.83321 1.16045e-14
         681     4.83321 1.16045e-14
         682     4.83321 1.16045e-14
         683     4.83321 1.16045e-14
         684     4.83321 1.16045e-14
         685     4.83321 1.16045e-14
         686     4.83321 1.16045e-14
         687     4.83321 1.16045e-14
         688     4.83321 1.16045e-14
         689     4.83321 1.16045e-14
         690     4.83321 1.16045e-14
         691     4.83321 1.16045e-14
         692     4.83321 1.16045e-14
         693     4.83321 1.16045e-14
         694     4.83321 1.16045e-14
         695     4.83321 1.16045e-14
         696     4.83321 1.16045e-14
         697     4.83321 1.16045e-14
         698     4.83321 1.16045e-14
         699     4.83321 1.16045e-14
         700     4.83321 1.16045e-14
         701     4.83321 1.16045e-14
         702     4.83321 1.16045e-14
         703     4.83321 1.16045e-14
         704     4.83321 1.16045e-14
         705     4.83321 1.16045e-14
         706     4.83321 1.16045e-14
         707     4.83321 1.16045e-14
         708     4.83321 1.16045e-14
         709     4.83321 1.16045e-14
         710     4.83321 1.16045e-14
         711     4.83321 1.16045e-14
         712     4.83321 1.16045e-14
         713     4.83321 1.16045e-14
         714     4.83321 1.16045e-14
         715     4.83321 1.16045e-14
         716     4.83321 1.16045e-14
         717     4.83321 1.16045e-14
         718     4.83321 1.16045e-14
         719     4.83321 1.16045e-14
         720     4.83321 1.16045e-14
         721     4.83321 1.16045e-14
         722     4.83321 1.16045e-14
         723     4.83321 1.16045e-14
         724     4.83321 1.16045e-14
         725     4.83321 1.16045e-14
         726     4.83321 1.16045e-14
         727     4.83321 1.16045e-14
         728     4.83321 1.16045e-14
         729     4.83321 1.16045e-14
         730     4.83321 1.16045e-14
         731     4.83321 1.16045e-14
         732     4.83321 1.16045e-14
         733     4.83321 1.16045e-14
         734     4.83321 1.16045e-14
         735     4.83321 1.16045e-14
         736     4.83321 1.16045e-14
         737     4.83321 1.16045e-14
         738     4.83321 1.16045e-14
         739     4.83321 1.16045e-14
         740     4.83321 1.16045e-14
         741     4.83321 1.16045e-14
         742     4.83321 1.16045e-14
         743     4.83321 1.16045e-14
         744     4.83321 1.16045e-14
         745     4.83321 1.16045e-14
         746     4.83321 1.16045e-14
         747     4.83321 1.16045e-14
         748     4.83321 1.16045e-14
         749     4.83321 1.16045e-14
         750     4.83321 1.16045e-14
         751     4.83321 1.16045e-14
         752     4.83321 1.16045e-14
         753     4.83321 1.16045e-14
         754     4.83321 1.16045e-14
         755     4.83321 1.16045e-14
         756     4.83321 1.16045e-14
         757     4.83321 1.16045e-14
         758     4.83321 1.16045e-14
         759     4.83321 1.16045e-14
         760     4.83321 1.16045e-14
         761     4.83321 1.16045e-14
         762     4.83321 1.16045e-14
         763     4.83321 1.16045e-14
         764     4.83321 1.16045e-14
         765     4.83321 1.16045e-14
         766     4.83321 1.16045e-14
         767     4.83321 1.16045e-14
         768     4.83321 1.16045e-14
         769     4.83321 1.16045e-14
         770     4.83321 1.16045e-14
         771     4.83321 1.16045e-14
         772     4.83321 1.16045e-14
         773     4.83321 1.16045e-14
         774     4.83321 1.16045e-14
         775     4.83321 1.16045e-14
         776     4.83321 1.16045e-14
         777     4.83321 1.16045e-14
         778     4.83321 1.16045e-14
         779     4.83321 1.16045e-14
         780     4.83321 1.16045e-14
         781     4.83321 1.16045e-14
         782     4.83321 1.16045e-14
         783     4.83321 1.16045e-14
         784     4.83321 1.16045e-14
         785     4.83321 1.16045e-14
         786     4.83321 1.16045e-14
         787     4.83321 1.16045e-14
         788     4.83321 1.16045e-14
         789     4.83321 1.16045e-14
         790     4.83321 1.16045e-14
         791     4.83321 1.16045e-14
         792     4.83321 1.16045e-14
         793     4.83321 1.16045e-14
         794     4.83321 1.16045e-14
         795     4.83321 1.16045e-14
         796     4.83321 1.16045e-14
         797     4.83321 1.16045e-14
         798     4.83321 1.16045e-14
         799     4.83321 1.16045e-14
         800     4.83321 1.16045e-14
         801     4.83321 1.16045e-14
         802     4.83321 1.16045e-14
         803     4.83321 1.16045e-14
         804     4.83321 1.16045e-14
         805     4.83321 1.16045e-14
         806     4.83321 1.16045e-14
         807     4.83321 1.16045e-14
         808     4.83321 1.16045e-14
         809     4.83321 1.16045e-14
         810     4.83321 1.16045e-14
         811     4.83321 1.16045e-14
         812     4.83321 1.16045e-14
         813     4.83321 1.16045e-14
         814     4.83321 1.16045e-14
         815     4.83321 1.16045e-14
         816     4.83321 1.16045e-14
         817     4.83321 1.16045e-14
         818     4.83321 1.16045e-14
         819     4.83321 1.16045e-14
         820     4.83321 1.16045e-14
         821     4.83321 1.16045e-14
         822     4.83321 1.16045e-14
         823     4.83321 1.16045e-14
         824     4.83321 1.16045e-14
         825     4.83321 1.16045e-14
         826     4.83321 1.16045e-14
         827     4.83321 1.16045e-14
         828     4.83321 1.16045e-14
         829     4.83321 1.16045e-14
         830     4.83321 1.16045e-14
         831     4.83321 1.16045e-14
         832     4.83321 1.16045e-14
         833     4.83321 1.16045e-14
         834     4.83321 1.16045e-14
         835     4.83321 1.16045e-14
         836     4.83321 1.16045e-14
         837     4.83321 1.16045e-14
         838     4.83321 1.16045e-14
         839     4.83321 1.16045e-14
         840     4.83321 1.16045e-14
         841     4.83321 1.16045e-14
         842     4.83321 1.16045e-14
         843     4.83321 1.16045e-14
         844     4.83321 1.16045e-14
         845     4.83321 1.16045e-14
         846     4.83321 1.16045e-14
         847     4.83321 1.16045e-14
         848     4.83321 1.16045e-14
         849     4.83321 1.16045e-14
         850     4.83321 1.16045e-14
         851     4.83321 1.16045e-14
         852     4.83321 1.16045e-14
         853     4.83321 1.16045e-14
         854     4.83321 1.16045e-14
         855     4.83321 1.16045e-14
         856     4.83321 1.16045e-14
         857     4.83321 1.16045e-14
         858     4.83321 1.16045e-14
         859     4.83321 1.16045e-14
         860     4.83321 1.16045e-14
         861     4.83321 1.16045e-14
         862     4.83321 1.16045e-14
         863     4.83321 1.16045e-14
         864     4.83321 1.16045e-14
         865     4.83321 1.16045e-14
         866     4.83321 1.16045e-14
         867     4.83321 1.16045e-14
         868     4.83321 1.16045e-14
         869     4.83321 1.16045e-14
         870     4.83321 1.16045e-14
         871     4.83321 1.16045e-14
         872     4.83321 1.16045e-14
         873     4.83321 1.16045e-14
         874     4.83321 1.16045e-14
         875     4.83321 1.16045e-14
         876     4.83321 1.16045e-14
         877     4.83321 1.16045e-14
         878     4.83321 1.16045e-14
         879     4.83321 1.16045e-14
         880     4.83321 1.16045e-14
         881     4.83321 1.16045e-14
         882     4.83321 1.16045e-14
         883     4.83321 1.16045e-14
         884     4.83321 1.16045e-14
         885     4.83321 1.16045e-14
         886     4.83321 1.16045e-14
         887     4.83321 1.16045e-14
         888     4.83321 1.16045e-14
         889     4.83321 1.16045e-14
         890     4.83321 1.16045e-14
         891     4.83321 1.16045e-14
         892     4.83321 1.16045e-14
         893     4.83321 1.16045e-14
         894     4.83321 1.16045e-14
         895     4.83321 1.16045e-14
         896     4.83321 1.16045e-14
         897     4.83321 1.16045e-14
         898     4.83321 1.16045e-14
         899     4.83321 1.16045e-14
         900     4.83321 1.16045e-14
         901     4.83321 1.16045e-14
         902     4.83321 1.16045e-14
         903     4.83321 1.16045e-14
         904     4.83321 1.16045e-14
         905     4.83321 1.16045e-14
         906     4.83321 1.16045e-14
         907     4.83321 1.16045e-14
         908     4.83321 1.16045e-14
         909     4.83321 1.16045e-14
         910     4.83321 1.16045e-14
         911     4.83321 1.16045e-14
         912     4.83321 1.16045e-14
         913     4.83321 1.16045e-14
         914     4.83321 1.16045e-14
         915     4.83321 1.16045e-14
         916     4.83321 1.16045e-14
         917     4.83321 1.16045e-14
         918     4.83321 1.16045e-14
         919     4.83321 1.16045e-14
         920     4.83321 1.16045e-14
         921     4.83321 1.16045e-14
         922     4.83321 1.16045e-14
         923     4.83321 1.16045e-14
         924     4.83321 1.16045e-14
         925     4.83321 1.16045e-14
         926     4.83321 1.16045e-14
         927     4.83321 1.16045e-14
         928     4.83321 1.16045e-14
         929     4.83321 1.16045e-14
         930     4.83321 1.16045e-14
         931     4.83321 1.16045e-14
         932     4.83321 1.16045e-14
         933     4.83321 1.16045e-14
         934     4.83321 1.16045e-14
         935     4.83321 1.16045e-14
         936     4.83321 1.16045e-14
         937     4.83321 1.16045e-14
         938     4.83321 1.16045e-14
         939     4.83321 1.16045e-14
         940     4.83321 1.16045e-14
         941     4.83321 1.16045e-14
         942     4.83321 1.16045e-14
         943     4.83321 1.16045e-14
         944     4.83321 1.16045e-14
         945     4.83321 1.16045e-14
         946     4.83321 1.16045e-14
         947     4.83321 1.16045e-14
         948     4.83321 1.16045e-14
         949     4.83321 1.16045e-14
         950     4.83321 1.16045e-14
         951     4.83321 1.16045e-14
         952     4.83321 1.16045e-14
         953     4.83321 1.16045e-14
         954     4.83321 1.16045e-14
         955     4.83321 1.16045e-14
         956     4.83321 1.16045e-14
         957     4.83321 1.16045e-14
         958     4.83321 1.16045e-14
         959     4.83321 1.16045e-14
         960     4.83321 1.16045e-14
         961     4.83321 1.16045e-14
         962     4.83321 1.16045e-14
         963     4.83321 1.16045e-14
         964     4.83321 1.16045e-14
         965     4.83321 1.16045e-14
         966     4.83321 1.16045e-14
         967     4.83321 1.16045e-14
         968     4.83321 1.16045e-14
         969     4.83321 1.16045e-14
         970     4.83321 1.16045e-14
         971     4.83321 1.16045e-14
         972     4.83321 1.16045e-14
         973     4.83321 1.16045e-14
         974     4.83321 1.16045e-14
         975     4.83321 1.16045e-14
         976     4.83321 1.16045e-14
         977     4.83321 1.16045e-14
         978     4.83321 1.16045e-14
         979     4.83321 1.16045e-14
         980     4.83321 1.16045e-14
         981     4.83321 1.16045e-14
         982     4.83321 1.16045e-14
         983     4.83321 1.16045e-14
         984     4.83321 1.16045e-14
         985     4.83321 1.16045e-14
         986     4.83321 1.16045e-14
         987     4.83321 1.16045e-14
         988     4.83321 1.16045e-14
         989     4.83321 1.16045e-14
         990     4.83321 1.16045e-14
         991     4.83321 1.16045e-14
         992     4.83321 1.16045e-14
         993     4.83321 1.16045e-14
         994     4.83321 1.16045e-14
         995     4.83321 1.16045e-14
         996     4.83321 1.16045e-14
         997     4.83321 1.16045e-14
         998     4.83321 1.16045e-14
         999     4.83321 1.16045e-14
        1000     4.83321 1.16045e-14
        1001     4.83321 1.16045e-14
        1002     4.83321 1.16045e-14
        1003     4.83321 1.16045e-14
        1004     4.83321 1.16045e-14
        1005     4.83321 1.16045e-14
        1006     4.83321 1.16045e-14
        1007     4.83321 1.16045e-14
        1008     4.83321 1.16045e-14
        1009     4.83321 1.16045e-14
        1010     4.83321 1.16045e-14
        1011     4.83321 1.16045e-14
        1012     4.83321 1.16045e-14
        1013     4.83321 1.16045e-14
        1014     4.83321 1.16045e-14
        1015     4.83321 1.16045e-14
        1016     4.83321 1.16045e-14
        1017     4.83321 1.16045e-14
        1018     4.83321 1.16045e-14
        1019     4.83321 1.16045e-14
        1020     4.83321 1.16045e-14
        1021     4.83321 1.16045e-14
        1022     4.83321 1.16045e-14
        1023     4.83321 1.16045e-14
        1024     4.83321 1.16045e-14
        1025     4.83321 1.16045e-14
        1026     4.83321 1.16045e-14
        1027     4.83321 1.16045e-14
        1028     4.83321 1.16045e-14
        1029     4.83321 1.16045e-14
        1030     4.83321 1.16045e-14
        1031     4.83321 1.16045e-14
        1032     4.83321 1.16045e-14
        1033     4.83321 1.16045e-14
        1034     4.83321 1.16045e-14
        1035     4.83321 1.16045e-14
        1036     4.83321 1.16045e-14
        1037     4.83321 1.16045e-14
        1038     4.83321 1.16045e-14
        1039     4.83321 1.16045e-14
        1040     4.83321 1.16045e-14
        1041     4.83321 1.16045e-14
        1042     4.83321 1.16045e-14
        1043     4.83321 1.16045e-14
        1044     4.83321 1.16045e-14
        1045     4.83321 1.16045e-14
        1046     4.83321 1.16045e-14
        1047     4.83321 1.16045e-14
        1048     4.83321 1.16045e-14
        1049     4.83321 1.16045e-14
        1050     4.83321 1.16045e-14
        1051     4.83321 1.16045e-14
        1052     4.83321 1.16045e-14
        1053     4.83321 1.16045e-14
        1054     4.83321 1.16045e-14
        1055     4.83321 1.16045e-14
        1056     4.83321 1.16045e-14
        1057     4.83321 1.16045e-14
        1058     4.83321 1.16045e-14
        1059     4.83321 1.16045e-14
        1060     4.83321 1.16045e-14
        1061     4.83321 1.16045e-14
        1062     4.83321 1.16045e-14
        1063     4.83321 1.16045e-14
        1064     4.83321 1.16045e-14
        1065     4.83321 1.16045e-14
        1066     4.83321 1.16045e-14
        1067     4.83321 1.16045e-14
        1068     4.83321 1.16045e-14
        1069     4.83321 1.16045e-14
        1070     4.83321 1.16045e-14
        1071     4.83321 1.16045e-14
        1072     4.83321 1.16045e-14
        1073     4.83321 1.16045e-14
        1074     4.83321 1.16045e-14
        1075     4.83321 1.16045e-14
        1076     4.83321 1.16045e-14
        1077     4.83321 1.16045e-14
        1078     4.83321 1.16045e-14
        1079     4.83321 1.16045e-14
        1080     4.83321 1.16045e-14
        1081     4.83321 1.16045e-14
        1082     4.83321 1.16045e-14
        1083     4.83321 1.16045e-14
        1084     4.83321 1.16045e-14
        1085     4.83321 1.16045e-14
        1086     4.83321 1.16045e-14
        1087     4.83321 1.16045e-14
        1088     4.83321 1.16045e-14
        1089     4.83321 1.16045e-14
        1090     4.83321 1.16045e-14
        1091     4.83321 1.16045e-14
        1092     4.83321 1.16045e-14
        1093     4.83321 1.16045e-14
        1094     4.83321 1.16045e-14
        1095     4.83321 1.16045e-14
        1096     4.83321 1.16045e-14
        1097     4.83321 1.16045e-14
        1098     4.83321 1.16045e-14
        1099     4.83321 1.16045e-14
        1100     4.83321 1.16045e-14
        1101     4.83321 1.16045e-14
        1102     4.83321 1.16045e-14
        1103     4.83321 1.16045e-14
        1104     4.83321 1.16045e-14
        1105     4.83321 1.16045e-14
        1106     4.83321 1.16045e-14
        1107     4.83321 1.16045e-14
        1108     4.83321 1.16045e-14
        1109     4.83321 1.16045e-14
        1110     4.83321 1.16045e-14
        1111     4.83321 1.16045e-14
        1112     4.83321 1.16045e-14
        1113     4.83321 1.16045e-14
        1114     4.83321 1.16045e-14
        1115     4.83321 1.16045e-14
        1116     4.83321 1.16045e-14
        1117     4.83321 1.16045e-14
        1118     4.83321 1.16045e-14
        1119     4.83321 1.16045e-14
        1120     4.83321 1.16045e-14
        1121     4.83321 1.16045e-14
        1122     4.83321 1.16045e-14
        1123     4.83321 1.16045e-14
        1124     4.83321 1.16045e-14
        1125     4.83321 1.16045e-14
        1126     4.83321 1.16045e-14
        1127     4.83321 1.16045e-14
        1128     4.83321 1.16045e-14
        1129     4.83321 1.16045e-14
        1130     4.83321 1.16045e-14
        1131     4.83321 1.16045e-14
        1132     4.83321 1.16045e-14
        1133     4.83321 1.16045e-14
        1134     4.83321 1.16045e-14
        1135     4.83321 1.16045e-14
        1136     4.83321 1.16045e-14
        1137     4.83321 1.16045e-14
        1138     4.83321 1.16045e-14
        1139     4.83321 1.16045e-14
        1140     4.83321 1.16045e-14
        1141     4.83321 1.16045e-14
        1142     4.83321 1.16045e-14
        1143     4.83321 1.16045e-14
        1144     4.83321 1.16045e-14
        1145     4.83321 1.16045e-14
        1146     4.83321 1.16045e-14
        1147     4.83321 1.16045e-14
        1148     4.83321 1.16045e-14
        1149     4.83321 1.16045e-14
        1150     4.83321 1.16045e-14
        1151     4.83321 1.16045e-14
        1152     4.83321 1.16045e-14
        1153     4.83321 1.16045e-14
        1154     4.83321 1.16045e-14
        1155     4.83321 1.16045e-14
        1156     4.83321 1.16045e-14
        1157     4.83321 1.16045e-14
        1158     4.83321 1.16045e-14
        1159     4.83321 1.16045e-14
        1160     4.83321 1.16045e-14
        1161     4.83321 1.16045e-14
        1162     4.83321 1.16045e-14
        1163     4.83321 1.16045e-14
        1164     4.83321 1.16045e-14
        1165     4.83321 1.16045e-14
        1166     4.83321 1.16045e-14
        1167     4.83321 1.16045e-14
        1168     4.83321 1.16045e-14
        1169     4.83321 1.16045e-14
        1170     4.83321 1.16045e-14
        1171     4.83321 1.16045e-14
        1172     4.83321 1.16045e-14
        1173     4.83321 1.16045e-14
        1174     4.83321 1.16045e-14
        1175     4.83321 1.16045e-14
        1176     4.83321 1.16045e-14
        1177     4.83321 1.16045e-14
        1178     4.83321 1.16045e-14
        1179     4.83321 1.16045e-14
        1180     4.83321 1.16045e-14
        1181     4.83321 1.16045e-14
        1182     4.83321 1.16045e-14
        1183     4.83321 1.16045e-14
        1184     4.83321 1.16045e-14
        1185     4.83321 1.16045e-14
        1186     4.83321 1.16045e-14
        1187     4.83321 1.16045e-14
        1188     4.83321 1.16045e-14
        1189     4.83321 1.16045e-14
        1190     4.83321 1.16045e-14
        1191     4.83321 1.16045e-14
        1192     4.83321 1.16045e-14
        1193     4.83321 1.16045e-14
        1194     4.83321 1.16045e-14
        1195     4.83321 1.16045e-14
        1196     4.83321 1.16045e-14
        1197     4.83321 1.16045e-14
        1198     4.83321 1.16045e-14
        1199     4.83321 1.16045e-14
        1200     4.83321 1.16045e-14
        1201     4.83321 1.16045e-14
        1202     4.83321 1.16045e-14
        1203     4.83321 1.16045e-14
        1204     4.83321 1.16045e-14
        1205     4.83321 1.16045e-14
        1206     4.83321 1.16045e-14
        1207     4.83321 1.16045e-14
        1208     4.83321 1.16045e-14
        1209     4.83321 1.16045e-14
        1210     4.83321 1.16045e-14
        1211     4.83321 1.16045e-14
        1212     4.83321 1.16045e-14
        1213     4.83321 1.16045e-14
        1214     4.83321 1.16045e-14
        1215     4.83321 1.16045e-14
        1216     4.83321 1.16045e-14
        1217     4.83321 1.16045e-14
        1218     4.83321 1.16045e-14
        1219     4.83321 1.16045e-14
        1220     4.83321 1.16045e-14
        1221     4.83321 1.16045e-14
        1222     4.83321 1.16045e-14
        1223     4.83321 1.16045e-14
        1224     4.83321 1.16045e-14
        1225     4.83321 1.16045e-14
        1226     4.83321 1.16045e-14
        1227     4.83321 1.16045e-14
        1228     4.83321 1.16045e-14
        1229     4.83321 1.16045e-14
        1230     4.83321 1.16045e-14
        1231     4.83321 1.16045e-14
        1232     4.83321 1.16045e-14
        1233     4.83321 1.16045e-14
        1234     4.83321 1.16045e-14
        1235     4.83321 1.16045e-14
        1236     4.83321 1.16045e-14
        1237     4.83321 1.16045e-14
        1238     4.83321 1.16045e-14
        1239     4.83321 1.16045e-14
        1240     4.83321 1.16045e-14
        1241     4.83321 1.16045e-14
        1242     4.83321 1.16045e-14
        1243     4.83321 1.16045e-14
        1244     4.83321 1.16045e-14
        1245     4.83321 1.16045e-14
        1246     4.83321 1.16045e-14
        1247     4.83321 1.16045e-14
        1248     4.83321 1.16045e-14
        1249     4.83321 1.16045e-14
        1250     4.83321 1.16045e-14
        1251     4.83321 1.16045e-14
        1252     4.83321 1.16045e-14
        1253     4.83321 1.16045e-14
        1254     4.83321 1.16045e-14
        1255     4.83321 1.16045e-14
        1256     4.83321 1.16045e-14
        1257     4.83321 1.16045e-14
        1258     4.83321 1.16045e-14
        1259     4.83321 1.16045e-14
        1260     4.83321 1.16045e-14
        1261     4.83321 1.16045e-14
        1262     4.83321 1.16045e-14
        1263     4.83321 1.16045e-14
        1264     4.83321 1.16045e-14
        1265     4.83321 1.16045e-14
        1266     4.83321 1.16045e-14
        1267     4.83321 1.16045e-14
        1268     4.83321 1.16045e-14
        1269     4.83321 1.16045e-14
        1270     4.83321 1.16045e-14
        1271     4.83321 1.16045e-14
        1272     4.83321 1.16045e-14
        1273     4.83321 1.16045e-14
        1274     4.83321 1.16045e-14
        1275     4.83321 1.16045e-14
        1276     4.83321 1.16045e-14
        1277     4.83321 1.16045e-14
        1278     4.83321 1.16045e-14
        1279     4.83321 1.16045e-14
        1280     4.83321 1.16045e-14
        1281     4.83321 1.16045e-14
        1282     4.83321 1.16045e-14
        1283     4.83321 1.16045e-14
        1284     4.83321 1.16045e-14
        1285     4.83321 1.16045e-14
        1286     4.83321 1.16045e-14
        1287     4.83321 1.16045e-14
        1288     4.83321 1.16045e-14
        1289     4.83321 1.16045e-14
        1290     4.83321 1.16045e-14
        1291     4.83321 1.16045e-14
        1292     4.83321 1.16045e-14
        1293     4.83321 1.16045e-14
        1294     4.83321 1.16045e-14
        1295     4.83321 1.16045e-14
        1296     4.83321 1.16045e-14
        1297     4.83321 1.16045e-14
        1298     4.83321 1.16045e-14
        1299     4.83321 1.16045e-14
        1300     4.83321 1.16045e-14
        1301     4.83321 1.16045e-14
        1302     4.83321 1.16045e-14
        1303     4.83321 1.16045e-14
        1304     4.83321 1.16045e-14
        1305     4.83321 1.16045e-14
        1306     4.83321 1.16045e-14
        1307     4.83321 1.16045e-14
        1308     4.83321 1.16045e-14
        1309     4.83321 1.16045e-14
        1310     4.83321 1.16045e-14
        1311     4.83321 1.16045e-14
        1312     4.83321 1.16045e-14
        1313     4.83321 1.16045e-14
        1314     4.83321 1.16045e-14
        1315     4.83321 1.16045e-14
        1316     4.83321 1.16045e-14
        1317     4.83321 1.16045e-14
        1318     4.83321 1.16045e-14
        1319     4.83321 1.16045e-14
        1320     4.83321 1.16045e-14
        1321     4.83321 1.16045e-14
        1322     4.83321 1.16045e-14
        1323     4.83321 1.16045e-14
        1324     4.83321 1.16045e-14
        1325     4.83321 1.16045e-14
        1326     4.83321 1.16045e-14
        1327     4.83321 1.16045e-14
        1328     4.83321 1.16045e-14
        1329     4.83321 1.16045e-14
        1330     4.83321 1.16045e-14
        1331     4.83321 1.16045e-14
        1332     4.83321 1.16045e-14
        1333     4.83321 1.16045e-14
        1334     4.83321 1.16045e-14
        1335     4.83321 1.16045e-14
        1336     4.83321 1.16045e-14
        1337     4.83321 1.16045e-14
        1338     4.83321 1.16045e-14
        1339     4.83321 1.16045e-14
        1340     4.83321 1.16045e-14
        1341     4.83321 1.16045e-14
        1342     4.83321 1.16045e-14
        1343     4.83321 1.16045e-14
        1344     4.83321 1.16045e-14
        1345     4.83321 1.16045e-14
        1346     4.83321 1.16045e-14
        1347     4.83321 1.16045e-14
        1348     4.83321 1.16045e-14
        1349     4.83321 1.16045e-14
        1350     4.83321 1.16045e-14
        1351     4.83321 1.16045e-14
        1352     4.83321 1.16045e-14
        1353     4.83321 1.16045e-14
        1354     4.83321 1.16045e-14
        1355     4.83321 1.16045e-14
        1356     4.83321 1.16045e-14
        1357     4.83321 1.16045e-14
        1358     4.83321 1.16045e-14
        1359     4.83321 1.16045e-14
        1360     4.83321 1.16045e-14
        1361     4.83321 1.16045e-14
        1362     4.83321 1.16045e-14
        1363     4.83321 1.16045e-14
        1364     4.83321 1.16045e-14
        1365     4.83321 1.16045e-14
        1366     4.83321 1.16045e-14
        1367     4.83321 1.16045e-14
        1368     4.83321 1.16045e-14
        1369     4.83321 1.16045e-14
        1370     4.83321 1.16045e-14
        1371     4.83321 1.16045e-14
        1372     4.83321 1.16045e-14
        1373     4.83321 1.16045e-14
        1374     4.83321 1.16045e-14
        1375     4.83321 1.16045e-14
        1376     4.83321 1.16045e-14
        1377     4.83321 1.16045e-14
        1378     4.83321 1.16045e-14
        1379     4.83321 1.16045e-14
        1380     4.83321 1.16045e-14
        1381     4.83321 1.16045e-14
        1382     4.83321 1.16045e-14
        1383     4.83321 1.16045e-14
        1384     4.83321 1.16045e-14
        1385     4.83321 1.16045e-14
        1386     4.83321 1.16045e-14
        1387     4.83321 1.16045e-14
        1388     4.83321 1.16045e-14
        1389     4.83321 1.16045e-14
        1390     4.83321 1.16045e-14
        1391     4.83321 1.16045e-14
        1392     4.83321 1.16045e-14
        1393     4.83321 1.16045e-14
        1394     4.83321 1.16045e-14
        1395     4.83321 1.16045e-14
        1396     4.83321 1.16045e-14
        1397     4.83321 1.16045e-14
        1398     4.83321 1.16045e-14
        1399     4.83321 1.16045e-14
        1400     4.83321 1.16045e-14
        1401     4.83321 1.16045e-14
        1402     4.83321 1.16045e-14
        1403     4.83321 1.16045e-14
        1404     4.83321 1.16045e-14
        1405     4.83321 1.16045e-14
        1406     4.83321 1.16045e-14
        1407     4.83321 1.16045e-14
        1408     4.83321 1.16045e-14
        1409     4.83321 1.16045e-14
        1410     4.83321 1.16045e-14
        1411     4.83321 1.16045e-14
        1412     4.83321 1.16045e-14
        1413     4.83321 1.16045e-14
        1414     4.83321 1.16045e-14
        1415     4.83321 1.16045e-14
        1416     4.83321 1.16045e-14
        1417     4.83321 1.16045e-14
        1418     4.83321 1.16045e-14
        1419     4.83321 1.16045e-14
        1420     4.83321 1.16045e-14
        1421     4.83321 1.16045e-14
        1422     4.83321 1.16045e-14
        1423     4.83321 1.16045e-14
        1424     4.83321 1.16045e-14
        1425     4.83321 1.16045e-14
        1426     4.83321 1.16045e-14
        1427     4.83321 1.16045e-14
        1428     4.83321 1.16045e-14
        1429     4.83321 1.16045e-14
        1430     4.83321 1.16045e-14
        1431     4.83321 1.16045e-14
        1432     4.83321 1.16045e-14
        1433     4.83321 1.16045e-14
        1434     4.83321 1.16045e-14
        1435     4.83321 1.16045e-14
        1436     4.83321 1.16045e-14
        1437     4.83321 1.16045e-14
        1438     4.83321 1.16045e-14
        1439     4.83321 1.16045e-14
        1440     4.83321 1.16045e-14
        1441     4.83321 1.16045e-14
        1442     4.83321 1.16045e-14
        1443     4.83321 1.16045e-14
        1444     4.83321 1.16045e-14
        1445     4.83321 1.16045e-14
        1446     4.83321 1.16045e-14
        1447     4.83321 1.16045e-14
        1448     4.83321 1.16045e-14
        1449     4.83321 1.16045e-14
        1450     4.83321 1.16045e-14
        1451     4.83321 1.16045e-14
        1452     4.83321 1.16045e-14
        1453     4.83321 1.16045e-14
        1454     4.83321 1.16045e-14
        1455     4.83321 1.16045e-14
        1456     4.83321 1.16045e-14
        1457     4.83321 1.16045e-14
        1458     4.83321 1.16045e-14
        1459     4.83321 1.16045e-14
        1460     4.83321 1.16045e-14
        1461     4.83321 1.16045e-14
        1462     4.83321 1.16045e-14
        1463     4.83321 1.16045e-14
        1464     4.83321 1.16045e-14
        1465     4.83321 1.16045e-14
        1466     4.83321 1.16045e-14
        1467     4.83321 1.16045e-14
        1468     4.83321 1.16045e-14
        1469     4.83321 1.16045e-14
        1470     4.83321 1.16045e-14
        1471     4.83321 1.16045e-14
        1472     4.83321 1.16045e-14
        1473     4.83321 1.16045e-14
        1474     4.83321 1.16045e-14
        1475     4.83321 1.16045e-14
        1476     4.83321 1.16045e-14
        1477     4.83321 1.16045e-14
        1478     4.83321 1.16045e-14
        1479     4.83321 1.16045e-14
        1480     4.83321 1.16045e-14
        1481     4.83321 1.16045e-14
        1482     4.83321 1.16045e-14
        1483     4.83321 1.16045e-14
        1484     4.83321 1.16045e-14
        1485     4.83321 1.16045e-14
        1486     4.83321 1.16045e-14
        1487     4.83321 1.16045e-14
        1488     4.83321 1.16045e-14
        1489     4.83321 1.16045e-14
        1490     4.83321 1.16045e-14
        1491     4.83321 1.16045e-14
        1492     4.83321 1.16045e-14
        1493     4.83321 1.16045e-14
        1494     4.83321 1.16045e-14
        1495     4.83321 1.16045e-14
        1496     4.83321 1.16045e-14
        1497     4.83321 1.16045e-14
        1498     4.83321 1.16045e-14
        1499     4.83321 1.16045e-14
        1500     4.83321 1.16045e-14
        1501     4.83321 1.16045e-14
        1502     4.83321 1.16045e-14
        1503     4.83321 1.16045e-14
        1504     4.83321 1.16045e-14
        1505     4.83321 1.16045e-14
        1506     4.83321 1.16045e-14
        1507     4.83321 1.16045e-14
        1508     4.83321 1.16045e-14
        1509     4.83321 1.16045e-14
        1510     4.83321 1.16045e-14
        1511     4.83321 1.16045e-14
        1512     4.83321 1.16045e-14
        1513     4.83321 1.16045e-14
        1514     4.83321 1.16045e-14
        1515     4.83321 1.16045e-14
        1516     4.83321 1.16045e-14
        1517     4.83321 1.16045e-14
        1518     4.83321 1.16045e-14
        1519     4.83321 1.16045e-14
        1520     4.83321 1.16045e-14
        1521     4.83321 1.16045e-14
        1522     4.83321 1.16045e-14
        1523     4.83321 1.16045e-14
        1524     4.83321 1.16045e-14
        1525     4.83321 1.16045e-14
        1526     4.83321 1.16045e-14
        1527     4.83321 1.16045e-14
        1528     4.83321 1.16045e-14
        1529     4.83321 1.16045e-14
        1530     4.83321 1.16045e-14
        1531     4.83321 1.16045e-14
        1532     4.83321 1.16045e-14
        1533     4.83321 1.16045e-14
        1534     4.83321 1.16045e-14
        1535     4.83321 1.16045e-14
        1536     4.83321 1.16045e-14
        1537     4.83321 1.16045e-14
        1538     4.83321 1.16045e-14
        1539     4.83321 1.16045e-14
        1540     4.83321 1.16045e-14
        1541     4.83321 1.16045e-14
        1542     4.83321 1.16045e-14
        1543     4.83321 1.16045e-14
        1544     4.83321 1.16045e-14
        1545     4.83321 1.16045e-14
        1546     4.83321 1.16045e-14
        1547     4.83321 1.16045e-14
        1548     4.83321 1.16045e-14
        1549     4.83321 1.16045e-14
        1550     4.83321 1.16045e-14
        1551     4.83321 1.16045e-14
        1552     4.83321 1.16045e-14
        1553     4.83321 1.16045e-14
        1554     4.83321 1.16045e-14
        1555     4.83321 1.16045e-14
        1556     4.83321 1.16045e-14
        1557     4.83321 1.16045e-14
        1558     4.83321 1.16045e-14
        1559     4.83321 1.16045e-14
        1560     4.83321 1.16045e-14
        1561     4.83321 1.16045e-14
        1562     4.83321 1.16045e-14
        1563     4.83321 1.16045e-14
        1564     4.83321 1.16045e-14
        1565     4.83321 1.16045e-14
        1566     4.83321 1.16045e-14
        1567     4.83321 1.16045e-14
        1568     4.83321 1.16045e-14
        1569     4.83321 1.16045e-14
        1570     4.83321 1.16045e-14
        1571     4.83321 1.16045e-14
        1572     4.83321 1.16045e-14
        1573     4.83321 1.16045e-14
        1574     4.83321 1.16045e-14
        1575     4.83321 1.16045e-14
        1576     4.83321 1.16045e-14
        1577     4.83321 1.16045e-14
        1578     4.83321 1.16045e-14
        1579     4.83321 1.16045e-14
        1580     4.83321 1.16045e-14
        1581     4.83321 1.16045e-14
        1582     4.83321 1.16045e-14
        1583     4.83321 1.16045e-14
        1584     4.83321 1.16045e-14
        1585     4.83321 1.16045e-14
        1586     4.83321 1.16045e-14
        1587     4.83321 1.16045e-14
        1588     4.83321 1.16045e-14
        1589     4.83321 1.16045e-14
        1590     4.83321 1.16045e-14
        1591     4.83321 1.16045e-14
        1592     4.83321 1.16045e-14
        1593     4.83321 1.16045e-14
        1594     4.83321 1.16045e-14
        1595     4.83321 1.16045e-14
        1596     4.83321 1.16045e-14
        1597     4.83321 1.16045e-14
        1598     4.83321 1.16045e-14
        1599     4.83321 1.16045e-14
        1600     4.83321 1.16045e-14
        1601     4.83321 1.16045e-14
        1602     4.83321 1.16045e-14
        1603     4.83321 1.16045e-14
        1604     4.83321 1.16045e-14
        1605     4.83321 1.16045e-14
        1606     4.83321 1.16045e-14
        1607     4.83321 1.16045e-14
        1608     4.83321 1.16045e-14
        1609     4.83321 1.16045e-14
        1610     4.83321 1.16045e-14
        1611     4.83321 1.16045e-14
        1612     4.83321 1.16045e-14
        1613     4.83321 1.16045e-14
        1614     4.83321 1.16045e-14
        1615     4.83321 1.16045e-14
        1616     4.83321 1.16045e-14
        1617     4.83321 1.16045e-14
        1618     4.83321 1.16045e-14
        1619     4.83321 1.16045e-14
        1620     4.83321 1.16045e-14
        1621     4.83321 1.16045e-14
        1622     4.83321 1.16045e-14
        1623     4.83321 1.16045e-14
        1624     4.83321 1.16045e-14
        1625     4.83321 1.16045e-14
        1626     4.83321 1.16045e-14
        1627     4.83321 1.16045e-14
        1628     4.83321 1.16045e-14
        1629     4.83321 1.16045e-14
        1630     4.83321 1.16045e-14
        1631     4.83321 1.16045e-14
        1632     4.83321 1.16045e-14
        1633     4.83321 1.16045e-14
        1634     4.83321 1.16045e-14
        1635     4.83321 1.16045e-14
        1636     4.83321 1.16045e-14
        1637     4.83321 1.16045e-14
        1638     4.83321 1.16045e-14
        1639     4.83321 1.16045e-14
        1640     4.83321 1.16045e-14
        1641     4.83321 1.16045e-14
        1642     4.83321 1.16045e-14
        1643     4.83321 1.16045e-14
        1644     4.83321 1.16045e-14
        1645     4.83321 1.16045e-14
        1646     4.83321 1.16045e-14
        1647     4.83321 1.16045e-14
        1648     4.83321 1.16045e-14
        1649     4.83321 1.16045e-14
        1650     4.83321 1.16045e-14
        1651     4.83321 1.16045e-14
        1652     4.83321 1.16045e-14
        1653     4.83321 1.16045e-14
        1654     4.83321 1.16045e-14
        1655     4.83321 1.16045e-14
        1656     4.83321 1.16045e-14
        1657     4.83321 1.16045e-14
        1658     4.83321 1.16045e-14
        1659     4.83321 1.16045e-14
        1660     4.83321 1.16045e-14
        1661     4.83321 1.16045e-14
        1662     4.83321 1.16045e-14
        1663     4.83321 1.16045e-14
        1664     4.83321 1.16045e-14
        1665     4.83321 1.16045e-14
        1666     4.83321 1.16045e-14
        1667     4.83321 1.16045e-14
        1668     4.83321 1.16045e-14
        1669     4.83321 1.16045e-14
        1670     4.83321 1.16045e-14
        1671     4.83321 1.16045e-14
        1672     4.83321 1.16045e-14
        1673     4.83321 1.16045e-14
        1674     4.83321 1.16045e-14
        1675     4.83321 1.16045e-14
        1676     4.83321 1.16045e-14
        1677     4.83321 1.16045e-14
        1678     4.83321 1.16045e-14
        1679     4.83321 1.16045e-14
        1680     4.83321 1.16045e-14
        1681     4.83321 1.16045e-14
        1682     4.83321 1.16045e-14
        1683     4.83321 1.16045e-14
        1684     4.83321 1.16045e-14
        1685     4.83321 1.16045e-14
        1686     4.83321 1.16045e-14
        1687     4.83321 1.16045e-14
        1688     4.83321 1.16045e-14
        1689     4.83321 1.16045e-14
        1690     4.83321 1.16045e-14
        1691     4.83321 1.16045e-14
        1692     4.83321 1.16045e-14
        1693     4.83321 1.16045e-14
        1694     4.83321 1.16045e-14
        1695     4.83321 1.16045e-14
        1696     4.83321 1.16045e-14
        1697     4.83321 1.16045e-14
        1698     4.83321 1.16045e-14
        1699     4.83321 1.16045e-14
        1700     4.83321 1.16045e-14
        1701     4.83321 1.16045e-14
        1702     4.83321 1.16045e-14
        1703     4.83321 1.16045e-14
        1704     4.83321 1.16045e-14
        1705     4.83321 1.16045e-14
        1706     4.83321 1.16045e-14
        1707     4.83321 1.16045e-14
        1708     4.83321 1.16045e-14
        1709     4.83321 1.16045e-14
        1710     4.83321 1.16045e-14
        1711     4.83321 1.16045e-14
        1712     4.83321 1.16045e-14
        1713     4.83321 1.16045e-14
        1714     4.83321 1.16045e-14
        1715     4.83321 1.16045e-14
        1716     4.83321 1.16045e-14
        1717     4.83321 1.16045e-14
        1718     4.83321 1.16045e-14
        1719     4.83321 1.16045e-14
        1720     4.83321 1.16045e-14
        1721     4.83321 1.16045e-14
        1722     4.83321 1.16045e-14
        1723     4.83321 1.16045e-14
        1724     4.83321 1.16045e-14
        1725     4.83321 1.16045e-14
        1726     4.83321 1.16045e-14
        1727     4.83321 1.16045e-14
        1728     4.83321 1.16045e-14
        1729     4.83321 1.16045e-14
        1730     4.83321 1.16045e-14
        1731     4.83321 1.16045e-14
        1732     4.83321 1.16045e-14
        1733     4.83321 1.16045e-14
        1734     4.83321 1.16045e-14
        1735     4.83321 1.16045e-14
        1736     4.83321 1.16045e-14
        1737     4.83321 1.16045e-14
        1738     4.83321 1.16045e-14
        1739     4.83321 1.16045e-14
        1740     4.83321 1.16045e-14
        1741     4.83321 1.16045e-14
        1742     4.83321 1.16045e-14
        1743     4.83321 1.16045e-14
        1744     4.83321 1.16045e-14
        1745     4.83321 1.16045e-14
        1746     4.83321 1.16045e-14
        1747     4.83321 1.16045e-14
        1748     4.83321 1.16045e-14
        1749     4.83321 1.16045e-14
        1750     4.83321 1.16045e-14
        1751     4.83321 1.16045e-14
        1752     4.83321 1.16045e-14
        1753     4.83321 1.16045e-14
        1754     4.83321 1.16045e-14
        1755     4.83321 1.16045e-14
        1756     4.83321 1.16045e-14
        1757     4.83321 1.16045e-14
        1758     4.83321 1.16045e-14
        1759     4.83321 1.16045e-14
        1760     4.83321 1.16045e-14
        1761     4.83321 1.16045e-14
        1762     4.83321 1.16045e-14
        1763     4.83321 1.16045e-14
        1764     4.83321 1.16045e-14
        1765     4.83321 1.16045e-14
        1766     4.83321 1.16045e-14
        1767     4.83321 1.16045e-14
        1768     4.83321 1.16045e-14
        1769     4.83321 1.16045e-14
        1770     4.83321 1.16045e-14
        1771     4.83321 1.16045e-14
        1772     4.83321 1.16045e-14
        1773     4.83321 1.16045e-14
        1774     4.83321 1.16045e-14
        1775     4.83321 1.16045e-14
        1776     4.83321 1.16045e-14
        1777     4.83321 1.16045e-14
        1778     4.83321 1.16045e-14
        1779     4.83321 1.16045e-14
        1780     4.83321 1.16045e-14
        1781     4.83321 1.16045e-14
        1782     4.83321 1.16045e-14
        1783     4.83321 1.16045e-14
        1784     4.83321 1.16045e-14
        1785     4.83321 1.16045e-14
        1786     4.83321 1.16045e-14
        1787     4.83321 1.16045e-14
        1788     4.83321 1.16045e-14
        1789     4.83321 1.16045e-14
        1790     4.83321 1.16045e-14
        1791     4.83321 1.16045e-14
        1792     4.83321 1.16045e-14
        1793     4.83321 1.16045e-14
        1794     4.83321 1.16045e-14
        1795     4.83321 1.16045e-14
        1796     4.83321 1.16045e-14
        1797     4.83321 1.16045e-14
        1798     4.83321 1.16045e-14
        1799     4.83321 1.16045e-14
        1800     4.83321 1.16045e-14
        1801     4.83321 1.16045e-14
        1802     4.83321 1.16045e-14
        1803     4.83321 1.16045e-14
        1804     4.83321 1.16045e-14
        1805     4.83321 1.16045e-14
        1806     4.83321 1.16045e-14
        1807     4.83321 1.16045e-14
        1808     4.83321 1.16045e-14
        1809     4.83321 1.16045e-14
        1810     4.83321 1.16045e-14
        1811     4.83321 1.16045e-14
        1812     4.83321 1.16045e-14
        1813     4.83321 1.16045e-14
        1814     4.83321 1.16045e-14
        1815     4.83321 1.16045e-14
        1816     4.83321 1.16045e-14
        1817     4.83321 1.16045e-14
        1818     4.83321 1.16045e-14
        1819     4.83321 1.16045e-14
        1820     4.83321 1.16045e-14
        1821     4.83321 1.16045e-14
        1822     4.83321 1.16045e-14
        1823     4.83321 1.16045e-14
        1824     4.83321 1.16045e-14
        1825     4.83321 1.16045e-14
        1826     4.83321 1.16045e-14
        1827     4.83321 1.16045e-14
        1828     4.83321 1.16045e-14
        1829     4.83321 1.16045e-14
        1830     4.83321 1.16045e-14
        1831     4.83321 1.16045e-14
        1832     4.83321 1.16045e-14
        1833     4.83321 1.16045e-14
        1834     4.83321 1.16045e-14
        1835     4.83321 1.16045e-14
        1836     4.83321 1.16045e-14
        1837     4.83321 1.16045e-14
        1838     4.83321 1.16045e-14
        1839     4.83321 1.16045e-14
        1840     4.83321 1.16045e-14
        1841     4.83321 1.16045e-14
        1842     4.83321 1.16045e-14
        1843     4.83321 1.16045e-14
        1844     4.83321 1.16045e-14
        1845     4.83321 1.16045e-14
        1846     4.83321 1.16045e-14
        1847     4.83321 1.16045e-14
        1848     4.83321 1.16045e-14
        1849     4.83321 1.16045e-14
        1850     4.83321 1.16045e-14
        1851     4.83321 1.16045e-14
        1852     4.83321 1.16045e-14
        1853     4.83321 1.16045e-14
        1854     4.83321 1.16045e-14
        1855     4.83321 1.16045e-14
        1856     4.83321 1.16045e-14
        1857     4.83321 1.16045e-14
        1858     4.83321 1.16045e-14
        1859     4.83321 1.16045e-14
        1860     4.83321 1.16045e-14
        1861     4.83321 1.16045e-14
        1862     4.83321 1.16045e-14
        1863     4.83321 1.16045e-14
        1864     4.83321 1.16045e-14
        1865     4.83321 1.16045e-14
        1866     4.83321 1.16045e-14
        1867     4.83321 1.16045e-14
        1868     4.83321 1.16045e-14
        1869     4.83321 1.16045e-14
        1870     4.83321 1.16045e-14
        1871     4.83321 1.16045e-14
        1872     4.83321 1.16045e-14
        1873     4.83321 1.16045e-14
        1874     4.83321 1.16045e-14
        1875     4.83321 1.16045e-14
        1876     4.83321 1.16045e-14
        1877     4.83321 1.16045e-14
        1878     4.83321 1.16045e-14
        1879     4.83321 1.16045e-14
        1880     4.83321 1.16045e-14
        1881     4.83321 1.16045e-14
        1882     4.83321 1.16045e-14
        1883     4.83321 1.16045e-14
        1884     4.83321 1.16045e-14
        1885     4.83321 1.16045e-14
        1886     4.83321 1.16045e-14
        1887     4.83321 1.16045e-14
        1888     4.83321 1.16045e-14
        1889     4.83321 1.16045e-14
        1890     4.83321 1.16045e-14
        1891     4.83321 1.16045e-14
        1892     4.83321 1.16045e-14
        1893     4.83321 1.16045e-14
        1894     4.83321 1.16045e-14
        1895     4.83321 1.16045e-14
        1896     4.83321 1.16045e-14
        1897     4.83321 1.16045e-14
        1898     4.83321 1.16045e-14
        1899     4.83321 1.16045e-14
        1900     4.83321 1.16045e-14
        1901     4.83321 1.16045e-14
        1902     4.83321 1.16045e-14
        1903     4.83321 1.16045e-14
        1904     4.83321 1.16045e-14
        1905     4.83321 1.16045e-14
        1906     4.83321 1.16045e-14
        1907     4.83321 1.16045e-14
        1908     4.83321 1.16045e-14
        1909     4.83321 1.16045e-14
        1910     4.83321 1.16045e-14
        1911     4.83321 1.16045e-14
        1912     4.83321 1.16045e-14
        1913     4.83321 1.16045e-14
        1914     4.83321 1.16045e-14
        1915     4.83321 1.16045e-14
        1916     4.83321 1.16045e-14
        1917     4.83321 1.16045e-14
        1918     4.83321 1.16045e-14
        1919     4.83321 1.16045e-14
        1920     4.83321 1.16045e-14
        1921     4.83321 1.16045e-14
        1922     4.83321 1.16045e-14
        1923     4.83321 1.16045e-14
        1924     4.83321 1.16045e-14
        1925     4.83321 1.16045e-14
        1926     4.83321 1.16045e-14
        1927     4.83321 1.16045e-14
        1928     4.83321 1.16045e-14
        1929     4.83321 1.16045e-14
        1930     4.83321 1.16045e-14
        1931     4.83321 1.16045e-14
        1932     4.83321 1.16045e-14
        1933     4.83321 1.16045e-14
        1934     4.83321 1.16045e-14
        1935     4.83321 1.16045e-14
        1936     4.83321 1.16045e-14
        1937     4.83321 1.16045e-14
        1938     4.83321 1.16045e-14
        1939     4.83321 1.16045e-14
        1940     4.83321 1.16045e-14
        1941     4.83321 1.16045e-14
        1942     4.83321 1.16045e-14
        1943     4.83321 1.16045e-14
        1944     4.83321 1.16045e-14
        1945     4.83321 1.16045e-14
        1946     4.83321 1.16045e-14
        1947     4.83321 1.16045e-14
        1948     4.83321 1.16045e-14
        1949     4.83321 1.16045e-14
        1950     4.83321 1.16045e-14
        1951     4.83321 1.16045e-14
        1952     4.83321 1.16045e-14
        1953     4.83321 1.16045e-14
        1954     4.83321 1.16045e-14
        1955     4.83321 1.16045e-14
        1956     4.83321 1.16045e-14
        1957     4.83321 1.16045e-14
        1958     4.83321 1.16045e-14
        1959     4.83321 1.16045e-14
        1960     4.83321 1.16045e-14
        1961     4.83321 1.16045e-14
        1962     4.83321 1.16045e-14
        1963     4.83321 1.16045e-14
        1964     4.83321 1.16045e-14
        1965     4.83321 1.16045e-14
        1966     4.83321 1.16045e-14
        1967     4.83321 1.16045e-14
        1968     4.83321 1.16045e-14
        1969     4.83321 1.16045e-14
        1970     4.83321 1.16045e-14
        1971     4.83321 1.16045e-14
        1972     4.83321 1.16045e-14
        1973     4.83321 1.16045e-14
        1974     4.83321 1.16045e-14
        1975     4.83321 1.16045e-14
        1976     4.83321 1.16045e-14
        1977     4.83321 1.16045e-14
        1978     4.83321 1.16045e-14
        1979     4.83321 1.16045e-14
        1980     4.83321 1.16045e-14
        1981     4.83321 1.16045e-14
        1982     4.83321 1.16045e-14
        1983     4.83321 1.16045e-14
        1984     4.83321 1.16045e-14
        1985     4.83321 1.16045e-14
        1986     4.83321 1.16045e-14
        1987     4.83321 1.16045e-14
        1988     4.83321 1.16045e-14
        1989     4.83321 1.16045e-14
        1990     4.83321 1.16045e-14
        1991     4.83321 1.16045e-14
        1992     4.83321 1.16045e-14
        1993     4.83321 1.16045e-14
        1994     4.83321 1.16045e-14
        1995     4.83321 1.16045e-14
        1996     4.83321 1.16045e-14
        1997     4.83321 1.16045e-14
        1998     4.83321 1.16045e-14
        1999     4.83321 1.16045e-14
        2000     4.83321 1.16045e-14
