           1     14.2795    0.676107
           2     13.5826    0.421524
           3     13.1678    0.293671
           4     12.8027    0.377903
           5     12.4557   0.0633851
           6     12.3952  0.00648768
           7     12.3941 1.96384e-14
           8     12.3941 1.96384e-14
           9     12.3941 1.96384e-14
          10      12.386   0.0497471
          11     12.3253    0.134727
          12      12.211    0.180967
          13     12.0345    0.143687
          14     11.8111    0.294482
          15     11.4915    0.351635
          16     11.2297   0.0984838
          17     11.1378    0.140976
          18      10.959    0.178119
          19       10.78    0.106146
          20     10.6803     0.26313
          21     10.3826    0.411536
          22     10.0589     0.32625
          23     9.87725  0.00759384
          24      9.8686   0.0260567
          25     9.84036   0.0617467
          26      9.7639    0.113686
          27     9.59313    0.200823
          28     9.43868    0.176234
          29     9.28751   0.0115443
          30     9.27272   0.0302086
          31     9.24146   0.0434559
          32     9.21289   0.0411094
          33     9.16818   0.0748538
          34     9.05916    0.104883
          35     8.95027    0.062013
          36     8.88502   0.0842483
          37     8.79014   0.0662278
          38     8.75929   0.0774627
          39     8.63549    0.189238
          40     8.39463     0.24587
          41     8.15017    0.112153
          42      8.0738 1.78531e-14
          43      8.0738 1.78531e-14
          44      8.0738 1.78531e-14
          45      8.0738 1.78531e-14
          46     8.07274    0.010674
          47     8.06206   0.0335662
          48     8.01733   0.0539259
          49     7.98208   0.0465628
          50     7.92843   0.0451039
          51     7.87715   0.0322705
          52     7.85676   0.0130848
          53     7.85372  0.00378697
          54     7.84918   0.0127999
          55     7.83782   0.0188428
          56     7.81964   0.0108922
          57     7.81585  0.00378444
          58     7.81169   0.0123599
          59     7.80007   0.0204614
          60     7.77722   0.0257024
          61     7.73978    0.030659
          62      7.7135   0.0189589
          63     7.69454   0.0596192
          64     7.63152   0.0942863
          65     7.55019   0.0612481
          66     7.52332   0.0248613
          67     7.50343   0.0715069
          68     7.42354    0.130927
          69      7.2813    0.165139
          70     7.11872    0.175149
          71     7.01137    0.153351
          72     6.92331 8.92653e-15
          73     6.92331 8.92653e-15
          74     6.91942   0.0370818
          75     6.87809    0.120792
          76      6.7599    0.184536
          77     6.58561   0.0989933
          78     6.55245 0.000682807
          79     6.55176 0.000856045
          80     6.54956   0.0149155
          81     6.53099   0.0525558
          82     6.48167   0.0855649
          83     6.40254   0.0796078
          84     6.35164   0.0291571
          85      6.3349           0
          86      6.3349           0
          87      6.3349           0
          88      6.3349           0
          89      6.3349           0
          90      6.3349           0
          91      6.3349           0
          92      6.3349           0
          93      6.3349           0
          94      6.3347  0.00192345
          95     6.33182  0.00708701
          96     6.32259  0.00927907
          97     6.31566 9.81918e-15
          98     6.31273   0.0293316
          99      6.2746     0.10229
         100     6.15727    0.146925
         101     6.07143    0.109271
         102     6.02234 1.78531e-15
         103     6.02234 1.78531e-15
         104     6.02234 1.78531e-15
         105     6.02234 1.78531e-15
         106     6.02234 1.78531e-15
         107     6.02234 1.78531e-15
         108     6.02234 1.78531e-15
         109     6.02234 1.78531e-15
         110     6.02234 1.78531e-15
         111     6.02234 1.78531e-15
         112     6.02172  0.00621233
         113     6.01613   0.0187309
         114      5.9975   0.0305874
         115     5.96271    0.012235
         116     5.96022 2.67796e-15
         117     5.96022 2.67796e-15
         118     5.96003  0.00188137
         119     5.95815  0.00591627
         120     5.95063  0.00945235
         121      5.9434  0.00575162
         122     5.94141 7.14122e-15
         123     5.94012    0.012879
         124     5.92466   0.0435309
         125     5.89169   0.0626951
         126     5.82807   0.0420628
         127     5.81262 6.24857e-15
         128     5.81262 6.24857e-15
         129     5.81262 6.24857e-15
         130     5.81262 6.24857e-15
         131     5.81262 6.24857e-15
         132     5.81262 6.24857e-15
         133     5.81262 6.24857e-15
         134     5.81262 6.24857e-15
         135     5.81262 6.24857e-15
         136     5.81262 6.24857e-15
         137     5.81262 6.24857e-15
         138     5.81262 6.24857e-15
         139     5.81262 6.24857e-15
         140     5.81262 6.24857e-15
         141     5.81262 6.24857e-15
         142     5.81262 6.24857e-15
         143     5.81262 6.24857e-15
         144     5.81262 6.24857e-15
         145     5.81262 6.24857e-15
         146     5.81262 6.24857e-15
         147     5.81262 6.24857e-15
         148     5.81262 6.24857e-15
         149     5.81127   0.0134952
         150     5.79372   0.0470625
         151     5.74379   0.0678024
         152     5.67766 4.46326e-15
         153     5.67766 4.46326e-15
         154     5.67766 4.46326e-15
         155     5.67766 4.46326e-15
         156     5.67766 4.46326e-15
         157     5.67759 0.000722032
         158     5.67673  0.00244045
         159      5.6747  0.00356908
         160     5.67095  0.00373227
         161     5.66756  0.00869266
         162     5.66151    0.013401
         163      5.6494    0.012864
         164     5.64056   0.0105599
         165     5.62423   0.0389429
         166     5.59418   0.0521781
         167     5.53787   0.0106304
         168     5.53601 1.16045e-14
         169     5.53601 1.16045e-14
         170     5.53601 1.16045e-14
         171     5.53601 1.16045e-14
         172     5.53601 1.16045e-14
         173     5.53601 1.16045e-14
         174     5.53601 1.16045e-14
         175     5.53601 1.16045e-14
         176     5.53601 1.16045e-14
         177     5.53601 1.16045e-14
         178     5.53601 1.16045e-14
         179     5.53601 1.16045e-14
         180     5.53601 1.16045e-14
         181     5.53601 1.16045e-14
         182     5.53601 1.16045e-14
         183     5.53601 1.16045e-14
         184     5.53601 1.16045e-14
         185     5.53601 1.16045e-14
         186     5.53601 1.16045e-14
         187     5.53601 1.16045e-14
         188     5.53601 1.16045e-14
         189     5.53601 1.16045e-14
         190     5.53601 1.16045e-14
         191     5.53601 1.16045e-14
         192     5.53575  0.00263313
         193     5.53417  0.00675219
         194      5.5268   0.0126225
         195     5.51728   0.0120401
         196     5.50942 0.000710316
         197      5.5087  0.00108745
         198     5.50781 0.000758461
         199     5.50751 4.46326e-15
         200     5.50751 4.46326e-15
         201     5.50751 4.46326e-15
         202     5.50708  0.00424709
         203     5.50156   0.0148111
         204      5.4816   0.0208195
         205     5.46323   0.0181015
         206      5.4397   0.0631262
         207     5.37996   0.0907994
         208     5.28402 2.67796e-15
         209     5.28402 2.67796e-15
         210     5.28402 2.67796e-15
         211     5.28402 2.67796e-15
         212     5.28402 2.67796e-15
         213     5.28402 2.67796e-15
         214     5.28402 2.67796e-15
         215     5.28402 2.67796e-15
         216     5.28402 2.67796e-15
         217     5.28402 2.67796e-15
         218     5.28402 2.67796e-15
         219     5.28402 2.67796e-15
         220     5.28402 2.67796e-15
         221     5.28402 2.67796e-15
         222     5.28402 2.67796e-15
         223     5.28402 2.67796e-15
         224     5.28402 2.67796e-15
         225     5.28402 2.67796e-15
         226     5.28402 2.67796e-15
         227     5.28402 2.67796e-15
         228     5.28402 2.67796e-15
         229     5.28398 0.000475948
         230     5.28345  0.00155444
         231     5.28117  0.00234341
         232     5.27926 8.92653e-15
         233     5.27926 8.92653e-15
         234     5.27926 8.92653e-15
         235     5.27926 8.92653e-15
         236     5.27926 8.92653e-15
         237     5.27926 8.92653e-15
         238     5.27926 8.92653e-15
         239     5.27926 8.92653e-15
         240     5.27926 8.92653e-15
         241     5.27926 8.92653e-15
         242     5.27926 8.92653e-15
         243     5.27926 8.92653e-15
         244     5.27926 8.92653e-15
         245     5.27926 8.92653e-15
         246     5.27926 8.92653e-15
         247     5.27926 8.92653e-15
         248     5.27926 8.92653e-15
         249     5.27865  0.00614533
         250     5.27005   0.0220538
         251     5.25284   0.0305773
         252     5.22758   0.0226809
         253     5.21689  0.00228798
         254     5.21532  0.00320057
         255     5.21263  0.00268573
         256     5.21125 9.81918e-15
         257     5.21125 9.81918e-15
         258     5.21125 9.81918e-15
         259     5.21125 9.81918e-15
         260     5.21125 9.81918e-15
         261     5.21125 9.81918e-15
         262     5.21125 9.81918e-15
         263     5.21112  0.00128095
         264     5.20958  0.00432957
         265     5.20452   0.0191338
         266     5.18357   0.0532168
         267     5.13244   0.0842437
         268     5.06125   0.0699264
         269     5.02542 1.78531e-15
         270     5.02542 1.78531e-15
         271     5.02542 1.78531e-15
         272     5.02542 1.78531e-15
         273     5.02542 1.78531e-15
         274     5.02542 1.78531e-15
         275     5.02529  0.00128095
         276     5.02388  0.00418355
         277     5.01901    0.006437
         278     5.01389   0.0038622
         279     5.01261 1.16045e-14
         280     5.01261 1.16045e-14
         281     5.01261 1.16045e-14
         282     5.01261 1.16045e-14
         283     5.01261 1.16045e-14
         284     5.01261 1.16045e-14
         285     5.01261 1.16045e-14
         286     5.01261 1.16045e-14
         287     5.01261 1.16045e-14
         288     5.01261 1.16045e-14
         289     5.01261 1.16045e-14
         290     5.01261 1.16045e-14
         291     5.01261 1.16045e-14
         292     5.01261 1.16045e-14
         293     5.01261 1.16045e-14
         294     5.01261 1.16045e-14
         295     5.01261 1.16045e-14
         296     5.01261 1.16045e-14
         297     5.01261 1.16045e-14
         298     5.01261 1.16045e-14
         299     5.01261 1.16045e-14
         300     5.01261 1.16045e-14
         301     5.01261 1.16045e-14
         302     5.01261 1.16045e-14
         303     5.01261 1.16045e-14
         304     5.01261 1.16045e-14
         305     5.01261 1.16045e-14
         306     5.01261 1.16045e-14
         307     5.01261 1.16045e-14
         308     5.01261 1.16045e-14
         309     5.01261 1.16045e-14
         310     5.01261 1.16045e-14
         311     5.01261 1.16045e-14
         312     5.01261 1.16045e-14
         313     5.01261 1.16045e-14
         314     5.01261 1.16045e-14
         315     5.01261 1.16045e-14
         316     5.01261 1.16045e-14
         317     5.01261 1.16045e-14
         318     5.01261 1.16045e-14
         319     5.01261 1.16045e-14
         320     5.01261 1.16045e-14
         321     5.01261 1.16045e-14
         322     5.01261 1.16045e-14
         323     5.01261 1.16045e-14
         324     5.01261 1.16045e-14
         325     5.01261 1.16045e-14
         326     5.01261 1.16045e-14
         327     5.01261 1.16045e-14
         328     5.01261 1.16045e-14
         329     5.01261 1.16045e-14
         330     5.01261 1.16045e-14
         331     5.01261 1.16045e-14
         332     5.01261 1.16045e-14
         333     5.01261 1.16045e-14
         334     5.01261 1.16045e-14
         335     5.01261 1.16045e-14
         336     5.01261 1.16045e-14
         337     5.01261 1.16045e-14
         338     5.01261 1.16045e-14
         339     5.01261 1.16045e-14
         340     5.01261 1.16045e-14
         341     5.01261 1.16045e-14
         342     5.01261 1.16045e-14
         343     5.01261 1.16045e-14
         344     5.01261 1.16045e-14
         345     5.01261 1.16045e-14
         346     5.01261 1.16045e-14
         347     5.01261 1.16045e-14
         348     5.01261 1.16045e-14
         349     5.01261 1.16045e-14
         350     5.01261 1.16045e-14
         351     5.01261 1.16045e-14
         352     5.01261 1.16045e-14
         353     5.01261 1.16045e-14
         354     5.01261 1.16045e-14
         355     5.01261 1.16045e-14
         356     5.01261 1.16045e-14
         357     5.01261 1.16045e-14
         358     5.01261 1.16045e-14
         359     5.01261 1.16045e-14
         360     5.01261 1.16045e-14
         361     5.01261 1.16045e-14
         362     5.01261 1.16045e-14
         363     5.01261 1.16045e-14
         364     5.01261 1.16045e-14
         365     5.01261 1.16045e-14
         366     5.01261 1.16045e-14
         367     5.01261 1.16045e-14
         368     5.01261 1.16045e-14
         369     5.01261 1.16045e-14
         370     5.01261 1.16045e-14
         371     5.01261 1.16045e-14
         372     5.01261 1.16045e-14
         373     5.01261 1.16045e-14
         374     5.01261 1.16045e-14
         375     5.01261 1.16045e-14
         376     5.01212  0.00490688
         377     5.00967   0.0117119
         378     4.99593   0.0233614
         379      4.9763   0.0216317
         380     4.96354 8.92653e-15
         381     4.96354 8.92653e-15
         382     4.96354 8.92653e-15
         383     4.96354 8.92653e-15
         384     4.96354 8.92653e-15
         385     4.96354 8.92653e-15
         386     4.96354 8.92653e-15
         387     4.96354 8.92653e-15
         388     4.96354 8.92653e-15
         389     4.96354 8.92653e-15
         390     4.96354 8.92653e-15
         391     4.96354 8.92653e-15
         392     4.96354 8.92653e-15
         393     4.96354 8.92653e-15
         394     4.96354 8.92653e-15
         395     4.96354 8.92653e-15
         396     4.96354 8.92653e-15
         397     4.96354 8.92653e-15
         398     4.96354 8.92653e-15
         399     4.96354 8.92653e-15
         400     4.96354 8.92653e-15
         401     4.96354 8.92653e-15
         402     4.96354 8.92653e-15
         403     4.96354 8.92653e-15
         404     4.96354 8.92653e-15
         405     4.96354 8.92653e-15
         406     4.96354 8.92653e-15
         407     4.96354 8.92653e-15
         408     4.96354 8.92653e-15
         409     4.96354 8.92653e-15
         410     4.96354 8.92653e-15
         411     4.96354 8.92653e-15
         412     4.96354 8.92653e-15
         413     4.96354 8.92653e-15
         414     4.96354 8.92653e-15
         415     4.96354 8.92653e-15
         416     4.96354 8.92653e-15
         417     4.96354 8.92653e-15
         418     4.96354 8.92653e-15
         419     4.96354 8.92653e-15
         420     4.96354 8.92653e-15
         421     4.96354 8.92653e-15
         422     4.96354 8.92653e-15
         423     4.96354 8.92653e-15
         424     4.96354 8.92653e-15
         425     4.96354 8.92653e-15
         426     4.96354 8.92653e-15
         427     4.96354 8.92653e-15
         428     4.96354 8.92653e-15
         429     4.96354 8.92653e-15
         430     4.96354 8.92653e-15
         431     4.96354 8.92653e-15
         432     4.96354 8.92653e-15
         433     4.96354 8.92653e-15
         434     4.96354 8.92653e-15
         435     4.96354 8.92653e-15
         436     4.96354 8.92653e-15
         437     4.96354 8.92653e-15
         438     4.96354 8.92653e-15
         439     4.96354 8.92653e-15
         440     4.96354 8.92653e-15
         441     4.96354 8.92653e-15
         442     4.96354 8.92653e-15
         443     4.96354 8.92653e-15
         444     4.96354 8.92653e-15
         445     4.96354 8.92653e-15
         446     4.96354 8.92653e-15
         447     4.96354 8.92653e-15
         448     4.96354 8.92653e-15
         449     4.96354 8.92653e-15
         450     4.96354 8.92653e-15
         451     4.96354 8.92653e-15
         452     4.96354 8.92653e-15
         453     4.96354 8.92653e-15
         454     4.96354 8.92653e-15
         455     4.96354 8.92653e-15
         456     4.96354 8.92653e-15
         457     4.96354 8.92653e-15
         458     4.96354 8.92653e-15
         459     4.96354 8.92653e-15
         460     4.96354 8.92653e-15
         461     4.96354 8.92653e-15
         462     4.96354 8.92653e-15
         463     4.96354 8.92653e-15
         464     4.96354 8.92653e-15
         465     4.96354 8.92653e-15
         466     4.96354 8.92653e-15
         467     4.96354 8.92653e-15
         468     4.96354 8.92653e-15
         469     4.96354 8.92653e-15
         470     4.96354 8.92653e-15
         471     4.96354 8.92653e-15
         472     4.96354 8.92653e-15
         473     4.96354 8.92653e-15
         474     4.96354 8.92653e-15
         475     4.96354 8.92653e-15
         476     4.96354 8.92653e-15
         477     4.96354 8.92653e-15
         478     4.96354 8.92653e-15
         479     4.96354 8.92653e-15
         480     4.96354 8.92653e-15
         481     4.96354 8.92653e-15
         482     4.96354 8.92653e-15
         483     4.96354 8.92653e-15
         484     4.96354 8.92653e-15
         485     4.96354 8.92653e-15
         486     4.96354 8.92653e-15
         487     4.96354 8.92653e-15
         488     4.96354 8.92653e-15
         489     4.96354 8.92653e-15
         490     4.96354 8.92653e-15
         491     4.96354 8.92653e-15
         492     4.96354 8.92653e-15
         493     4.96354 8.92653e-15
         494     4.96354 8.92653e-15
         495     4.96354 8.92653e-15
         496     4.96354 8.92653e-15
         497     4.96354 8.92653e-15
         498     4.96354 8.92653e-15
         499     4.96354 8.92653e-15
         500     4.96354 8.92653e-15
         501     4.96354 8.92653e-15
         502     4.96354 8.92653e-15
         503     4.96354 8.92653e-15
         504     4.96354 8.92653e-15
         505     4.96354 8.92653e-15
         506     4.96354 8.92653e-15
         507     4.96354 8.92653e-15
         508     4.96354 8.92653e-15
         509     4.96354 8.92653e-15
         510     4.96354 8.92653e-15
         511     4.96354 8.92653e-15
         512     4.96354 8.92653e-15
         513     4.96354 8.92653e-15
         514     4.96354 8.92653e-15
         515     4.96354 8.92653e-15
         516     4.96354 8.92653e-15
         517     4.96354 8.92653e-15
         518     4.96354 8.92653e-15
         519     4.96354 8.92653e-15
         520     4.96354 8.92653e-15
         521     4.96354 8.92653e-15
         522     4.96354 8.92653e-15
         523     4.96354 8.92653e-15
         524     4.96354 8.92653e-15
         525     4.96354 8.92653e-15
         526     4.96354 8.92653e-15
         527     4.96354 8.92653e-15
         528     4.96354 8.92653e-15
         529     4.96354 8.92653e-15
         530     4.96354 8.92653e-15
         531     4.96354 8.92653e-15
         532     4.96354 8.92653e-15
         533     4.96354 8.92653e-15
         534     4.96354 8.92653e-15
         535     4.96354 8.92653e-15
         536     4.96354 8.92653e-15
         537     4.96354 8.92653e-15
         538     4.96354 8.92653e-15
         539     4.96354 8.92653e-15
         540     4.96354 8.92653e-15
         541     4.96354 8.92653e-15
         542     4.96354 8.92653e-15
         543     4.96354 8.92653e-15
         544     4.96354 8.92653e-15
         545     4.96354 8.92653e-15
         546     4.96354 8.92653e-15
         547     4.96354 8.92653e-15
         548     4.96354 8.92653e-15
         549     4.96354 8.92653e-15
         550     4.96354 8.92653e-15
         551     4.96354 8.92653e-15
         552     4.96354 8.92653e-15
         553     4.96354 8.92653e-15
         554     4.96354 8.92653e-15
         555     4.96354 8.92653e-15
         556     4.96354 8.92653e-15
         557     4.96354 8.92653e-15
         558     4.96354 8.92653e-15
         559     4.96354 8.92653e-15
         560     4.96354 8.92653e-15
         561     4.96354 8.92653e-15
         562     4.96354 8.92653e-15
         563     4.96354 8.92653e-15
         564     4.96354 8.92653e-15
         565     4.96354 8.92653e-15
         566     4.96354 8.92653e-15
         567     4.96354 8.92653e-15
         568     4.96354 8.92653e-15
         569     4.96354 8.92653e-15
         570     4.96354 8.92653e-15
         571     4.96354 8.92653e-15
         572     4.96354 8.92653e-15
         573     4.96354 8.92653e-15
         574     4.96354 8.92653e-15
         575     4.96354 8.92653e-15
         576     4.96354 8.92653e-15
         577     4.96354 8.92653e-15
         578     4.96354 8.92653e-15
         579     4.96354 8.92653e-15
         580     4.96354 8.92653e-15
         581     4.96354 8.92653e-15
         582     4.96354 8.92653e-15
         583     4.96354 8.92653e-15
         584     4.96354 8.92653e-15
         585     4.96354 8.92653e-15
         586     4.96354 8.92653e-15
         587     4.96354 8.92653e-15
         588     4.96354 8.92653e-15
         589     4.96354 8.92653e-15
         590     4.96354 8.92653e-15
         591     4.96354 8.92653e-15
         592     4.96354 8.92653e-15
         593     4.96354 8.92653e-15
         594     4.96354 8.92653e-15
         595     4.96354 8.92653e-15
         596     4.96354 8.92653e-15
         597     4.96354 8.92653e-15
         598     4.96354 8.92653e-15
         599     4.96354 8.92653e-15
         600     4.96354 8.92653e-15
         601     4.96354 8.92653e-15
         602     4.96354 8.92653e-15
         603     4.96354 8.92653e-15
         604     4.96354 8.92653e-15
         605     4.96354 8.92653e-15
         606     4.96354 8.92653e-15
         607     4.96354 8.92653e-15
         608     4.96354 8.92653e-15
         609     4.96354 8.92653e-15
         610     4.96354 8.92653e-15
         611     4.96354 8.92653e-15
         612     4.96354 8.92653e-15
         613     4.96354 8.92653e-15
         614     4.96354 8.92653e-15
         615     4.96354 8.92653e-15
         616     4.96354 8.92653e-15
         617     4.96354 8.92653e-15
         618     4.96354 8.92653e-15
         619     4.96354 8.92653e-15
         620     4.96354 8.92653e-15
         621     4.96354 8.92653e-15
         622     4.96354 8.92653e-15
         623     4.96354 8.92653e-15
         624     4.96354 8.92653e-15
         625     4.96354 8.92653e-15
         626     4.96354 8.92653e-15
         627     4.96354 8.92653e-15
         628     4.96354 8.92653e-15
         629     4.96354 8.92653e-15
         630     4.96354 8.92653e-15
         631     4.96354 8.92653e-15
         632     4.96354 8.92653e-15
         633     4.96354 8.92653e-15
         634     4.96354 8.92653e-15
         635     4.96354 8.92653e-15
         636     4.96354 8.92653e-15
         637     4.96354 8.92653e-15
         638     4.96354 8.92653e-15
         639     4.96354 8.92653e-15
         640     4.96354 8.92653e-15
         641     4.96354 8.92653e-15
         642     4.96354 8.92653e-15
         643     4.96354 8.92653e-15
         644     4.96354 8.92653e-15
         645     4.96354 8.92653e-15
         646     4.96354 8.92653e-15
         647     4.96354 8.92653e-15
         648     4.96354 8.92653e-15
         649     4.96354 8.92653e-15
         650     4.96354 8.92653e-15
         651     4.96354 8.92653e-15
         652     4.96354 8.92653e-15
         653     4.96354 8.92653e-15
         654     4.96354 8.92653e-15
         655     4.96354 8.92653e-15
         656     4.96354 8.92653e-15
         657     4.96354 8.92653e-15
         658     4.96354 8.92653e-15
         659     4.96354 8.92653e-15
         660     4.96354 8.92653e-15
         661     4.96354 8.92653e-15
         662     4.96354 8.92653e-15
         663     4.96354 8.92653e-15
         664     4.96354 8.92653e-15
         665     4.96354 8.92653e-15
         666     4.96354 8.92653e-15
         667     4.96354 8.92653e-15
         668     4.96354 8.92653e-15
         669     4.96354 8.92653e-15
         670     4.96354 8.92653e-15
         671     4.96354 8.92653e-15
         672     4.96354 8.92653e-15
         673     4.96354 8.92653e-15
         674     4.96354 8.92653e-15
         675     4.96354 8.92653e-15
         676     4.96354 8.92653e-15
         677     4.96354 8.92653e-15
         678     4.96354 8.92653e-15
         679     4.96354 8.92653e-15
         680     4.96354 8.92653e-15
         681     4.96354 8.92653e-15
         682     4.96354 8.92653e-15
         683     4.96354 8.92653e-15
         684     4.96354 8.92653e-15
         685     4.96354 8.92653e-15
         686     4.96354 8.92653e-15
         687     4.96354 8.92653e-15
         688     4.96354 8.92653e-15
         689     4.96354 8.92653e-15
         690     4.96354 8.92653e-15
         691     4.96354 8.92653e-15
         692     4.96354 8.92653e-15
         693     4.96354 8.92653e-15
         694     4.96354 8.92653e-15
         695     4.96354 8.92653e-15
         696     4.96354 8.92653e-15
         697     4.96354 8.92653e-15
         698     4.96354 8.92653e-15
         699     4.96354 8.92653e-15
         700     4.96354 8.92653e-15
         701     4.96354 8.92653e-15
         702     4.96354 8.92653e-15
         703     4.96354 8.92653e-15
         704     4.96354 8.92653e-15
         705     4.96354 8.92653e-15
         706     4.96354 8.92653e-15
         707     4.96354 8.92653e-15
         708     4.96354 8.92653e-15
         709     4.96354 8.92653e-15
         710     4.96354 8.92653e-15
         711     4.96354 8.92653e-15
         712     4.96354 8.92653e-15
         713     4.96354 8.92653e-15
         714     4.96354 8.92653e-15
         715     4.96354 8.92653e-15
         716     4.96354 8.92653e-15
         717     4.96354 8.92653e-15
         718     4.96354 8.92653e-15
         719     4.96354 8.92653e-15
         720     4.96354 8.92653e-15
         721     4.96354 8.92653e-15
         722     4.96354 8.92653e-15
         723     4.96354 8.92653e-15
         724     4.96354 8.92653e-15
         725     4.96354 8.92653e-15
         726     4.96354 8.92653e-15
         727     4.96354 8.92653e-15
         728     4.96354 8.92653e-15
         729     4.96354 8.92653e-15
         730     4.96354 8.92653e-15
         731     4.96354 8.92653e-15
         732     4.96354 8.92653e-15
         733     4.96354 8.92653e-15
         734     4.96354 8.92653e-15
         735     4.96354 8.92653e-15
         736     4.96354 8.92653e-15
         737     4.96354 8.92653e-15
         738     4.96354 8.92653e-15
         739     4.96354 8.92653e-15
         740     4.96354 8.92653e-15
         741     4.96354 8.92653e-15
         742     4.96354 8.92653e-15
         743     4.96354 8.92653e-15
         744     4.96354 8.92653e-15
         745     4.96354 8.92653e-15
         746     4.96354 8.92653e-15
         747     4.96354 8.92653e-15
         748     4.96354 8.92653e-15
         749     4.96354 8.92653e-15
         750     4.96354 8.92653e-15
         751     4.96354 8.92653e-15
         752     4.96354 8.92653e-15
         753     4.96354 8.92653e-15
         754     4.96354 8.92653e-15
         755     4.96354 8.92653e-15
         756     4.96354 8.92653e-15
         757     4.96354 8.92653e-15
         758     4.96354 8.92653e-15
         759     4.96354 8.92653e-15
         760     4.96354 8.92653e-15
         761     4.96354 8.92653e-15
         762     4.96354 8.92653e-15
         763     4.96354 8.92653e-15
         764     4.96354 8.92653e-15
         765     4.96354 8.92653e-15
         766     4.96354 8.92653e-15
         767     4.96354 8.92653e-15
         768     4.96354 8.92653e-15
         769     4.96354 8.92653e-15
         770     4.96354 8.92653e-15
         771     4.96354 8.92653e-15
         772     4.96354 8.92653e-15
         773     4.96354 8.92653e-15
         774     4.96354 8.92653e-15
         775     4.96354 8.92653e-15
         776     4.96354 8.92653e-15
         777     4.96354 8.92653e-15
         778     4.96354 8.92653e-15
         779     4.96354 8.92653e-15
         780     4.96354 8.92653e-15
         781     4.96354 8.92653e-15
         782     4.96354 8.92653e-15
         783     4.96354 8.92653e-15
         784     4.96354 8.92653e-15
         785     4.96354 8.92653e-15
         786     4.96354 8.92653e-15
         787     4.96354 8.92653e-15
         788     4.96354 8.92653e-15
         789     4.96354 8.92653e-15
         790     4.96354 8.92653e-15
         791     4.96354 8.92653e-15
         792     4.96354 8.92653e-15
         793     4.96354 8.92653e-15
         794     4.96354 8.92653e-15
         795     4.96354 8.92653e-15
         796     4.96354 8.92653e-15
         797     4.96354 8.92653e-15
         798     4.96354 8.92653e-15
         799     4.96354 8.92653e-15
         800     4.96354 8.92653e-15
         801     4.96354 8.92653e-15
         802     4.96354 8.92653e-15
         803     4.96354 8.92653e-15
         804     4.96354 8.92653e-15
         805     4.96354 8.92653e-15
         806     4.96354 8.92653e-15
         807     4.96354 8.92653e-15
         808     4.96354 8.92653e-15
         809     4.96354 8.92653e-15
         810     4.96354 8.92653e-15
         811     4.96354 8.92653e-15
         812     4.96354 8.92653e-15
         813     4.96354 8.92653e-15
         814     4.96354 8.92653e-15
         815     4.96354 8.92653e-15
         816     4.96354 8.92653e-15
         817     4.96354 8.92653e-15
         818     4.96354 8.92653e-15
         819     4.96354 8.92653e-15
         820     4.96354 8.92653e-15
         821     4.96354 8.92653e-15
         822     4.96354 8.92653e-15
         823     4.96354 8.92653e-15
         824     4.96354 8.92653e-15
         825     4.96354 8.92653e-15
         826     4.96354 8.92653e-15
         827     4.96354 8.92653e-15
         828     4.96354 8.92653e-15
         829     4.96354 8.92653e-15
         830     4.96354 8.92653e-15
         831     4.96354 8.92653e-15
         832     4.96354 8.92653e-15
         833     4.96354 8.92653e-15
         834     4.96354 8.92653e-15
         835     4.96354 8.92653e-15
         836     4.96354 8.92653e-15
         837     4.96354 8.92653e-15
         838     4.96354 8.92653e-15
         839     4.96354 8.92653e-15
         840     4.96354 8.92653e-15
         841     4.96354 8.92653e-15
         842     4.96354 8.92653e-15
         843     4.96354 8.92653e-15
         844     4.96354 8.92653e-15
         845     4.96354 8.92653e-15
         846     4.96354 8.92653e-15
         847     4.96354 8.92653e-15
         848     4.96354 8.92653e-15
         849     4.96354 8.92653e-15
         850     4.96354 8.92653e-15
         851     4.96354 8.92653e-15
         852     4.96354 8.92653e-15
         853     4.96354 8.92653e-15
         854     4.96354 8.92653e-15
         855     4.96354 8.92653e-15
         856     4.96354 8.92653e-15
         857     4.96354 8.92653e-15
         858     4.96354 8.92653e-15
         859     4.96354 8.92653e-15
         860     4.96354 8.92653e-15
         861     4.96354 8.92653e-15
         862     4.96354 8.92653e-15
         863     4.96354 8.92653e-15
         864     4.96354 8.92653e-15
         865     4.96354 8.92653e-15
         866     4.96354 8.92653e-15
         867     4.96354 8.92653e-15
         868     4.96354 8.92653e-15
         869     4.96354 8.92653e-15
         870     4.96354 8.92653e-15
         871     4.96354 8.92653e-15
         872     4.96354 8.92653e-15
         873     4.96354 8.92653e-15
         874     4.96354 8.92653e-15
         875     4.96354 8.92653e-15
         876     4.96354 8.92653e-15
         877     4.96354 8.92653e-15
         878     4.96354 8.92653e-15
         879     4.96354 8.92653e-15
         880     4.96354 8.92653e-15
         881     4.96354 8.92653e-15
         882     4.96354 8.92653e-15
         883     4.96354 8.92653e-15
         884     4.96354 8.92653e-15
         885     4.96354 8.92653e-15
         886     4.96354 8.92653e-15
         887     4.96354 8.92653e-15
         888     4.96354 8.92653e-15
         889     4.96354 8.92653e-15
         890     4.96354 8.92653e-15
         891     4.96354 8.92653e-15
         892     4.96354 8.92653e-15
         893     4.96354 8.92653e-15
         894     4.96354 8.92653e-15
         895     4.96354 8.92653e-15
         896     4.96354 8.92653e-15
         897     4.96354 8.92653e-15
         898     4.96354 8.92653e-15
         899     4.96354 8.92653e-15
         900     4.96354 8.92653e-15
         901     4.96354 8.92653e-15
         902     4.96354 8.92653e-15
         903     4.96354 8.92653e-15
         904     4.96354 8.92653e-15
         905     4.96354 8.92653e-15
         906     4.96354 8.92653e-15
         907     4.96354 8.92653e-15
         908     4.96354 8.92653e-15
         909     4.96354 8.92653e-15
         910     4.96354 8.92653e-15
         911     4.96354 8.92653e-15
         912     4.96354 8.92653e-15
         913     4.96354 8.92653e-15
         914     4.96354 8.92653e-15
         915     4.96354 8.92653e-15
         916     4.96354 8.92653e-15
         917     4.96354 8.92653e-15
         918     4.96354 8.92653e-15
         919     4.96354 8.92653e-15
         920     4.96354 8.92653e-15
         921     4.96354 8.92653e-15
         922     4.96354 8.92653e-15
         923     4.96354 8.92653e-15
         924     4.96354 8.92653e-15
         925     4.96354 8.92653e-15
         926     4.96354 8.92653e-15
         927     4.96354 8.92653e-15
         928     4.96354 8.92653e-15
         929     4.96354 8.92653e-15
         930     4.96354 8.92653e-15
         931     4.96354 8.92653e-15
         932     4.96354 8.92653e-15
         933     4.96354 8.92653e-15
         934     4.96354 8.92653e-15
         935     4.96354 8.92653e-15
         936     4.96354 8.92653e-15
         937     4.96354 8.92653e-15
         938     4.96354 8.92653e-15
         939     4.96354 8.92653e-15
         940     4.96354 8.92653e-15
         941     4.96354 8.92653e-15
         942     4.96354 8.92653e-15
         943     4.96354 8.92653e-15
         944     4.96354 8.92653e-15
         945     4.96354 8.92653e-15
         946     4.96354 8.92653e-15
         947     4.96354 8.92653e-15
         948     4.96354 8.92653e-15
         949     4.96354 8.92653e-15
         950     4.96354 8.92653e-15
         951     4.96354 8.92653e-15
         952     4.96354 8.92653e-15
         953     4.96354 8.92653e-15
         954     4.96354 8.92653e-15
         955     4.96354 8.92653e-15
         956     4.96354 8.92653e-15
         957     4.96354 8.92653e-15
         958     4.96354 8.92653e-15
         959     4.96354 8.92653e-15
         960     4.96354 8.92653e-15
         961     4.96354 8.92653e-15
         962     4.96354 8.92653e-15
         963     4.96354 8.92653e-15
         964     4.96354 8.92653e-15
         965     4.96354 8.92653e-15
         966     4.96354 8.92653e-15
         967     4.96354 8.92653e-15
         968     4.96354 8.92653e-15
         969     4.96354 8.92653e-15
         970     4.96354 8.92653e-15
         971     4.96354 8.92653e-15
         972     4.96354 8.92653e-15
         973     4.96354 8.92653e-15
         974     4.96354 8.92653e-15
         975     4.96354 8.92653e-15
         976     4.96354 8.92653e-15
         977     4.96354 8.92653e-15
         978     4.96354 8.92653e-15
         979     4.96354 8.92653e-15
         980     4.96354 8.92653e-15
         981     4.96354 8.92653e-15
         982     4.96354 8.92653e-15
         983     4.96354 8.92653e-15
         984     4.96354 8.92653e-15
         985     4.96354 8.92653e-15
         986     4.96354 8.92653e-15
         987     4.96354 8.92653e-15
         988     4.96354 8.92653e-15
         989     4.96354 8.92653e-15
         990     4.96354 8.92653e-15
         991     4.96354 8.92653e-15
         992     4.96354 8.92653e-15
         993     4.96354 8.92653e-15
         994     4.96354 8.92653e-15
         995     4.96354 8.92653e-15
         996     4.96354 8.92653e-15
         997     4.96354 8.92653e-15
         998     4.96354 8.92653e-15
         999     4.96354 8.92653e-15
        1000     4.96354 8.92653e-15
        1001     4.96354 8.92653e-15
        1002     4.96354 8.92653e-15
        1003     4.96354 8.92653e-15
        1004     4.96354 8.92653e-15
        1005     4.96354 8.92653e-15
        1006     4.96354 8.92653e-15
        1007     4.96354 8.92653e-15
        1008     4.96354 8.92653e-15
        1009     4.96354 8.92653e-15
        1010     4.96354 8.92653e-15
        1011     4.96354 8.92653e-15
        1012     4.96354 8.92653e-15
        1013     4.96354 8.92653e-15
        1014     4.96354 8.92653e-15
        1015     4.96354 8.92653e-15
        1016     4.96354 8.92653e-15
        1017     4.96354 8.92653e-15
        1018     4.96354 8.92653e-15
        1019     4.96354 8.92653e-15
        1020     4.96354 8.92653e-15
        1021     4.96354 8.92653e-15
        1022     4.96354 8.92653e-15
        1023     4.96354 8.92653e-15
        1024     4.96354 8.92653e-15
        1025     4.96354 8.92653e-15
        1026     4.96354 8.92653e-15
        1027     4.96354 8.92653e-15
        1028     4.96354 8.92653e-15
        1029     4.96354 8.92653e-15
        1030     4.96354 8.92653e-15
        1031     4.96354 8.92653e-15
        1032     4.96354 8.92653e-15
        1033     4.96354 8.92653e-15
        1034     4.96354 8.92653e-15
        1035     4.96354 8.92653e-15
        1036     4.96354 8.92653e-15
        1037     4.96354 8.92653e-15
        1038     4.96354 8.92653e-15
        1039     4.96354 8.92653e-15
        1040     4.96354 8.92653e-15
        1041     4.96354 8.92653e-15
        1042     4.96354 8.92653e-15
        1043     4.96354 8.92653e-15
        1044     4.96354 8.92653e-15
        1045     4.96354 8.92653e-15
        1046     4.96354 8.92653e-15
        1047     4.96354 8.92653e-15
        1048     4.96354 8.92653e-15
        1049     4.96354 8.92653e-15
        1050     4.96354 8.92653e-15
        1051     4.96354 8.92653e-15
        1052     4.96354 8.92653e-15
        1053     4.96354 8.92653e-15
        1054     4.96354 8.92653e-15
        1055     4.96354 8.92653e-15
        1056     4.96354 8.92653e-15
        1057     4.96354 8.92653e-15
        1058     4.96354 8.92653e-15
        1059     4.96354 8.92653e-15
        1060     4.96354 8.92653e-15
        1061     4.96354 8.92653e-15
        1062     4.96354 8.92653e-15
        1063     4.96354 8.92653e-15
        1064     4.96354 8.92653e-15
        1065     4.96354 8.92653e-15
        1066     4.96354 8.92653e-15
        1067     4.96354 8.92653e-15
        1068     4.96354 8.92653e-15
        1069     4.96354 8.92653e-15
        1070     4.96354 8.92653e-15
        1071     4.96354 8.92653e-15
        1072     4.96354 8.92653e-15
        1073     4.96354 8.92653e-15
        1074     4.96354 8.92653e-15
        1075     4.96354 8.92653e-15
        1076     4.96354 8.92653e-15
        1077     4.96354 8.92653e-15
        1078     4.96354 8.92653e-15
        1079     4.96354 8.92653e-15
        1080     4.96354 8.92653e-15
        1081     4.96354 8.92653e-15
        1082     4.96354 8.92653e-15
        1083     4.96354 8.92653e-15
        1084     4.96354 8.92653e-15
        1085     4.96354 8.92653e-15
        1086     4.96354 8.92653e-15
        1087     4.96354 8.92653e-15
        1088     4.96354 8.92653e-15
        1089     4.96354 8.92653e-15
        1090     4.96354 8.92653e-15
        1091     4.96354 8.92653e-15
        1092     4.96354 8.92653e-15
        1093     4.96354 8.92653e-15
        1094     4.96354 8.92653e-15
        1095     4.96354 8.92653e-15
        1096     4.96354 8.92653e-15
        1097     4.96354 8.92653e-15
        1098     4.96354 8.92653e-15
        1099     4.96354 8.92653e-15
        1100     4.96354 8.92653e-15
        1101     4.96354 8.92653e-15
        1102     4.96354 8.92653e-15
        1103     4.96354 8.92653e-15
        1104     4.96354 8.92653e-15
        1105     4.96354 8.92653e-15
        1106     4.96354 8.92653e-15
        1107     4.96354 8.92653e-15
        1108     4.96354 8.92653e-15
        1109     4.96354 8.92653e-15
        1110     4.96354 8.92653e-15
        1111     4.96354 8.92653e-15
        1112     4.96354 8.92653e-15
        1113     4.96354 8.92653e-15
        1114     4.96354 8.92653e-15
        1115     4.96354 8.92653e-15
        1116     4.96354 8.92653e-15
        1117     4.96354 8.92653e-15
        1118     4.96354 8.92653e-15
        1119     4.96354 8.92653e-15
        1120     4.96354 8.92653e-15
        1121     4.96354 8.92653e-15
        1122     4.96354 8.92653e-15
        1123     4.96354 8.92653e-15
        1124     4.96354 8.92653e-15
        1125     4.96354 8.92653e-15
        1126     4.96354 8.92653e-15
        1127     4.96354 8.92653e-15
        1128     4.96354 8.92653e-15
        1129     4.96354 8.92653e-15
        1130     4.96354 8.92653e-15
        1131     4.96354 8.92653e-15
        1132     4.96354 8.92653e-15
        1133     4.96354 8.92653e-15
        1134     4.96354 8.92653e-15
        1135     4.96354 8.92653e-15
        1136     4.96354 8.92653e-15
        1137     4.96354 8.92653e-15
        1138     4.96354 8.92653e-15
        1139     4.96354 8.92653e-15
        1140     4.96354 8.92653e-15
        1141     4.96354 8.92653e-15
        1142     4.96354 8.92653e-15
        1143     4.96354 8.92653e-15
        1144     4.96354 8.92653e-15
        1145     4.96354 8.92653e-15
        1146     4.96354 8.92653e-15
        1147     4.96354 8.92653e-15
        1148     4.96354 8.92653e-15
        1149     4.96354 8.92653e-15
        1150     4.96354 8.92653e-15
        1151     4.96354 8.92653e-15
        1152     4.96354 8.92653e-15
        1153     4.96354 8.92653e-15
        1154     4.96354 8.92653e-15
        1155     4.96354 8.92653e-15
        1156     4.96354 8.92653e-15
        1157     4.96354 8.92653e-15
        1158     4.96354 8.92653e-15
        1159     4.96354 8.92653e-15
        1160     4.96354 8.92653e-15
        1161     4.96354 8.92653e-15
        1162     4.96354 8.92653e-15
        1163     4.96354 8.92653e-15
        1164     4.96354 8.92653e-15
        1165     4.96354 8.92653e-15
        1166     4.96354 8.92653e-15
        1167     4.96354 8.92653e-15
        1168     4.96354 8.92653e-15
        1169     4.96354 8.92653e-15
        1170     4.96354 8.92653e-15
        1171     4.96354 8.92653e-15
        1172     4.96354 8.92653e-15
        1173     4.96354 8.92653e-15
        1174     4.96354 8.92653e-15
        1175     4.96354 8.92653e-15
        1176     4.96354 8.92653e-15
        1177     4.96354 8.92653e-15
        1178     4.96354 8.92653e-15
        1179     4.96354 8.92653e-15
        1180     4.96354 8.92653e-15
        1181     4.96354 8.92653e-15
        1182     4.96354 8.92653e-15
        1183     4.96354 8.92653e-15
        1184     4.96354 8.92653e-15
        1185     4.96354 8.92653e-15
        1186     4.96354 8.92653e-15
        1187     4.96354 8.92653e-15
        1188     4.96354 8.92653e-15
        1189     4.96354 8.92653e-15
        1190     4.96354 8.92653e-15
        1191     4.96354 8.92653e-15
        1192     4.96354 8.92653e-15
        1193     4.96354 8.92653e-15
        1194     4.96354 8.92653e-15
        1195     4.96354 8.92653e-15
        1196     4.96354 8.92653e-15
        1197     4.96354 8.92653e-15
        1198     4.96354 8.92653e-15
        1199     4.96354 8.92653e-15
        1200     4.96354 8.92653e-15
        1201     4.96354 8.92653e-15
        1202     4.96354 8.92653e-15
        1203     4.96354 8.92653e-15
        1204     4.96354 8.92653e-15
        1205     4.96354 8.92653e-15
        1206     4.96354 8.92653e-15
        1207     4.96354 8.92653e-15
        1208     4.96354 8.92653e-15
        1209     4.96354 8.92653e-15
        1210     4.96354 8.92653e-15
        1211     4.96354 8.92653e-15
        1212     4.96354 8.92653e-15
        1213     4.96354 8.92653e-15
        1214     4.96354 8.92653e-15
        1215     4.96354 8.92653e-15
        1216     4.96354 8.92653e-15
        1217     4.96354 8.92653e-15
        1218     4.96354 8.92653e-15
        1219     4.96354 8.92653e-15
        1220     4.96354 8.92653e-15
        1221     4.96354 8.92653e-15
        1222     4.96354 8.92653e-15
        1223     4.96354 8.92653e-15
        1224     4.96354 8.92653e-15
        1225     4.96354 8.92653e-15
        1226     4.96354 8.92653e-15
        1227     4.96354 8.92653e-15
        1228     4.96354 8.92653e-15
        1229     4.96354 8.92653e-15
        1230     4.96354 8.92653e-15
        1231     4.96354 8.92653e-15
        1232     4.96354 8.92653e-15
        1233     4.96354 8.92653e-15
        1234     4.96354 8.92653e-15
        1235     4.96354 8.92653e-15
        1236     4.96354 8.92653e-15
        1237     4.96354 8.92653e-15
        1238     4.96354 8.92653e-15
        1239     4.96354 8.92653e-15
        1240     4.96354 8.92653e-15
        1241     4.96354 8.92653e-15
        1242     4.96354 8.92653e-15
        1243     4.96354 8.92653e-15
        1244     4.96354 8.92653e-15
        1245     4.96354 8.92653e-15
        1246     4.96354 8.92653e-15
        1247     4.96354 8.92653e-15
        1248     4.96354 8.92653e-15
        1249     4.96354 8.92653e-15
        1250     4.96354 8.92653e-15
        1251     4.96354 8.92653e-15
        1252     4.96354 8.92653e-15
        1253     4.96354 8.92653e-15
        1254     4.96354 8.92653e-15
        1255     4.96354 8.92653e-15
        1256     4.96354 8.92653e-15
        1257     4.96354 8.92653e-15
        1258     4.96354 8.92653e-15
        1259     4.96354 8.92653e-15
        1260     4.96354 8.92653e-15
        1261     4.96354 8.92653e-15
        1262     4.96354 8.92653e-15
        1263     4.96354 8.92653e-15
        1264     4.96354 8.92653e-15
        1265     4.96354 8.92653e-15
        1266     4.96354 8.92653e-15
        1267     4.96354 8.92653e-15
        1268     4.96354 8.92653e-15
        1269     4.96354 8.92653e-15
        1270     4.96354 8.92653e-15
        1271     4.96354 8.92653e-15
        1272     4.96354 8.92653e-15
        1273     4.96354 8.92653e-15
        1274     4.96354 8.92653e-15
        1275     4.96354 8.92653e-15
        1276     4.96354 8.92653e-15
        1277     4.96354 8.92653e-15
        1278     4.96354 8.92653e-15
        1279     4.96354 8.92653e-15
        1280     4.96354 8.92653e-15
        1281     4.96354 8.92653e-15
        1282     4.96354 8.92653e-15
        1283     4.96354 8.92653e-15
        1284     4.96354 8.92653e-15
        1285     4.96354 8.92653e-15
        1286     4.96354 8.92653e-15
        1287     4.96354 8.92653e-15
        1288     4.96354 8.92653e-15
        1289     4.96354 8.92653e-15
        1290     4.96354 8.92653e-15
        1291     4.96354 8.92653e-15
        1292     4.96354 8.92653e-15
        1293     4.96354 8.92653e-15
        1294     4.96354 8.92653e-15
        1295     4.96354 8.92653e-15
        1296     4.96354 8.92653e-15
        1297     4.96354 8.92653e-15
        1298     4.96354 8.92653e-15
        1299     4.96354 8.92653e-15
        1300     4.96354 8.92653e-15
        1301     4.96354 8.92653e-15
        1302     4.96354 8.92653e-15
        1303     4.96354 8.92653e-15
        1304     4.96354 8.92653e-15
        1305     4.96354 8.92653e-15
        1306     4.96354 8.92653e-15
        1307     4.96354 8.92653e-15
        1308     4.96354 8.92653e-15
        1309     4.96354 8.92653e-15
        1310     4.96354 8.92653e-15
        1311     4.96354 8.92653e-15
        1312     4.96354 8.92653e-15
        1313     4.96354 8.92653e-15
        1314     4.96354 8.92653e-15
        1315     4.96354 8.92653e-15
        1316     4.96354 8.92653e-15
        1317     4.96354 8.92653e-15
        1318     4.96354 8.92653e-15
        1319     4.96354 8.92653e-15
        1320     4.96354 8.92653e-15
        1321     4.96354 8.92653e-15
        1322     4.96354 8.92653e-15
        1323     4.96354 8.92653e-15
        1324     4.96354 8.92653e-15
        1325     4.96354 8.92653e-15
        1326     4.96354 8.92653e-15
        1327     4.96354 8.92653e-15
        1328     4.96354 8.92653e-15
        1329     4.96354 8.92653e-15
        1330     4.96354 8.92653e-15
        1331     4.96354 8.92653e-15
        1332     4.96354 8.92653e-15
        1333     4.96354 8.92653e-15
        1334     4.96354 8.92653e-15
        1335     4.96354 8.92653e-15
        1336     4.96354 8.92653e-15
        1337     4.96354 8.92653e-15
        1338     4.96354 8.92653e-15
        1339     4.96354 8.92653e-15
        1340     4.96354 8.92653e-15
        1341     4.96354 8.92653e-15
        1342     4.96354 8.92653e-15
        1343     4.96354 8.92653e-15
        1344     4.96354 8.92653e-15
        1345     4.96354 8.92653e-15
        1346     4.96354 8.92653e-15
        1347     4.96354 8.92653e-15
        1348     4.96354 8.92653e-15
        1349     4.96354 8.92653e-15
        1350     4.96354 8.92653e-15
        1351     4.96354 8.92653e-15
        1352     4.96354 8.92653e-15
        1353     4.96354 8.92653e-15
        1354     4.96354 8.92653e-15
        1355     4.96354 8.92653e-15
        1356     4.96354 8.92653e-15
        1357     4.96354 8.92653e-15
        1358     4.96354 8.92653e-15
        1359     4.96354 8.92653e-15
        1360     4.96354 8.92653e-15
        1361     4.96354 8.92653e-15
        1362     4.96354 8.92653e-15
        1363     4.96354 8.92653e-15
        1364     4.96354 8.92653e-15
        1365     4.96354 8.92653e-15
        1366     4.96354 8.92653e-15
        1367     4.96354 8.92653e-15
        1368     4.96354 8.92653e-15
        1369     4.96354 8.92653e-15
        1370     4.96354 8.92653e-15
        1371     4.96354 8.92653e-15
        1372     4.96354 8.92653e-15
        1373     4.96354 8.92653e-15
        1374     4.96354 8.92653e-15
        1375     4.96354 8.92653e-15
        1376     4.96354 8.92653e-15
        1377     4.96354 8.92653e-15
        1378     4.96354 8.92653e-15
        1379     4.96354 8.92653e-15
        1380     4.96354 8.92653e-15
        1381     4.96354 8.92653e-15
        1382     4.96354 8.92653e-15
        1383     4.96354 8.92653e-15
        1384     4.96354 8.92653e-15
        1385     4.96354 8.92653e-15
        1386     4.96354 8.92653e-15
        1387     4.96354 8.92653e-15
        1388     4.96354 8.92653e-15
        1389     4.96354 8.92653e-15
        1390     4.96354 8.92653e-15
        1391     4.96354 8.92653e-15
        1392     4.96354 8.92653e-15
        1393     4.96354 8.92653e-15
        1394     4.96354 8.92653e-15
        1395     4.96354 8.92653e-15
        1396     4.96354 8.92653e-15
        1397     4.96354 8.92653e-15
        1398     4.96354 8.92653e-15
        1399     4.96354 8.92653e-15
        1400     4.96354 8.92653e-15
        1401     4.96354 8.92653e-15
        1402     4.96354 8.92653e-15
        1403     4.96354 8.92653e-15
        1404     4.96354 8.92653e-15
        1405     4.96354 8.92653e-15
        1406     4.96354 8.92653e-15
        1407     4.96354 8.92653e-15
        1408     4.96354 8.92653e-15
        1409     4.96354 8.92653e-15
        1410     4.96354 8.92653e-15
        1411     4.96354 8.92653e-15
        1412     4.96354 8.92653e-15
        1413     4.96354 8.92653e-15
        1414     4.96354 8.92653e-15
        1415     4.96354 8.92653e-15
        1416     4.96354 8.92653e-15
        1417     4.96354 8.92653e-15
        1418     4.96354 8.92653e-15
        1419     4.96354 8.92653e-15
        1420     4.96354 8.92653e-15
        1421     4.96354 8.92653e-15
        1422     4.96354 8.92653e-15
        1423     4.96354 8.92653e-15
        1424     4.96354 8.92653e-15
        1425     4.96354 8.92653e-15
        1426     4.96354 8.92653e-15
        1427     4.96354 8.92653e-15
        1428     4.96354 8.92653e-15
        1429     4.96354 8.92653e-15
        1430     4.96354 8.92653e-15
        1431     4.96354 8.92653e-15
        1432     4.96354 8.92653e-15
        1433     4.96354 8.92653e-15
        1434     4.96354 8.92653e-15
        1435     4.96354 8.92653e-15
        1436     4.96354 8.92653e-15
        1437     4.96354 8.92653e-15
        1438     4.96354 8.92653e-15
        1439     4.96354 8.92653e-15
        1440     4.96354 8.92653e-15
        1441     4.96354 8.92653e-15
        1442     4.96354 8.92653e-15
        1443     4.96354 8.92653e-15
        1444     4.96354 8.92653e-15
        1445     4.96354 8.92653e-15
        1446     4.96354 8.92653e-15
        1447     4.96354 8.92653e-15
        1448     4.96354 8.92653e-15
        1449     4.96354 8.92653e-15
        1450     4.96354 8.92653e-15
        1451     4.96354 8.92653e-15
        1452     4.96354 8.92653e-15
        1453     4.96354 8.92653e-15
        1454     4.96354 8.92653e-15
        1455     4.96354 8.92653e-15
        1456     4.96354 8.92653e-15
        1457     4.96354 8.92653e-15
        1458     4.96354 8.92653e-15
        1459     4.96354 8.92653e-15
        1460     4.96354 8.92653e-15
        1461     4.96354 8.92653e-15
        1462     4.96354 8.92653e-15
        1463     4.96354 8.92653e-15
        1464     4.96354 8.92653e-15
        1465     4.96354 8.92653e-15
        1466     4.96354 8.92653e-15
        1467     4.96354 8.92653e-15
        1468     4.96354 8.92653e-15
        1469     4.96354 8.92653e-15
        1470     4.96354 8.92653e-15
        1471     4.96354 8.92653e-15
        1472     4.96354 8.92653e-15
        1473     4.96354 8.92653e-15
        1474     4.96354 8.92653e-15
        1475     4.96354 8.92653e-15
        1476     4.96354 8.92653e-15
        1477     4.96354 8.92653e-15
        1478     4.96354 8.92653e-15
        1479     4.96354 8.92653e-15
        1480     4.96354 8.92653e-15
        1481     4.96354 8.92653e-15
        1482     4.96354 8.92653e-15
        1483     4.96354 8.92653e-15
        1484     4.96354 8.92653e-15
        1485     4.96354 8.92653e-15
        1486     4.96354 8.92653e-15
        1487     4.96354 8.92653e-15
        1488     4.96354 8.92653e-15
        1489     4.96354 8.92653e-15
        1490     4.96354 8.92653e-15
        1491     4.96354 8.92653e-15
        1492     4.96354 8.92653e-15
        1493     4.96354 8.92653e-15
        1494     4.96354 8.92653e-15
        1495     4.96354 8.92653e-15
        1496     4.96354 8.92653e-15
        1497     4.96354 8.92653e-15
        1498     4.96354 8.92653e-15
        1499     4.96354 8.92653e-15
        1500     4.96354 8.92653e-15
        1501     4.96354 8.92653e-15
        1502     4.96354 8.92653e-15
        1503     4.96354 8.92653e-15
        1504     4.96354 8.92653e-15
        1505     4.96354 8.92653e-15
        1506     4.96354 8.92653e-15
        1507     4.96354 8.92653e-15
        1508     4.96354 8.92653e-15
        1509     4.96354 8.92653e-15
        1510     4.96354 8.92653e-15
        1511     4.96354 8.92653e-15
        1512     4.96354 8.92653e-15
        1513     4.96354 8.92653e-15
        1514     4.96354 8.92653e-15
        1515     4.96354 8.92653e-15
        1516     4.96354 8.92653e-15
        1517     4.96354 8.92653e-15
        1518     4.96354 8.92653e-15
        1519     4.96354 8.92653e-15
        1520     4.96354 8.92653e-15
        1521     4.96354 8.92653e-15
        1522     4.96354 8.92653e-15
        1523     4.96354 8.92653e-15
        1524     4.96354 8.92653e-15
        1525     4.96354 8.92653e-15
        1526     4.96354 8.92653e-15
        1527     4.96354 8.92653e-15
        1528     4.96354 8.92653e-15
        1529     4.96354 8.92653e-15
        1530     4.96354 8.92653e-15
        1531     4.96354 8.92653e-15
        1532     4.96354 8.92653e-15
        1533     4.96354 8.92653e-15
        1534     4.96354 8.92653e-15
        1535     4.96354 8.92653e-15
        1536     4.96354 8.92653e-15
        1537     4.96354 8.92653e-15
        1538     4.96354 8.92653e-15
        1539     4.96354 8.92653e-15
        1540     4.96354 8.92653e-15
        1541     4.96354 8.92653e-15
        1542     4.96354 8.92653e-15
        1543     4.96354 8.92653e-15
        1544     4.96354 8.92653e-15
        1545     4.96354 8.92653e-15
        1546     4.96354 8.92653e-15
        1547     4.96354 8.92653e-15
        1548     4.96354 8.92653e-15
        1549     4.96354 8.92653e-15
        1550     4.96354 8.92653e-15
        1551     4.96354 8.92653e-15
        1552     4.96354 8.92653e-15
        1553     4.96354 8.92653e-15
        1554     4.96354 8.92653e-15
        1555     4.96354 8.92653e-15
        1556     4.96354 8.92653e-15
        1557     4.96354 8.92653e-15
        1558     4.96354 8.92653e-15
        1559     4.96354 8.92653e-15
        1560     4.96354 8.92653e-15
        1561     4.96354 8.92653e-15
        1562     4.96354 8.92653e-15
        1563     4.96354 8.92653e-15
        1564     4.96354 8.92653e-15
        1565     4.96354 8.92653e-15
        1566     4.96354 8.92653e-15
        1567     4.96354 8.92653e-15
        1568     4.96354 8.92653e-15
        1569     4.96354 8.92653e-15
        1570     4.96354 8.92653e-15
        1571     4.96354 8.92653e-15
        1572     4.96354 8.92653e-15
        1573     4.96354 8.92653e-15
        1574     4.96354 8.92653e-15
        1575     4.96354 8.92653e-15
        1576     4.96354 8.92653e-15
        1577     4.96354 8.92653e-15
        1578     4.96354 8.92653e-15
        1579     4.96354 8.92653e-15
        1580     4.96354 8.92653e-15
        1581     4.96354 8.92653e-15
        1582     4.96354 8.92653e-15
        1583     4.96354 8.92653e-15
        1584     4.96354 8.92653e-15
        1585     4.96354 8.92653e-15
        1586     4.96354 8.92653e-15
        1587     4.96354 8.92653e-15
        1588     4.96354 8.92653e-15
        1589     4.96354 8.92653e-15
        1590     4.96354 8.92653e-15
        1591     4.96354 8.92653e-15
        1592     4.96354 8.92653e-15
        1593     4.96354 8.92653e-15
        1594     4.96354 8.92653e-15
        1595     4.96354 8.92653e-15
        1596     4.96354 8.92653e-15
        1597     4.96354 8.92653e-15
        1598     4.96354 8.92653e-15
        1599     4.96354 8.92653e-15
        1600     4.96354 8.92653e-15
        1601     4.96354 8.92653e-15
        1602     4.96354 8.92653e-15
        1603     4.96354 8.92653e-15
        1604     4.96354 8.92653e-15
        1605     4.96354 8.92653e-15
        1606     4.96354 8.92653e-15
        1607     4.96354 8.92653e-15
        1608     4.96354 8.92653e-15
        1609     4.96354 8.92653e-15
        1610     4.96354 8.92653e-15
        1611     4.96354 8.92653e-15
        1612     4.96354 8.92653e-15
        1613     4.96354 8.92653e-15
        1614     4.96354 8.92653e-15
        1615     4.96354 8.92653e-15
        1616     4.96354 8.92653e-15
        1617     4.96354 8.92653e-15
        1618     4.96354 8.92653e-15
        1619     4.96354 8.92653e-15
        1620     4.96354 8.92653e-15
        1621     4.96354 8.92653e-15
        1622     4.96354 8.92653e-15
        1623     4.96354 8.92653e-15
        1624     4.96354 8.92653e-15
        1625     4.96354 8.92653e-15
        1626     4.96354 8.92653e-15
        1627     4.96354 8.92653e-15
        1628     4.96354 8.92653e-15
        1629     4.96354 8.92653e-15
        1630     4.96354 8.92653e-15
        1631     4.96354 8.92653e-15
        1632     4.96354 8.92653e-15
        1633     4.96354 8.92653e-15
        1634     4.96354 8.92653e-15
        1635     4.96354 8.92653e-15
        1636     4.96354 8.92653e-15
        1637     4.96354 8.92653e-15
        1638     4.96354 8.92653e-15
        1639     4.96354 8.92653e-15
        1640     4.96354 8.92653e-15
        1641     4.96354 8.92653e-15
        1642     4.96354 8.92653e-15
        1643     4.96354 8.92653e-15
        1644     4.96354 8.92653e-15
        1645     4.96354 8.92653e-15
        1646     4.96354 8.92653e-15
        1647     4.96354 8.92653e-15
        1648     4.96354 8.92653e-15
        1649     4.96354 8.92653e-15
        1650     4.96354 8.92653e-15
        1651     4.96354 8.92653e-15
        1652     4.96354 8.92653e-15
        1653     4.96354 8.92653e-15
        1654     4.96354 8.92653e-15
        1655     4.96354 8.92653e-15
        1656     4.96354 8.92653e-15
        1657     4.96354 8.92653e-15
        1658     4.96354 8.92653e-15
        1659     4.96354 8.92653e-15
        1660     4.96354 8.92653e-15
        1661     4.96354 8.92653e-15
        1662     4.96354 8.92653e-15
        1663     4.96354 8.92653e-15
        1664     4.96354 8.92653e-15
        1665     4.96354 8.92653e-15
        1666     4.96354 8.92653e-15
        1667     4.96354 8.92653e-15
        1668     4.96354 8.92653e-15
        1669     4.96354 8.92653e-15
        1670     4.96354 8.92653e-15
        1671     4.96354 8.92653e-15
        1672     4.96354 8.92653e-15
        1673     4.96354 8.92653e-15
        1674     4.96354 8.92653e-15
        1675     4.96354 8.92653e-15
        1676     4.96354 8.92653e-15
        1677     4.96354 8.92653e-15
        1678     4.96354 8.92653e-15
        1679     4.96354 8.92653e-15
        1680     4.96354 8.92653e-15
        1681     4.96354 8.92653e-15
        1682     4.96354 8.92653e-15
        1683     4.96354 8.92653e-15
        1684     4.96354 8.92653e-15
        1685     4.96354 8.92653e-15
        1686     4.96354 8.92653e-15
        1687     4.96354 8.92653e-15
        1688     4.96354 8.92653e-15
        1689     4.96354 8.92653e-15
        1690     4.96354 8.92653e-15
        1691     4.96354 8.92653e-15
        1692     4.96354 8.92653e-15
        1693     4.96354 8.92653e-15
        1694     4.96354 8.92653e-15
        1695     4.96354 8.92653e-15
        1696     4.96354 8.92653e-15
        1697     4.96354 8.92653e-15
        1698     4.96354 8.92653e-15
        1699     4.96354 8.92653e-15
        1700     4.96354 8.92653e-15
        1701     4.96354 8.92653e-15
        1702     4.96354 8.92653e-15
        1703     4.96354 8.92653e-15
        1704     4.96354 8.92653e-15
        1705     4.96354 8.92653e-15
        1706     4.96354 8.92653e-15
        1707     4.96354 8.92653e-15
        1708     4.96354 8.92653e-15
        1709     4.96354 8.92653e-15
        1710     4.96354 8.92653e-15
        1711     4.96354 8.92653e-15
        1712     4.96354 8.92653e-15
        1713     4.96354 8.92653e-15
        1714     4.96354 8.92653e-15
        1715     4.96354 8.92653e-15
        1716     4.96354 8.92653e-15
        1717     4.96354 8.92653e-15
        1718     4.96354 8.92653e-15
        1719     4.96354 8.92653e-15
        1720     4.96354 8.92653e-15
        1721     4.96354 8.92653e-15
        1722     4.96354 8.92653e-15
        1723     4.96354 8.92653e-15
        1724     4.96354 8.92653e-15
        1725     4.96354 8.92653e-15
        1726     4.96354 8.92653e-15
        1727     4.96354 8.92653e-15
        1728     4.96354 8.92653e-15
        1729     4.96354 8.92653e-15
        1730     4.96354 8.92653e-15
        1731     4.96354 8.92653e-15
        1732     4.96354 8.92653e-15
        1733     4.96354 8.92653e-15
        1734     4.96354 8.92653e-15
        1735     4.96354 8.92653e-15
        1736     4.96354 8.92653e-15
        1737     4.96354 8.92653e-15
        1738     4.96354 8.92653e-15
        1739     4.96354 8.92653e-15
        1740     4.96354 8.92653e-15
        1741     4.96354 8.92653e-15
        1742     4.96354 8.92653e-15
        1743     4.96354 8.92653e-15
        1744     4.96354 8.92653e-15
        1745     4.96354 8.92653e-15
        1746     4.96354 8.92653e-15
        1747     4.96354 8.92653e-15
        1748     4.96354 8.92653e-15
        1749     4.96354 8.92653e-15
        1750     4.96354 8.92653e-15
        1751     4.96354 8.92653e-15
        1752     4.96354 8.92653e-15
        1753     4.96354 8.92653e-15
        1754     4.96354 8.92653e-15
        1755     4.96354 8.92653e-15
        1756     4.96354 8.92653e-15
        1757     4.96354 8.92653e-15
        1758     4.96354 8.92653e-15
        1759     4.96354 8.92653e-15
        1760     4.96354 8.92653e-15
        1761     4.96354 8.92653e-15
        1762     4.96354 8.92653e-15
        1763     4.96354 8.92653e-15
        1764     4.96354 8.92653e-15
        1765     4.96354 8.92653e-15
        1766     4.96354 8.92653e-15
        1767     4.96354 8.92653e-15
        1768     4.96354 8.92653e-15
        1769     4.96354 8.92653e-15
        1770     4.96354 8.92653e-15
        1771     4.96354 8.92653e-15
        1772     4.96354 8.92653e-15
        1773     4.96354 8.92653e-15
        1774     4.96354 8.92653e-15
        1775     4.96354 8.92653e-15
        1776     4.96354 8.92653e-15
        1777     4.96354 8.92653e-15
        1778     4.96354 8.92653e-15
        1779     4.96354 8.92653e-15
        1780     4.96354 8.92653e-15
        1781     4.96354 8.92653e-15
        1782     4.96354 8.92653e-15
        1783     4.96354 8.92653e-15
        1784     4.96354 8.92653e-15
        1785     4.96354 8.92653e-15
        1786     4.96354 8.92653e-15
        1787     4.96354 8.92653e-15
        1788     4.96354 8.92653e-15
        1789     4.96354 8.92653e-15
        1790     4.96354 8.92653e-15
        1791     4.96354 8.92653e-15
        1792     4.96354 8.92653e-15
        1793     4.96354 8.92653e-15
        1794     4.96354 8.92653e-15
        1795     4.96354 8.92653e-15
        1796     4.96354 8.92653e-15
        1797     4.96354 8.92653e-15
        1798     4.96354 8.92653e-15
        1799     4.96354 8.92653e-15
        1800     4.96354 8.92653e-15
        1801     4.96354 8.92653e-15
        1802     4.96354 8.92653e-15
        1803     4.96354 8.92653e-15
        1804     4.96354 8.92653e-15
        1805     4.96354 8.92653e-15
        1806     4.96354 8.92653e-15
        1807     4.96354 8.92653e-15
        1808     4.96354 8.92653e-15
        1809     4.96354 8.92653e-15
        1810     4.96354 8.92653e-15
        1811     4.96354 8.92653e-15
        1812     4.96354 8.92653e-15
        1813     4.96354 8.92653e-15
        1814     4.96354 8.92653e-15
        1815     4.96354 8.92653e-15
        1816     4.96354 8.92653e-15
        1817     4.96354 8.92653e-15
        1818     4.96354 8.92653e-15
        1819     4.96354 8.92653e-15
        1820     4.96354 8.92653e-15
        1821     4.96354 8.92653e-15
        1822     4.96354 8.92653e-15
        1823     4.96354 8.92653e-15
        1824     4.96354 8.92653e-15
        1825     4.96354 8.92653e-15
        1826     4.96354 8.92653e-15
        1827     4.96354 8.92653e-15
        1828     4.96354 8.92653e-15
        1829     4.96354 8.92653e-15
        1830     4.96354 8.92653e-15
        1831     4.96354 8.92653e-15
        1832     4.96354 8.92653e-15
        1833     4.96354 8.92653e-15
        1834     4.96354 8.92653e-15
        1835     4.96354 8.92653e-15
        1836     4.96354 8.92653e-15
        1837     4.96354 8.92653e-15
        1838     4.96354 8.92653e-15
        1839     4.96354 8.92653e-15
        1840     4.96354 8.92653e-15
        1841     4.96354 8.92653e-15
        1842     4.96354 8.92653e-15
        1843     4.96354 8.92653e-15
        1844     4.96354 8.92653e-15
        1845     4.96354 8.92653e-15
        1846     4.96354 8.92653e-15
        1847     4.96354 8.92653e-15
        1848     4.96354 8.92653e-15
        1849     4.96354 8.92653e-15
        1850     4.96354 8.92653e-15
        1851     4.96354 8.92653e-15
        1852     4.96354 8.92653e-15
        1853     4.96354 8.92653e-15
        1854     4.96354 8.92653e-15
        1855     4.96354 8.92653e-15
        1856     4.96354 8.92653e-15
        1857     4.96354 8.92653e-15
        1858     4.96354 8.92653e-15
        1859     4.96354 8.92653e-15
        1860     4.96354 8.92653e-15
        1861     4.96354 8.92653e-15
        1862     4.96354 8.92653e-15
        1863     4.96354 8.92653e-15
        1864     4.96354 8.92653e-15
        1865     4.96354 8.92653e-15
        1866     4.96354 8.92653e-15
        1867     4.96354 8.92653e-15
        1868     4.96354 8.92653e-15
        1869     4.96354 8.92653e-15
        1870     4.96354 8.92653e-15
        1871     4.96354 8.92653e-15
        1872     4.96354 8.92653e-15
        1873     4.96354 8.92653e-15
        1874     4.96354 8.92653e-15
        1875     4.96354 8.92653e-15
        1876     4.96354 8.92653e-15
        1877     4.96354 8.92653e-15
        1878     4.96354 8.92653e-15
        1879     4.96354 8.92653e-15
        1880     4.96354 8.92653e-15
        1881     4.96354 8.92653e-15
        1882     4.96354 8.92653e-15
        1883     4.96354 8.92653e-15
        1884     4.96354 8.92653e-15
        1885     4.96354 8.92653e-15
        1886     4.96354 8.92653e-15
        1887     4.96354 8.92653e-15
        1888     4.96354 8.92653e-15
        1889     4.96354 8.92653e-15
        1890     4.96354 8.92653e-15
        1891     4.96354 8.92653e-15
        1892     4.96354 8.92653e-15
        1893     4.96354 8.92653e-15
        1894     4.96354 8.92653e-15
        1895     4.96354 8.92653e-15
        1896     4.96354 8.92653e-15
        1897     4.96354 8.92653e-15
        1898     4.96354 8.92653e-15
        1899     4.96354 8.92653e-15
        1900     4.96354 8.92653e-15
        1901     4.96354 8.92653e-15
        1902     4.96354 8.92653e-15
        1903     4.96354 8.92653e-15
        1904     4.96354 8.92653e-15
        1905     4.96354 8.92653e-15
        1906     4.96354 8.92653e-15
        1907     4.96354 8.92653e-15
        1908     4.96354 8.92653e-15
        1909     4.96354 8.92653e-15
        1910     4.96354 8.92653e-15
        1911     4.96354 8.92653e-15
        1912     4.96354 8.92653e-15
        1913     4.96354 8.92653e-15
        1914     4.96354 8.92653e-15
        1915     4.96354 8.92653e-15
        1916     4.96354 8.92653e-15
        1917     4.96354 8.92653e-15
        1918     4.96354 8.92653e-15
        1919     4.96354 8.92653e-15
        1920     4.96354 8.92653e-15
        1921     4.96354 8.92653e-15
        1922     4.96354 8.92653e-15
        1923     4.96354 8.92653e-15
        1924     4.96354 8.92653e-15
        1925     4.96354 8.92653e-15
        1926     4.96354 8.92653e-15
        1927     4.96354 8.92653e-15
        1928     4.96354 8.92653e-15
        1929     4.96354 8.92653e-15
        1930     4.96354 8.92653e-15
        1931     4.96354 8.92653e-15
        1932     4.96354 8.92653e-15
        1933     4.96354 8.92653e-15
        1934     4.96354 8.92653e-15
        1935     4.96354 8.92653e-15
        1936     4.96354 8.92653e-15
        1937     4.96354 8.92653e-15
        1938     4.96354 8.92653e-15
        1939     4.96354 8.92653e-15
        1940     4.96354 8.92653e-15
        1941     4.96354 8.92653e-15
        1942     4.96354 8.92653e-15
        1943     4.96354 8.92653e-15
        1944     4.96354 8.92653e-15
        1945     4.96354 8.92653e-15
        1946     4.96354 8.92653e-15
        1947     4.96354 8.92653e-15
        1948     4.96354 8.92653e-15
        1949     4.96354 8.92653e-15
        1950     4.96354 8.92653e-15
        1951     4.96354 8.92653e-15
        1952     4.96354 8.92653e-15
        1953     4.96354 8.92653e-15
        1954     4.96354 8.92653e-15
        1955     4.96354 8.92653e-15
        1956     4.96354 8.92653e-15
        1957     4.96354 8.92653e-15
        1958     4.96354 8.92653e-15
        1959     4.96354 8.92653e-15
        1960     4.96354 8.92653e-15
        1961     4.96354 8.92653e-15
        1962     4.96354 8.92653e-15
        1963     4.96354 8.92653e-15
        1964     4.96354 8.92653e-15
        1965     4.96354 8.92653e-15
        1966     4.96354 8.92653e-15
        1967     4.96354 8.92653e-15
        1968     4.96354 8.92653e-15
        1969     4.96354 8.92653e-15
        1970     4.96354 8.92653e-15
        1971     4.96354 8.92653e-15
        1972     4.96354 8.92653e-15
        1973     4.96354 8.92653e-15
        1974     4.96354 8.92653e-15
        1975     4.96354 8.92653e-15
        1976     4.96354 8.92653e-15
        1977     4.96354 8.92653e-15
        1978     4.96354 8.92653e-15
        1979     4.96354 8.92653e-15
        1980     4.96354 8.92653e-15
        1981     4.96354 8.92653e-15
        1982     4.96354 8.92653e-15
        1983     4.96354 8.92653e-15
        1984     4.96354 8.92653e-15
        1985     4.96354 8.92653e-15
        1986     4.96354 8.92653e-15
        1987     4.96354 8.92653e-15
        1988     4.96354 8.92653e-15
        1989     4.96354 8.92653e-15
        1990     4.96354 8.92653e-15
        1991     4.96354 8.92653e-15
        1992     4.96354 8.92653e-15
        1993     4.96354 8.92653e-15
        1994     4.96354 8.92653e-15
        1995     4.96354 8.92653e-15
        1996     4.96354 8.92653e-15
        1997     4.96354 8.92653e-15
        1998     4.96354 8.92653e-15
        1999     4.96354 8.92653e-15
        2000     4.96354 8.92653e-15
