           1     15.2948     1.00156
           2     13.9028    0.887147
           3     13.2317    0.424813
           4     12.8863     0.20888
           5     12.6293    0.234743
           6      12.394   0.0698878
           7     12.3262    0.128035
           8     12.1619    0.213715
           9       12.02    0.210874
          10     11.7914    0.253193
          11     11.4595    0.330352
          12     11.1532    0.110445
          13     11.0438    0.123432
          14     10.9321   0.0724016
          15     10.8363    0.170409
          16     10.6234    0.205669
          17     10.4732   0.0414846
          18     10.4221    0.140325
          19     10.2644    0.206191
          20     10.0834    0.089705
          21     10.0497    0.030751
          22     10.0231    0.042922
          23     9.98592    0.053343
          24     9.92079    0.116812
          25     9.81179    0.163773
          26      9.6913    0.128389
          27     9.58424    0.118104
          28     9.46937     0.17262
          29     9.32833    0.127588
          30     9.25056    0.116767
          31     9.12698    0.240545
          32     8.86724     0.31802
          33     8.57838    0.196212
          34     8.45706   0.0720404
          35      8.4012   0.0892206
          36     8.31078   0.0583278
          37     8.26476    0.038422
          38      8.2105    0.113022
          39     8.08151    0.148375
          40     7.98591   0.0938527
          41     7.94819   0.0164162
          42     7.93009   0.0390792
          43     7.88341   0.0586603
          44     7.82706   0.0499867
          45     7.78762    0.028453
          46      7.7583 1.33898e-14
          47     7.75606    0.022401
          48     7.72529   0.0837564
          49     7.61937    0.148916
          50     7.49251    0.125045
          51     7.39731   0.0619651
          52     7.36734   0.0055642
          53     7.36239  0.00797768
          54     7.35521  0.00481072
          55     7.35362 9.81918e-15
          56     7.35252   0.0110075
          57     7.33491   0.0415561
          58     7.28647   0.0539596
          59     7.25137   0.0274957
          60     7.24354 8.03388e-15
          61     7.24354 8.03388e-15
          62     7.24354 8.03388e-15
          63      7.2422   0.0134583
          64     7.23143   0.0387091
          65     7.19106   0.0659734
          66     7.15472   0.0640742
          67     7.10896 8.92653e-15
          68     7.10895 8.73066e-05
          69     7.10888 0.000251114
          70     7.10864 0.000423644
          71     7.10835 0.000402105
          72     7.10706   0.0105577
          73     7.09648   0.0331887
          74     7.05993   0.0539263
          75     7.01803   0.0529381
          76     6.96864   0.0427876
          77     6.91408   0.0264246
          78     6.89529 5.35592e-15
          79     6.89529 5.35592e-15
          80     6.89529 5.35592e-15
          81     6.89529 5.35592e-15
          82     6.89529 5.35592e-15
          83     6.89529 5.35592e-15
          84     6.89487  0.00325942
          85     6.89001   0.0109868
          86     6.87359   0.0128985
          87     6.86488 2.67796e-15
          88     6.86488 2.67796e-15
          89     6.86476  0.00120387
          90     6.86331  0.00406905
          91      6.8591  0.00604482
          92     6.85549   0.0050121
          93     6.85284 1.07118e-14
          94     6.85284 1.07118e-14
          95     6.85284 1.07118e-14
          96     6.85284 1.07118e-14
          97     6.85284 1.07118e-14
          98     6.85284 1.07118e-14
          99     6.85284 1.07118e-14
         100     6.85284 1.07118e-14
         101     6.85284 1.07118e-14
         102     6.85284 1.07118e-14
         103     6.85284 1.07118e-14
         104     6.85284 1.07118e-14
         105     6.85284 1.07118e-14
         106     6.85284 1.07118e-14
         107     6.85284 1.07118e-14
         108     6.85284 1.07118e-14
         109     6.84958   0.0326334
         110     6.80715    0.113804
         111      6.6831    0.163808
         112     6.57022    0.109913
         113     6.52651 8.92653e-16
         114     6.52651 8.92653e-16
         115     6.52651 8.92653e-16
         116     6.52651 8.92653e-16
         117     6.52651 8.92653e-16
         118     6.52496   0.0108998
         119     6.51179   0.0305429
         120     6.47693   0.0373708
         121     6.45291   0.0169683
         122     6.44904 8.92653e-15
         123     6.44904 8.92653e-15
         124     6.44904 8.92653e-15
         125     6.44904 8.92653e-15
         126     6.44899 0.000482893
         127     6.44846  0.00157712
         128     6.44721  0.00235571
         129     6.44489  0.00168402
         130     6.44403  0.00182341
         131     6.44221  0.00573402
         132     6.43582  0.00913363
         133     6.42762  0.00524456
         134     6.42598 1.07118e-14
         135     6.42598 1.07118e-14
         136     6.42598 1.07118e-14
         137     6.42598 1.07118e-14
         138     6.42598 1.07118e-14
         139     6.42598 1.07118e-14
         140     6.42598 1.07118e-14
         141     6.42598 1.07118e-14
         142     6.42598 1.07118e-14
         143     6.42598 1.07118e-14
         144     6.42598 1.07118e-14
         145     6.42598 1.07118e-14
         146     6.42598 1.07118e-14
         147     6.42598 1.07118e-14
         148     6.42598 1.07118e-14
         149     6.42598 1.07118e-14
         150     6.42598 1.07118e-14
         151     6.42598 1.07118e-14
         152     6.42598 1.07118e-14
         153     6.42598 1.07118e-14
         154     6.42598 1.07118e-14
         155     6.42598 1.07118e-14
         156     6.42598 1.07118e-14
         157     6.42598 1.07118e-14
         158     6.42598 1.07118e-14
         159     6.42594 0.000385702
         160     6.42563  0.00110937
         161     6.42474  0.00180827
         162     6.42312  0.00170034
         163     6.42212 2.67796e-15
         164     6.42212 2.67796e-15
         165     6.42212 2.67796e-15
         166     6.42212 2.67796e-15
         167     6.42212 2.67796e-15
         168     6.42212 2.67796e-15
         169     6.42212 2.67796e-15
         170     6.42212 2.67796e-15
         171     6.42212 2.67796e-15
         172     6.42212 2.67796e-15
         173     6.42212 2.67796e-15
         174     6.42212 2.67796e-15
         175     6.42212 2.67796e-15
         176     6.42212 2.67796e-15
         177     6.42212 2.67796e-15
         178     6.42212 2.67796e-15
         179     6.42212 2.67796e-15
         180     6.42212 2.67796e-15
         181     6.42212 2.67796e-15
         182     6.42212 2.67796e-15
         183     6.42212 2.67796e-15
         184     6.42212 2.67796e-15
         185     6.42212 2.67796e-15
         186     6.42212 2.67796e-15
         187     6.42212 2.67796e-15
         188     6.42212 2.67796e-15
         189     6.42212 2.67796e-15
         190     6.42212 2.67796e-15
         191     6.42212 2.67796e-15
         192     6.42212 2.67796e-15
         193     6.42212 2.67796e-15
         194     6.42212 2.67796e-15
         195     6.42212 2.67796e-15
         196     6.42212 2.67796e-15
         197     6.42212 2.67796e-15
         198     6.42212 2.67796e-15
         199     6.42212 2.67796e-15
         200     6.42212 2.67796e-15
         201     6.42212 2.67796e-15
         202     6.42212 2.67796e-15
         203     6.42212 2.67796e-15
         204     6.42212 2.67796e-15
         205     6.42212 2.67796e-15
         206     6.42212 2.67796e-15
         207     6.42212 2.67796e-15
         208     6.42212 2.67796e-15
         209     6.42212 2.67796e-15
         210     6.42212 2.67796e-15
         211     6.42212 2.67796e-15
         212     6.42212 2.67796e-15
         213     6.42212 2.67796e-15
         214     6.42212 2.67796e-15
         215     6.42212 2.67796e-15
         216     6.42212 2.67796e-15
         217     6.42212 2.67796e-15
         218     6.42212 2.67796e-15
         219     6.42212 2.67796e-15
         220     6.42212 2.67796e-15
         221     6.42212 2.67796e-15
         222     6.42212 2.67796e-15
         223     6.42212 2.67796e-15
         224     6.42212 2.67796e-15
         225     6.42212 2.67796e-15
         226     6.42212 2.67796e-15
         227     6.42212 2.67796e-15
         228     6.42212 2.67796e-15
         229     6.42212 2.67796e-15
         230     6.42212 2.67796e-15
         231     6.42212 2.67796e-15
         232     6.42212 2.67796e-15
         233     6.42212 2.67796e-15
         234     6.42212 2.67796e-15
         235     6.42212 2.67796e-15
         236     6.42212 2.67796e-15
         237     6.42212 2.67796e-15
         238     6.42212 2.67796e-15
         239     6.42212 2.67796e-15
         240     6.42212 2.67796e-15
         241     6.42212 2.67796e-15
         242     6.42212 2.67796e-15
         243     6.42212 2.67796e-15
         244     6.42212 2.67796e-15
         245     6.42212 2.67796e-15
         246     6.42212 2.67796e-15
         247     6.42212 2.67796e-15
         248     6.42212 2.67796e-15
         249     6.42212 2.67796e-15
         250     6.42212 2.67796e-15
         251     6.42212 2.67796e-15
         252     6.42212 2.67796e-15
         253     6.42212 2.67796e-15
         254     6.42212 2.67796e-15
         255     6.42212 2.67796e-15
         256     6.42212 2.67796e-15
         257     6.42212 2.67796e-15
         258     6.42212 2.67796e-15
         259     6.42212 2.67796e-15
         260     6.42212 2.67796e-15
         261     6.42212 2.67796e-15
         262     6.42212 2.67796e-15
         263     6.42212 2.67796e-15
         264     6.42212 2.67796e-15
         265     6.42212 2.67796e-15
         266     6.42212 2.67796e-15
         267     6.42212 2.67796e-15
         268     6.42212 2.67796e-15
         269     6.42212 2.67796e-15
         270     6.42212 2.67796e-15
         271     6.42212 2.67796e-15
         272     6.42212 2.67796e-15
         273     6.42212 2.67796e-15
         274     6.42212 2.67796e-15
         275     6.42212 2.67796e-15
         276     6.42212 2.67796e-15
         277     6.42212 2.67796e-15
         278     6.42212 2.67796e-15
         279     6.42212 2.67796e-15
         280     6.42212 2.67796e-15
         281     6.42212 2.67796e-15
         282     6.42212 2.67796e-15
         283     6.42086   0.0125885
         284     6.40701   0.0411139
         285     6.36925   0.0624447
         286     6.29624 6.24857e-15
         287     6.29624 6.24857e-15
         288     6.29624 6.24857e-15
         289     6.29624 6.24857e-15
         290     6.29624 6.24857e-15
         291     6.29624 6.24857e-15
         292     6.29624 6.24857e-15
         293     6.29624 6.24857e-15
         294     6.29624 6.24857e-15
         295     6.29624 6.24857e-15
         296     6.29624 6.24857e-15
         297     6.29624 6.24857e-15
         298     6.29624 6.24857e-15
         299     6.29624 6.24857e-15
         300     6.29593  0.00310728
         301     6.29251   0.0101483
         302     6.28319   0.0154135
         303     6.26672  0.00680627
         304     6.26516 1.42824e-14
         305     6.26516 1.42824e-14
         306     6.26516 1.42824e-14
         307     6.26516 1.42824e-14
         308     6.26516 1.42824e-14
         309     6.26516 1.42824e-14
         310     6.26516 1.42824e-14
         311       6.265  0.00164134
         312      6.2627  0.00589028
         313     6.25548  0.00811332
         314     6.24875 8.92653e-15
         315     6.24875 8.92653e-15
         316     6.24728   0.0146512
         317      6.2297   0.0495205
         318     6.16524   0.0728997
         319     6.10961   0.0320848
         320     6.10224 1.24971e-14
         321     6.10224 1.24971e-14
         322     6.10224 1.24971e-14
         323     6.10224 1.24971e-14
         324     6.10224 1.24971e-14
         325     6.10224 1.24971e-14
         326     6.10224 1.24971e-14
         327     6.10224 1.24971e-14
         328     6.10224 1.24971e-14
         329     6.10079   0.0144736
         330     6.08632   0.0455145
         331     6.04145   0.0717955
         332      5.9575 8.92653e-16
         333      5.9575 8.92653e-16
         334      5.9575 8.92653e-16
         335      5.9575 8.92653e-16
         336      5.9575 8.92653e-16
         337      5.9575 8.92653e-16
         338      5.9575 8.92653e-16
         339      5.9575 8.92653e-16
         340     5.95743 0.000751071
         341     5.95638  0.00269537
         342      5.9545  0.00369802
         343     5.95164  0.00312696
         344     5.94999 3.57061e-15
         345     5.94999 3.57061e-15
         346     5.94999 3.57061e-15
         347     5.94999 3.57061e-15
         348     5.94999 3.57061e-15
         349     5.94999 3.57061e-15
         350     5.94902  0.00969681
         351     5.92963   0.0396949
         352     5.89375   0.0481005
         353      5.8612   0.0333992
         354     5.83327   0.0513644
         355     5.78312   0.0761214
         356     5.70562   0.0260542
         357     5.70106 4.46326e-15
         358     5.70106 4.46326e-15
         359     5.70106 4.46326e-15
         360     5.70106 4.46326e-15
         361     5.70106 4.46326e-15
         362     5.70106 4.46326e-15
         363     5.69963   0.0142469
         364     5.67684   0.0537855
         365     5.63769   0.0706314
         366     5.56754   0.0330859
         367     5.55859 4.46326e-15
         368     5.55859 4.46326e-15
         369     5.55859 4.46326e-15
         370     5.55859 4.46326e-15
         371     5.55859 4.46326e-15
         372     5.55859 4.46326e-15
         373     5.55859 4.46326e-15
         374     5.55859 4.46326e-15
         375     5.55859 4.46326e-15
         376     5.55859 4.46326e-15
         377     5.55859 4.46326e-15
         378     5.55859 4.46326e-15
         379     5.55859 4.46326e-15
         380     5.55826  0.00327555
         381     5.55433   0.0110713
         382     5.54156   0.0164471
         383     5.52583 2.67796e-15
         384     5.52583 2.67796e-15
         385     5.52583 2.67796e-15
         386     5.52583 2.67796e-15
         387     5.52583 2.67796e-15
         388     5.52583 2.67796e-15
         389     5.52583 2.67796e-15
         390     5.52583 2.67796e-15
         391     5.52556  0.00269202
         392     5.52314  0.00811675
         393     5.51641   0.0129048
         394     5.50941   0.0131965
         395     5.49891 1.78531e-15
         396     5.49891 1.78531e-15
         397     5.49891 1.78531e-15
         398     5.49891 1.78531e-15
         399     5.49891 1.78531e-15
         400     5.49891 1.78531e-15
         401     5.49891 1.78531e-15
         402     5.49891 1.78531e-15
         403     5.49891 1.78531e-15
         404     5.49891 1.78531e-15
         405      5.4984  0.00515475
         406     5.49479   0.0140549
         407     5.47722   0.0255345
         408     5.45917   0.0217218
         409     5.44736 6.24857e-15
         410     5.44736 6.24857e-15
         411     5.44736 6.24857e-15
         412     5.44736 6.24857e-15
         413     5.44736 6.24857e-15
         414     5.44736 6.24857e-15
         415     5.44736 6.24857e-15
         416     5.44736 6.24857e-15
         417     5.44736 6.24857e-15
         418     5.44736 6.24857e-15
         419     5.44736 6.24857e-15
         420     5.44736 6.24857e-15
         421     5.44736 6.24857e-15
         422     5.44736 6.24857e-15
         423     5.44736 6.24857e-15
         424     5.44736 6.24857e-15
         425     5.44736 6.24857e-15
         426     5.44736 6.24857e-15
         427     5.44736 6.24857e-15
         428     5.44736 6.24857e-15
         429     5.44736 6.24857e-15
         430     5.44736 6.24857e-15
         431     5.44736 6.24857e-15
         432     5.44736 6.24857e-15
         433     5.44736 6.24857e-15
         434     5.44736 6.24857e-15
         435     5.44736 6.24857e-15
         436     5.44736 6.24857e-15
         437     5.44736 6.24857e-15
         438     5.44736 6.24857e-15
         439     5.44736 6.24857e-15
         440     5.44736 6.24857e-15
         441     5.44736 6.24857e-15
         442     5.44736 6.24857e-15
         443     5.44736 6.24857e-15
         444     5.44736 6.24857e-15
         445     5.44736 6.24857e-15
         446     5.44736 6.24857e-15
         447     5.44736 6.24857e-15
         448     5.44736 6.24857e-15
         449     5.44736 6.24857e-15
         450     5.44736 6.24857e-15
         451     5.44736 6.24857e-15
         452     5.44736 6.24857e-15
         453     5.44736 6.24857e-15
         454     5.44736 6.24857e-15
         455     5.44736 6.24857e-15
         456     5.44736 6.24857e-15
         457     5.44736 6.24857e-15
         458     5.44736 6.24857e-15
         459     5.44736 6.24857e-15
         460     5.44736 6.24857e-15
         461      5.4468  0.00564171
         462     5.44172   0.0170104
         463     5.42085   0.0282996
         464      5.4028   0.0230949
         465     5.39095 3.57061e-15
         466     5.39032  0.00627717
         467      5.3809   0.0231284
         468     5.36082   0.0315187
         469     5.32818 6.24857e-15
         470     5.32818 6.24857e-15
         471     5.32818 6.24857e-15
         472     5.32818 6.24857e-15
         473     5.32818 6.24857e-15
         474     5.32818 6.24857e-15
         475     5.32818 6.24857e-15
         476     5.32818 6.24857e-15
         477     5.32818 6.24857e-15
         478     5.32818 6.24857e-15
         479     5.32818 6.24857e-15
         480     5.32812 0.000610087
         481     5.32763  0.00175475
         482     5.32555  0.00303561
         483      5.3233  0.00245264
         484     5.32208 8.03388e-15
         485     5.32208 8.03388e-15
         486     5.32208 8.03388e-15
         487     5.32208 8.03388e-15
         488     5.31984    0.022401
         489     5.29071   0.0781202
         490     5.21903    0.112209
         491      5.1223   0.0694026
         492     5.09806 5.35592e-15
         493     5.09806 5.35592e-15
         494     5.09806 5.35592e-15
         495     5.09806 5.35592e-15
         496     5.09806 5.35592e-15
         497     5.09806 5.35592e-15
         498     5.09806 5.35592e-15
         499     5.09806 5.35592e-15
         500     5.09806 5.35592e-15
         501     5.09806 5.35592e-15
         502     5.09806 5.35592e-15
         503     5.09806 5.35592e-15
         504     5.09806 5.35592e-15
         505     5.09806 5.35592e-15
         506     5.09806 5.35592e-15
         507     5.09806 5.35592e-15
         508     5.09806 5.35592e-15
         509     5.09806 5.35592e-15
         510     5.09806 5.35592e-15
         511     5.09806 5.35592e-15
         512     5.09806 5.35592e-15
         513     5.09767  0.00397737
         514     5.09289   0.0134434
         515     5.07659    0.019923
         516     5.06199   0.0114672
         517     5.05829 4.46326e-15
         518     5.05829 4.46326e-15
         519     5.05829 4.46326e-15
         520     5.05829 4.46326e-15
         521     5.05829 4.46326e-15
         522     5.05829 4.46326e-15
         523     5.05829 4.46326e-15
         524     5.05829 4.46326e-15
         525     5.05829 4.46326e-15
         526     5.05829 4.46326e-15
         527     5.05829 4.46326e-15
         528     5.05829 4.46326e-15
         529     5.05829 4.46326e-15
         530     5.05829 4.46326e-15
         531     5.05829 4.46326e-15
         532     5.05829 4.46326e-15
         533     5.05829 4.46326e-15
         534     5.05829 4.46326e-15
         535     5.05829 4.46326e-15
         536     5.05824 0.000543526
         537     5.05764  0.00177515
         538     5.05594  0.00269523
         539      5.0531  0.00106652
         540     5.05286 1.78531e-15
         541     5.05286 1.78531e-15
         542     5.05286 1.78531e-15
         543     5.05286 1.78531e-15
         544     5.05286 1.78531e-15
         545     5.05286 1.78531e-15
         546     5.05286 1.78531e-15
         547     5.05286 1.78531e-15
         548     5.05286 1.78531e-15
         549     5.05286 1.78531e-15
         550     5.05286 1.78531e-15
         551     5.05286 1.78531e-15
         552     5.05286 1.78531e-15
         553     5.05286 1.78531e-15
         554     5.05286 1.78531e-15
         555     5.05286 1.78531e-15
         556     5.05286 1.78531e-15
         557     5.05286 1.78531e-15
         558     5.05286 1.78531e-15
         559     5.05286 1.78531e-15
         560     5.05286 1.78531e-15
         561     5.05286 1.78531e-15
         562     5.05286 1.78531e-15
         563     5.05286 1.78531e-15
         564     5.05286 1.78531e-15
         565     5.05286 1.78531e-15
         566     5.05286 1.78531e-15
         567     5.05286 1.78531e-15
         568     5.05286 1.78531e-15
         569     5.05286 1.78531e-15
         570     5.05286 1.78531e-15
         571     5.05263  0.00227049
         572     5.05059  0.00684579
         573     5.04332   0.0112627
         574     5.03197  0.00619072
         575     5.03015 8.03388e-15
         576     5.03015 8.03388e-15
         577     5.03015 8.03388e-15
         578     5.03015 8.03388e-15
         579     5.03015 8.03388e-15
         580     5.03015 8.03388e-15
         581      5.0301 0.000482893
         582     5.02943  0.00173296
         583     5.02798  0.00241447
         584     5.02537 0.000482893
         585     5.02532 7.14122e-15
         586     5.02532 7.14122e-15
         587     5.02532 7.14122e-15
         588     5.02532 7.14122e-15
         589     5.02532 7.14122e-15
         590     5.02532 7.14122e-15
         591     5.02532 7.14122e-15
         592     5.02532 7.14122e-15
         593     5.02532 7.14122e-15
         594     5.02532 7.14122e-15
         595     5.02532 7.14122e-15
         596     5.02532 7.14122e-15
         597     5.02532 7.14122e-15
         598     5.02532 7.14122e-15
         599     5.02532 7.14122e-15
         600     5.02532 7.14122e-15
         601     5.02532 7.14122e-15
         602     5.02532 7.14122e-15
         603     5.02532 7.14122e-15
         604     5.02532 7.14122e-15
         605     5.02532 7.14122e-15
         606     5.02532 7.14122e-15
         607     5.02532 7.14122e-15
         608     5.02532 7.14122e-15
         609     5.02532 7.14122e-15
         610     5.02532 7.14122e-15
         611     5.02532 7.14122e-15
         612     5.02532 7.14122e-15
         613     5.02532 7.14122e-15
         614     5.02532 7.14122e-15
         615     5.02532 7.14122e-15
         616     5.02532 7.14122e-15
         617     5.02532 7.14122e-15
         618     5.02532 7.14122e-15
         619     5.02532 7.14122e-15
         620     5.02532 7.14122e-15
         621     5.02532 7.14122e-15
         622     5.02532 7.14122e-15
         623     5.02532 7.14122e-15
         624     5.02532 7.14122e-15
         625     5.02532 7.14122e-15
         626     5.02532 7.14122e-15
         627     5.02532 7.14122e-15
         628     5.02532 7.14122e-15
         629     5.02532 7.14122e-15
         630     5.02532 7.14122e-15
         631     5.02532 7.14122e-15
         632     5.02532 7.14122e-15
         633     5.02532 7.14122e-15
         634     5.02532 7.14122e-15
         635     5.02532 7.14122e-15
         636     5.02532 7.14122e-15
         637     5.02532 7.14122e-15
         638     5.02532 7.14122e-15
         639     5.02532 7.14122e-15
         640     5.02532 7.14122e-15
         641     5.02532 7.14122e-15
         642     5.02532 7.14122e-15
         643     5.02532 7.14122e-15
         644     5.02532 7.14122e-15
         645     5.02532 7.14122e-15
         646     5.02532 7.14122e-15
         647     5.02532 7.14122e-15
         648     5.02532 7.14122e-15
         649     5.02532 7.14122e-15
         650     5.02532 7.14122e-15
         651     5.02532 7.14122e-15
         652     5.02532 7.14122e-15
         653     5.02532 7.14122e-15
         654     5.02532 7.14122e-15
         655     5.02532 7.14122e-15
         656     5.02532 7.14122e-15
         657     5.02532 7.14122e-15
         658     5.02532 7.14122e-15
         659     5.02532 7.14122e-15
         660     5.02532 7.14122e-15
         661     5.02532 7.14122e-15
         662     5.02532 7.14122e-15
         663     5.02532 7.14122e-15
         664     5.02532 7.14122e-15
         665     5.02532 7.14122e-15
         666     5.02532 7.14122e-15
         667     5.02532 7.14122e-15
         668     5.02532 7.14122e-15
         669     5.02532 7.14122e-15
         670     5.02532 7.14122e-15
         671     5.02532 7.14122e-15
         672     5.02532 7.14122e-15
         673     5.02532 7.14122e-15
         674     5.02532 7.14122e-15
         675     5.02532 7.14122e-15
         676     5.02532 7.14122e-15
         677     5.02532 7.14122e-15
         678     5.02532 7.14122e-15
         679     5.02532 7.14122e-15
         680     5.02532 7.14122e-15
         681     5.02532 7.14122e-15
         682     5.02532 7.14122e-15
         683     5.02532 7.14122e-15
         684     5.02532 7.14122e-15
         685     5.02532 7.14122e-15
         686     5.02532 7.14122e-15
         687     5.02532 7.14122e-15
         688     5.02532 7.14122e-15
         689     5.02532 7.14122e-15
         690     5.02532 7.14122e-15
         691     5.02532 7.14122e-15
         692     5.02532 7.14122e-15
         693     5.02532 7.14122e-15
         694     5.02532 7.14122e-15
         695     5.02532 7.14122e-15
         696     5.02532 7.14122e-15
         697     5.02532 7.14122e-15
         698     5.02532 7.14122e-15
         699     5.02532 7.14122e-15
         700     5.02532 7.14122e-15
         701     5.02532 7.14122e-15
         702     5.02532 7.14122e-15
         703     5.02532 7.14122e-15
         704     5.02532 7.14122e-15
         705     5.02532 7.14122e-15
         706     5.02532 7.14122e-15
         707     5.02532 7.14122e-15
         708     5.02532 7.14122e-15
         709     5.02532 7.14122e-15
         710     5.02532 7.14122e-15
         711     5.02532 7.14122e-15
         712     5.02532 7.14122e-15
         713     5.02532 7.14122e-15
         714     5.02532 7.14122e-15
         715     5.02532 7.14122e-15
         716     5.02532 7.14122e-15
         717     5.02532 7.14122e-15
         718     5.02532 7.14122e-15
         719     5.02532 7.14122e-15
         720     5.02532 7.14122e-15
         721     5.02532 7.14122e-15
         722     5.02532 7.14122e-15
         723     5.02532 7.14122e-15
         724     5.02532 7.14122e-15
         725     5.02532 7.14122e-15
         726     5.02532 7.14122e-15
         727     5.02532 7.14122e-15
         728     5.02532 7.14122e-15
         729     5.02532 7.14122e-15
         730     5.02532 7.14122e-15
         731     5.02532 7.14122e-15
         732     5.02532 7.14122e-15
         733     5.02532 7.14122e-15
         734     5.02532 7.14122e-15
         735     5.02532 7.14122e-15
         736     5.02532 7.14122e-15
         737     5.02532 7.14122e-15
         738     5.02532 7.14122e-15
         739     5.02532 7.14122e-15
         740     5.02532 7.14122e-15
         741     5.02532 7.14122e-15
         742     5.02532 7.14122e-15
         743     5.02532 7.14122e-15
         744     5.02532 7.14122e-15
         745     5.02532 7.14122e-15
         746     5.02532 7.14122e-15
         747     5.02532 7.14122e-15
         748     5.02532 7.14122e-15
         749     5.02532 7.14122e-15
         750     5.02532 7.14122e-15
         751     5.02532 7.14122e-15
         752     5.02532 7.14122e-15
         753     5.02532 7.14122e-15
         754     5.02532 7.14122e-15
         755     5.02532 7.14122e-15
         756     5.02532 7.14122e-15
         757     5.02532 7.14122e-15
         758     5.02532 7.14122e-15
         759     5.02532 7.14122e-15
         760     5.02532 7.14122e-15
         761     5.02532 7.14122e-15
         762     5.02532 7.14122e-15
         763     5.02532 7.14122e-15
         764     5.02532 7.14122e-15
         765     5.02532 7.14122e-15
         766     5.02532 7.14122e-15
         767     5.02532 7.14122e-15
         768     5.02532 7.14122e-15
         769     5.02532 7.14122e-15
         770     5.02532 7.14122e-15
         771     5.02532 7.14122e-15
         772     5.02532 7.14122e-15
         773     5.02532 7.14122e-15
         774     5.02532 7.14122e-15
         775     5.02532 7.14122e-15
         776     5.02532 7.14122e-15
         777     5.02532 7.14122e-15
         778     5.02532 7.14122e-15
         779     5.02532 7.14122e-15
         780     5.02532 7.14122e-15
         781     5.02532 7.14122e-15
         782     5.02532 7.14122e-15
         783     5.02532 7.14122e-15
         784     5.02532 7.14122e-15
         785     5.02532 7.14122e-15
         786     5.02532 7.14122e-15
         787     5.02532 7.14122e-15
         788     5.02532 7.14122e-15
         789     5.02532 7.14122e-15
         790     5.02532 7.14122e-15
         791     5.02532 7.14122e-15
         792     5.02532 7.14122e-15
         793     5.02532 7.14122e-15
         794     5.02532 7.14122e-15
         795     5.02532 7.14122e-15
         796     5.02532 7.14122e-15
         797     5.02532 7.14122e-15
         798     5.02532 7.14122e-15
         799     5.02532 7.14122e-15
         800     5.02532 7.14122e-15
         801     5.02532 7.14122e-15
         802     5.02532 7.14122e-15
         803     5.02532 7.14122e-15
         804     5.02532 7.14122e-15
         805     5.02532 7.14122e-15
         806     5.02532 7.14122e-15
         807     5.02532 7.14122e-15
         808     5.02532 7.14122e-15
         809     5.02532 7.14122e-15
         810     5.02532 7.14122e-15
         811     5.02532 7.14122e-15
         812     5.02532 7.14122e-15
         813     5.02532 7.14122e-15
         814     5.02532 7.14122e-15
         815     5.02532 7.14122e-15
         816     5.02532 7.14122e-15
         817     5.02532 7.14122e-15
         818     5.02532 7.14122e-15
         819     5.02532 7.14122e-15
         820     5.02532 7.14122e-15
         821     5.02532 7.14122e-15
         822     5.02532 7.14122e-15
         823     5.02532 7.14122e-15
         824     5.02532 7.14122e-15
         825     5.02532 7.14122e-15
         826     5.02532 7.14122e-15
         827     5.02532 7.14122e-15
         828     5.02532 7.14122e-15
         829     5.02532 7.14122e-15
         830     5.02532 7.14122e-15
         831     5.02532 7.14122e-15
         832     5.02532 7.14122e-15
         833     5.02532 7.14122e-15
         834     5.02532 7.14122e-15
         835     5.02532 7.14122e-15
         836     5.02532 7.14122e-15
         837     5.02532 7.14122e-15
         838     5.02532 7.14122e-15
         839     5.02532 7.14122e-15
         840     5.02532 7.14122e-15
         841     5.02532 7.14122e-15
         842     5.02532 7.14122e-15
         843     5.02532 7.14122e-15
         844     5.02532 7.14122e-15
         845     5.02532 7.14122e-15
         846     5.02532 7.14122e-15
         847     5.02532 7.14122e-15
         848     5.02532 7.14122e-15
         849     5.02532 7.14122e-15
         850     5.02532 7.14122e-15
         851     5.02532 7.14122e-15
         852     5.02532 7.14122e-15
         853     5.02532 7.14122e-15
         854     5.02532 7.14122e-15
         855     5.02532 7.14122e-15
         856     5.02532 7.14122e-15
         857     5.02532 7.14122e-15
         858     5.02532 7.14122e-15
         859     5.02532 7.14122e-15
         860     5.02532 7.14122e-15
         861     5.02532 7.14122e-15
         862     5.02532 7.14122e-15
         863     5.02532 7.14122e-15
         864     5.02532 7.14122e-15
         865     5.02532 7.14122e-15
         866     5.02532 7.14122e-15
         867     5.02532 7.14122e-15
         868     5.02532 7.14122e-15
         869     5.02532 7.14122e-15
         870     5.02532 7.14122e-15
         871     5.02532 7.14122e-15
         872     5.02532 7.14122e-15
         873     5.02532 7.14122e-15
         874     5.02532 7.14122e-15
         875     5.02532 7.14122e-15
         876     5.02532 7.14122e-15
         877     5.02532 7.14122e-15
         878     5.02532 7.14122e-15
         879     5.02532 7.14122e-15
         880     5.02532 7.14122e-15
         881     5.02532 7.14122e-15
         882     5.02532 7.14122e-15
         883     5.02532 7.14122e-15
         884     5.02532 7.14122e-15
         885     5.02532 7.14122e-15
         886     5.02532 7.14122e-15
         887     5.02532 7.14122e-15
         888     5.02532 7.14122e-15
         889     5.02532 7.14122e-15
         890     5.02532 7.14122e-15
         891     5.02532 7.14122e-15
         892     5.02532 7.14122e-15
         893     5.02532 7.14122e-15
         894     5.02532 7.14122e-15
         895     5.02532 7.14122e-15
         896     5.02532 7.14122e-15
         897     5.02532 7.14122e-15
         898     5.02532 7.14122e-15
         899     5.02532 7.14122e-15
         900     5.02532 7.14122e-15
         901     5.02532 7.14122e-15
         902     5.02532 7.14122e-15
         903     5.02532 7.14122e-15
         904     5.02532 7.14122e-15
         905     5.02532 7.14122e-15
         906     5.02532 7.14122e-15
         907     5.02532 7.14122e-15
         908     5.02532 7.14122e-15
         909     5.02532 7.14122e-15
         910     5.02532 7.14122e-15
         911     5.02532 7.14122e-15
         912     5.02532 7.14122e-15
         913     5.02532 7.14122e-15
         914     5.02532 7.14122e-15
         915     5.02532 7.14122e-15
         916     5.02532 7.14122e-15
         917     5.02532 7.14122e-15
         918     5.02532 7.14122e-15
         919     5.02532 7.14122e-15
         920     5.02532 7.14122e-15
         921     5.02532 7.14122e-15
         922     5.02532 7.14122e-15
         923     5.02532 7.14122e-15
         924     5.02532 7.14122e-15
         925     5.02532 7.14122e-15
         926     5.02532 7.14122e-15
         927     5.02532 7.14122e-15
         928     5.02532 7.14122e-15
         929     5.02532 7.14122e-15
         930     5.02532 7.14122e-15
         931     5.02532 7.14122e-15
         932     5.02532 7.14122e-15
         933     5.02532 7.14122e-15
         934     5.02532 7.14122e-15
         935     5.02532 7.14122e-15
         936     5.02532 7.14122e-15
         937     5.02532 7.14122e-15
         938     5.02532 7.14122e-15
         939     5.02532 7.14122e-15
         940     5.02532 7.14122e-15
         941     5.02532 7.14122e-15
         942     5.02532 7.14122e-15
         943     5.02532 7.14122e-15
         944     5.02532 7.14122e-15
         945     5.02532 7.14122e-15
         946     5.02532 7.14122e-15
         947     5.02532 7.14122e-15
         948     5.02532 7.14122e-15
         949     5.02532 7.14122e-15
         950     5.02532 7.14122e-15
         951     5.02532 7.14122e-15
         952     5.02532 7.14122e-15
         953     5.02532 7.14122e-15
         954     5.02532 7.14122e-15
         955     5.02532 7.14122e-15
         956     5.02532 7.14122e-15
         957     5.02532 7.14122e-15
         958     5.02532 7.14122e-15
         959     5.02532 7.14122e-15
         960     5.02532 7.14122e-15
         961     5.02532 7.14122e-15
         962     5.02532 7.14122e-15
         963     5.02532 7.14122e-15
         964     5.02532 7.14122e-15
         965     5.02532 7.14122e-15
         966     5.02532 7.14122e-15
         967     5.02532 7.14122e-15
         968     5.02532 7.14122e-15
         969     5.02532 7.14122e-15
         970     5.02532 7.14122e-15
         971     5.02532 7.14122e-15
         972     5.02532 7.14122e-15
         973     5.02532 7.14122e-15
         974     5.02532 7.14122e-15
         975     5.02532 7.14122e-15
         976     5.02532 7.14122e-15
         977     5.02532 7.14122e-15
         978     5.02532 7.14122e-15
         979     5.02532 7.14122e-15
         980     5.02532 7.14122e-15
         981     5.02532 7.14122e-15
         982     5.02532 7.14122e-15
         983     5.02532 7.14122e-15
         984     5.02532 7.14122e-15
         985     5.02532 7.14122e-15
         986     5.02532 7.14122e-15
         987     5.02532 7.14122e-15
         988     5.02532 7.14122e-15
         989     5.02532 7.14122e-15
         990     5.02532 7.14122e-15
         991     5.02532 7.14122e-15
         992     5.02532 7.14122e-15
         993     5.02532 7.14122e-15
         994     5.02532 7.14122e-15
         995     5.02532 7.14122e-15
         996     5.02532 7.14122e-15
         997     5.02532 7.14122e-15
         998     5.02532 7.14122e-15
         999     5.02532 7.14122e-15
        1000     5.02532 7.14122e-15
        1001     5.02532 7.14122e-15
        1002     5.02532 7.14122e-15
        1003     5.02532 7.14122e-15
        1004     5.02532 7.14122e-15
        1005     5.02532 7.14122e-15
        1006     5.02532 7.14122e-15
        1007     5.02532 7.14122e-15
        1008     5.02532 7.14122e-15
        1009     5.02532 7.14122e-15
        1010     5.02532 7.14122e-15
        1011     5.02532 7.14122e-15
        1012     5.02532 7.14122e-15
        1013     5.02532 7.14122e-15
        1014     5.02532 7.14122e-15
        1015     5.02532 7.14122e-15
        1016     5.02532 7.14122e-15
        1017     5.02532 7.14122e-15
        1018     5.02532 7.14122e-15
        1019     5.02532 7.14122e-15
        1020     5.02532 7.14122e-15
        1021     5.02532 7.14122e-15
        1022     5.02532 7.14122e-15
        1023     5.02532 7.14122e-15
        1024     5.02532 7.14122e-15
        1025     5.02532 7.14122e-15
        1026     5.02532 7.14122e-15
        1027     5.02532 7.14122e-15
        1028     5.02532 7.14122e-15
        1029     5.02532 7.14122e-15
        1030     5.02532 7.14122e-15
        1031     5.02532 7.14122e-15
        1032     5.02532 7.14122e-15
        1033     5.02532 7.14122e-15
        1034     5.02532 7.14122e-15
        1035     5.02532 7.14122e-15
        1036     5.02532 7.14122e-15
        1037     5.02532 7.14122e-15
        1038     5.02532 7.14122e-15
        1039     5.02532 7.14122e-15
        1040     5.02532 7.14122e-15
        1041     5.02532 7.14122e-15
        1042     5.02532 7.14122e-15
        1043     5.02532 7.14122e-15
        1044     5.02532 7.14122e-15
        1045     5.02532 7.14122e-15
        1046     5.02532 7.14122e-15
        1047     5.02532 7.14122e-15
        1048     5.02532 7.14122e-15
        1049     5.02532 7.14122e-15
        1050     5.02532 7.14122e-15
        1051     5.02532 7.14122e-15
        1052     5.02532 7.14122e-15
        1053     5.02532 7.14122e-15
        1054     5.02532 7.14122e-15
        1055     5.02532 7.14122e-15
        1056     5.02532 7.14122e-15
        1057     5.02532 7.14122e-15
        1058     5.02532 7.14122e-15
        1059     5.02532 7.14122e-15
        1060     5.02532 7.14122e-15
        1061     5.02532 7.14122e-15
        1062     5.02532 7.14122e-15
        1063     5.02532 7.14122e-15
        1064     5.02532 7.14122e-15
        1065     5.02532 7.14122e-15
        1066     5.02532 7.14122e-15
        1067     5.02532 7.14122e-15
        1068     5.02532 7.14122e-15
        1069     5.02532 7.14122e-15
        1070     5.02532 7.14122e-15
        1071     5.02532 7.14122e-15
        1072     5.02532 7.14122e-15
        1073     5.02532 7.14122e-15
        1074     5.02532 7.14122e-15
        1075     5.02532 7.14122e-15
        1076     5.02532 7.14122e-15
        1077     5.02532 7.14122e-15
        1078     5.02532 7.14122e-15
        1079     5.02532 7.14122e-15
        1080     5.02532 7.14122e-15
        1081     5.02532 7.14122e-15
        1082     5.02532 7.14122e-15
        1083     5.02532 7.14122e-15
        1084     5.02532 7.14122e-15
        1085     5.02532 7.14122e-15
        1086     5.02532 7.14122e-15
        1087     5.02532 7.14122e-15
        1088     5.02532 7.14122e-15
        1089     5.02532 7.14122e-15
        1090     5.02532 7.14122e-15
        1091     5.02532 7.14122e-15
        1092     5.02532 7.14122e-15
        1093     5.02532 7.14122e-15
        1094     5.02532 7.14122e-15
        1095     5.02532 7.14122e-15
        1096     5.02532 7.14122e-15
        1097     5.02532 7.14122e-15
        1098     5.02532 7.14122e-15
        1099     5.02532 7.14122e-15
        1100     5.02532 7.14122e-15
        1101     5.02532 7.14122e-15
        1102     5.02532 7.14122e-15
        1103     5.02532 7.14122e-15
        1104     5.02532 7.14122e-15
        1105     5.02532 7.14122e-15
        1106     5.02532 7.14122e-15
        1107     5.02532 7.14122e-15
        1108     5.02532 7.14122e-15
        1109     5.02532 7.14122e-15
        1110     5.02532 7.14122e-15
        1111     5.02532 7.14122e-15
        1112     5.02532 7.14122e-15
        1113     5.02532 7.14122e-15
        1114     5.02532 7.14122e-15
        1115     5.02532 7.14122e-15
        1116     5.02532 7.14122e-15
        1117     5.02532 7.14122e-15
        1118     5.02532 7.14122e-15
        1119     5.02532 7.14122e-15
        1120     5.02532 7.14122e-15
        1121     5.02532 7.14122e-15
        1122     5.02532 7.14122e-15
        1123     5.02532 7.14122e-15
        1124     5.02532 7.14122e-15
        1125     5.02532 7.14122e-15
        1126     5.02532 7.14122e-15
        1127     5.02532 7.14122e-15
        1128     5.02532 7.14122e-15
        1129     5.02532 7.14122e-15
        1130     5.02532 7.14122e-15
        1131     5.02532 7.14122e-15
        1132     5.02532 7.14122e-15
        1133     5.02532 7.14122e-15
        1134     5.02532 7.14122e-15
        1135     5.02532 7.14122e-15
        1136     5.02532 7.14122e-15
        1137     5.02532 7.14122e-15
        1138     5.02532 7.14122e-15
        1139     5.02532 7.14122e-15
        1140     5.02532 7.14122e-15
        1141     5.02532 7.14122e-15
        1142     5.02532 7.14122e-15
        1143     5.02532 7.14122e-15
        1144     5.02532 7.14122e-15
        1145     5.02532 7.14122e-15
        1146     5.02532 7.14122e-15
        1147     5.02532 7.14122e-15
        1148     5.02532 7.14122e-15
        1149     5.02532 7.14122e-15
        1150     5.02532 7.14122e-15
        1151     5.02532 7.14122e-15
        1152     5.02532 7.14122e-15
        1153     5.02532 7.14122e-15
        1154     5.02532 7.14122e-15
        1155     5.02532 7.14122e-15
        1156     5.02532 7.14122e-15
        1157     5.02532 7.14122e-15
        1158     5.02532 7.14122e-15
        1159     5.02532 7.14122e-15
        1160     5.02532 7.14122e-15
        1161     5.02532 7.14122e-15
        1162     5.02532 7.14122e-15
        1163     5.02532 7.14122e-15
        1164     5.02532 7.14122e-15
        1165     5.02532 7.14122e-15
        1166     5.02532 7.14122e-15
        1167     5.02532 7.14122e-15
        1168     5.02532 7.14122e-15
        1169     5.02532 7.14122e-15
        1170     5.02532 7.14122e-15
        1171     5.02532 7.14122e-15
        1172     5.02532 7.14122e-15
        1173     5.02532 7.14122e-15
        1174     5.02532 7.14122e-15
        1175     5.02532 7.14122e-15
        1176     5.02532 7.14122e-15
        1177     5.02532 7.14122e-15
        1178     5.02532 7.14122e-15
        1179     5.02532 7.14122e-15
        1180     5.02532 7.14122e-15
        1181     5.02532 7.14122e-15
        1182     5.02532 7.14122e-15
        1183     5.02532 7.14122e-15
        1184     5.02532 7.14122e-15
        1185     5.02532 7.14122e-15
        1186     5.02532 7.14122e-15
        1187     5.02532 7.14122e-15
        1188     5.02532 7.14122e-15
        1189     5.02532 7.14122e-15
        1190     5.02532 7.14122e-15
        1191     5.02532 7.14122e-15
        1192     5.02532 7.14122e-15
        1193     5.02532 7.14122e-15
        1194     5.02532 7.14122e-15
        1195     5.02532 7.14122e-15
        1196     5.02532 7.14122e-15
        1197     5.02532 7.14122e-15
        1198     5.02532 7.14122e-15
        1199     5.02532 7.14122e-15
        1200     5.02532 7.14122e-15
        1201     5.02532 7.14122e-15
        1202     5.02532 7.14122e-15
        1203     5.02532 7.14122e-15
        1204     5.02532 7.14122e-15
        1205     5.02532 7.14122e-15
        1206     5.02532 7.14122e-15
        1207     5.02532 7.14122e-15
        1208     5.02532 7.14122e-15
        1209     5.02532 7.14122e-15
        1210     5.02532 7.14122e-15
        1211     5.02532 7.14122e-15
        1212     5.02532 7.14122e-15
        1213     5.02532 7.14122e-15
        1214     5.02532 7.14122e-15
        1215     5.02532 7.14122e-15
        1216     5.02532 7.14122e-15
        1217     5.02532 7.14122e-15
        1218     5.02532 7.14122e-15
        1219     5.02532 7.14122e-15
        1220     5.02532 7.14122e-15
        1221     5.02532 7.14122e-15
        1222     5.02532 7.14122e-15
        1223     5.02532 7.14122e-15
        1224     5.02532 7.14122e-15
        1225     5.02532 7.14122e-15
        1226     5.02532 7.14122e-15
        1227     5.02532 7.14122e-15
        1228     5.02532 7.14122e-15
        1229     5.02532 7.14122e-15
        1230     5.02532 7.14122e-15
        1231     5.02532 7.14122e-15
        1232     5.02532 7.14122e-15
        1233     5.02532 7.14122e-15
        1234     5.02532 7.14122e-15
        1235     5.02532 7.14122e-15
        1236     5.02532 7.14122e-15
        1237     5.02532 7.14122e-15
        1238     5.02532 7.14122e-15
        1239     5.02532 7.14122e-15
        1240     5.02532 7.14122e-15
        1241     5.02532 7.14122e-15
        1242     5.02532 7.14122e-15
        1243     5.02532 7.14122e-15
        1244     5.02532 7.14122e-15
        1245     5.02532 7.14122e-15
        1246     5.02532 7.14122e-15
        1247     5.02532 7.14122e-15
        1248     5.02532 7.14122e-15
        1249     5.02532 7.14122e-15
        1250     5.02532 7.14122e-15
        1251     5.02532 7.14122e-15
        1252     5.02532 7.14122e-15
        1253     5.02532 7.14122e-15
        1254     5.02532 7.14122e-15
        1255     5.02532 7.14122e-15
        1256     5.02532 7.14122e-15
        1257     5.02532 7.14122e-15
        1258     5.02532 7.14122e-15
        1259     5.02532 7.14122e-15
        1260     5.02532 7.14122e-15
        1261     5.02532 7.14122e-15
        1262     5.02532 7.14122e-15
        1263     5.02532 7.14122e-15
        1264     5.02532 7.14122e-15
        1265     5.02532 7.14122e-15
        1266     5.02532 7.14122e-15
        1267     5.02532 7.14122e-15
        1268     5.02532 7.14122e-15
        1269     5.02532 7.14122e-15
        1270     5.02532 7.14122e-15
        1271     5.02532 7.14122e-15
        1272     5.02532 7.14122e-15
        1273     5.02532 7.14122e-15
        1274     5.02532 7.14122e-15
        1275     5.02532 7.14122e-15
        1276     5.02532 7.14122e-15
        1277     5.02532 7.14122e-15
        1278     5.02532 7.14122e-15
        1279     5.02532 7.14122e-15
        1280     5.02532 7.14122e-15
        1281     5.02532 7.14122e-15
        1282     5.02532 7.14122e-15
        1283     5.02532 7.14122e-15
        1284     5.02532 7.14122e-15
        1285     5.02532 7.14122e-15
        1286     5.02532 7.14122e-15
        1287     5.02532 7.14122e-15
        1288     5.02532 7.14122e-15
        1289     5.02532 7.14122e-15
        1290     5.02532 7.14122e-15
        1291     5.02532 7.14122e-15
        1292     5.02532 7.14122e-15
        1293     5.02532 7.14122e-15
        1294     5.02532 7.14122e-15
        1295     5.02532 7.14122e-15
        1296     5.02532 7.14122e-15
        1297     5.02532 7.14122e-15
        1298     5.02532 7.14122e-15
        1299     5.02532 7.14122e-15
        1300     5.02532 7.14122e-15
        1301     5.02532 7.14122e-15
        1302     5.02532 7.14122e-15
        1303     5.02532 7.14122e-15
        1304     5.02532 7.14122e-15
        1305     5.02532 7.14122e-15
        1306     5.02532 7.14122e-15
        1307     5.02532 7.14122e-15
        1308     5.02532 7.14122e-15
        1309     5.02532 7.14122e-15
        1310     5.02532 7.14122e-15
        1311     5.02532 7.14122e-15
        1312     5.02532 7.14122e-15
        1313     5.02532 7.14122e-15
        1314     5.02532 7.14122e-15
        1315     5.02532 7.14122e-15
        1316     5.02532 7.14122e-15
        1317     5.02532 7.14122e-15
        1318     5.02532 7.14122e-15
        1319     5.02532 7.14122e-15
        1320     5.02532 7.14122e-15
        1321     5.02532 7.14122e-15
        1322     5.02532 7.14122e-15
        1323     5.02532 7.14122e-15
        1324     5.02532 7.14122e-15
        1325     5.02532 7.14122e-15
        1326     5.02532 7.14122e-15
        1327     5.02532 7.14122e-15
        1328     5.02532 7.14122e-15
        1329     5.02532 7.14122e-15
        1330     5.02532 7.14122e-15
        1331     5.02532 7.14122e-15
        1332     5.02532 7.14122e-15
        1333     5.02532 7.14122e-15
        1334     5.02532 7.14122e-15
        1335     5.02532 7.14122e-15
        1336     5.02532 7.14122e-15
        1337     5.02532 7.14122e-15
        1338     5.02532 7.14122e-15
        1339     5.02532 7.14122e-15
        1340     5.02532 7.14122e-15
        1341     5.02532 7.14122e-15
        1342     5.02532 7.14122e-15
        1343     5.02532 7.14122e-15
        1344     5.02532 7.14122e-15
        1345     5.02532 7.14122e-15
        1346     5.02532 7.14122e-15
        1347     5.02532 7.14122e-15
        1348     5.02532 7.14122e-15
        1349     5.02532 7.14122e-15
        1350     5.02532 7.14122e-15
        1351     5.02532 7.14122e-15
        1352     5.02532 7.14122e-15
        1353     5.02532 7.14122e-15
        1354     5.02532 7.14122e-15
        1355     5.02532 7.14122e-15
        1356     5.02532 7.14122e-15
        1357     5.02532 7.14122e-15
        1358     5.02532 7.14122e-15
        1359     5.02532 7.14122e-15
        1360     5.02532 7.14122e-15
        1361     5.02532 7.14122e-15
        1362     5.02532 7.14122e-15
        1363     5.02532 7.14122e-15
        1364     5.02532 7.14122e-15
        1365     5.02532 7.14122e-15
        1366     5.02532 7.14122e-15
        1367     5.02532 7.14122e-15
        1368     5.02532 7.14122e-15
        1369     5.02532 7.14122e-15
        1370     5.02532 7.14122e-15
        1371     5.02532 7.14122e-15
        1372     5.02532 7.14122e-15
        1373     5.02532 7.14122e-15
        1374     5.02532 7.14122e-15
        1375     5.02532 7.14122e-15
        1376     5.02532 7.14122e-15
        1377     5.02532 7.14122e-15
        1378     5.02532 7.14122e-15
        1379     5.02532 7.14122e-15
        1380     5.02532 7.14122e-15
        1381     5.02532 7.14122e-15
        1382     5.02532 7.14122e-15
        1383     5.02532 7.14122e-15
        1384     5.02532 7.14122e-15
        1385     5.02532 7.14122e-15
        1386     5.02532 7.14122e-15
        1387     5.02532 7.14122e-15
        1388     5.02532 7.14122e-15
        1389     5.02532 7.14122e-15
        1390     5.02532 7.14122e-15
        1391     5.02532 7.14122e-15
        1392     5.02532 7.14122e-15
        1393     5.02532 7.14122e-15
        1394     5.02532 7.14122e-15
        1395     5.02532 7.14122e-15
        1396     5.02532 7.14122e-15
        1397     5.02532 7.14122e-15
        1398     5.02532 7.14122e-15
        1399     5.02532 7.14122e-15
        1400     5.02532 7.14122e-15
        1401     5.02532 7.14122e-15
        1402     5.02532 7.14122e-15
        1403     5.02532 7.14122e-15
        1404     5.02532 7.14122e-15
        1405     5.02532 7.14122e-15
        1406     5.02532 7.14122e-15
        1407     5.02532 7.14122e-15
        1408     5.02532 7.14122e-15
        1409     5.02532 7.14122e-15
        1410     5.02532 7.14122e-15
        1411     5.02532 7.14122e-15
        1412     5.02532 7.14122e-15
        1413     5.02532 7.14122e-15
        1414     5.02532 7.14122e-15
        1415     5.02532 7.14122e-15
        1416     5.02532 7.14122e-15
        1417     5.02532 7.14122e-15
        1418     5.02532 7.14122e-15
        1419     5.02532 7.14122e-15
        1420     5.02532 7.14122e-15
        1421     5.02532 7.14122e-15
        1422     5.02532 7.14122e-15
        1423     5.02532 7.14122e-15
        1424     5.02532 7.14122e-15
        1425     5.02532 7.14122e-15
        1426     5.02532 7.14122e-15
        1427     5.02532 7.14122e-15
        1428     5.02532 7.14122e-15
        1429     5.02532 7.14122e-15
        1430     5.02532 7.14122e-15
        1431     5.02532 7.14122e-15
        1432     5.02532 7.14122e-15
        1433     5.02532 7.14122e-15
        1434     5.02532 7.14122e-15
        1435     5.02532 7.14122e-15
        1436     5.02532 7.14122e-15
        1437     5.02532 7.14122e-15
        1438     5.02532 7.14122e-15
        1439     5.02532 7.14122e-15
        1440     5.02532 7.14122e-15
        1441     5.02532 7.14122e-15
        1442     5.02532 7.14122e-15
        1443     5.02532 7.14122e-15
        1444     5.02532 7.14122e-15
        1445     5.02532 7.14122e-15
        1446     5.02532 7.14122e-15
        1447     5.02532 7.14122e-15
        1448     5.02532 7.14122e-15
        1449     5.02532 7.14122e-15
        1450     5.02532 7.14122e-15
        1451     5.02532 7.14122e-15
        1452     5.02532 7.14122e-15
        1453     5.02532 7.14122e-15
        1454     5.02532 7.14122e-15
        1455     5.02532 7.14122e-15
        1456     5.02532 7.14122e-15
        1457     5.02532 7.14122e-15
        1458     5.02532 7.14122e-15
        1459     5.02532 7.14122e-15
        1460     5.02532 7.14122e-15
        1461     5.02532 7.14122e-15
        1462     5.02532 7.14122e-15
        1463     5.02532 7.14122e-15
        1464     5.02532 7.14122e-15
        1465     5.02532 7.14122e-15
        1466     5.02532 7.14122e-15
        1467     5.02532 7.14122e-15
        1468     5.02532 7.14122e-15
        1469     5.02532 7.14122e-15
        1470     5.02532 7.14122e-15
        1471     5.02532 7.14122e-15
        1472     5.02532 7.14122e-15
        1473     5.02532 7.14122e-15
        1474     5.02532 7.14122e-15
        1475     5.02532 7.14122e-15
        1476     5.02532 7.14122e-15
        1477     5.02532 7.14122e-15
        1478     5.02532 7.14122e-15
        1479     5.02532 7.14122e-15
        1480     5.02532 7.14122e-15
        1481     5.02532 7.14122e-15
        1482     5.02532 7.14122e-15
        1483     5.02532 7.14122e-15
        1484     5.02532 7.14122e-15
        1485     5.02532 7.14122e-15
        1486     5.02532 7.14122e-15
        1487     5.02532 7.14122e-15
        1488     5.02532 7.14122e-15
        1489     5.02532 7.14122e-15
        1490     5.02532 7.14122e-15
        1491     5.02532 7.14122e-15
        1492     5.02532 7.14122e-15
        1493     5.02532 7.14122e-15
        1494     5.02532 7.14122e-15
        1495     5.02532 7.14122e-15
        1496     5.02532 7.14122e-15
        1497     5.02532 7.14122e-15
        1498     5.02532 7.14122e-15
        1499     5.02532 7.14122e-15
        1500     5.02532 7.14122e-15
        1501     5.02532 7.14122e-15
        1502     5.02532 7.14122e-15
        1503     5.02532 7.14122e-15
        1504     5.02532 7.14122e-15
        1505     5.02532 7.14122e-15
        1506     5.02532 7.14122e-15
        1507     5.02532 7.14122e-15
        1508     5.02532 7.14122e-15
        1509     5.02532 7.14122e-15
        1510     5.02532 7.14122e-15
        1511     5.02532 7.14122e-15
        1512     5.02532 7.14122e-15
        1513     5.02532 7.14122e-15
        1514     5.02532 7.14122e-15
        1515     5.02532 7.14122e-15
        1516     5.02532 7.14122e-15
        1517     5.02532 7.14122e-15
        1518     5.02532 7.14122e-15
        1519     5.02532 7.14122e-15
        1520     5.02532 7.14122e-15
        1521     5.02532 7.14122e-15
        1522     5.02532 7.14122e-15
        1523     5.02532 7.14122e-15
        1524     5.02532 7.14122e-15
        1525     5.02532 7.14122e-15
        1526     5.02532 7.14122e-15
        1527     5.02532 7.14122e-15
        1528     5.02532 7.14122e-15
        1529     5.02532 7.14122e-15
        1530     5.02532 7.14122e-15
        1531     5.02532 7.14122e-15
        1532     5.02532 7.14122e-15
        1533     5.02532 7.14122e-15
        1534     5.02532 7.14122e-15
        1535     5.02532 7.14122e-15
        1536     5.02532 7.14122e-15
        1537     5.02532 7.14122e-15
        1538     5.02532 7.14122e-15
        1539     5.02532 7.14122e-15
        1540     5.02532 7.14122e-15
        1541     5.02532 7.14122e-15
        1542     5.02532 7.14122e-15
        1543     5.02532 7.14122e-15
        1544     5.02532 7.14122e-15
        1545     5.02532 7.14122e-15
        1546     5.02532 7.14122e-15
        1547     5.02532 7.14122e-15
        1548     5.02532 7.14122e-15
        1549     5.02532 7.14122e-15
        1550     5.02532 7.14122e-15
        1551     5.02532 7.14122e-15
        1552     5.02532 7.14122e-15
        1553     5.02532 7.14122e-15
        1554     5.02532 7.14122e-15
        1555     5.02532 7.14122e-15
        1556     5.02532 7.14122e-15
        1557     5.02532 7.14122e-15
        1558     5.02532 7.14122e-15
        1559     5.02532 7.14122e-15
        1560     5.02532 7.14122e-15
        1561     5.02532 7.14122e-15
        1562     5.02532 7.14122e-15
        1563     5.02532 7.14122e-15
        1564     5.02532 7.14122e-15
        1565     5.02532 7.14122e-15
        1566     5.02532 7.14122e-15
        1567     5.02532 7.14122e-15
        1568     5.02532 7.14122e-15
        1569     5.02532 7.14122e-15
        1570     5.02532 7.14122e-15
        1571     5.02532 7.14122e-15
        1572     5.02532 7.14122e-15
        1573     5.02532 7.14122e-15
        1574     5.02532 7.14122e-15
        1575     5.02532 7.14122e-15
        1576     5.02532 7.14122e-15
        1577     5.02532 7.14122e-15
        1578     5.02532 7.14122e-15
        1579     5.02532 7.14122e-15
        1580     5.02532 7.14122e-15
        1581     5.02532 7.14122e-15
        1582     5.02532 7.14122e-15
        1583     5.02532 7.14122e-15
        1584     5.02532 7.14122e-15
        1585     5.02532 7.14122e-15
        1586     5.02532 7.14122e-15
        1587     5.02532 7.14122e-15
        1588     5.02532 7.14122e-15
        1589     5.02532 7.14122e-15
        1590     5.02532 7.14122e-15
        1591     5.02532 7.14122e-15
        1592     5.02532 7.14122e-15
        1593     5.02532 7.14122e-15
        1594     5.02532 7.14122e-15
        1595     5.02532 7.14122e-15
        1596     5.02532 7.14122e-15
        1597     5.02532 7.14122e-15
        1598     5.02532 7.14122e-15
        1599     5.02532 7.14122e-15
        1600     5.02532 7.14122e-15
        1601     5.02532 7.14122e-15
        1602     5.02532 7.14122e-15
        1603     5.02532 7.14122e-15
        1604     5.02532 7.14122e-15
        1605     5.02532 7.14122e-15
        1606     5.02532 7.14122e-15
        1607     5.02532 7.14122e-15
        1608     5.02532 7.14122e-15
        1609     5.02532 7.14122e-15
        1610     5.02532 7.14122e-15
        1611     5.02532 7.14122e-15
        1612     5.02532 7.14122e-15
        1613     5.02532 7.14122e-15
        1614     5.02532 7.14122e-15
        1615     5.02532 7.14122e-15
        1616     5.02532 7.14122e-15
        1617     5.02532 7.14122e-15
        1618     5.02532 7.14122e-15
        1619     5.02532 7.14122e-15
        1620     5.02532 7.14122e-15
        1621     5.02532 7.14122e-15
        1622     5.02532 7.14122e-15
        1623     5.02532 7.14122e-15
        1624     5.02532 7.14122e-15
        1625     5.02532 7.14122e-15
        1626     5.02532 7.14122e-15
        1627     5.02532 7.14122e-15
        1628     5.02532 7.14122e-15
        1629     5.02532 7.14122e-15
        1630     5.02532 7.14122e-15
        1631     5.02532 7.14122e-15
        1632     5.02532 7.14122e-15
        1633     5.02532 7.14122e-15
        1634     5.02532 7.14122e-15
        1635     5.02532 7.14122e-15
        1636     5.02532 7.14122e-15
        1637     5.02532 7.14122e-15
        1638     5.02532 7.14122e-15
        1639     5.02532 7.14122e-15
        1640     5.02532 7.14122e-15
        1641     5.02532 7.14122e-15
        1642     5.02532 7.14122e-15
        1643     5.02532 7.14122e-15
        1644     5.02532 7.14122e-15
        1645     5.02532 7.14122e-15
        1646     5.02532 7.14122e-15
        1647     5.02532 7.14122e-15
        1648     5.02532 7.14122e-15
        1649     5.02532 7.14122e-15
        1650     5.02532 7.14122e-15
        1651     5.02532 7.14122e-15
        1652     5.02532 7.14122e-15
        1653     5.02532 7.14122e-15
        1654     5.02532 7.14122e-15
        1655     5.02532 7.14122e-15
        1656     5.02532 7.14122e-15
        1657     5.02532 7.14122e-15
        1658     5.02532 7.14122e-15
        1659     5.02532 7.14122e-15
        1660     5.02532 7.14122e-15
        1661     5.02532 7.14122e-15
        1662     5.02532 7.14122e-15
        1663     5.02532 7.14122e-15
        1664     5.02532 7.14122e-15
        1665     5.02532 7.14122e-15
        1666     5.02532 7.14122e-15
        1667     5.02532 7.14122e-15
        1668     5.02532 7.14122e-15
        1669     5.02532 7.14122e-15
        1670     5.02532 7.14122e-15
        1671     5.02532 7.14122e-15
        1672     5.02532 7.14122e-15
        1673     5.02532 7.14122e-15
        1674     5.02532 7.14122e-15
        1675     5.02532 7.14122e-15
        1676     5.02532 7.14122e-15
        1677     5.02532 7.14122e-15
        1678     5.02532 7.14122e-15
        1679     5.02532 7.14122e-15
        1680     5.02532 7.14122e-15
        1681     5.02532 7.14122e-15
        1682     5.02532 7.14122e-15
        1683     5.02532 7.14122e-15
        1684     5.02532 7.14122e-15
        1685     5.02532 7.14122e-15
        1686     5.02532 7.14122e-15
        1687     5.02532 7.14122e-15
        1688     5.02532 7.14122e-15
        1689     5.02532 7.14122e-15
        1690     5.02532 7.14122e-15
        1691     5.02532 7.14122e-15
        1692     5.02532 7.14122e-15
        1693     5.02532 7.14122e-15
        1694     5.02532 7.14122e-15
        1695     5.02532 7.14122e-15
        1696     5.02532 7.14122e-15
        1697     5.02532 7.14122e-15
        1698     5.02532 7.14122e-15
        1699     5.02532 7.14122e-15
        1700     5.02532 7.14122e-15
        1701     5.02532 7.14122e-15
        1702     5.02532 7.14122e-15
        1703     5.02532 7.14122e-15
        1704     5.02532 7.14122e-15
        1705     5.02532 7.14122e-15
        1706     5.02532 7.14122e-15
        1707     5.02532 7.14122e-15
        1708     5.02532 7.14122e-15
        1709     5.02532 7.14122e-15
        1710     5.02532 7.14122e-15
        1711     5.02532 7.14122e-15
        1712     5.02532 7.14122e-15
        1713     5.02532 7.14122e-15
        1714     5.02532 7.14122e-15
        1715     5.02532 7.14122e-15
        1716     5.02532 7.14122e-15
        1717     5.02532 7.14122e-15
        1718     5.02532 7.14122e-15
        1719     5.02532 7.14122e-15
        1720     5.02532 7.14122e-15
        1721     5.02532 7.14122e-15
        1722     5.02532 7.14122e-15
        1723     5.02532 7.14122e-15
        1724     5.02532 7.14122e-15
        1725     5.02532 7.14122e-15
        1726     5.02532 7.14122e-15
        1727     5.02532 7.14122e-15
        1728     5.02532 7.14122e-15
        1729     5.02532 7.14122e-15
        1730     5.02532 7.14122e-15
        1731     5.02532 7.14122e-15
        1732     5.02532 7.14122e-15
        1733     5.02532 7.14122e-15
        1734     5.02532 7.14122e-15
        1735     5.02532 7.14122e-15
        1736     5.02532 7.14122e-15
        1737     5.02532 7.14122e-15
        1738     5.02532 7.14122e-15
        1739     5.02532 7.14122e-15
        1740     5.02532 7.14122e-15
        1741     5.02532 7.14122e-15
        1742     5.02532 7.14122e-15
        1743     5.02532 7.14122e-15
        1744     5.02532 7.14122e-15
        1745     5.02532 7.14122e-15
        1746     5.02532 7.14122e-15
        1747     5.02532 7.14122e-15
        1748     5.02532 7.14122e-15
        1749     5.02532 7.14122e-15
        1750     5.02532 7.14122e-15
        1751     5.02532 7.14122e-15
        1752     5.02532 7.14122e-15
        1753     5.02532 7.14122e-15
        1754     5.02532 7.14122e-15
        1755     5.02532 7.14122e-15
        1756     5.02532 7.14122e-15
        1757     5.02532 7.14122e-15
        1758     5.02532 7.14122e-15
        1759     5.02532 7.14122e-15
        1760     5.02532 7.14122e-15
        1761     5.02532 7.14122e-15
        1762     5.02532 7.14122e-15
        1763     5.02532 7.14122e-15
        1764     5.02532 7.14122e-15
        1765     5.02532 7.14122e-15
        1766     5.02532 7.14122e-15
        1767     5.02532 7.14122e-15
        1768     5.02532 7.14122e-15
        1769     5.02532 7.14122e-15
        1770     5.02532 7.14122e-15
        1771     5.02532 7.14122e-15
        1772     5.02532 7.14122e-15
        1773     5.02532 7.14122e-15
        1774     5.02532 7.14122e-15
        1775     5.02532 7.14122e-15
        1776     5.02532 7.14122e-15
        1777     5.02532 7.14122e-15
        1778     5.02532 7.14122e-15
        1779     5.02532 7.14122e-15
        1780     5.02532 7.14122e-15
        1781     5.02532 7.14122e-15
        1782     5.02532 7.14122e-15
        1783     5.02532 7.14122e-15
        1784     5.02532 7.14122e-15
        1785     5.02532 7.14122e-15
        1786     5.02532 7.14122e-15
        1787     5.02532 7.14122e-15
        1788     5.02532 7.14122e-15
        1789     5.02532 7.14122e-15
        1790     5.02532 7.14122e-15
        1791     5.02532 7.14122e-15
        1792     5.02532 7.14122e-15
        1793     5.02532 7.14122e-15
        1794     5.02532 7.14122e-15
        1795     5.02532 7.14122e-15
        1796     5.02532 7.14122e-15
        1797     5.02532 7.14122e-15
        1798     5.02532 7.14122e-15
        1799     5.02532 7.14122e-15
        1800     5.02532 7.14122e-15
        1801     5.02532 7.14122e-15
        1802     5.02532 7.14122e-15
        1803     5.02532 7.14122e-15
        1804     5.02532 7.14122e-15
        1805     5.02532 7.14122e-15
        1806     5.02532 7.14122e-15
        1807     5.02532 7.14122e-15
        1808     5.02532 7.14122e-15
        1809     5.02532 7.14122e-15
        1810     5.02532 7.14122e-15
        1811     5.02532 7.14122e-15
        1812     5.02532 7.14122e-15
        1813     5.02532 7.14122e-15
        1814     5.02532 7.14122e-15
        1815     5.02532 7.14122e-15
        1816     5.02532 7.14122e-15
        1817     5.02532 7.14122e-15
        1818     5.02532 7.14122e-15
        1819     5.02532 7.14122e-15
        1820     5.02532 7.14122e-15
        1821     5.02532 7.14122e-15
        1822     5.02532 7.14122e-15
        1823     5.02532 7.14122e-15
        1824     5.02532 7.14122e-15
        1825     5.02532 7.14122e-15
        1826     5.02532 7.14122e-15
        1827     5.02532 7.14122e-15
        1828     5.02532 7.14122e-15
        1829     5.02532 7.14122e-15
        1830     5.02532 7.14122e-15
        1831     5.02532 7.14122e-15
        1832     5.02532 7.14122e-15
        1833     5.02532 7.14122e-15
        1834     5.02532 7.14122e-15
        1835     5.02532 7.14122e-15
        1836     5.02532 7.14122e-15
        1837     5.02532 7.14122e-15
        1838     5.02532 7.14122e-15
        1839     5.02532 7.14122e-15
        1840     5.02532 7.14122e-15
        1841     5.02532 7.14122e-15
        1842     5.02532 7.14122e-15
        1843     5.02532 7.14122e-15
        1844     5.02532 7.14122e-15
        1845     5.02532 7.14122e-15
        1846     5.02532 7.14122e-15
        1847     5.02532 7.14122e-15
        1848     5.02532 7.14122e-15
        1849     5.02532 7.14122e-15
        1850     5.02532 7.14122e-15
        1851     5.02532 7.14122e-15
        1852     5.02532 7.14122e-15
        1853     5.02532 7.14122e-15
        1854     5.02532 7.14122e-15
        1855     5.02532 7.14122e-15
        1856     5.02532 7.14122e-15
        1857     5.02532 7.14122e-15
        1858     5.02532 7.14122e-15
        1859     5.02532 7.14122e-15
        1860     5.02532 7.14122e-15
        1861     5.02532 7.14122e-15
        1862     5.02532 7.14122e-15
        1863     5.02532 7.14122e-15
        1864     5.02532 7.14122e-15
        1865     5.02532 7.14122e-15
        1866     5.02532 7.14122e-15
        1867     5.02532 7.14122e-15
        1868     5.02532 7.14122e-15
        1869     5.02532 7.14122e-15
        1870     5.02532 7.14122e-15
        1871     5.02532 7.14122e-15
        1872     5.02532 7.14122e-15
        1873     5.02532 7.14122e-15
        1874     5.02532 7.14122e-15
        1875     5.02532 7.14122e-15
        1876     5.02532 7.14122e-15
        1877     5.02532 7.14122e-15
        1878     5.02532 7.14122e-15
        1879     5.02532 7.14122e-15
        1880     5.02532 7.14122e-15
        1881     5.02532 7.14122e-15
        1882     5.02532 7.14122e-15
        1883     5.02532 7.14122e-15
        1884     5.02532 7.14122e-15
        1885     5.02532 7.14122e-15
        1886     5.02532 7.14122e-15
        1887     5.02532 7.14122e-15
        1888     5.02532 7.14122e-15
        1889     5.02532 7.14122e-15
        1890     5.02532 7.14122e-15
        1891     5.02532 7.14122e-15
        1892     5.02532 7.14122e-15
        1893     5.02532 7.14122e-15
        1894     5.02532 7.14122e-15
        1895     5.02532 7.14122e-15
        1896     5.02532 7.14122e-15
        1897     5.02532 7.14122e-15
        1898     5.02532 7.14122e-15
        1899     5.02532 7.14122e-15
        1900     5.02532 7.14122e-15
        1901     5.02532 7.14122e-15
        1902     5.02532 7.14122e-15
        1903     5.02532 7.14122e-15
        1904     5.02532 7.14122e-15
        1905     5.02532 7.14122e-15
        1906     5.02532 7.14122e-15
        1907     5.02532 7.14122e-15
        1908     5.02532 7.14122e-15
        1909     5.02532 7.14122e-15
        1910     5.02532 7.14122e-15
        1911     5.02532 7.14122e-15
        1912     5.02532 7.14122e-15
        1913     5.02532 7.14122e-15
        1914     5.02532 7.14122e-15
        1915     5.02532 7.14122e-15
        1916     5.02532 7.14122e-15
        1917     5.02532 7.14122e-15
        1918     5.02532 7.14122e-15
        1919     5.02532 7.14122e-15
        1920     5.02532 7.14122e-15
        1921     5.02532 7.14122e-15
        1922     5.02532 7.14122e-15
        1923     5.02532 7.14122e-15
        1924     5.02532 7.14122e-15
        1925     5.02532 7.14122e-15
        1926     5.02532 7.14122e-15
        1927     5.02532 7.14122e-15
        1928     5.02532 7.14122e-15
        1929     5.02532 7.14122e-15
        1930     5.02532 7.14122e-15
        1931     5.02532 7.14122e-15
        1932     5.02532 7.14122e-15
        1933     5.02532 7.14122e-15
        1934     5.02532 7.14122e-15
        1935     5.02532 7.14122e-15
        1936     5.02532 7.14122e-15
        1937     5.02532 7.14122e-15
        1938     5.02532 7.14122e-15
        1939     5.02532 7.14122e-15
        1940     5.02532 7.14122e-15
        1941     5.02532 7.14122e-15
        1942     5.02532 7.14122e-15
        1943     5.02532 7.14122e-15
        1944     5.02532 7.14122e-15
        1945     5.02532 7.14122e-15
        1946     5.02532 7.14122e-15
        1947     5.02532 7.14122e-15
        1948     5.02532 7.14122e-15
        1949     5.02532 7.14122e-15
        1950     5.02532 7.14122e-15
        1951     5.02532 7.14122e-15
        1952     5.02532 7.14122e-15
        1953     5.02532 7.14122e-15
        1954     5.02532 7.14122e-15
        1955     5.02532 7.14122e-15
        1956     5.02532 7.14122e-15
        1957     5.02532 7.14122e-15
        1958     5.02532 7.14122e-15
        1959     5.02532 7.14122e-15
        1960     5.02532 7.14122e-15
        1961     5.02532 7.14122e-15
        1962     5.02532 7.14122e-15
        1963     5.02532 7.14122e-15
        1964     5.02532 7.14122e-15
        1965     5.02532 7.14122e-15
        1966     5.02532 7.14122e-15
        1967     5.02532 7.14122e-15
        1968     5.02532 7.14122e-15
        1969     5.02532 7.14122e-15
        1970     5.02532 7.14122e-15
        1971     5.02532 7.14122e-15
        1972     5.02532 7.14122e-15
        1973     5.02532 7.14122e-15
        1974     5.02532 7.14122e-15
        1975     5.02532 7.14122e-15
        1976     5.02532 7.14122e-15
        1977     5.02532 7.14122e-15
        1978     5.02532 7.14122e-15
        1979     5.02532 7.14122e-15
        1980     5.02532 7.14122e-15
        1981     5.02532 7.14122e-15
        1982     5.02532 7.14122e-15
        1983     5.02532 7.14122e-15
        1984     5.02532 7.14122e-15
        1985     5.02532 7.14122e-15
        1986     5.02532 7.14122e-15
        1987     5.02532 7.14122e-15
        1988     5.02532 7.14122e-15
        1989     5.02532 7.14122e-15
        1990     5.02532 7.14122e-15
        1991     5.02532 7.14122e-15
        1992     5.02532 7.14122e-15
        1993     5.02532 7.14122e-15
        1994     5.02532 7.14122e-15
        1995     5.02532 7.14122e-15
        1996     5.02532 7.14122e-15
        1997     5.02532 7.14122e-15
        1998     5.02532 7.14122e-15
        1999     5.02532 7.14122e-15
        2000     5.02532 7.14122e-15
