           0  -0.0228853   0.0718346
           1  -0.0282034   0.0849169
           2  -0.0067737    0.256047
           3   0.0772691    0.340005
           4    0.156019    0.405484
           5    0.265764    0.470267
           6    0.418855    0.439875
           7    0.431865    0.254052
           8    0.116809   0.0804683
           9  -0.0208621  -0.0057403
          10   -0.220767   0.0458579
          11   -0.331675   0.0724387
          12   -0.128504    0.336567
          13    -0.27389     0.49461
          14   -0.435357    0.254654
          15    -0.37904    0.180137
          16   -0.482698   0.0831787
          17   -0.447239  -0.0464925
          18   -0.377351   -0.330082
          19   -0.416046   -0.340741
          20   -0.366196    -0.44652
          21   -0.266843   -0.306707
          22   -0.242107   -0.260732
          23  0.00185779   -0.475716
          24     0.17838   -0.401786
          25    0.205029   -0.413993
          26    0.276048   -0.478862
          27    0.313285   -0.482058
          28    0.213423   -0.388223
          29    0.151955   -0.286148
          30    0.229649   -0.168834
          31    0.186006   -0.130649
          33  -0.0228853   0.0718346
