           0    0.197613  -0.0409976
           1    0.172342  -0.0238046
           2    0.205242   -0.197478
           3    0.261477   -0.155939
           4      0.3217  -0.0857066
           5    0.449315   -0.180531
           6    0.217973   -0.361732
           7    0.255839   -0.415186
           8    0.251751    -0.49526
           9    0.179247    -0.39602
          10   0.0625982    -0.46156
          11   -0.118593   -0.322939
          12    -0.16778   -0.201564
          13   -0.338115   -0.211218
          14   -0.410774   -0.168953
          15   -0.377351  -0.0634968
          16   -0.298106 -0.00191379
          17  -0.0562824    0.130171
          18    0.137529    0.246476
          19    0.200237    0.195581
          20     0.26513    0.387475
          21    0.446134    0.470689
          22    0.218362    0.493605
          23     0.16912    0.433889
          24  -0.0321226    0.465766
          25   0.0317788    0.286774
          26   -0.272411      0.2742
          27   -0.283132    0.263058
          28   -0.414948    0.305404
          29    -0.28753    0.086029
          30   -0.166725  0.00592365
          31   0.0703213  0.00541399
          33    0.197613  -0.0409976
