           0    0.353762   -0.165923
           1    0.198807   -0.397838
           2    0.187993   -0.475255
           3   0.0979426   -0.460474
           4  -0.0716242   -0.336943
           5   -0.225317    -0.48497
           6   -0.278165   -0.476843
           7   -0.360747   -0.386747
           8   -0.357842   -0.377304
           9   -0.435769   -0.207123
          10   -0.273209   -0.119133
          11   -0.222808  -0.0518674
          12   -0.111784   -0.063248
          13    0.141375    0.214115
          14    0.470541    0.249423
          15    0.464387    0.351747
          16    0.435487    0.378191
          17    0.215497    0.336813
          18    0.178858    0.440277
          19    0.112247    0.420827
          20   0.0170844    0.494121
          21   -0.356776    0.419755
          22   -0.413788    0.394555
          23   -0.436371    0.300978
          24   -0.477661    0.182204
          25   -0.356886    0.124297
          26   -0.381868  -0.0186531
          27   -0.377351  -0.0831293
          28   -0.224872   -0.199113
          29   -0.151146   -0.164811
          30  -0.0761887   -0.223382
          31   0.0958434   -0.275273
          33    0.353762   -0.165923
