           0    0.109482    -0.26108
           1    0.111215   -0.239559
           2    0.340888   -0.179188
           3     0.10179  -0.0918758
           4     -0.0215  -0.0127255
           5   -0.174261    0.179508
           6   -0.401405    0.274231
           7   -0.378486    0.388571
           8   -0.377351    0.387835
           9   -0.261106    0.447084
          10   -0.169425    0.453747
          11     0.20543    0.372143
          12    0.156387    0.294738
          13    0.143112    0.258748
          14    0.167421    0.261679
          15    0.336697    0.117816
          16    0.306001  -0.0333188
          17 -0.00946873  -0.0581738
          18    -0.19086 -0.00315119
          19   -0.295362  -0.0292941
          20   -0.367934   -0.109737
          21   -0.455424   -0.117894
          22   -0.290621   -0.218317
          23   -0.187605  -0.0818407
          24   -0.106629   -0.194901
          25   -0.047769   -0.224782
          26    -0.23623   -0.221742
          27   -0.201384   -0.327659
          28   -0.318764   -0.417697
          29   -0.037614   -0.492084
          30    0.070725   -0.414452
          31    0.145848   -0.276809
          33    0.109482    -0.26108
