1.11954 0
1.12919 0.00965142
1.13445 0.00765879
1.13855 0.00679498
1.13344 0.00733356
1.12946 0.00719298
1.12975 0.006086
1.13097 0.00541062
1.12993 0.00488363
1.12746 0.00501831
1.12841 0.00463751
1.12858 0.00423706
1.12736 0.00408538
1.12638 0.00390786
1.12554 0.00373168
1.12397 0.00382973
1.12423 0.00360711
1.12406 0.00340518
1.12519 0.00341282
1.12469 0.00327666
1.12429 0.00314225
1.12313 0.00321028
1.12362 0.00310589
1.12403 0.00300241
1.1234 0.0029487
1.12421 0.00294557
1.12379 0.00286555
1.12322 0.00281881
1.12262 0.00278562
1.12265 0.00269131
1.12284 0.00261064
1.12335 0.00257709
1.12304 0.00251645
1.12216 0.00259606
1.12195 0.00252944
1.12082 0.00270514
1.1216 0.0027457
1.12171 0.00267453
1.12265 0.00276819
1.12278 0.00270128
1.1224 0.00266201
1.12262 0.00260739
1.12323 0.00261898
1.12292 0.0025782
1.12299 0.0025213
1.12311 0.00246885
1.1225 0.0024906
1.12225 0.0024514
1.12269 0.00244052
1.12294 0.00240486
1.12268 0.0023725
1.12267 0.00232643
1.12257 0.00228441
1.12322 0.00233428
1.12341 0.00229949
1.12352 0.00226064
1.12398 0.00226807
1.12363 0.00225565
1.12392 0.00223545
1.12403 0.00220075
1.12427 0.0021778
1.12432 0.00214282
1.12379 0.00217263
1.12394 0.00214337
1.12331 0.00220109
1.1228 0.00222772
1.12308 0.0022125
1.12288 0.00218912
1.12327 0.00219205
1.12318 0.00216239
1.12289 0.00215116
1.12278 0.00212401
1.12249 0.00211426
1.12243 0.00208646
1.12255 0.00206234
1.12283 0.00205326
1.12277 0.00202708
1.1228 0.0020011
1.123 0.0019853
1.12302 0.00196048
1.12313 0.00193917
1.12341 0.00193546
1.12336 0.0019125
1.12317 0.00189989
1.12319 0.00187762
1.12314 0.00185652
1.12319 0.00183583
1.12322 0.00181506
1.12349 0.00181478
1.12356 0.00179582
1.12357 0.001776
1.1235 0.00175804
1.12336 0.00174448
1.12337 0.00172585
1.12348 0.001711
1.12357 0.00169544
1.12341 0.00168495
1.12334 0.00166927
1.12317 0.00166063
1.12326 0.0016464
