1.67931 0
1.69379 0.0144771
1.70167 0.0114882
1.70782 0.0101925
1.70016 0.0110003
1.69419 0.0107895
1.69462 0.009129
1.69645 0.00811594
1.69489 0.00732545
1.69119 0.00752746
1.69261 0.00695626
1.69287 0.0063556
1.69104 0.00612807
1.68956 0.0058618
1.68832 0.00559752
1.68595 0.0057446
1.68635 0.00541067
1.68609 0.00510777
1.68778 0.00511923
1.68703 0.004915
1.68643 0.00471337
1.6847 0.00481542
1.68543 0.00465884
1.68605 0.00450362
1.6851 0.00442305
1.68631 0.00441835
1.68568 0.00429833
1.68483 0.00422821
1.68393 0.00417843
1.68397 0.00403697
1.68427 0.00391596
1.68502 0.00386564
1.68456 0.00377468
1.68324 0.00389409
1.68292 0.00379416
1.68123 0.0040577
1.68241 0.00411855
1.68256 0.00401179
1.68397 0.00415228
1.68417 0.00405192
1.68359 0.00399301
1.68393 0.00391108
1.68485 0.00392847
1.68437 0.00386729
1.68448 0.00378195
1.68467 0.00370327
1.68376 0.0037359
1.68337 0.00367711
1.68403 0.00366078
1.68442 0.00360728
1.68401 0.00355875
1.68401 0.00348965
1.68385 0.00342661
1.68483 0.00350142
1.68512 0.00344924
1.68528 0.00339095
1.68597 0.00340211
1.68545 0.00338347
1.68588 0.00335318
1.68605 0.00330112
1.68641 0.00326669
1.68647 0.00321423
1.68569 0.00325894
1.68591 0.00321506
1.68497 0.00330163
1.6842 0.00334158
1.68462 0.00331875
1.68432 0.00328367
1.6849 0.00328807
1.68477 0.00324359
1.68433 0.00322673
1.68417 0.00318601
1.68374 0.00317138
1.68364 0.00312969
1.68383 0.00309351
1.68424 0.00307988
1.68416 0.00304062
1.6842 0.00300165
1.6845 0.00297796
1.68453 0.00294072
1.6847 0.00290876
1.68511 0.00290319
1.68505 0.00286875
1.68475 0.00284984
1.68479 0.00281643
1.68471 0.00278478
1.68479 0.00275375
1.68483 0.00272259
1.68523 0.00272217
1.68534 0.00269373
1.68535 0.002664
1.68524 0.00263706
1.68504 0.00261671
1.68505 0.00258877
1.68521 0.0025665
1.68535 0.00254315
1.68512 0.00252742
1.68501 0.0025039
1.68476 0.00249094
1.68489 0.0024696
