-4.9618 0
-4.99285 0.0310502
-5.00781 0.0233467
-5.01697 0.0188809
-5.01055 0.0159724
-5.0055 0.0139862
-5.00659 0.0118711
-5.00891 0.010538
-5.00762 0.00938257
-5.00452 0.00894629
-5.00621 0.00826752
-5.00677 0.00756809
-5.00523 0.0071319
-5.00407 0.0067038
-5.00319 0.00630182
-5.00103 0.00627785
-5.00168 0.00593241
-5.0013 0.00560572
-5.00299 0.00556411
-5.00235 0.0053175
-5.00184 0.0050831
-5.00014 0.00513596
-5.00091 0.00496677
-5.00163 0.00480909
-5.00067 0.00470993
-5.00194 0.00469807
-5.00144 0.00454805
-5.00065 0.00445307
-4.99974 0.00439229
-4.9999 0.00424654
-5.00028 0.00412478
-5.00107 0.00407113
-5.00066 0.00396701
-4.99931 0.00407975
-4.99903 0.00397122
-4.99734 0.00421487
-4.99857 0.00428156
-4.9988 0.00417342
-5.00032 0.00433983
-5.00055 0.00423659
-5.00001 0.0041679
-5.00043 0.00408925
-5.00132 0.0040912
-5.00084 0.00402558
-5.001 0.00393811
-5.00125 0.00386013
-5.00034 0.00388516
-4.99992 0.00382684
-5.00056 0.0038017
-5.00099 0.00375025
-5.00059 0.00369812
-5.0006 0.00362632
-5.00041 0.00356225
-5.00146 0.00365115
-5.00177 0.00359706
-5.00191 0.00353519
-5.0026 0.00354046
-5.00206 0.00352086
-5.00247 0.00348535
-5.00263 0.00343031
-5.003 0.0033938
-5.00307 0.00333947
-5.00229 0.00337769
-5.00251 0.00333175
-5.00153 0.00342401
-5.0008 0.00345041
-5.00125 0.00342798
-5.00094 0.00339129
-5.00151 0.00339073
-5.0014 0.0033437
-5.00098 0.00332343
-5.00083 0.00328014
-5.00038 0.00326709
-5.00027 0.00322435
-5.00042 0.00318457
-5.00084 0.00316956
-5.00077 0.00312892
-5.0008 0.00308869
-5.0011 0.00306469
-5.00116 0.00302665
-5.00134 0.0029945
-5.00177 0.00298878
-5.00172 0.00295296
-5.00142 0.00293268
-5.00147 0.00289845
-5.00141 0.0028652
-5.00152 0.00283423
-5.00157 0.00280219
-5.00199 0.00280231
-5.0021 0.00277338
-5.00213 0.00274291
-5.00201 0.00271597
-5.00182 0.00269334
-5.00181 0.00266453
-5.00195 0.00264
-5.00208 0.0026155
-5.00184 0.00259911
-5.00173 0.00257485
-5.00149 0.00256045
-5.00162 0.00253832
