-3.28249 0
-3.29907 0.0165731
-3.30614 0.0119001
-3.30915 0.00893565
-3.31039 0.0070316
-3.31131 0.00581535
-3.31197 0.00495936
-3.31246 0.00432173
-3.31273 0.00382101
-3.31333 0.00347088
-3.3136 0.00315103
-3.3139 0.00289205
-3.31419 0.00267582
-3.3145 0.00249725
-3.31487 0.0023544
-3.31508 0.00221176
-3.31533 0.00209263
-3.31521 0.00197642
-3.31521 0.00186952
-3.31532 0.00177722
-3.31541 0.00169311
-3.31544 0.0016146
-3.31548 0.00154319
-3.31557 0.00148056
-3.31557 0.00142011
-3.31563 0.00136543
-3.31576 0.00132076
-3.31582 0.00127416
-3.31581 0.00122946
-3.31593 0.00119399
-3.31602 0.00115769
-3.31605 0.00112154
-3.3161 0.00108815
-3.31607 0.00105607
-3.31611 0.00102607
-3.31611 0.000997157
-3.31617 0.000971552
-3.31623 0.000948034
-3.31635 0.000930591
-3.31639 0.000907931
-3.31641 0.000885881
-3.3165 0.000868948
-3.31647 0.000849025
-3.31647 0.000829513
-3.31651 0.000812106
-3.31659 0.000797861
-3.31659 0.000780701
-3.31655 0.000765397
-3.31653 0.000749886
-3.31658 0.000736553
-3.31658 0.000721967
-3.31659 0.000708089
-3.31656 0.000695504
-3.31663 0.000686932
-3.31665 0.00067452
-3.31663 0.000662602
-3.31663 0.000650878
-3.31661 0.000639867
-3.31659 0.000629103
-3.31658 0.000618658
-3.31659 0.000608477
-3.3166 0.000598679
-3.3166 0.000589115
-3.31661 0.000579838
-3.31656 0.000572464
-3.3166 0.00056508
-3.31662 0.000557046
-3.31662 0.000548815
-3.31661 0.0005409
-3.31664 0.000533793
-3.31664 0.000526294
-3.31667 0.00051944
-3.31664 0.000513005
-3.31663 0.000506111
-3.31659 0.000500955
-3.3166 0.000494341
-3.3166 0.000487939
-3.31659 0.000481742
-3.31661 0.000475765
-3.31662 0.000470185
-3.31664 0.000464675
-3.31665 0.000459141
-3.31667 0.000453871
-3.31667 0.000448436
-3.31668 0.000443263
-3.3167 0.000438713
-3.31674 0.000434699
-3.31674 0.000429742
-3.31675 0.000425172
-3.31677 0.000420576
-3.31678 0.000416349
-3.31676 0.000412352
-3.31678 0.000408223
-3.31676 0.000404301
-3.31674 0.000400675
-3.31673 0.000396522
-3.31673 0.000392436
-3.31673 0.000388413
-3.31673 0.00038449
-3.31673 0.000380626
