15.3558
14.9391
14.3439
13.7897
13.9896
14.3265
14.9898
14.6034
14.6201
14.8199
15.0432
15.04
15.1672
15.4407
15.3029
14.9972
15.2269
15.0686
14.8581
14.8517
14.8256
14.8957
14.7714
14.989
14.9294
14.8203
14.8078
14.8868
14.967
15.0306
14.9972
15.0079
14.9429
14.9967
14.8994
14.8231
14.9048
14.8351
14.7772
14.6863
14.7126
14.6849
14.7436
14.8363
14.8231
14.7718
14.8168
14.853
14.8161
14.7847
14.7804
14.8091
14.759
14.7703
14.7822
14.7938
14.7946
14.7997
14.8949
14.917
14.9207
14.9282
14.9373
14.9632
14.9376
14.9448
14.9499
14.935
15.0188
15.0281
15.0504
15.0696
15.0669
15.0559
15.0297
15.0081
15.0275
15.0392
15.0478
15.0083
15.0563
15.0594
15.0486
15.0377
15.019
15.021
15.0278
15.0187
14.9968
15.0526
15.0826
15.0978
15.051
15.0441
15.0072
14.9887
15.0103
14.9991
14.9675
14.9379
