0
0.416624
0.642018
0.716373
0.589799
0.58771
0.82866
0.815017
0.71897
0.67339
0.648741
0.592225
0.559429
0.585673
0.562369
0.608442
0.615971
0.601917
0.607039
0.575924
0.548431
0.52759
0.519231
0.542656
0.523895
0.515027
0.495743
0.484199
0.474038
0.462358
0.448444
0.434337
0.425961
0.416739
0.4162
0.411603
0.408578
0.403754
0.397499
0.397965
0.389031
0.380663
0.376305
0.379168
0.37088
0.366345
0.36128
0.355522
0.350146
0.3445
0.337704
0.332383
0.329871
0.323901
0.31818
0.312661
0.307128
0.301829
0.311569
0.307132
0.302078
0.29726
0.292648
0.289197
0.285861
0.281587
0.2774
0.273696
0.282405
0.278497
0.275451
0.27228
0.268538
0.265112
0.262864
0.260278
0.257605
0.254553
0.251455
0.251406
0.252876
0.249792
0.247
0.244285
0.24211
0.239286
0.236618
0.234093
0.232481
0.236568
0.235862
0.233778
0.235937
0.233514
0.23398
0.232265
0.230875
0.228784
0.228648
0.22828
