6.75303
5.45973
5.03086
5.1826
5.35322
5.12729
4.9701
5.11349
5.02466
5.19638
5.18966
5.33064
5.20509
5.0872
5.16116
5.20013
5.16919
5.22762
5.26652
5.30193
5.29797
5.35298
5.38958
5.28412
5.32642
5.36112
5.35839
5.38589
5.34693
5.34314
5.35482
5.35362
5.35699
5.31833
5.34341
5.36585
5.33838
5.34668
5.3959
5.43521
5.3912
5.37836
5.37587
5.35226
5.3813
5.40227
5.35787
5.34123
5.33166
5.34313
5.3228
5.30953
5.31883
5.33425
5.33422
5.35099
5.33771
5.33915
5.33903
5.36586
5.35132
5.34945
5.36158
5.35763
5.35833
5.35407
5.3384
5.34555
5.32014
5.33385
5.34525
5.33812
5.33733
5.35247
5.3642
5.34842
5.34575
5.34659
5.36281
5.35875
5.35498
5.34797
5.34297
5.34709
5.34816
5.34575
5.34974
5.35058
5.35841
5.35303
5.33872
5.33586
5.34318
5.34741
5.35036
5.34688
5.34542
5.3359
5.34601
5.36858
