0
1.29329
0.861086
0.627503
0.515138
0.47745
0.433053
0.401511
0.365071
0.36893
0.333777
0.335733
0.333377
0.330393
0.316347
0.29847
0.282066
0.272278
0.26047
0.249627
0.237476
0.233011
0.225637
0.240396
0.234428
0.227888
0.219302
0.213106
0.209284
0.202223
0.195939
0.189721
0.183913
0.182561
0.179033
0.175431
0.172821
0.168416
0.171265
0.171494
0.172951
0.169271
0.165306
0.163223
0.162175
0.15999
0.162723
0.160164
0.157153
0.154405
0.152706
0.150328
0.147757
0.145813
0.143137
0.141554
0.139682
0.13726
0.134913
0.13533
0.133884
0.131721
0.13018
0.128191
0.126205
0.124351
0.123479
0.12186
0.12274
0.121749
0.120562
0.119089
0.117449
0.116836
0.115863
0.115411
0.113934
0.112467
0.112212
0.110875
0.109562
0.108445
0.107246
0.106042
0.104792
0.103595
0.102475
0.101307
0.100468
0.0994913
0.0994279
0.0983827
0.0975941
0.0966426
0.0956656
0.0947282
0.0937577
0.0932839
0.0928891
0.0946843
