           1     37.3349     1.73376
           2     35.1051     1.76308
           3      33.474     1.00483
           4     32.6048    0.590141
           5     31.9507    0.635815
           6     31.1614    0.273291
           7     30.9039    0.346308
           8     30.6263    0.212346
           9     30.4729    0.153205
          10     30.2792    0.159294
          11     30.1096   0.0353553
          12     30.0823    0.137592
          13       29.95    0.341083
          14     29.4988    0.490137
          15       28.95    0.509705
          16     28.4479    0.479705
          17     28.0305    0.130686
          18     27.8591    0.421405
          19     27.2912    0.553591
          20     26.8427   0.0543542
          21     26.7907    0.116711
          22     26.6496    0.251903
          23     26.2587      0.6054
          24     25.3816    0.772566
          25     24.7955 2.49943e-14
          26     24.7862   0.0474964
          27     24.7203    0.130999
          28     24.5589    0.212618
          29      24.306    0.147735
          30     24.1836   0.0157598
          31     24.1445    0.196491
          32     23.9176    0.514095
          33      23.271    0.626234
          34     22.7671   0.0551682
          35     22.6757    0.219821
          36     22.4158    0.353149
          37     21.9658    0.300087
          38     21.6267    0.424058
          39      21.172    0.526411
          40     20.5353    0.424982
          41     20.0669    0.636745
          42     19.6756    0.512274
          43     19.3862   0.0608259
          44     19.3108   0.0972003
          45     19.2141 2.85649e-14
          46     19.2141 2.85649e-14
          47     19.2021   0.0911086
          48     19.1355    0.228493
          49     18.7957    0.414321
          50     18.4573    0.274208
          51     18.3269 3.57061e-14
          52     18.3205   0.0427476
          53     18.2481    0.144369
          54     18.1016    0.178499
          55     17.9378  0.00120096
          56     17.9364  0.00405922
          57     17.9268   0.0529581
          58     17.8968    0.122746
          59     17.7539    0.237789
          60     17.5208    0.217255
          61     17.3493   0.0704361
          62     17.2835   0.0774871
          63     17.1851    0.214488
          64     16.9207    0.306028
          65     16.6562 1.42824e-14
          66     16.6549   0.0132404
          67     16.6324   0.0511243
          68     16.5914   0.0885479
          69     16.4879     0.14434
          70     16.3306    0.250048
          71     16.0607    0.159622
          72     16.0044  0.00328363
          73     16.0008   0.0107243
          74     15.9928   0.0157982
          75     15.9766   0.0133282
          76     15.9664   0.0142709
          77     15.9495   0.0269495
          78     15.9162   0.0244153
          79     15.8941  0.00791153
          80     15.8896  0.00151159
          81     15.8893 2.67796e-14
          82     15.8863   0.0294765
          83     15.8509    0.099612
          84     15.7401    0.150624
          85     15.5795   0.0479624
          86     15.5326   0.0942432
          87     15.4269    0.173394
          88     15.2113    0.182876
          89     15.0346    0.266169
          90      14.825    0.377553
          91     14.5248    0.389946
          92     14.2044    0.341676
          93     13.9318    0.446593
          94     13.5785     0.38677
          95     13.3616   0.0267167
          96     13.3158    0.124028
          97     13.1364    0.255774
          98     12.9469    0.278618
          99     12.6085    0.189818
         100     12.5355 1.07118e-14
         101     12.5261   0.0888151
         102     12.3629    0.348913
         103     12.0257     0.43341
         104     11.6481 2.55626e-05
         105     11.6481 7.14122e-15
         106     11.6481 7.14122e-15
         107     11.6481 7.14122e-15
         108     11.6476  0.00488346
         109     11.6403   0.0179933
         110     11.6198   0.0242242
         111     11.5993 2.49943e-14
         112     11.5993 2.49943e-14
         113      11.597   0.0231741
         114     11.5575   0.0894503
         115     11.4735    0.116452
         116     11.3649    0.025745
         117     11.3505   0.0147834
         118     11.3352   0.0174156
         119     11.3103   0.0304047
         120     11.2831   0.0132531
         121     11.2801 1.07118e-14
         122     11.2715   0.0855329
         123     11.1689    0.289099
         124     10.8949    0.427455
         125     10.5343    0.284911
         126     10.4248 7.14122e-15
         127     10.4248 7.14122e-15
         128     10.4248 7.14122e-15
         129     10.4248 7.14122e-15
         130     10.4248 7.14122e-15
         131     10.4245  0.00241107
         132       10.42  0.00930699
         133     10.4102   0.0113655
         134      10.401 8.92653e-15
         135        10.4  0.00958153
         136     10.3876   0.0334142
         137     10.3531    0.048149
         138     10.3148   0.0288894
         139     10.3052 1.78531e-15
         140     10.3052 1.78531e-15
         141     10.3052 1.78531e-15
         142     10.3048  0.00396697
         143     10.3004   0.0129561
         144     10.2909   0.0191374
         145     10.2727   0.0153174
         146     10.2655 1.42824e-14
         147     10.2655 1.42824e-14
         148     10.2655 1.42824e-14
         149     10.2655 1.42824e-14
         150     10.2655 1.42824e-14
         151     10.2655 1.42824e-14
         152     10.2655 1.42824e-14
         153     10.2628   0.0270228
         154     10.2358   0.0849776
         155     10.1439    0.135114
         156     10.0367   0.0969076
         157     9.99529  2.3209e-14
         158     9.99529  2.3209e-14
         159     9.99529  2.3209e-14
         160     9.99529  2.3209e-14
         161     9.99529  2.3209e-14
         162     9.99529  2.3209e-14
         163     9.98755   0.0442067
         164     9.92469     0.12607
         165     9.75888    0.136591
         166     9.66863    0.016421
         167     9.66326   0.0123845
         168     9.64221   0.0478194
         169      9.6001   0.0621847
         170     9.54065           0
         171     9.54025  0.00398432
         172     9.53541   0.0134569
         173     9.52459   0.0195363
         174     9.50985   0.0166533
         175     9.50081 1.07118e-14
         176     9.50081 1.07118e-14
         177     9.50081 1.07118e-14
         178     9.50081 1.07118e-14
         179     9.50081 1.07118e-14
         180      9.4975    0.033084
         181     9.44457      0.1249
         182     9.36186    0.164112
         183     9.24606     0.13993
         184     9.16997 1.24971e-14
         185     9.16997 1.24971e-14
         186     9.16997 1.24971e-14
         187     9.16997 1.24971e-14
         188     9.16997 1.24971e-14
         189     9.16997 1.24971e-14
         190     9.16997 1.24971e-14
         191     9.16997 1.24971e-14
         192     9.16997 1.24971e-14
         193     9.16997 1.24971e-14
         194     9.16997 1.24971e-14
         195     9.16997 1.24971e-14
         196     9.16997 1.24971e-14
         197     9.16997 1.24971e-14
         198     9.16997 1.24971e-14
         199     9.16997 1.24971e-14
         200     9.16997 1.24971e-14
         201     9.16997 1.24971e-14
         202     9.16997 1.24971e-14
         203     9.16997 1.24971e-14
         204     9.16997 1.24971e-14
         205     9.16997 1.24971e-14
         206     9.16997 1.24971e-14
         207     9.16997 1.24971e-14
         208     9.16997 1.24971e-14
         209     9.16997 1.24971e-14
         210     9.16997 1.24971e-14
         211     9.16997 1.24971e-14
         212     9.16997 1.24971e-14
         213     9.16997 1.24971e-14
         214     9.16997 1.24971e-14
         215     9.16997 1.24971e-14
         216     9.16997 1.24971e-14
         217     9.16997 1.24971e-14
         218     9.16997 1.24971e-14
         219     9.16997 1.24971e-14
         220     9.16997 1.24971e-14
         221     9.16997 1.24971e-14
         222     9.16997 1.24971e-14
         223     9.16856   0.0140718
         224      9.1573   0.0404739
         225     9.10665   0.0703592
         226     9.04192   0.0404739
         227     9.02925 1.24971e-14
         228     9.02925 1.24971e-14
         229     9.02925 1.24971e-14
         230     9.02925 1.24971e-14
         231     9.02925 1.24971e-14
         232     9.02925 1.24971e-14
         233     9.02925 1.24971e-14
         234     9.02925 1.24971e-14
         235     9.02925 1.24971e-14
         236     9.02925 1.24971e-14
         237     9.02925 1.24971e-14
         238     9.02925 1.24971e-14
         239     9.02925 1.24971e-14
         240     9.02925 1.24971e-14
         241     9.02925 1.24971e-14
         242     9.02925 1.24971e-14
         243     9.02925 1.24971e-14
         244     9.02925 1.24971e-14
         245     9.02925 1.24971e-14
         246     9.02925 1.24971e-14
         247     9.02925 1.24971e-14
         248     9.02925 1.24971e-14
         249     9.02925 1.24971e-14
         250     9.02925 1.24971e-14
         251     9.02925 1.24971e-14
         252     9.02925 1.24971e-14
         253     9.02925 1.24971e-14
         254     9.02925 1.24971e-14
         255     9.02925 1.24971e-14
         256     9.02925 1.24971e-14
         257     9.02925 1.24971e-14
         258     9.02925 1.24971e-14
         259     9.02925 1.24971e-14
         260     9.02925 1.24971e-14
         261     9.02925 1.24971e-14
         262     9.02925 1.24971e-14
         263     9.02925 1.24971e-14
         264     9.02925 1.24971e-14
         265     9.02925 1.24971e-14
         266     9.02925 1.24971e-14
         267     9.02925 1.24971e-14
         268     9.02925 1.24971e-14
         269     9.02925 1.24971e-14
         270     9.02925 1.24971e-14
         271     9.02925 1.24971e-14
         272     9.02925 1.24971e-14
         273     9.02925 1.24971e-14
         274     9.02925 1.24971e-14
         275     9.02925 1.24971e-14
         276     9.02925 1.24971e-14
         277     9.02925 1.24971e-14
         278     9.02925 1.24971e-14
         279     9.02925 1.24971e-14
         280     9.02925 1.24971e-14
         281     9.02925 1.24971e-14
         282     9.02925 1.24971e-14
         283     9.02925 1.24971e-14
         284     9.02925 1.24971e-14
         285     9.02925 1.24971e-14
         286     9.02925 1.24971e-14
         287     9.02925 1.24971e-14
         288     9.02925 1.24971e-14
         289     9.02925 1.24971e-14
         290     9.02925 1.24971e-14
         291     9.02925 1.24971e-14
         292     9.02925 1.24971e-14
         293     9.02925 1.24971e-14
         294     9.02925 1.24971e-14
         295     9.02897  0.00279039
         296     9.02702  0.00760828
         297     9.02032   0.0130821
         298     9.01111   0.0133764
         299     9.00135 1.07118e-14
         300     9.00135 1.07118e-14
         301     9.00135 1.07118e-14
         302     9.00135 1.07118e-14
         303     9.00135 1.07118e-14
         304     9.00135 1.07118e-14
         305     9.00135 1.07118e-14
         306     9.00135 1.07118e-14
         307     9.00135 1.07118e-14
         308     9.00135 1.07118e-14
         309     9.00135 1.07118e-14
         310     8.99302   0.0832915
         311     8.88474    0.290467
         312     8.52659    0.414433
         313     8.27465    0.276575
         314     8.16843 1.96384e-14
         315     8.16843 1.96384e-14
         316     8.16843 1.96384e-14
         317     8.16843 1.96384e-14
         318     8.16843 1.96384e-14
         319     8.16683   0.0160331
         320     8.14919   0.0523639
         321      8.1059   0.0785954
         322     8.05139    0.071539
         323      8.0097   0.0160331
         324      8.0081 1.78531e-14
         325      8.0081 1.78531e-14
         326      8.0081 1.78531e-14
         327      8.0081 1.78531e-14
         328     8.00572   0.0238335
         329     7.97473   0.0831156
         330     7.92318    0.114134
         331     7.83988     0.10851
         332     7.76977 8.92653e-16
         333     7.76977 8.92653e-16
         334     7.76977 8.92653e-16
         335     7.76977 8.92653e-16
         336     7.76977 8.92653e-16
         337     7.76977 8.92653e-16
         338     7.76977 8.92653e-16
         339     7.76977 8.92653e-16
         340     7.76977 8.92653e-16
         341     7.76977 8.92653e-16
         342     7.76977 8.92653e-16
         343     7.76977 8.92653e-16
         344     7.76899  0.00776778
         345     7.76278    0.022342
         346     7.73869   0.0382459
         347     7.70853   0.0317575
         348     7.69209 7.14122e-15
         349     7.69209 7.14122e-15
         350     7.69209 7.14122e-15
         351     7.69209 7.14122e-15
         352     7.69209 7.14122e-15
         353     7.69209 7.14122e-15
         354     7.69209 7.14122e-15
         355     7.69209 7.14122e-15
         356     7.69209 7.14122e-15
         357     7.69209 7.14122e-15
         358     7.69207 0.000161284
         359     7.69189 0.000526752
         360     7.69135 0.000807885
         361     7.69078 0.000635907
         362     7.69048 1.16045e-14
         363     7.69048 1.16045e-14
         364     7.69048 1.16045e-14
         365     7.69048 1.16045e-14
         366     7.69048 1.16045e-14
         367     7.69048 1.16045e-14
         368     7.69048 1.16045e-14
         369     7.69048 1.16045e-14
         370     7.69048 1.16045e-14
         371     7.69048 1.16045e-14
         372     7.69048 1.16045e-14
         373     7.69048 1.16045e-14
         374     7.69048 1.16045e-14
         375     7.69048 1.16045e-14
         376     7.69048 1.16045e-14
         377     7.69048 1.16045e-14
         378     7.69048 1.16045e-14
         379     7.69048 1.16045e-14
         380     7.69048 1.16045e-14
         381     7.69048 1.16045e-14
         382     7.69048 1.16045e-14
         383     7.69048 1.16045e-14
         384     7.68624   0.0423138
         385     7.61854    0.159745
         386     7.50429    0.211098
         387     7.29696    0.108506
         388     7.26734 7.14122e-15
         389     7.26734 7.14122e-15
         390     7.26734 7.14122e-15
         391     7.26734 7.14122e-15
         392     7.26154   0.0579766
         393     7.19777    0.189351
         394     7.04123    0.284206
         395     6.83036    0.249468
         396     6.68757 2.67796e-15
         397     6.68757 2.67796e-15
         398     6.68617   0.0140436
         399     6.66089   0.0553706
         400      6.6019   0.0688426
         401     6.54714 1.78531e-15
         402     6.54576     0.01375
         403     6.52239   0.0530917
         404     6.45914   0.0663323
         405     6.41003  0.00396697
         406     6.40964 2.67796e-15
         407     6.40964 2.67796e-15
         408     6.40964 2.67796e-15
         409     6.40964 2.67796e-15
         410     6.40964 2.67796e-15
         411     6.40964 2.67796e-15
         412     6.40964 2.67796e-15
         413     6.40964 2.67796e-15
         414     6.40964 2.67796e-15
         415     6.40964 2.67796e-15
         416     6.40964 2.67796e-15
         417     6.40964 2.67796e-15
         418     6.40964 2.67796e-15
         419     6.40964 2.67796e-15
         420     6.40964 2.67796e-15
         421     6.40964 2.67796e-15
         422     6.40964 2.67796e-15
         423     6.40964 2.67796e-15
         424     6.40964 2.67796e-15
         425     6.40964 2.67796e-15
         426     6.40964 2.67796e-15
         427     6.40964 2.67796e-15
         428     6.40964 2.67796e-15
         429     6.40964 2.67796e-15
         430     6.40964 2.67796e-15
         431     6.40964 2.67796e-15
         432     6.40964 2.67796e-15
         433     6.40964 2.67796e-15
         434     6.40964 2.67796e-15
         435     6.40964 2.67796e-15
         436     6.40964 2.67796e-15
         437     6.40964 2.67796e-15
         438     6.40964 2.67796e-15
         439     6.40964 2.67796e-15
         440     6.40964 2.67796e-15
         441     6.40964 2.67796e-15
         442     6.40964 2.67796e-15
         443     6.40964 2.67796e-15
         444     6.40964 2.67796e-15
         445     6.40964 2.67796e-15
         446     6.40964 2.67796e-15
         447     6.40964 2.67796e-15
         448     6.40964 2.67796e-15
         449     6.40964 2.67796e-15
         450     6.40964 2.67796e-15
         451     6.40964 2.67796e-15
         452     6.40964 2.67796e-15
         453     6.40964 2.67796e-15
         454     6.40964 2.67796e-15
         455     6.40964 2.67796e-15
         456     6.40964 2.67796e-15
         457     6.40964 2.67796e-15
         458     6.40964 2.67796e-15
         459     6.40964 2.67796e-15
         460     6.40964 2.67796e-15
         461     6.40964 2.67796e-15
         462     6.40964 2.67796e-15
         463     6.40964 2.67796e-15
         464     6.40964 2.67796e-15
         465     6.40964 2.67796e-15
         466     6.40964 2.67796e-15
         467     6.40964 2.67796e-15
         468     6.40964 2.67796e-15
         469     6.40796   0.0167204
         470     6.38288   0.0616067
         471     6.32643   0.0837162
         472     6.24243 8.03388e-15
         473     6.24243 8.03388e-15
         474     6.24243 8.03388e-15
         475     6.24243 8.03388e-15
         476     6.24243 8.03388e-15
         477     6.24243 8.03388e-15
         478     6.24243 8.03388e-15
         479     6.24243 8.03388e-15
         480     6.24243 8.03388e-15
         481     6.24243 8.03388e-15
         482     6.24243 8.03388e-15
         483     6.24243 8.03388e-15
         484     6.24243 8.03388e-15
         485     6.24243 8.03388e-15
         486     6.24243 8.03388e-15
         487     6.24243 8.03388e-15
         488     6.24243 8.03388e-15
         489     6.24243 8.03388e-15
         490     6.24243 8.03388e-15
         491     6.24243 8.03388e-15
         492     6.24243 8.03388e-15
         493     6.24243 8.03388e-15
         494     6.24243 8.03388e-15
         495     6.24243 8.03388e-15
         496     6.24243 8.03388e-15
         497     6.24243 8.03388e-15
         498     6.24243 8.03388e-15
         499     6.24243 8.03388e-15
         500     6.24243 8.03388e-15
         501     6.24243 8.03388e-15
         502     6.24243 8.03388e-15
         503     6.24243 8.03388e-15
         504     6.24243 8.03388e-15
         505     6.24243 8.03388e-15
         506     6.24243 8.03388e-15
         507     6.24243 8.03388e-15
         508     6.24243 8.03388e-15
         509     6.24243 8.03388e-15
         510     6.24243 8.03388e-15
         511     6.24243 8.03388e-15
         512     6.24243 8.03388e-15
         513     6.24243 8.03388e-15
         514     6.24243 8.03388e-15
         515     6.24243 8.03388e-15
         516     6.24243 8.03388e-15
         517     6.24243 8.03388e-15
         518     6.24243 8.03388e-15
         519     6.24243 8.03388e-15
         520     6.24243 8.03388e-15
         521     6.24243 8.03388e-15
         522     6.24243 8.03388e-15
         523     6.24243 8.03388e-15
         524     6.24243 8.03388e-15
         525     6.24243 8.03388e-15
         526     6.24243 8.03388e-15
         527     6.24243 8.03388e-15
         528     6.24243 8.03388e-15
         529     6.24243 8.03388e-15
         530     6.24243 8.03388e-15
         531     6.24243 8.03388e-15
         532     6.24243 8.03388e-15
         533     6.24243 8.03388e-15
         534     6.24243 8.03388e-15
         535     6.24243 8.03388e-15
         536     6.24243 8.03388e-15
         537     6.24243 8.03388e-15
         538     6.24243 8.03388e-15
         539     6.24243 8.03388e-15
         540     6.24243 8.03388e-15
         541     6.24243 8.03388e-15
         542     6.24243 8.03388e-15
         543     6.24243 8.03388e-15
         544     6.24243 8.03388e-15
         545     6.24243 8.03388e-15
         546     6.24243 8.03388e-15
         547     6.24243 8.03388e-15
         548     6.24243 8.03388e-15
         549     6.24243 8.03388e-15
         550     6.24243 8.03388e-15
         551     6.24243 8.03388e-15
         552     6.24243 8.03388e-15
         553     6.24243 8.03388e-15
         554     6.24243 8.03388e-15
         555     6.24243 8.03388e-15
         556     6.24243 8.03388e-15
         557     6.24243 8.03388e-15
         558     6.24243 8.03388e-15
         559     6.24243 8.03388e-15
         560     6.24243 8.03388e-15
         561     6.24243 8.03388e-15
         562     6.24243 8.03388e-15
         563     6.24243 8.03388e-15
         564     6.24243 8.03388e-15
         565     6.24243 8.03388e-15
         566     6.24243 8.03388e-15
         567     6.24243 8.03388e-15
         568     6.24243 8.03388e-15
         569     6.24243 8.03388e-15
         570     6.24243 8.03388e-15
         571     6.24243 8.03388e-15
         572     6.24243 8.03388e-15
         573     6.24243 8.03388e-15
         574     6.24243 8.03388e-15
         575     6.24243 8.03388e-15
         576     6.24243 8.03388e-15
         577     6.24243 8.03388e-15
         578     6.24243 8.03388e-15
         579     6.24243 8.03388e-15
         580     6.24243 8.03388e-15
         581     6.24243 8.03388e-15
         582     6.24243 8.03388e-15
         583     6.24243 8.03388e-15
         584     6.24243 8.03388e-15
         585     6.24243 8.03388e-15
         586     6.24243 8.03388e-15
         587     6.24243 8.03388e-15
         588     6.24243 8.03388e-15
         589     6.24243 8.03388e-15
         590     6.24243 8.03388e-15
         591     6.24243 8.03388e-15
         592     6.24243 8.03388e-15
         593     6.24243 8.03388e-15
         594     6.24243 8.03388e-15
         595     6.24243 8.03388e-15
         596     6.24243 8.03388e-15
         597     6.24243 8.03388e-15
         598     6.24243 8.03388e-15
         599     6.24243 8.03388e-15
         600     6.24243 8.03388e-15
         601     6.24243 8.03388e-15
         602     6.24243 8.03388e-15
         603     6.24243 8.03388e-15
         604     6.24243 8.03388e-15
         605     6.24243 8.03388e-15
         606     6.24243 8.03388e-15
         607     6.24243 8.03388e-15
         608     6.24243 8.03388e-15
         609     6.24243 8.03388e-15
         610     6.24243 8.03388e-15
         611     6.24243 8.03388e-15
         612     6.24243 8.03388e-15
         613     6.24243 8.03388e-15
         614     6.24243 8.03388e-15
         615     6.24243 8.03388e-15
         616     6.24243 8.03388e-15
         617     6.24243 8.03388e-15
         618     6.24243 8.03388e-15
         619     6.24243 8.03388e-15
         620     6.24243 8.03388e-15
         621     6.24243 8.03388e-15
         622     6.24243 8.03388e-15
         623     6.24243 8.03388e-15
         624     6.24243 8.03388e-15
         625     6.24243 8.03388e-15
         626     6.24243 8.03388e-15
         627     6.24243 8.03388e-15
         628     6.24243 8.03388e-15
         629     6.24243 8.03388e-15
         630     6.24243 8.03388e-15
         631     6.24243 8.03388e-15
         632     6.24243 8.03388e-15
         633     6.24243 8.03388e-15
         634     6.24243 8.03388e-15
         635     6.24243 8.03388e-15
         636     6.24243 8.03388e-15
         637     6.24243 8.03388e-15
         638     6.24243 8.03388e-15
         639     6.24243 8.03388e-15
         640     6.24243 8.03388e-15
         641     6.24243 8.03388e-15
         642     6.24243 8.03388e-15
         643     6.24243 8.03388e-15
         644     6.24243 8.03388e-15
         645     6.24243 8.03388e-15
         646     6.24243 8.03388e-15
         647     6.24243 8.03388e-15
         648     6.24243 8.03388e-15
         649     6.24243 8.03388e-15
         650     6.24243 8.03388e-15
         651     6.24243 8.03388e-15
         652     6.24243 8.03388e-15
         653     6.24243 8.03388e-15
         654     6.24243 8.03388e-15
         655     6.24243 8.03388e-15
         656     6.24243 8.03388e-15
         657     6.24243 8.03388e-15
         658     6.24243 8.03388e-15
         659     6.24243 8.03388e-15
         660     6.24243 8.03388e-15
         661     6.24243 8.03388e-15
         662     6.24243 8.03388e-15
         663     6.24243 8.03388e-15
         664     6.24243 8.03388e-15
         665     6.24243 8.03388e-15
         666     6.24243 8.03388e-15
         667     6.24243 8.03388e-15
         668     6.24243 8.03388e-15
         669     6.24243 8.03388e-15
         670     6.24243 8.03388e-15
         671     6.24243 8.03388e-15
         672     6.24243 8.03388e-15
         673     6.24243 8.03388e-15
         674     6.24243 8.03388e-15
         675     6.24243 8.03388e-15
         676     6.24243 8.03388e-15
         677     6.24243 8.03388e-15
         678     6.24243 8.03388e-15
         679     6.24243 8.03388e-15
         680     6.24243 8.03388e-15
         681     6.24243 8.03388e-15
         682     6.24243 8.03388e-15
         683     6.24243 8.03388e-15
         684     6.24243 8.03388e-15
         685     6.24243 8.03388e-15
         686     6.24243 8.03388e-15
         687     6.24243 8.03388e-15
         688     6.24243 8.03388e-15
         689     6.24243 8.03388e-15
         690     6.24243 8.03388e-15
         691     6.24243 8.03388e-15
         692     6.24243 8.03388e-15
         693     6.24243 8.03388e-15
         694     6.24243 8.03388e-15
         695     6.24243 8.03388e-15
         696     6.24243 8.03388e-15
         697     6.24243 8.03388e-15
         698     6.24243 8.03388e-15
         699     6.24243 8.03388e-15
         700     6.24243 8.03388e-15
         701     6.24243 8.03388e-15
         702     6.24243 8.03388e-15
         703     6.24243 8.03388e-15
         704     6.24243 8.03388e-15
         705     6.24243 8.03388e-15
         706     6.24243 8.03388e-15
         707     6.24243 8.03388e-15
         708     6.24243 8.03388e-15
         709     6.24243 8.03388e-15
         710     6.24243 8.03388e-15
         711     6.24243 8.03388e-15
         712     6.24243 8.03388e-15
         713     6.24243 8.03388e-15
         714     6.24243 8.03388e-15
         715     6.24243 8.03388e-15
         716     6.24243 8.03388e-15
         717     6.24243 8.03388e-15
         718     6.24243 8.03388e-15
         719     6.24243 8.03388e-15
         720     6.24243 8.03388e-15
         721     6.24243 8.03388e-15
         722     6.24243 8.03388e-15
         723     6.24243 8.03388e-15
         724     6.24243 8.03388e-15
         725     6.24243 8.03388e-15
         726     6.24243 8.03388e-15
         727     6.24243 8.03388e-15
         728     6.24243 8.03388e-15
         729     6.24243 8.03388e-15
         730     6.24243 8.03388e-15
         731     6.24243 8.03388e-15
         732     6.24243 8.03388e-15
         733     6.24243 8.03388e-15
         734     6.24243 8.03388e-15
         735     6.24243 8.03388e-15
         736     6.24243 8.03388e-15
         737     6.24243 8.03388e-15
         738     6.24243 8.03388e-15
         739     6.24243 8.03388e-15
         740     6.24243 8.03388e-15
         741     6.24243 8.03388e-15
         742     6.24243 8.03388e-15
         743     6.24243 8.03388e-15
         744     6.24243 8.03388e-15
         745     6.24243 8.03388e-15
         746     6.24243 8.03388e-15
         747     6.24243 8.03388e-15
         748     6.24243 8.03388e-15
         749     6.24243 8.03388e-15
         750     6.24243 8.03388e-15
         751     6.24243 8.03388e-15
         752     6.24243 8.03388e-15
         753     6.24243 8.03388e-15
         754     6.24243 8.03388e-15
         755     6.24243 8.03388e-15
         756     6.24243 8.03388e-15
         757     6.24243 8.03388e-15
         758     6.24243 8.03388e-15
         759     6.24243 8.03388e-15
         760     6.24243 8.03388e-15
         761     6.24243 8.03388e-15
         762     6.24243 8.03388e-15
         763     6.24243 8.03388e-15
         764     6.24243 8.03388e-15
         765     6.24243 8.03388e-15
         766     6.24243 8.03388e-15
         767     6.24243 8.03388e-15
         768     6.24243 8.03388e-15
         769     6.24243 8.03388e-15
         770     6.24243 8.03388e-15
         771     6.24243 8.03388e-15
         772     6.24243 8.03388e-15
         773     6.24243 8.03388e-15
         774     6.24243 8.03388e-15
         775     6.24243 8.03388e-15
         776     6.24243 8.03388e-15
         777     6.24243 8.03388e-15
         778     6.24243 8.03388e-15
         779     6.24243 8.03388e-15
         780     6.24243 8.03388e-15
         781     6.24243 8.03388e-15
         782     6.24243 8.03388e-15
         783     6.24243 8.03388e-15
         784     6.24243 8.03388e-15
         785     6.24243 8.03388e-15
         786     6.24243 8.03388e-15
         787     6.24243 8.03388e-15
         788     6.24243 8.03388e-15
         789     6.24243 8.03388e-15
         790     6.24243 8.03388e-15
         791     6.24243 8.03388e-15
         792     6.24243 8.03388e-15
         793     6.24243 8.03388e-15
         794     6.24243 8.03388e-15
         795     6.24243 8.03388e-15
         796     6.24243 8.03388e-15
         797     6.24243 8.03388e-15
         798     6.24243 8.03388e-15
         799     6.24243 8.03388e-15
         800     6.24243 8.03388e-15
         801     6.24243 8.03388e-15
         802     6.24243 8.03388e-15
         803     6.24243 8.03388e-15
         804     6.24243 8.03388e-15
         805     6.24243 8.03388e-15
         806     6.24243 8.03388e-15
         807     6.24243 8.03388e-15
         808     6.24243 8.03388e-15
         809     6.24243 8.03388e-15
         810     6.24243 8.03388e-15
         811     6.24243 8.03388e-15
         812     6.24243 8.03388e-15
         813     6.24243 8.03388e-15
         814     6.24243 8.03388e-15
         815     6.24243 8.03388e-15
         816     6.24243 8.03388e-15
         817     6.24243 8.03388e-15
         818     6.24243 8.03388e-15
         819     6.24243 8.03388e-15
         820     6.24243 8.03388e-15
         821     6.24243 8.03388e-15
         822     6.24243 8.03388e-15
         823     6.24243 8.03388e-15
         824     6.24243 8.03388e-15
         825     6.24243 8.03388e-15
         826     6.24243 8.03388e-15
         827     6.24243 8.03388e-15
         828     6.24243 8.03388e-15
         829     6.24243 8.03388e-15
         830     6.24243 8.03388e-15
         831     6.24243 8.03388e-15
         832     6.24243 8.03388e-15
         833     6.24243 8.03388e-15
         834     6.24243 8.03388e-15
         835     6.24243 8.03388e-15
         836     6.24243 8.03388e-15
         837     6.24243 8.03388e-15
         838     6.24243 8.03388e-15
         839     6.24243 8.03388e-15
         840     6.24243 8.03388e-15
         841     6.24243 8.03388e-15
         842     6.24243 8.03388e-15
         843     6.24243 8.03388e-15
         844     6.24243 8.03388e-15
         845     6.24243 8.03388e-15
         846     6.24243 8.03388e-15
         847     6.24243 8.03388e-15
         848     6.24243 8.03388e-15
         849     6.24243 8.03388e-15
         850     6.24243 8.03388e-15
         851     6.24243 8.03388e-15
         852     6.24243 8.03388e-15
         853     6.24243 8.03388e-15
         854     6.24243 8.03388e-15
         855     6.24243 8.03388e-15
         856     6.24243 8.03388e-15
         857     6.24243 8.03388e-15
         858     6.24243 8.03388e-15
         859     6.24243 8.03388e-15
         860     6.24243 8.03388e-15
         861     6.24243 8.03388e-15
         862     6.24243 8.03388e-15
         863     6.24243 8.03388e-15
         864     6.24243 8.03388e-15
         865     6.24243 8.03388e-15
         866     6.24243 8.03388e-15
         867     6.24243 8.03388e-15
         868     6.24243 8.03388e-15
         869     6.24243 8.03388e-15
         870     6.24243 8.03388e-15
         871     6.24243 8.03388e-15
         872     6.24243 8.03388e-15
         873     6.24243 8.03388e-15
         874     6.24243 8.03388e-15
         875     6.24243 8.03388e-15
         876     6.24243 8.03388e-15
         877     6.24243 8.03388e-15
         878     6.24243 8.03388e-15
         879     6.24243 8.03388e-15
         880     6.24243 8.03388e-15
         881     6.24243 8.03388e-15
         882     6.24243 8.03388e-15
         883     6.24243 8.03388e-15
         884     6.24243 8.03388e-15
         885     6.24243 8.03388e-15
         886     6.24243 8.03388e-15
         887     6.24243 8.03388e-15
         888     6.24243 8.03388e-15
         889     6.24243 8.03388e-15
         890     6.24243 8.03388e-15
         891     6.24243 8.03388e-15
         892     6.24243 8.03388e-15
         893     6.24243 8.03388e-15
         894     6.24243 8.03388e-15
         895     6.24243 8.03388e-15
         896     6.24243 8.03388e-15
         897     6.24243 8.03388e-15
         898     6.24243 8.03388e-15
         899     6.24243 8.03388e-15
         900     6.24243 8.03388e-15
         901     6.24243 8.03388e-15
         902     6.24243 8.03388e-15
         903     6.24243 8.03388e-15
         904     6.24243 8.03388e-15
         905     6.24243 8.03388e-15
         906     6.24243 8.03388e-15
         907     6.24243 8.03388e-15
         908     6.24243 8.03388e-15
         909     6.24243 8.03388e-15
         910     6.24243 8.03388e-15
         911     6.24243 8.03388e-15
         912     6.24243 8.03388e-15
         913     6.24243 8.03388e-15
         914     6.24243 8.03388e-15
         915     6.24243 8.03388e-15
         916     6.24243 8.03388e-15
         917     6.24243 8.03388e-15
         918     6.24243 8.03388e-15
         919     6.24243 8.03388e-15
         920     6.24243 8.03388e-15
         921     6.24243 8.03388e-15
         922     6.24243 8.03388e-15
         923     6.24243 8.03388e-15
         924     6.24243 8.03388e-15
         925     6.24243 8.03388e-15
         926     6.24243 8.03388e-15
         927     6.24243 8.03388e-15
         928     6.24243 8.03388e-15
         929     6.24243 8.03388e-15
         930     6.24243 8.03388e-15
         931     6.24243 8.03388e-15
         932     6.24243 8.03388e-15
         933     6.24243 8.03388e-15
         934     6.24243 8.03388e-15
         935     6.24243 8.03388e-15
         936     6.24243 8.03388e-15
         937     6.24243 8.03388e-15
         938     6.24243 8.03388e-15
         939     6.24243 8.03388e-15
         940     6.24243 8.03388e-15
         941     6.24243 8.03388e-15
         942     6.24243 8.03388e-15
         943     6.24243 8.03388e-15
         944     6.24243 8.03388e-15
         945     6.24243 8.03388e-15
         946     6.24243 8.03388e-15
         947     6.24243 8.03388e-15
         948     6.24243 8.03388e-15
         949     6.24243 8.03388e-15
         950     6.24243 8.03388e-15
         951     6.24243 8.03388e-15
         952     6.24243 8.03388e-15
         953     6.24243 8.03388e-15
         954     6.24243 8.03388e-15
         955     6.24243 8.03388e-15
         956     6.24243 8.03388e-15
         957     6.24243 8.03388e-15
         958     6.24243 8.03388e-15
         959     6.24243 8.03388e-15
         960     6.24243 8.03388e-15
         961     6.24243 8.03388e-15
         962     6.24243 8.03388e-15
         963     6.24243 8.03388e-15
         964     6.24243 8.03388e-15
         965     6.24243 8.03388e-15
         966     6.24243 8.03388e-15
         967     6.24243 8.03388e-15
         968     6.24243 8.03388e-15
         969     6.24243 8.03388e-15
         970     6.24243 8.03388e-15
         971     6.24243 8.03388e-15
         972     6.24243 8.03388e-15
         973     6.24243 8.03388e-15
         974     6.24243 8.03388e-15
         975     6.24243 8.03388e-15
         976     6.24243 8.03388e-15
         977     6.24243 8.03388e-15
         978     6.24243 8.03388e-15
         979     6.24243 8.03388e-15
         980     6.24243 8.03388e-15
         981     6.24243 8.03388e-15
         982     6.24243 8.03388e-15
         983     6.24243 8.03388e-15
         984     6.24243 8.03388e-15
         985     6.24243 8.03388e-15
         986     6.24243 8.03388e-15
         987     6.24243 8.03388e-15
         988     6.24243 8.03388e-15
         989     6.24243 8.03388e-15
         990     6.24243 8.03388e-15
         991     6.24243 8.03388e-15
         992     6.24243 8.03388e-15
         993     6.24243 8.03388e-15
         994     6.24243 8.03388e-15
         995     6.24243 8.03388e-15
         996     6.24243 8.03388e-15
         997     6.24243 8.03388e-15
         998     6.24243 8.03388e-15
         999     6.24243 8.03388e-15
        1000     6.24243 8.03388e-15
        1001     6.24243 8.03388e-15
        1002     6.24243 8.03388e-15
        1003     6.24243 8.03388e-15
        1004     6.24243 8.03388e-15
        1005     6.24243 8.03388e-15
        1006     6.24243 8.03388e-15
        1007     6.24243 8.03388e-15
        1008     6.24243 8.03388e-15
        1009     6.24243 8.03388e-15
        1010     6.24243 8.03388e-15
        1011     6.24243 8.03388e-15
        1012     6.24243 8.03388e-15
        1013     6.24243 8.03388e-15
        1014     6.24243 8.03388e-15
        1015     6.24243 8.03388e-15
        1016     6.24243 8.03388e-15
        1017     6.24243 8.03388e-15
        1018     6.24243 8.03388e-15
        1019     6.24243 8.03388e-15
        1020     6.24243 8.03388e-15
        1021     6.24243 8.03388e-15
        1022     6.24243 8.03388e-15
        1023     6.24243 8.03388e-15
        1024     6.24243 8.03388e-15
        1025     6.24243 8.03388e-15
        1026     6.24243 8.03388e-15
        1027     6.24243 8.03388e-15
        1028     6.24243 8.03388e-15
        1029     6.24243 8.03388e-15
        1030     6.24243 8.03388e-15
        1031     6.24243 8.03388e-15
        1032     6.24243 8.03388e-15
        1033     6.24243 8.03388e-15
        1034     6.24243 8.03388e-15
        1035     6.24243 8.03388e-15
        1036     6.24243 8.03388e-15
        1037     6.24243 8.03388e-15
        1038     6.24243 8.03388e-15
        1039     6.24243 8.03388e-15
        1040     6.24243 8.03388e-15
        1041     6.24243 8.03388e-15
        1042     6.24243 8.03388e-15
        1043     6.24243 8.03388e-15
        1044     6.24243 8.03388e-15
        1045     6.24243 8.03388e-15
        1046     6.24243 8.03388e-15
        1047     6.24243 8.03388e-15
        1048     6.24243 8.03388e-15
        1049     6.24243 8.03388e-15
        1050     6.24243 8.03388e-15
        1051     6.24243 8.03388e-15
        1052     6.24243 8.03388e-15
        1053     6.24243 8.03388e-15
        1054     6.24243 8.03388e-15
        1055     6.24243 8.03388e-15
        1056     6.24243 8.03388e-15
        1057     6.24243 8.03388e-15
        1058     6.24243 8.03388e-15
        1059     6.24243 8.03388e-15
        1060     6.24243 8.03388e-15
        1061     6.24243 8.03388e-15
        1062     6.24243 8.03388e-15
        1063     6.24243 8.03388e-15
        1064     6.24243 8.03388e-15
        1065     6.24243 8.03388e-15
        1066     6.24243 8.03388e-15
        1067     6.24243 8.03388e-15
        1068     6.24243 8.03388e-15
        1069     6.24243 8.03388e-15
        1070     6.24243 8.03388e-15
        1071     6.24243 8.03388e-15
        1072     6.24243 8.03388e-15
        1073     6.24243 8.03388e-15
        1074     6.24243 8.03388e-15
        1075     6.24243 8.03388e-15
        1076     6.24243 8.03388e-15
        1077     6.24243 8.03388e-15
        1078     6.24243 8.03388e-15
        1079     6.24243 8.03388e-15
        1080     6.24243 8.03388e-15
        1081     6.24243 8.03388e-15
        1082     6.24243 8.03388e-15
        1083     6.24243 8.03388e-15
        1084     6.24243 8.03388e-15
        1085     6.24243 8.03388e-15
        1086     6.24243 8.03388e-15
        1087     6.24243 8.03388e-15
        1088     6.24243 8.03388e-15
        1089     6.24243 8.03388e-15
        1090     6.24243 8.03388e-15
        1091     6.24243 8.03388e-15
        1092     6.24243 8.03388e-15
        1093     6.24243 8.03388e-15
        1094     6.24243 8.03388e-15
        1095     6.24243 8.03388e-15
        1096     6.24243 8.03388e-15
        1097     6.24243 8.03388e-15
        1098     6.24243 8.03388e-15
        1099     6.24243 8.03388e-15
        1100     6.24243 8.03388e-15
        1101     6.24243 8.03388e-15
        1102     6.24243 8.03388e-15
        1103     6.24243 8.03388e-15
        1104     6.24243 8.03388e-15
        1105     6.24243 8.03388e-15
        1106     6.24243 8.03388e-15
        1107     6.24243 8.03388e-15
        1108     6.24243 8.03388e-15
        1109     6.24243 8.03388e-15
        1110     6.24243 8.03388e-15
        1111     6.24243 8.03388e-15
        1112     6.24243 8.03388e-15
        1113     6.24243 8.03388e-15
        1114     6.24243 8.03388e-15
        1115     6.24243 8.03388e-15
        1116     6.24243 8.03388e-15
        1117     6.24243 8.03388e-15
        1118     6.24243 8.03388e-15
        1119     6.24243 8.03388e-15
        1120     6.24243 8.03388e-15
        1121     6.24243 8.03388e-15
        1122     6.24243 8.03388e-15
        1123     6.24243 8.03388e-15
        1124     6.24243 8.03388e-15
        1125     6.24243 8.03388e-15
        1126     6.24243 8.03388e-15
        1127     6.24243 8.03388e-15
        1128     6.24243 8.03388e-15
        1129     6.24243 8.03388e-15
        1130     6.24243 8.03388e-15
        1131     6.24243 8.03388e-15
        1132     6.24243 8.03388e-15
        1133     6.24243 8.03388e-15
        1134     6.24243 8.03388e-15
        1135     6.24243 8.03388e-15
        1136     6.24243 8.03388e-15
        1137     6.24243 8.03388e-15
        1138     6.24243 8.03388e-15
        1139     6.24243 8.03388e-15
        1140     6.24243 8.03388e-15
        1141     6.24243 8.03388e-15
        1142     6.24243 8.03388e-15
        1143     6.24243 8.03388e-15
        1144     6.24243 8.03388e-15
        1145     6.24243 8.03388e-15
        1146     6.24243 8.03388e-15
        1147     6.24243 8.03388e-15
        1148     6.24243 8.03388e-15
        1149     6.24243 8.03388e-15
        1150     6.24243 8.03388e-15
        1151     6.24243 8.03388e-15
        1152     6.24243 8.03388e-15
        1153     6.24243 8.03388e-15
        1154     6.24243 8.03388e-15
        1155     6.24243 8.03388e-15
        1156     6.24243 8.03388e-15
        1157     6.24243 8.03388e-15
        1158     6.24243 8.03388e-15
        1159     6.24243 8.03388e-15
        1160     6.24243 8.03388e-15
        1161     6.24243 8.03388e-15
        1162     6.24243 8.03388e-15
        1163     6.24243 8.03388e-15
        1164     6.24243 8.03388e-15
        1165     6.24243 8.03388e-15
        1166     6.24243 8.03388e-15
        1167     6.24243 8.03388e-15
        1168     6.24243 8.03388e-15
        1169     6.24243 8.03388e-15
        1170     6.24243 8.03388e-15
        1171     6.24243 8.03388e-15
        1172     6.24243 8.03388e-15
        1173     6.24243 8.03388e-15
        1174     6.24243 8.03388e-15
        1175     6.24243 8.03388e-15
        1176     6.24243 8.03388e-15
        1177     6.24243 8.03388e-15
        1178     6.24243 8.03388e-15
        1179     6.24243 8.03388e-15
        1180     6.24243 8.03388e-15
        1181     6.24243 8.03388e-15
        1182     6.24243 8.03388e-15
        1183     6.24243 8.03388e-15
        1184     6.24243 8.03388e-15
        1185     6.24243 8.03388e-15
        1186     6.24243 8.03388e-15
        1187     6.24243 8.03388e-15
        1188     6.24243 8.03388e-15
        1189     6.24243 8.03388e-15
        1190     6.24243 8.03388e-15
        1191     6.24243 8.03388e-15
        1192     6.24243 8.03388e-15
        1193     6.24243 8.03388e-15
        1194     6.24243 8.03388e-15
        1195     6.24243 8.03388e-15
        1196     6.24243 8.03388e-15
        1197     6.24243 8.03388e-15
        1198     6.24243 8.03388e-15
        1199     6.24243 8.03388e-15
        1200     6.24243 8.03388e-15
        1201     6.24243 8.03388e-15
        1202     6.24243 8.03388e-15
        1203     6.24243 8.03388e-15
        1204     6.24243 8.03388e-15
        1205     6.24243 8.03388e-15
        1206     6.24243 8.03388e-15
        1207     6.24243 8.03388e-15
        1208     6.24243 8.03388e-15
        1209     6.24243 8.03388e-15
        1210     6.24243 8.03388e-15
        1211     6.24243 8.03388e-15
        1212     6.24243 8.03388e-15
        1213     6.24243 8.03388e-15
        1214     6.24243 8.03388e-15
        1215     6.24243 8.03388e-15
        1216     6.24243 8.03388e-15
        1217     6.24243 8.03388e-15
        1218     6.24243 8.03388e-15
        1219     6.24243 8.03388e-15
        1220     6.24243 8.03388e-15
        1221     6.24243 8.03388e-15
        1222     6.24243 8.03388e-15
        1223     6.24243 8.03388e-15
        1224     6.24243 8.03388e-15
        1225     6.24243 8.03388e-15
        1226     6.24243 8.03388e-15
        1227     6.24243 8.03388e-15
        1228     6.24243 8.03388e-15
        1229     6.24243 8.03388e-15
        1230     6.24243 8.03388e-15
        1231     6.24243 8.03388e-15
        1232     6.24243 8.03388e-15
        1233     6.24243 8.03388e-15
        1234     6.24243 8.03388e-15
        1235     6.24243 8.03388e-15
        1236     6.24243 8.03388e-15
        1237     6.24243 8.03388e-15
        1238     6.24243 8.03388e-15
        1239     6.24243 8.03388e-15
        1240     6.24243 8.03388e-15
        1241     6.24243 8.03388e-15
        1242     6.24243 8.03388e-15
        1243     6.24243 8.03388e-15
        1244     6.24243 8.03388e-15
        1245     6.24243 8.03388e-15
        1246     6.24243 8.03388e-15
        1247     6.24243 8.03388e-15
        1248     6.24243 8.03388e-15
        1249     6.24243 8.03388e-15
        1250     6.24243 8.03388e-15
        1251     6.24243 8.03388e-15
        1252     6.24243 8.03388e-15
        1253     6.24243 8.03388e-15
        1254     6.24243 8.03388e-15
        1255     6.24243 8.03388e-15
        1256     6.24243 8.03388e-15
        1257     6.24243 8.03388e-15
        1258     6.24243 8.03388e-15
        1259     6.24243 8.03388e-15
        1260     6.24243 8.03388e-15
        1261     6.24243 8.03388e-15
        1262     6.24243 8.03388e-15
        1263     6.24243 8.03388e-15
        1264     6.24243 8.03388e-15
        1265     6.24243 8.03388e-15
        1266     6.24243 8.03388e-15
        1267     6.24243 8.03388e-15
        1268     6.24243 8.03388e-15
        1269     6.24243 8.03388e-15
        1270     6.24243 8.03388e-15
        1271     6.24243 8.03388e-15
        1272     6.24243 8.03388e-15
        1273     6.24243 8.03388e-15
        1274     6.24243 8.03388e-15
        1275     6.24243 8.03388e-15
        1276     6.24243 8.03388e-15
        1277     6.24243 8.03388e-15
        1278     6.24243 8.03388e-15
        1279     6.24243 8.03388e-15
        1280     6.24243 8.03388e-15
        1281     6.24243 8.03388e-15
        1282     6.24243 8.03388e-15
        1283     6.24243 8.03388e-15
        1284     6.24243 8.03388e-15
        1285     6.24243 8.03388e-15
        1286     6.24243 8.03388e-15
        1287     6.24243 8.03388e-15
        1288     6.24243 8.03388e-15
        1289     6.24243 8.03388e-15
        1290     6.24243 8.03388e-15
        1291     6.24243 8.03388e-15
        1292     6.24243 8.03388e-15
        1293     6.24243 8.03388e-15
        1294     6.24243 8.03388e-15
        1295     6.24243 8.03388e-15
        1296     6.24243 8.03388e-15
        1297     6.24243 8.03388e-15
        1298     6.24243 8.03388e-15
        1299     6.24243 8.03388e-15
        1300     6.24243 8.03388e-15
        1301     6.24243 8.03388e-15
        1302     6.24243 8.03388e-15
        1303     6.24243 8.03388e-15
        1304     6.24243 8.03388e-15
        1305     6.24243 8.03388e-15
        1306     6.24243 8.03388e-15
        1307     6.24243 8.03388e-15
        1308     6.24243 8.03388e-15
        1309     6.24243 8.03388e-15
        1310     6.24243 8.03388e-15
        1311     6.24243 8.03388e-15
        1312     6.24243 8.03388e-15
        1313     6.24243 8.03388e-15
        1314     6.24243 8.03388e-15
        1315     6.24243 8.03388e-15
        1316     6.24243 8.03388e-15
        1317     6.24243 8.03388e-15
        1318     6.24243 8.03388e-15
        1319     6.24243 8.03388e-15
        1320     6.24243 8.03388e-15
        1321     6.24243 8.03388e-15
        1322     6.24243 8.03388e-15
        1323     6.24243 8.03388e-15
        1324     6.24243 8.03388e-15
        1325     6.24243 8.03388e-15
        1326     6.24243 8.03388e-15
        1327     6.24243 8.03388e-15
        1328     6.24243 8.03388e-15
        1329     6.24243 8.03388e-15
        1330     6.24243 8.03388e-15
        1331     6.24243 8.03388e-15
        1332     6.24243 8.03388e-15
        1333     6.24243 8.03388e-15
        1334     6.24243 8.03388e-15
        1335     6.24243 8.03388e-15
        1336     6.24243 8.03388e-15
        1337     6.24243 8.03388e-15
        1338     6.24243 8.03388e-15
        1339     6.24243 8.03388e-15
        1340     6.24243 8.03388e-15
        1341     6.24243 8.03388e-15
        1342     6.24243 8.03388e-15
        1343     6.24243 8.03388e-15
        1344     6.24243 8.03388e-15
        1345     6.24243 8.03388e-15
        1346     6.24243 8.03388e-15
        1347     6.24243 8.03388e-15
        1348     6.24243 8.03388e-15
        1349     6.24243 8.03388e-15
        1350     6.24243 8.03388e-15
        1351     6.24243 8.03388e-15
        1352     6.24243 8.03388e-15
        1353     6.24243 8.03388e-15
        1354     6.24243 8.03388e-15
        1355     6.24243 8.03388e-15
        1356     6.24243 8.03388e-15
        1357     6.24243 8.03388e-15
        1358     6.24243 8.03388e-15
        1359     6.24243 8.03388e-15
        1360     6.24243 8.03388e-15
        1361     6.24243 8.03388e-15
        1362     6.24243 8.03388e-15
        1363     6.24243 8.03388e-15
        1364     6.24243 8.03388e-15
        1365     6.24243 8.03388e-15
        1366     6.24243 8.03388e-15
        1367     6.24243 8.03388e-15
        1368     6.24243 8.03388e-15
        1369     6.24243 8.03388e-15
        1370     6.24243 8.03388e-15
        1371     6.24243 8.03388e-15
        1372     6.24243 8.03388e-15
        1373     6.24243 8.03388e-15
        1374     6.24243 8.03388e-15
        1375     6.24243 8.03388e-15
        1376     6.24243 8.03388e-15
        1377     6.24243 8.03388e-15
        1378     6.24243 8.03388e-15
        1379     6.24243 8.03388e-15
        1380     6.24243 8.03388e-15
        1381     6.24243 8.03388e-15
        1382     6.24243 8.03388e-15
        1383     6.24243 8.03388e-15
        1384     6.24243 8.03388e-15
        1385     6.24243 8.03388e-15
        1386     6.24243 8.03388e-15
        1387     6.24243 8.03388e-15
        1388     6.24243 8.03388e-15
        1389     6.24243 8.03388e-15
        1390     6.24243 8.03388e-15
        1391     6.24243 8.03388e-15
        1392     6.24243 8.03388e-15
        1393     6.24243 8.03388e-15
        1394     6.24243 8.03388e-15
        1395     6.24243 8.03388e-15
        1396     6.24243 8.03388e-15
        1397     6.24243 8.03388e-15
        1398     6.24243 8.03388e-15
        1399     6.24243 8.03388e-15
        1400     6.24243 8.03388e-15
        1401     6.24243 8.03388e-15
        1402     6.24243 8.03388e-15
        1403     6.24243 8.03388e-15
        1404     6.24243 8.03388e-15
        1405     6.24243 8.03388e-15
        1406     6.24243 8.03388e-15
        1407     6.24243 8.03388e-15
        1408     6.24243 8.03388e-15
        1409     6.24243 8.03388e-15
        1410     6.24243 8.03388e-15
        1411     6.24243 8.03388e-15
        1412     6.24243 8.03388e-15
        1413     6.24243 8.03388e-15
        1414     6.24243 8.03388e-15
        1415     6.24243 8.03388e-15
        1416     6.24243 8.03388e-15
        1417     6.24243 8.03388e-15
        1418     6.24243 8.03388e-15
        1419     6.24243 8.03388e-15
        1420     6.24243 8.03388e-15
        1421     6.24243 8.03388e-15
        1422     6.24243 8.03388e-15
        1423     6.24243 8.03388e-15
        1424     6.24243 8.03388e-15
        1425     6.24243 8.03388e-15
        1426     6.24243 8.03388e-15
        1427     6.24243 8.03388e-15
        1428     6.24243 8.03388e-15
        1429     6.24243 8.03388e-15
        1430     6.24243 8.03388e-15
        1431     6.24243 8.03388e-15
        1432     6.24243 8.03388e-15
        1433     6.24243 8.03388e-15
        1434     6.24243 8.03388e-15
        1435     6.24243 8.03388e-15
        1436     6.24243 8.03388e-15
        1437     6.24243 8.03388e-15
        1438     6.24243 8.03388e-15
        1439     6.24243 8.03388e-15
        1440     6.24243 8.03388e-15
        1441     6.24243 8.03388e-15
        1442     6.24243 8.03388e-15
        1443     6.24243 8.03388e-15
        1444     6.24243 8.03388e-15
        1445     6.24243 8.03388e-15
        1446     6.24243 8.03388e-15
        1447     6.24243 8.03388e-15
        1448     6.24243 8.03388e-15
        1449     6.24243 8.03388e-15
        1450     6.24243 8.03388e-15
        1451     6.24243 8.03388e-15
        1452     6.24243 8.03388e-15
        1453     6.24243 8.03388e-15
        1454     6.24243 8.03388e-15
        1455     6.24243 8.03388e-15
        1456     6.24243 8.03388e-15
        1457     6.24243 8.03388e-15
        1458     6.24243 8.03388e-15
        1459     6.24243 8.03388e-15
        1460     6.24243 8.03388e-15
        1461     6.24243 8.03388e-15
        1462     6.24243 8.03388e-15
        1463     6.24243 8.03388e-15
        1464     6.24243 8.03388e-15
        1465     6.24243 8.03388e-15
        1466     6.24243 8.03388e-15
        1467     6.24243 8.03388e-15
        1468     6.24243 8.03388e-15
        1469     6.24243 8.03388e-15
        1470     6.24243 8.03388e-15
        1471     6.24243 8.03388e-15
        1472     6.24243 8.03388e-15
        1473     6.24243 8.03388e-15
        1474     6.24243 8.03388e-15
        1475     6.24243 8.03388e-15
        1476     6.24243 8.03388e-15
        1477     6.24243 8.03388e-15
        1478     6.24243 8.03388e-15
        1479     6.24243 8.03388e-15
        1480     6.24243 8.03388e-15
        1481     6.24243 8.03388e-15
        1482     6.24243 8.03388e-15
        1483     6.24243 8.03388e-15
        1484     6.24243 8.03388e-15
        1485     6.24243 8.03388e-15
        1486     6.24243 8.03388e-15
        1487     6.24243 8.03388e-15
        1488     6.24243 8.03388e-15
        1489     6.24243 8.03388e-15
        1490     6.24243 8.03388e-15
        1491     6.24243 8.03388e-15
        1492     6.24243 8.03388e-15
        1493     6.24243 8.03388e-15
        1494     6.24243 8.03388e-15
        1495     6.24243 8.03388e-15
        1496     6.24243 8.03388e-15
        1497     6.24243 8.03388e-15
        1498     6.24243 8.03388e-15
        1499     6.24243 8.03388e-15
        1500     6.24243 8.03388e-15
        1501     6.24243 8.03388e-15
        1502     6.24243 8.03388e-15
        1503     6.24243 8.03388e-15
        1504     6.24243 8.03388e-15
        1505     6.24243 8.03388e-15
        1506     6.24243 8.03388e-15
        1507     6.24243 8.03388e-15
        1508     6.24243 8.03388e-15
        1509     6.24243 8.03388e-15
        1510     6.24243 8.03388e-15
        1511     6.24243 8.03388e-15
        1512     6.24243 8.03388e-15
        1513     6.24243 8.03388e-15
        1514     6.24243 8.03388e-15
        1515     6.24243 8.03388e-15
        1516     6.24243 8.03388e-15
        1517     6.24243 8.03388e-15
        1518     6.24243 8.03388e-15
        1519     6.24243 8.03388e-15
        1520     6.24243 8.03388e-15
        1521     6.24243 8.03388e-15
        1522     6.24243 8.03388e-15
        1523     6.24243 8.03388e-15
        1524     6.24243 8.03388e-15
        1525     6.24243 8.03388e-15
        1526     6.24243 8.03388e-15
        1527     6.24243 8.03388e-15
        1528     6.24243 8.03388e-15
        1529     6.24243 8.03388e-15
        1530     6.24243 8.03388e-15
        1531     6.24243 8.03388e-15
        1532     6.24243 8.03388e-15
        1533     6.24243 8.03388e-15
        1534     6.24243 8.03388e-15
        1535     6.24243 8.03388e-15
        1536     6.24243 8.03388e-15
        1537     6.24243 8.03388e-15
        1538     6.24243 8.03388e-15
        1539     6.24243 8.03388e-15
        1540     6.24243 8.03388e-15
        1541     6.24243 8.03388e-15
        1542     6.24243 8.03388e-15
        1543     6.24243 8.03388e-15
        1544     6.24243 8.03388e-15
        1545     6.24243 8.03388e-15
        1546     6.24243 8.03388e-15
        1547     6.24243 8.03388e-15
        1548     6.24243 8.03388e-15
        1549     6.24243 8.03388e-15
        1550     6.24243 8.03388e-15
        1551     6.24243 8.03388e-15
        1552     6.24243 8.03388e-15
        1553     6.24243 8.03388e-15
        1554     6.24243 8.03388e-15
        1555     6.24243 8.03388e-15
        1556     6.24243 8.03388e-15
        1557     6.24243 8.03388e-15
        1558     6.24243 8.03388e-15
        1559     6.24243 8.03388e-15
        1560     6.24243 8.03388e-15
        1561     6.24243 8.03388e-15
        1562     6.24243 8.03388e-15
        1563     6.24243 8.03388e-15
        1564     6.24243 8.03388e-15
        1565     6.24243 8.03388e-15
        1566     6.24243 8.03388e-15
        1567     6.24243 8.03388e-15
        1568     6.24243 8.03388e-15
        1569     6.24243 8.03388e-15
        1570     6.24243 8.03388e-15
        1571     6.24243 8.03388e-15
        1572     6.24243 8.03388e-15
        1573     6.24243 8.03388e-15
        1574     6.24243 8.03388e-15
        1575     6.24243 8.03388e-15
        1576     6.24243 8.03388e-15
        1577     6.24243 8.03388e-15
        1578     6.24243 8.03388e-15
        1579     6.24243 8.03388e-15
        1580     6.24243 8.03388e-15
        1581     6.24243 8.03388e-15
        1582     6.24243 8.03388e-15
        1583     6.24243 8.03388e-15
        1584     6.24243 8.03388e-15
        1585     6.24243 8.03388e-15
        1586     6.24243 8.03388e-15
        1587     6.24243 8.03388e-15
        1588     6.24243 8.03388e-15
        1589     6.24243 8.03388e-15
        1590     6.24243 8.03388e-15
        1591     6.24243 8.03388e-15
        1592     6.24243 8.03388e-15
        1593     6.24243 8.03388e-15
        1594     6.24243 8.03388e-15
        1595     6.24243 8.03388e-15
        1596     6.24243 8.03388e-15
        1597     6.24243 8.03388e-15
        1598     6.24243 8.03388e-15
        1599     6.24243 8.03388e-15
        1600     6.24243 8.03388e-15
        1601     6.24243 8.03388e-15
        1602     6.24243 8.03388e-15
        1603     6.24243 8.03388e-15
        1604     6.24243 8.03388e-15
        1605     6.24243 8.03388e-15
        1606     6.24243 8.03388e-15
        1607     6.24243 8.03388e-15
        1608     6.24243 8.03388e-15
        1609     6.24243 8.03388e-15
        1610     6.24243 8.03388e-15
        1611     6.24243 8.03388e-15
        1612     6.24243 8.03388e-15
        1613     6.24243 8.03388e-15
        1614     6.24243 8.03388e-15
        1615     6.24243 8.03388e-15
        1616     6.24243 8.03388e-15
        1617     6.24243 8.03388e-15
        1618     6.24243 8.03388e-15
        1619     6.24243 8.03388e-15
        1620     6.24243 8.03388e-15
        1621     6.24243 8.03388e-15
        1622     6.24243 8.03388e-15
        1623     6.24243 8.03388e-15
        1624     6.24243 8.03388e-15
        1625     6.24243 8.03388e-15
        1626     6.24243 8.03388e-15
        1627     6.24243 8.03388e-15
        1628     6.24243 8.03388e-15
        1629     6.24243 8.03388e-15
        1630     6.24243 8.03388e-15
        1631     6.24243 8.03388e-15
        1632     6.24243 8.03388e-15
        1633     6.24243 8.03388e-15
        1634     6.24243 8.03388e-15
        1635     6.24243 8.03388e-15
        1636     6.24243 8.03388e-15
        1637     6.24243 8.03388e-15
        1638     6.24243 8.03388e-15
        1639     6.24243 8.03388e-15
        1640     6.24243 8.03388e-15
        1641     6.24243 8.03388e-15
        1642     6.24243 8.03388e-15
        1643     6.24243 8.03388e-15
        1644     6.24243 8.03388e-15
        1645     6.24243 8.03388e-15
        1646     6.24243 8.03388e-15
        1647     6.24243 8.03388e-15
        1648     6.24243 8.03388e-15
        1649     6.24243 8.03388e-15
        1650     6.24243 8.03388e-15
        1651     6.24243 8.03388e-15
        1652     6.24243 8.03388e-15
        1653     6.24243 8.03388e-15
        1654     6.24243 8.03388e-15
        1655     6.24243 8.03388e-15
        1656     6.24243 8.03388e-15
        1657     6.24243 8.03388e-15
        1658     6.24243 8.03388e-15
        1659     6.24243 8.03388e-15
        1660     6.24243 8.03388e-15
        1661     6.24243 8.03388e-15
        1662     6.24243 8.03388e-15
        1663     6.24243 8.03388e-15
        1664     6.24243 8.03388e-15
        1665     6.24243 8.03388e-15
        1666     6.24243 8.03388e-15
        1667     6.24243 8.03388e-15
        1668     6.24243 8.03388e-15
        1669     6.24243 8.03388e-15
        1670     6.24243 8.03388e-15
        1671     6.24243 8.03388e-15
        1672     6.24243 8.03388e-15
        1673     6.24243 8.03388e-15
        1674     6.24243 8.03388e-15
        1675     6.24243 8.03388e-15
        1676     6.24243 8.03388e-15
        1677     6.24243 8.03388e-15
        1678     6.24243 8.03388e-15
        1679     6.24243 8.03388e-15
        1680     6.24243 8.03388e-15
        1681     6.24243 8.03388e-15
        1682     6.24243 8.03388e-15
        1683     6.24243 8.03388e-15
        1684     6.24243 8.03388e-15
        1685     6.24243 8.03388e-15
        1686     6.24243 8.03388e-15
        1687     6.24243 8.03388e-15
        1688     6.24243 8.03388e-15
        1689     6.24243 8.03388e-15
        1690     6.24243 8.03388e-15
        1691     6.24243 8.03388e-15
        1692     6.24243 8.03388e-15
        1693     6.24243 8.03388e-15
        1694     6.24243 8.03388e-15
        1695     6.24243 8.03388e-15
        1696     6.24243 8.03388e-15
        1697     6.24243 8.03388e-15
        1698     6.24243 8.03388e-15
        1699     6.24243 8.03388e-15
        1700     6.24243 8.03388e-15
        1701     6.24243 8.03388e-15
        1702     6.24243 8.03388e-15
        1703     6.24243 8.03388e-15
        1704     6.24243 8.03388e-15
        1705     6.24243 8.03388e-15
        1706     6.24243 8.03388e-15
        1707     6.24243 8.03388e-15
        1708     6.24243 8.03388e-15
        1709     6.24243 8.03388e-15
        1710     6.24243 8.03388e-15
        1711     6.24243 8.03388e-15
        1712     6.24243 8.03388e-15
        1713     6.24243 8.03388e-15
        1714     6.24243 8.03388e-15
        1715     6.24243 8.03388e-15
        1716     6.24243 8.03388e-15
        1717     6.24243 8.03388e-15
        1718     6.24243 8.03388e-15
        1719     6.24243 8.03388e-15
        1720     6.24243 8.03388e-15
        1721     6.24243 8.03388e-15
        1722     6.24243 8.03388e-15
        1723     6.24243 8.03388e-15
        1724     6.24243 8.03388e-15
        1725     6.24243 8.03388e-15
        1726     6.24243 8.03388e-15
        1727     6.24243 8.03388e-15
        1728     6.24243 8.03388e-15
        1729     6.24243 8.03388e-15
        1730     6.24243 8.03388e-15
        1731     6.24243 8.03388e-15
        1732     6.24243 8.03388e-15
        1733     6.24243 8.03388e-15
        1734     6.24243 8.03388e-15
        1735     6.24243 8.03388e-15
        1736     6.24243 8.03388e-15
        1737     6.24243 8.03388e-15
        1738     6.24243 8.03388e-15
        1739     6.24243 8.03388e-15
        1740     6.24243 8.03388e-15
        1741     6.24243 8.03388e-15
        1742     6.24243 8.03388e-15
        1743     6.24243 8.03388e-15
        1744     6.24243 8.03388e-15
        1745     6.24243 8.03388e-15
        1746     6.24243 8.03388e-15
        1747     6.24243 8.03388e-15
        1748     6.24243 8.03388e-15
        1749     6.24243 8.03388e-15
        1750     6.24243 8.03388e-15
        1751     6.24243 8.03388e-15
        1752     6.24243 8.03388e-15
        1753     6.24243 8.03388e-15
        1754     6.24243 8.03388e-15
        1755     6.24243 8.03388e-15
        1756     6.24243 8.03388e-15
        1757     6.24243 8.03388e-15
        1758     6.24243 8.03388e-15
        1759     6.24243 8.03388e-15
        1760     6.24243 8.03388e-15
        1761     6.24243 8.03388e-15
        1762     6.24243 8.03388e-15
        1763     6.24243 8.03388e-15
        1764     6.24243 8.03388e-15
        1765     6.24243 8.03388e-15
        1766     6.24243 8.03388e-15
        1767     6.24243 8.03388e-15
        1768     6.24243 8.03388e-15
        1769     6.24243 8.03388e-15
        1770     6.24243 8.03388e-15
        1771     6.24243 8.03388e-15
        1772     6.24243 8.03388e-15
        1773     6.24243 8.03388e-15
        1774     6.24243 8.03388e-15
        1775     6.24243 8.03388e-15
        1776     6.24243 8.03388e-15
        1777     6.24243 8.03388e-15
        1778     6.24243 8.03388e-15
        1779     6.24243 8.03388e-15
        1780     6.24243 8.03388e-15
        1781     6.24243 8.03388e-15
        1782     6.24243 8.03388e-15
        1783     6.24243 8.03388e-15
        1784     6.24243 8.03388e-15
        1785     6.24243 8.03388e-15
        1786     6.24243 8.03388e-15
        1787     6.24243 8.03388e-15
        1788     6.24243 8.03388e-15
        1789     6.24243 8.03388e-15
        1790     6.24243 8.03388e-15
        1791     6.24243 8.03388e-15
        1792     6.24243 8.03388e-15
        1793     6.24243 8.03388e-15
        1794     6.24243 8.03388e-15
        1795     6.24243 8.03388e-15
        1796     6.24243 8.03388e-15
        1797     6.24243 8.03388e-15
        1798     6.24243 8.03388e-15
        1799     6.24243 8.03388e-15
        1800     6.24243 8.03388e-15
        1801     6.24243 8.03388e-15
        1802     6.24243 8.03388e-15
        1803     6.24243 8.03388e-15
        1804     6.24243 8.03388e-15
        1805     6.24243 8.03388e-15
        1806     6.24243 8.03388e-15
        1807     6.24243 8.03388e-15
        1808     6.24243 8.03388e-15
        1809     6.24243 8.03388e-15
        1810     6.24243 8.03388e-15
        1811     6.24243 8.03388e-15
        1812     6.24243 8.03388e-15
        1813     6.24243 8.03388e-15
        1814     6.24243 8.03388e-15
        1815     6.24243 8.03388e-15
        1816     6.24243 8.03388e-15
        1817     6.24243 8.03388e-15
        1818     6.24243 8.03388e-15
        1819     6.24243 8.03388e-15
        1820     6.24243 8.03388e-15
        1821     6.24243 8.03388e-15
        1822     6.24243 8.03388e-15
        1823     6.24243 8.03388e-15
        1824     6.24243 8.03388e-15
        1825     6.24243 8.03388e-15
        1826     6.24243 8.03388e-15
        1827     6.24243 8.03388e-15
        1828     6.24243 8.03388e-15
        1829     6.24243 8.03388e-15
        1830     6.24243 8.03388e-15
        1831     6.24243 8.03388e-15
        1832     6.24243 8.03388e-15
        1833     6.24243 8.03388e-15
        1834     6.24243 8.03388e-15
        1835     6.24243 8.03388e-15
        1836     6.24243 8.03388e-15
        1837     6.24243 8.03388e-15
        1838     6.24243 8.03388e-15
        1839     6.24243 8.03388e-15
        1840     6.24243 8.03388e-15
        1841     6.24243 8.03388e-15
        1842     6.24243 8.03388e-15
        1843     6.24243 8.03388e-15
        1844     6.24243 8.03388e-15
        1845     6.24243 8.03388e-15
        1846     6.24243 8.03388e-15
        1847     6.24243 8.03388e-15
        1848     6.24243 8.03388e-15
        1849     6.24243 8.03388e-15
        1850     6.24243 8.03388e-15
        1851     6.24243 8.03388e-15
        1852     6.24243 8.03388e-15
        1853     6.24243 8.03388e-15
        1854     6.24243 8.03388e-15
        1855     6.24243 8.03388e-15
        1856     6.24243 8.03388e-15
        1857     6.24243 8.03388e-15
        1858     6.24243 8.03388e-15
        1859     6.24243 8.03388e-15
        1860     6.24243 8.03388e-15
        1861     6.24243 8.03388e-15
        1862     6.24243 8.03388e-15
        1863     6.24243 8.03388e-15
        1864     6.24243 8.03388e-15
        1865     6.24243 8.03388e-15
        1866     6.24243 8.03388e-15
        1867     6.24243 8.03388e-15
        1868     6.24243 8.03388e-15
        1869     6.24243 8.03388e-15
        1870     6.24243 8.03388e-15
        1871     6.24243 8.03388e-15
        1872     6.24243 8.03388e-15
        1873     6.24243 8.03388e-15
        1874     6.24243 8.03388e-15
        1875     6.24243 8.03388e-15
        1876     6.24243 8.03388e-15
        1877     6.24243 8.03388e-15
        1878     6.24243 8.03388e-15
        1879     6.24243 8.03388e-15
        1880     6.24243 8.03388e-15
        1881     6.24243 8.03388e-15
        1882     6.24243 8.03388e-15
        1883     6.24243 8.03388e-15
        1884     6.24243 8.03388e-15
        1885     6.24243 8.03388e-15
        1886     6.24243 8.03388e-15
        1887     6.24243 8.03388e-15
        1888     6.24243 8.03388e-15
        1889     6.24243 8.03388e-15
        1890     6.24243 8.03388e-15
        1891     6.24243 8.03388e-15
        1892     6.24243 8.03388e-15
        1893     6.24243 8.03388e-15
        1894     6.24243 8.03388e-15
        1895     6.24243 8.03388e-15
        1896     6.24243 8.03388e-15
        1897     6.24243 8.03388e-15
        1898     6.24243 8.03388e-15
        1899     6.24243 8.03388e-15
        1900     6.24243 8.03388e-15
        1901     6.24243 8.03388e-15
        1902     6.24243 8.03388e-15
        1903     6.24243 8.03388e-15
        1904     6.24243 8.03388e-15
        1905     6.24243 8.03388e-15
        1906     6.24243 8.03388e-15
        1907     6.24243 8.03388e-15
        1908     6.24243 8.03388e-15
        1909     6.24243 8.03388e-15
        1910     6.24243 8.03388e-15
        1911     6.24243 8.03388e-15
        1912     6.24243 8.03388e-15
        1913     6.24243 8.03388e-15
        1914     6.24243 8.03388e-15
        1915     6.24243 8.03388e-15
        1916     6.24243 8.03388e-15
        1917     6.24243 8.03388e-15
        1918     6.24243 8.03388e-15
        1919     6.24243 8.03388e-15
        1920     6.24243 8.03388e-15
        1921     6.24243 8.03388e-15
        1922     6.24243 8.03388e-15
        1923     6.24243 8.03388e-15
        1924     6.24243 8.03388e-15
        1925     6.24243 8.03388e-15
        1926     6.24243 8.03388e-15
        1927     6.24243 8.03388e-15
        1928     6.24243 8.03388e-15
        1929     6.24243 8.03388e-15
        1930     6.24243 8.03388e-15
        1931     6.24243 8.03388e-15
        1932     6.24243 8.03388e-15
        1933     6.24243 8.03388e-15
        1934     6.24243 8.03388e-15
        1935     6.24243 8.03388e-15
        1936     6.24243 8.03388e-15
        1937     6.24243 8.03388e-15
        1938     6.24243 8.03388e-15
        1939     6.24243 8.03388e-15
        1940     6.24243 8.03388e-15
        1941     6.24243 8.03388e-15
        1942     6.24243 8.03388e-15
        1943     6.24243 8.03388e-15
        1944     6.24243 8.03388e-15
        1945     6.24243 8.03388e-15
        1946     6.24243 8.03388e-15
        1947     6.24243 8.03388e-15
        1948     6.24243 8.03388e-15
        1949     6.24243 8.03388e-15
        1950     6.24243 8.03388e-15
        1951     6.24243 8.03388e-15
        1952     6.24243 8.03388e-15
        1953     6.24243 8.03388e-15
        1954     6.24243 8.03388e-15
        1955     6.24243 8.03388e-15
        1956     6.24243 8.03388e-15
        1957     6.24243 8.03388e-15
        1958     6.24243 8.03388e-15
        1959     6.24243 8.03388e-15
        1960     6.24243 8.03388e-15
        1961     6.24243 8.03388e-15
        1962     6.24243 8.03388e-15
        1963     6.24243 8.03388e-15
        1964     6.24243 8.03388e-15
        1965     6.24243 8.03388e-15
        1966     6.24243 8.03388e-15
        1967     6.24243 8.03388e-15
        1968     6.24243 8.03388e-15
        1969     6.24243 8.03388e-15
        1970     6.24243 8.03388e-15
        1971     6.24243 8.03388e-15
        1972     6.24243 8.03388e-15
        1973     6.24243 8.03388e-15
        1974     6.24243 8.03388e-15
        1975     6.24243 8.03388e-15
        1976     6.24243 8.03388e-15
        1977     6.24243 8.03388e-15
        1978     6.24243 8.03388e-15
        1979     6.24243 8.03388e-15
        1980     6.24243 8.03388e-15
        1981     6.24243 8.03388e-15
        1982     6.24243 8.03388e-15
        1983     6.24243 8.03388e-15
        1984     6.24243 8.03388e-15
        1985     6.24243 8.03388e-15
        1986     6.24243 8.03388e-15
        1987     6.24243 8.03388e-15
        1988     6.24243 8.03388e-15
        1989     6.24243 8.03388e-15
        1990     6.24243 8.03388e-15
        1991     6.24243 8.03388e-15
        1992     6.24243 8.03388e-15
        1993     6.24243 8.03388e-15
        1994     6.24243 8.03388e-15
        1995     6.24243 8.03388e-15
        1996     6.24243 8.03388e-15
        1997     6.24243 8.03388e-15
        1998     6.24243 8.03388e-15
        1999     6.24243 8.03388e-15
        2000     6.24243 8.03388e-15
