           0    0.186006   -0.130649
           1    0.340005   -0.447239
           2    0.313285   -0.482058
           3   0.0831787   -0.435357
           4  -0.0184705   -0.494115
           5   -0.240972   -0.359523
           6   -0.266843   -0.306707
           7   -0.416046   -0.340741
           8   -0.482141   -0.385744
           9   -0.478862   -0.331675
          10   -0.364107   -0.260404
          11   -0.242107   -0.260732
          12   -0.100088   -0.173142
          13   -0.156771  -0.0631128
          14   -0.220767   0.0458579
          15   -0.248635   0.0381503
          16   -0.413993    0.156019
          17    -0.44652    0.213423
          18    -0.37904    0.180137
          19   -0.340902    0.174932
          20   -0.330082    0.229649
          21   -0.286148     0.17838
          22   -0.128504    0.336567
          23    0.265764    0.470267
          24     0.49461    0.418855
          25     0.24877    0.139112
          26   0.0849169    0.116809
          27  -0.0228853   0.0718346
          28    0.254052  0.00185779
          29    0.256047  -0.0208621
          30    0.345767   0.0264639
          31    0.485475   -0.100978
          33    0.186006   -0.130649
