           1     15.1741    0.596744
           2     14.4328    0.552438
           3     13.9652    0.155483
           4     13.8367   0.0915905
           5     13.6987    0.172566
           6     13.4107    0.227959
           7     13.1727     0.18774
           8     12.9967     0.12314
           9     12.8602    0.180532
          10     12.6336    0.169775
          11     12.4384    0.106807
          12     12.3029    0.165233
          13      12.129    0.205238
          14     11.9315  0.00278756
          15     11.9267   0.0103561
          16     11.9148   0.0235245
          17     11.8764   0.0668992
          18     11.8074    0.107844
          19     11.6393    0.136876
          20     11.4948    0.184393
          21     11.2584    0.209001
          22     11.0624    0.275785
          23     10.8043   0.0969348
          24     10.7292    0.119031
          25     10.6114    0.161812
          26      10.465    0.198269
          27     10.2813    0.188546
          28     10.0971    0.143163
          29      9.9677    0.114674
          30     9.87259 7.14122e-15
          31     9.86769   0.0434386
          32     9.81922    0.136228
          33     9.64278    0.207742
          34     9.43562   0.0304628
          35     9.40878   0.0337691
          36     9.36645   0.0440992
          37     9.30444    0.100493
          38     9.18233     0.18398
          39     8.97065    0.237092
          40     8.68827    0.120954
          41     8.53608    0.142529
          42     8.45012   0.0981956
          43     8.40062 1.07118e-14
          44     8.40062 1.07118e-14
          45     8.40062 1.07118e-14
          46     8.40062 1.07118e-14
          47     8.39824   0.0181462
          48     8.38112   0.0564108
          49     8.28774     0.11557
          50     8.15476     0.10889
          51     8.07002   0.0624374
          52     8.04537  0.00652152
          53     8.03559   0.0240287
          54     8.00737   0.0395393
          55     7.95332   0.0543352
          56      7.9027   0.0706785
          57     7.85225   0.0461216
          58     7.83264 6.24857e-15
          59      7.8309   0.0101199
          60     7.82025   0.0267271
          61     7.78329   0.0410639
          62     7.74118   0.0336511
          63       7.705  0.00630517
          64     7.70437 2.67796e-15
          65     7.70437 2.67796e-15
          66     7.70437 2.67796e-15
          67     7.70323   0.0113839
          68      7.6921   0.0357061
          69      7.6424   0.0646313
          70     7.56098   0.0768351
          71     7.45892   0.0813956
          72     7.40386   0.0331292
          73     7.39178   0.0118969
          74     7.38304   0.0175729
          75     7.36701   0.0146441
          76     7.35906  0.00670627
          77     7.35168   0.0219026
          78     7.32485   0.0336733
          79     7.29468   0.0114977
          80     7.29266 8.92653e-15
          81     7.29266 8.92653e-15
          82     7.29253  0.00138259
          83     7.29087  0.00467312
          84     7.28589  0.00694638
          85     7.27884 1.78531e-15
          86     7.27884 1.78531e-15
          87     7.27884 1.78531e-15
          88     7.27884 1.78531e-15
          89     7.27871   0.0012429
          90     7.27685   0.0045795
          91     7.27337  0.00620188
          92     7.26925  0.00526399
          93     7.26637  5.1853e-05
          94     7.26603  0.00295904
          95     7.26273   0.0096488
          96     7.25082   0.0147408
          97     7.23674 1.16045e-14
          98     7.23674 1.16045e-14
          99     7.23674 1.16045e-14
         100     7.23674 1.16045e-14
         101     7.23674 1.16045e-14
         102     7.23674 1.16045e-14
         103     7.23674 1.16045e-14
         104     7.23674 1.16045e-14
         105     7.23674 1.16045e-14
         106     7.23674 1.16045e-14
         107     7.23674 1.16045e-14
         108     7.23674 1.16045e-14
         109     7.23674 1.16045e-14
         110     7.23674 1.16045e-14
         111     7.23674 1.16045e-14
         112     7.23674 1.16045e-14
         113     7.23674 1.16045e-14
         114     7.23674 1.16045e-14
         115     7.23674 1.16045e-14
         116     7.23553   0.0120712
         117     7.22411   0.0364107
         118     7.18566   0.0586366
         119     7.12893   0.0369414
         120     7.11603 6.24857e-15
         121     7.11603 6.24857e-15
         122     7.11603 6.24857e-15
         123     7.11603 6.24857e-15
         124     7.11603 6.24857e-15
         125     7.11603 6.24857e-15
         126     7.11603 6.24857e-15
         127     7.11603 6.24857e-15
         128     7.11603 6.24857e-15
         129     7.11603 6.24857e-15
         130     7.11603 6.24857e-15
         131     7.11603 6.24857e-15
         132     7.11603 6.24857e-15
         133     7.11603 6.24857e-15
         134     7.11603 6.24857e-15
         135     7.11603 6.24857e-15
         136     7.11603 6.24857e-15
         137     7.11591  0.00118987
         138     7.11154   0.0271745
         139     7.06287    0.102335
         140     6.98152    0.130484
         141     6.86939   0.0742527
         142     6.84554  0.00312814
         143      6.8421   0.0102165
         144     6.83459   0.0150907
         145      6.8202   0.0120785
         146     6.81457 1.78531e-15
         147     6.81457 1.78531e-15
         148     6.81457 1.78531e-15
         149     6.81457 1.78531e-15
         150     6.81457 1.78531e-15
         151     6.81457 1.78531e-15
         152     6.81457 1.78531e-15
         153      6.8145 0.000689553
         154     6.81381  0.00216841
         155     6.81147  0.00344777
         156     6.80878  0.00254068
         157     6.80767 2.67796e-15
         158     6.80741  0.00265754
         159     6.80331   0.0101147
         160     6.78922   0.0147272
         161     6.77472  0.00567838
         162     6.76972 1.51751e-14
         163     6.76951  0.00205882
         164     6.76683  0.00717983
         165     6.75716   0.0100925
         166     6.75011  0.00454176
         167     6.74868  0.00134072
         168      6.7469  0.00223453
         169     6.74468 1.07118e-14
         170     6.74468 1.07118e-14
         171     6.74468 1.07118e-14
         172     6.74468 1.07118e-14
         173     6.74468 1.07118e-14
         174     6.74468 1.07118e-14
         175     6.74468 1.07118e-14
         176     6.74468 1.07118e-14
         177     6.74454  0.00138068
         178      6.7433  0.00416291
         179     6.73902  0.00682486
         180     6.73398  0.00638269
         181     6.72737  0.00777256
         182     6.72216   0.0101771
         183     6.71495  0.00860897
         184     6.71029 2.67796e-15
         185     6.71029 2.67796e-15
         186      6.7101  0.00184827
         187     6.70503   0.0343557
         188     6.65398    0.120416
         189     6.51199    0.161773
         190     6.39613   0.0856437
         191     6.36941 3.57061e-15
         192      6.3694 9.83484e-05
         193     6.36931 0.000296531
         194       6.369 0.000486147
         195     6.36759   0.0105912
         196     6.35786   0.0318403
         197     6.31985   0.0528971
         198     6.27021   0.0270799
         199     6.26282 1.07118e-14
         200     6.26282 1.07118e-14
         201     6.26282 1.07118e-14
         202     6.26282 1.07118e-14
         203     6.26282 1.07118e-14
         204     6.26282 1.07118e-14
         205     6.26282 1.07118e-14
         206     6.26282 1.07118e-14
         207     6.26282 1.07118e-14
         208     6.26282 1.07118e-14
         209     6.26282 1.07118e-14
         210     6.26143   0.0139254
         211      6.2475   0.0437907
         212       6.194   0.0706973
         213     6.12481   0.0379054
         214     6.10283   0.0196831
         215     6.08357 1.51751e-14
         216     6.08357 1.51751e-14
         217     6.08189   0.0167621
         218     6.06345   0.0547448
         219     6.02155   0.0813359
         220     5.93438   0.0527112
         221     5.91595 1.78531e-15
         222     5.91595 1.78531e-15
         223     5.91595 1.78531e-15
         224     5.91595 1.78531e-15
         225     5.91595 1.78531e-15
         226     5.91431   0.0163628
         227      5.8914   0.0587212
         228      5.8325   0.0822096
         229     5.75886   0.0322259
         230     5.75232 5.35592e-15
         231     5.75125   0.0107049
         232     5.73733   0.0373316
         233     5.69986   0.0537832
         234     5.65919   0.0361822
         235     5.64527 6.24857e-15
         236     5.64527 6.24857e-15
         237     5.64527 6.24857e-15
         238     5.64527 6.24857e-15
         239     5.64508  0.00184827
         240     5.64083  0.00793342
         241     5.63399  0.00906036
         242     5.62679 8.92653e-16
         243     5.62679 8.92653e-16
         244     5.62679 8.92653e-16
         245     5.62679 8.92653e-16
         246     5.62679 8.92653e-16
         247     5.62679 8.92653e-16
         248     5.62632  0.00469223
         249      5.6235   0.0120324
         250      5.6113   0.0221746
         251      5.5869    0.016839
         252     5.57986 1.51751e-14
         253     5.57986 1.51751e-14
         254     5.57986 1.51751e-14
         255     5.57986 1.51751e-14
         256     5.57986 1.51751e-14
         257     5.57986 1.51751e-14
         258     5.57986 1.51751e-14
         259     5.57986 1.51751e-14
         260     5.57986 1.51751e-14
         261     5.57986 1.51751e-14
         262     5.57986 1.51751e-14
         263     5.57986 1.51751e-14
         264     5.57986 1.51751e-14
         265     5.57986 1.51751e-14
         266     5.57986 1.51751e-14
         267     5.57986 1.51751e-14
         268     5.57986 1.51751e-14
         269     5.57986 1.51751e-14
         270     5.57986 1.51751e-14
         271     5.57986 1.51751e-14
         272     5.57986 1.51751e-14
         273     5.57986 1.51751e-14
         274     5.57986 1.51751e-14
         275     5.57986 1.51751e-14
         276     5.57986 1.51751e-14
         277     5.57986 1.51751e-14
         278     5.57986 1.51751e-14
         279     5.57986 1.51751e-14
         280     5.57986 1.51751e-14
         281     5.57986 1.51751e-14
         282     5.57986 1.51751e-14
         283     5.57986 1.51751e-14
         284     5.57986 1.51751e-14
         285     5.57986 1.51751e-14
         286     5.57986 1.51751e-14
         287     5.57986 1.51751e-14
         288     5.57986 1.51751e-14
         289     5.57986 1.51751e-14
         290     5.57986 1.51751e-14
         291     5.57986 1.51751e-14
         292     5.57986 1.51751e-14
         293     5.57986 1.51751e-14
         294     5.57986 1.51751e-14
         295     5.57986 1.51751e-14
         296     5.57986 1.51751e-14
         297      5.5795  0.00360456
         298      5.5759   0.0113351
         299     5.56472   0.0178802
         300     5.55659   0.0172066
         301     5.54382 9.81918e-15
         302     5.54382 9.81918e-15
         303     5.54382 9.81918e-15
         304     5.54382 9.81918e-15
         305     5.54382 9.81918e-15
         306     5.54382 9.81918e-15
         307     5.54382 9.81918e-15
         308     5.54382 9.81918e-15
         309     5.54382 9.81918e-15
         310     5.54382 9.81918e-15
         311     5.54382 9.81918e-15
         312     5.54382 9.81918e-15
         313     5.54382 9.81918e-15
         314     5.54382 9.81918e-15
         315     5.54382 9.81918e-15
         316     5.54382 9.81918e-15
         317     5.54382 9.81918e-15
         318     5.54382 9.81918e-15
         319     5.54382 9.81918e-15
         320     5.54382 9.81918e-15
         321     5.54382 9.81918e-15
         322     5.54382 9.81918e-15
         323     5.54382 9.81918e-15
         324     5.54382 9.81918e-15
         325     5.54382 9.81918e-15
         326     5.54382 9.81918e-15
         327     5.54382 9.81918e-15
         328     5.54382 9.81918e-15
         329     5.54382 9.81918e-15
         330     5.54382 9.81918e-15
         331     5.54382 9.81918e-15
         332     5.54382 9.81918e-15
         333     5.54382 9.81918e-15
         334     5.54382 9.81918e-15
         335     5.54382 9.81918e-15
         336     5.54382 9.81918e-15
         337     5.54382 9.81918e-15
         338     5.54382 9.81918e-15
         339     5.54382 9.81918e-15
         340     5.54382 9.81918e-15
         341     5.54382 9.81918e-15
         342     5.54382 9.81918e-15
         343     5.54382 9.81918e-15
         344     5.54382 9.81918e-15
         345     5.54382 9.81918e-15
         346     5.54382 9.81918e-15
         347     5.54382 9.81918e-15
         348     5.54382 9.81918e-15
         349     5.54382 9.81918e-15
         350     5.54382 9.81918e-15
         351     5.54382 9.81918e-15
         352     5.54382 9.81918e-15
         353     5.54382 9.81918e-15
         354     5.54382 9.81918e-15
         355     5.54382 9.81918e-15
         356     5.54382 9.81918e-15
         357     5.54382 9.81918e-15
         358     5.54382 9.81918e-15
         359     5.54382 9.81918e-15
         360     5.54382 9.81918e-15
         361     5.54382 9.81918e-15
         362     5.54382 9.81918e-15
         363     5.54382 9.81918e-15
         364     5.54382 9.81918e-15
         365     5.54382 9.81918e-15
         366     5.54382 9.81918e-15
         367     5.54382 9.81918e-15
         368     5.54382 9.81918e-15
         369     5.54382 9.81918e-15
         370     5.54382 9.81918e-15
         371     5.54382 9.81918e-15
         372     5.54382 9.81918e-15
         373     5.54382 9.81918e-15
         374     5.54382 9.81918e-15
         375     5.54382 9.81918e-15
         376     5.54382 9.81918e-15
         377     5.54382 9.81918e-15
         378     5.54382 9.81918e-15
         379     5.54382 9.81918e-15
         380     5.54382 9.81918e-15
         381     5.54382 9.81918e-15
         382     5.54382 9.81918e-15
         383     5.54382 9.81918e-15
         384     5.54382 9.81918e-15
         385     5.54382 9.81918e-15
         386     5.54382 9.81918e-15
         387     5.54382 9.81918e-15
         388     5.54382 9.81918e-15
         389     5.54382 9.81918e-15
         390     5.54382 9.81918e-15
         391     5.54382 9.81918e-15
         392     5.54382 9.81918e-15
         393     5.54382 9.81918e-15
         394     5.54382 9.81918e-15
         395     5.54382 9.81918e-15
         396     5.54382 9.81918e-15
         397     5.54382 9.81918e-15
         398     5.54382 9.81918e-15
         399     5.54382 9.81918e-15
         400     5.54382 9.81918e-15
         401     5.54382 9.81918e-15
         402     5.54382 9.81918e-15
         403     5.54382 9.81918e-15
         404     5.54382 9.81918e-15
         405     5.54382 9.81918e-15
         406     5.54382 9.81918e-15
         407     5.54382 9.81918e-15
         408     5.54382 9.81918e-15
         409     5.54382 9.81918e-15
         410     5.54382 9.81918e-15
         411     5.54382 9.81918e-15
         412     5.54382 9.81918e-15
         413     5.54382 9.81918e-15
         414     5.54382 9.81918e-15
         415     5.54382 9.81918e-15
         416     5.54382 9.81918e-15
         417     5.54382 9.81918e-15
         418     5.54382 9.81918e-15
         419     5.54382 9.81918e-15
         420     5.54382 9.81918e-15
         421     5.54382 9.81918e-15
         422     5.54382 9.81918e-15
         423     5.54382 9.81918e-15
         424     5.54382 9.81918e-15
         425     5.54382 9.81918e-15
         426     5.54382 9.81918e-15
         427     5.54382 9.81918e-15
         428     5.54382 9.81918e-15
         429     5.54382 9.81918e-15
         430     5.54382 9.81918e-15
         431     5.54382 9.81918e-15
         432     5.54382 9.81918e-15
         433     5.54382 9.81918e-15
         434     5.54382 9.81918e-15
         435     5.54382 9.81918e-15
         436     5.54382 9.81918e-15
         437     5.54382 9.81918e-15
         438     5.54329  0.00527076
         439     5.53644    0.018381
         440      5.5143   0.0262952
         441     5.49111 9.81918e-15
         442     5.49111 9.81918e-15
         443     5.49111 9.81918e-15
         444     5.49043  0.00682282
         445     5.48088   0.0244851
         446     5.45768   0.0342791
         447     5.43243   0.0237936
         448     5.42288 9.81918e-15
         449     5.42288 9.81918e-15
         450     5.42288 9.81918e-15
         451     5.42288 9.81918e-15
         452     5.42288 9.81918e-15
         453     5.42288 9.81918e-15
         454     5.42288 9.81918e-15
         455     5.42288 9.81918e-15
         456     5.42288 9.81918e-15
         457     5.42288 9.81918e-15
         458     5.42285 0.000285755
         459     5.42251 0.000965846
         460     5.42154  0.00143339
         461      5.4206  0.00114878
         462     5.42003 2.67796e-15
         463     5.42003 2.67796e-15
         464     5.42003 2.67796e-15
         465     5.42003 2.67796e-15
         466     5.42003 2.67796e-15
         467     5.42003 2.67796e-15
         468     5.42003 2.67796e-15
         469     5.42003 2.67796e-15
         470     5.42003 2.67796e-15
         471     5.42003 2.67796e-15
         472     5.42003 2.67796e-15
         473     5.42003 2.67796e-15
         474     5.42003 2.67796e-15
         475     5.42003 2.67796e-15
         476     5.42003 2.67796e-15
         477     5.42003 2.67796e-15
         478     5.42003 2.67796e-15
         479     5.42003 2.67796e-15
         480     5.42003 2.67796e-15
         481     5.42003 2.67796e-15
         482     5.42003 2.67796e-15
         483     5.42003 2.67796e-15
         484     5.42003 2.67796e-15
         485     5.42003 2.67796e-15
         486     5.42003 2.67796e-15
         487     5.42003 2.67796e-15
         488     5.42003 2.67796e-15
         489     5.42003 2.67796e-15
         490     5.42003 2.67796e-15
         491     5.42003 2.67796e-15
         492     5.42003 2.67796e-15
         493     5.42003 2.67796e-15
         494     5.42003 2.67796e-15
         495     5.42003 2.67796e-15
         496     5.42003 2.67796e-15
         497     5.42003 2.67796e-15
         498     5.42003 2.67796e-15
         499     5.42003 2.67796e-15
         500     5.42003 2.67796e-15
         501     5.42003 2.67796e-15
         502     5.42003 2.67796e-15
         503     5.42003 2.67796e-15
         504     5.42003 2.67796e-15
         505     5.42003 2.67796e-15
         506     5.42003 2.67796e-15
         507     5.42003 2.67796e-15
         508     5.42003 2.67796e-15
         509     5.42003 2.67796e-15
         510     5.42003 2.67796e-15
         511     5.42003 2.67796e-15
         512     5.42003 2.67796e-15
         513     5.42003 2.67796e-15
         514     5.42003 2.67796e-15
         515     5.42003 2.67796e-15
         516     5.42003 2.67796e-15
         517     5.42003 2.67796e-15
         518     5.42003 2.67796e-15
         519     5.42003 2.67796e-15
         520     5.42003 2.67796e-15
         521     5.42003 2.67796e-15
         522     5.42003 2.67796e-15
         523     5.42003 2.67796e-15
         524     5.42003 2.67796e-15
         525     5.42003 2.67796e-15
         526     5.42003 2.67796e-15
         527     5.42003 2.67796e-15
         528     5.42003 2.67796e-15
         529     5.42003 2.67796e-15
         530     5.42003 2.67796e-15
         531     5.42003 2.67796e-15
         532     5.42003 2.67796e-15
         533     5.42003 2.67796e-15
         534     5.42003 2.67796e-15
         535     5.42003 2.67796e-15
         536     5.42003 2.67796e-15
         537     5.42003 2.67796e-15
         538     5.42003 2.67796e-15
         539     5.42003 2.67796e-15
         540     5.42003 2.67796e-15
         541     5.42003 2.67796e-15
         542     5.42003 2.67796e-15
         543     5.42003 2.67796e-15
         544     5.42003 2.67796e-15
         545     5.42003 2.67796e-15
         546     5.42003 2.67796e-15
         547     5.42003 2.67796e-15
         548     5.42003 2.67796e-15
         549     5.42003 2.67796e-15
         550     5.42003 2.67796e-15
         551     5.42003 2.67796e-15
         552     5.42003 2.67796e-15
         553     5.42003 2.67796e-15
         554     5.42003 2.67796e-15
         555     5.42003 2.67796e-15
         556     5.42003 2.67796e-15
         557     5.42003 2.67796e-15
         558     5.42003 2.67796e-15
         559     5.42003 2.67796e-15
         560     5.42003 2.67796e-15
         561     5.42003 2.67796e-15
         562     5.42003 2.67796e-15
         563     5.42003 2.67796e-15
         564     5.42003 2.67796e-15
         565     5.42003 2.67796e-15
         566     5.42003 2.67796e-15
         567     5.42003 2.67796e-15
         568     5.42003 2.67796e-15
         569     5.42003 2.67796e-15
         570     5.42003 2.67796e-15
         571     5.42003 2.67796e-15
         572     5.42003 2.67796e-15
         573     5.42003 2.67796e-15
         574     5.42003 2.67796e-15
         575     5.42003 2.67796e-15
         576     5.42003 2.67796e-15
         577     5.42003 2.67796e-15
         578     5.42003 2.67796e-15
         579     5.42003 2.67796e-15
         580     5.42003 2.67796e-15
         581     5.42003 2.67796e-15
         582     5.42003 2.67796e-15
         583     5.42003 2.67796e-15
         584     5.42003 2.67796e-15
         585     5.42003 2.67796e-15
         586     5.42003 2.67796e-15
         587     5.42003 2.67796e-15
         588     5.42003 2.67796e-15
         589     5.42003 2.67796e-15
         590     5.42003 2.67796e-15
         591     5.42003 2.67796e-15
         592     5.42003 2.67796e-15
         593     5.42003 2.67796e-15
         594     5.42003 2.67796e-15
         595     5.42003 2.67796e-15
         596     5.42003 2.67796e-15
         597     5.42003 2.67796e-15
         598     5.42003 2.67796e-15
         599     5.42003 2.67796e-15
         600     5.42003 2.67796e-15
         601     5.42003 2.67796e-15
         602     5.42003 2.67796e-15
         603     5.42003 2.67796e-15
         604     5.42003 2.67796e-15
         605     5.42003 2.67796e-15
         606     5.42003 2.67796e-15
         607     5.42003 2.67796e-15
         608     5.42003 2.67796e-15
         609     5.42003 2.67796e-15
         610     5.42003 2.67796e-15
         611     5.42003 2.67796e-15
         612     5.42003 2.67796e-15
         613     5.42003 2.67796e-15
         614     5.42003 2.67796e-15
         615     5.42003 2.67796e-15
         616     5.42003 2.67796e-15
         617     5.42003 2.67796e-15
         618     5.42003 2.67796e-15
         619     5.42003 2.67796e-15
         620     5.42003 2.67796e-15
         621     5.42003 2.67796e-15
         622     5.42003 2.67796e-15
         623     5.42003 2.67796e-15
         624     5.42003 2.67796e-15
         625     5.42003 2.67796e-15
         626     5.42003 2.67796e-15
         627     5.42003 2.67796e-15
         628     5.42003 2.67796e-15
         629     5.42003 2.67796e-15
         630     5.42003 2.67796e-15
         631     5.42003 2.67796e-15
         632     5.42003 2.67796e-15
         633     5.42003 2.67796e-15
         634     5.42003 2.67796e-15
         635     5.42003 2.67796e-15
         636     5.42003 2.67796e-15
         637     5.42003 2.67796e-15
         638     5.42003 2.67796e-15
         639     5.42003 2.67796e-15
         640     5.42003 2.67796e-15
         641     5.42003 2.67796e-15
         642     5.42003 2.67796e-15
         643     5.42003 2.67796e-15
         644     5.42003 2.67796e-15
         645     5.42003 2.67796e-15
         646     5.42003 2.67796e-15
         647     5.42003 2.67796e-15
         648     5.42003 2.67796e-15
         649     5.42003 2.67796e-15
         650     5.42003 2.67796e-15
         651     5.42003 2.67796e-15
         652     5.42003 2.67796e-15
         653     5.42003 2.67796e-15
         654     5.42003 2.67796e-15
         655     5.42003 2.67796e-15
         656     5.42003 2.67796e-15
         657     5.42003 2.67796e-15
         658     5.42003 2.67796e-15
         659     5.42003 2.67796e-15
         660     5.42003 2.67796e-15
         661     5.42003 2.67796e-15
         662     5.42003 2.67796e-15
         663     5.42003 2.67796e-15
         664     5.42003 2.67796e-15
         665     5.42003 2.67796e-15
         666     5.42003 2.67796e-15
         667     5.42003 2.67796e-15
         668     5.42003 2.67796e-15
         669     5.42003 2.67796e-15
         670     5.42003 2.67796e-15
         671     5.42003 2.67796e-15
         672     5.42003 2.67796e-15
         673     5.42003 2.67796e-15
         674     5.42003 2.67796e-15
         675     5.42003 2.67796e-15
         676     5.42003 2.67796e-15
         677     5.42003 2.67796e-15
         678     5.42003 2.67796e-15
         679     5.42003 2.67796e-15
         680     5.42003 2.67796e-15
         681     5.42003 2.67796e-15
         682     5.42003 2.67796e-15
         683     5.42003 2.67796e-15
         684     5.42003 2.67796e-15
         685     5.42003 2.67796e-15
         686     5.42003 2.67796e-15
         687     5.42003 2.67796e-15
         688     5.42003 2.67796e-15
         689     5.42003 2.67796e-15
         690     5.42003 2.67796e-15
         691     5.42003 2.67796e-15
         692     5.42003 2.67796e-15
         693     5.42003 2.67796e-15
         694     5.42003 2.67796e-15
         695     5.42003 2.67796e-15
         696     5.42003 2.67796e-15
         697     5.42003 2.67796e-15
         698     5.42003 2.67796e-15
         699     5.42003 2.67796e-15
         700     5.42003 2.67796e-15
         701     5.42003 2.67796e-15
         702     5.42003 2.67796e-15
         703     5.42003 2.67796e-15
         704     5.42003 2.67796e-15
         705     5.42003 2.67796e-15
         706     5.42003 2.67796e-15
         707     5.42003 2.67796e-15
         708     5.42003 2.67796e-15
         709     5.42003 2.67796e-15
         710     5.42003 2.67796e-15
         711     5.42003 2.67796e-15
         712     5.42003 2.67796e-15
         713     5.42003 2.67796e-15
         714     5.42003 2.67796e-15
         715     5.42003 2.67796e-15
         716     5.42003 2.67796e-15
         717     5.42003 2.67796e-15
         718     5.42003 2.67796e-15
         719     5.42003 2.67796e-15
         720     5.42003 2.67796e-15
         721     5.42003 2.67796e-15
         722     5.42003 2.67796e-15
         723     5.42003 2.67796e-15
         724     5.42003 2.67796e-15
         725     5.42003 2.67796e-15
         726     5.42003 2.67796e-15
         727     5.42003 2.67796e-15
         728     5.42003 2.67796e-15
         729     5.42003 2.67796e-15
         730     5.42003 2.67796e-15
         731     5.42003 2.67796e-15
         732     5.42003 2.67796e-15
         733     5.42003 2.67796e-15
         734     5.42003 2.67796e-15
         735     5.42003 2.67796e-15
         736     5.42003 2.67796e-15
         737     5.42003 2.67796e-15
         738     5.42003 2.67796e-15
         739     5.42003 2.67796e-15
         740     5.42003 2.67796e-15
         741     5.42003 2.67796e-15
         742     5.42003 2.67796e-15
         743     5.42003 2.67796e-15
         744     5.42003 2.67796e-15
         745     5.42003 2.67796e-15
         746     5.42003 2.67796e-15
         747     5.42003 2.67796e-15
         748     5.42003 2.67796e-15
         749     5.42003 2.67796e-15
         750     5.42003 2.67796e-15
         751     5.42003 2.67796e-15
         752     5.42003 2.67796e-15
         753     5.42003 2.67796e-15
         754     5.42003 2.67796e-15
         755     5.42003 2.67796e-15
         756     5.42003 2.67796e-15
         757     5.42003 2.67796e-15
         758     5.42003 2.67796e-15
         759     5.42003 2.67796e-15
         760     5.42003 2.67796e-15
         761     5.42003 2.67796e-15
         762     5.42003 2.67796e-15
         763     5.42003 2.67796e-15
         764     5.42003 2.67796e-15
         765     5.42003 2.67796e-15
         766     5.42003 2.67796e-15
         767     5.42003 2.67796e-15
         768     5.42003 2.67796e-15
         769     5.42003 2.67796e-15
         770     5.42003 2.67796e-15
         771     5.42003 2.67796e-15
         772     5.42003 2.67796e-15
         773     5.42003 2.67796e-15
         774     5.42003 2.67796e-15
         775     5.42003 2.67796e-15
         776     5.42003 2.67796e-15
         777     5.42003 2.67796e-15
         778     5.42003 2.67796e-15
         779     5.42003 2.67796e-15
         780     5.42003 2.67796e-15
         781     5.42003 2.67796e-15
         782     5.42003 2.67796e-15
         783     5.42003 2.67796e-15
         784     5.42003 2.67796e-15
         785     5.42003 2.67796e-15
         786     5.42003 2.67796e-15
         787     5.42003 2.67796e-15
         788     5.42003 2.67796e-15
         789     5.42003 2.67796e-15
         790     5.42003 2.67796e-15
         791     5.42003 2.67796e-15
         792     5.42003 2.67796e-15
         793     5.42003 2.67796e-15
         794     5.42003 2.67796e-15
         795     5.42003 2.67796e-15
         796     5.42003 2.67796e-15
         797     5.42003 2.67796e-15
         798     5.42003 2.67796e-15
         799     5.42003 2.67796e-15
         800     5.42003 2.67796e-15
         801     5.42003 2.67796e-15
         802     5.42003 2.67796e-15
         803     5.42003 2.67796e-15
         804     5.42003 2.67796e-15
         805     5.42003 2.67796e-15
         806     5.42003 2.67796e-15
         807     5.42003 2.67796e-15
         808     5.42003 2.67796e-15
         809     5.42003 2.67796e-15
         810     5.42003 2.67796e-15
         811     5.42003 2.67796e-15
         812     5.42003 2.67796e-15
         813     5.42003 2.67796e-15
         814     5.42003 2.67796e-15
         815     5.42003 2.67796e-15
         816     5.42003 2.67796e-15
         817     5.42003 2.67796e-15
         818     5.42003 2.67796e-15
         819     5.42003 2.67796e-15
         820     5.42003 2.67796e-15
         821     5.42003 2.67796e-15
         822     5.42003 2.67796e-15
         823     5.42003 2.67796e-15
         824     5.42003 2.67796e-15
         825     5.42003 2.67796e-15
         826     5.42003 2.67796e-15
         827     5.42003 2.67796e-15
         828     5.42003 2.67796e-15
         829     5.42003 2.67796e-15
         830     5.42003 2.67796e-15
         831     5.42003 2.67796e-15
         832     5.42003 2.67796e-15
         833     5.42003 2.67796e-15
         834     5.42003 2.67796e-15
         835     5.42003 2.67796e-15
         836     5.42003 2.67796e-15
         837     5.42003 2.67796e-15
         838     5.42003 2.67796e-15
         839     5.42003 2.67796e-15
         840     5.42003 2.67796e-15
         841     5.42003 2.67796e-15
         842     5.42003 2.67796e-15
         843     5.42003 2.67796e-15
         844     5.42003 2.67796e-15
         845     5.42003 2.67796e-15
         846     5.42003 2.67796e-15
         847     5.42003 2.67796e-15
         848     5.42003 2.67796e-15
         849     5.42003 2.67796e-15
         850     5.42003 2.67796e-15
         851     5.42003 2.67796e-15
         852     5.42003 2.67796e-15
         853     5.42003 2.67796e-15
         854     5.42003 2.67796e-15
         855     5.42003 2.67796e-15
         856     5.42003 2.67796e-15
         857     5.42003 2.67796e-15
         858     5.42003 2.67796e-15
         859     5.42003 2.67796e-15
         860     5.42003 2.67796e-15
         861     5.42003 2.67796e-15
         862     5.42003 2.67796e-15
         863     5.42003 2.67796e-15
         864     5.42003 2.67796e-15
         865     5.42003 2.67796e-15
         866     5.42003 2.67796e-15
         867     5.42003 2.67796e-15
         868     5.42003 2.67796e-15
         869     5.42003 2.67796e-15
         870     5.42003 2.67796e-15
         871     5.42003 2.67796e-15
         872     5.42003 2.67796e-15
         873     5.42003 2.67796e-15
         874     5.42003 2.67796e-15
         875     5.42003 2.67796e-15
         876     5.42003 2.67796e-15
         877     5.42003 2.67796e-15
         878     5.42003 2.67796e-15
         879     5.42003 2.67796e-15
         880     5.42003 2.67796e-15
         881     5.42003 2.67796e-15
         882     5.42003 2.67796e-15
         883     5.42003 2.67796e-15
         884     5.42003 2.67796e-15
         885     5.42003 2.67796e-15
         886     5.42003 2.67796e-15
         887     5.42003 2.67796e-15
         888     5.42003 2.67796e-15
         889     5.42003 2.67796e-15
         890     5.42003 2.67796e-15
         891     5.42003 2.67796e-15
         892     5.42003 2.67796e-15
         893     5.42003 2.67796e-15
         894     5.42003 2.67796e-15
         895     5.42003 2.67796e-15
         896     5.42003 2.67796e-15
         897     5.42003 2.67796e-15
         898     5.42003 2.67796e-15
         899     5.42003 2.67796e-15
         900     5.42003 2.67796e-15
         901     5.42003 2.67796e-15
         902     5.42003 2.67796e-15
         903     5.42003 2.67796e-15
         904     5.42003 2.67796e-15
         905     5.42003 2.67796e-15
         906     5.42003 2.67796e-15
         907     5.42003 2.67796e-15
         908     5.42003 2.67796e-15
         909     5.42003 2.67796e-15
         910     5.42003 2.67796e-15
         911     5.42003 2.67796e-15
         912     5.42003 2.67796e-15
         913     5.42003 2.67796e-15
         914     5.42003 2.67796e-15
         915     5.42003 2.67796e-15
         916     5.42003 2.67796e-15
         917     5.42003 2.67796e-15
         918     5.42003 2.67796e-15
         919     5.42003 2.67796e-15
         920     5.42003 2.67796e-15
         921     5.42003 2.67796e-15
         922     5.42003 2.67796e-15
         923     5.42003 2.67796e-15
         924     5.42003 2.67796e-15
         925     5.42003 2.67796e-15
         926     5.42003 2.67796e-15
         927     5.42003 2.67796e-15
         928     5.42003 2.67796e-15
         929     5.42003 2.67796e-15
         930     5.42003 2.67796e-15
         931     5.42003 2.67796e-15
         932     5.42003 2.67796e-15
         933     5.42003 2.67796e-15
         934     5.42003 2.67796e-15
         935     5.42003 2.67796e-15
         936     5.42003 2.67796e-15
         937     5.42003 2.67796e-15
         938     5.42003 2.67796e-15
         939     5.42003 2.67796e-15
         940     5.42003 2.67796e-15
         941     5.42003 2.67796e-15
         942     5.42003 2.67796e-15
         943     5.42003 2.67796e-15
         944     5.42003 2.67796e-15
         945     5.42003 2.67796e-15
         946     5.42003 2.67796e-15
         947     5.42003 2.67796e-15
         948     5.42003 2.67796e-15
         949     5.42003 2.67796e-15
         950     5.42003 2.67796e-15
         951     5.42003 2.67796e-15
         952     5.42003 2.67796e-15
         953     5.42003 2.67796e-15
         954     5.42003 2.67796e-15
         955     5.42003 2.67796e-15
         956     5.42003 2.67796e-15
         957     5.42003 2.67796e-15
         958     5.42003 2.67796e-15
         959     5.42003 2.67796e-15
         960     5.42003 2.67796e-15
         961     5.42003 2.67796e-15
         962     5.42003 2.67796e-15
         963     5.42003 2.67796e-15
         964     5.42003 2.67796e-15
         965     5.42003 2.67796e-15
         966     5.42003 2.67796e-15
         967     5.42003 2.67796e-15
         968     5.42003 2.67796e-15
         969     5.42003 2.67796e-15
         970     5.42003 2.67796e-15
         971     5.42003 2.67796e-15
         972     5.42003 2.67796e-15
         973     5.42003 2.67796e-15
         974     5.42003 2.67796e-15
         975     5.42003 2.67796e-15
         976     5.42003 2.67796e-15
         977     5.42003 2.67796e-15
         978     5.42003 2.67796e-15
         979     5.42003 2.67796e-15
         980     5.42003 2.67796e-15
         981     5.42003 2.67796e-15
         982     5.42003 2.67796e-15
         983     5.42003 2.67796e-15
         984     5.42003 2.67796e-15
         985     5.42003 2.67796e-15
         986     5.42003 2.67796e-15
         987     5.42003 2.67796e-15
         988     5.42003 2.67796e-15
         989     5.42003 2.67796e-15
         990     5.42003 2.67796e-15
         991     5.42003 2.67796e-15
         992     5.42003 2.67796e-15
         993     5.42003 2.67796e-15
         994     5.42003 2.67796e-15
         995     5.42003 2.67796e-15
         996     5.42003 2.67796e-15
         997     5.42003 2.67796e-15
         998     5.42003 2.67796e-15
         999     5.42003 2.67796e-15
        1000     5.42003 2.67796e-15
        1001     5.42003 2.67796e-15
        1002     5.42003 2.67796e-15
        1003     5.42003 2.67796e-15
        1004     5.42003 2.67796e-15
        1005     5.42003 2.67796e-15
        1006     5.42003 2.67796e-15
        1007     5.42003 2.67796e-15
        1008     5.42003 2.67796e-15
        1009     5.42003 2.67796e-15
        1010     5.42003 2.67796e-15
        1011     5.42003 2.67796e-15
        1012     5.42003 2.67796e-15
        1013     5.42003 2.67796e-15
        1014     5.42003 2.67796e-15
        1015     5.42003 2.67796e-15
        1016     5.42003 2.67796e-15
        1017     5.42003 2.67796e-15
        1018     5.42003 2.67796e-15
        1019     5.42003 2.67796e-15
        1020     5.42003 2.67796e-15
        1021     5.42003 2.67796e-15
        1022     5.42003 2.67796e-15
        1023     5.42003 2.67796e-15
        1024     5.42003 2.67796e-15
        1025     5.42003 2.67796e-15
        1026     5.42003 2.67796e-15
        1027     5.42003 2.67796e-15
        1028     5.42003 2.67796e-15
        1029     5.42003 2.67796e-15
        1030     5.42003 2.67796e-15
        1031     5.42003 2.67796e-15
        1032     5.42003 2.67796e-15
        1033     5.42003 2.67796e-15
        1034     5.42003 2.67796e-15
        1035     5.42003 2.67796e-15
        1036     5.42003 2.67796e-15
        1037     5.42003 2.67796e-15
        1038     5.42003 2.67796e-15
        1039     5.42003 2.67796e-15
        1040     5.42003 2.67796e-15
        1041     5.42003 2.67796e-15
        1042     5.42003 2.67796e-15
        1043     5.42003 2.67796e-15
        1044     5.42003 2.67796e-15
        1045     5.42003 2.67796e-15
        1046     5.42003 2.67796e-15
        1047     5.42003 2.67796e-15
        1048     5.42003 2.67796e-15
        1049     5.42003 2.67796e-15
        1050     5.42003 2.67796e-15
        1051     5.42003 2.67796e-15
        1052     5.42003 2.67796e-15
        1053     5.42003 2.67796e-15
        1054     5.42003 2.67796e-15
        1055     5.42003 2.67796e-15
        1056     5.42003 2.67796e-15
        1057     5.42003 2.67796e-15
        1058     5.42003 2.67796e-15
        1059     5.42003 2.67796e-15
        1060     5.42003 2.67796e-15
        1061     5.42003 2.67796e-15
        1062     5.42003 2.67796e-15
        1063     5.42003 2.67796e-15
        1064     5.42003 2.67796e-15
        1065     5.42003 2.67796e-15
        1066     5.42003 2.67796e-15
        1067     5.42003 2.67796e-15
        1068     5.42003 2.67796e-15
        1069     5.42003 2.67796e-15
        1070     5.42003 2.67796e-15
        1071     5.42003 2.67796e-15
        1072     5.42003 2.67796e-15
        1073     5.42003 2.67796e-15
        1074     5.42003 2.67796e-15
        1075     5.42003 2.67796e-15
        1076     5.42003 2.67796e-15
        1077     5.42003 2.67796e-15
        1078     5.42003 2.67796e-15
        1079     5.42003 2.67796e-15
        1080     5.42003 2.67796e-15
        1081     5.42003 2.67796e-15
        1082     5.42003 2.67796e-15
        1083     5.42003 2.67796e-15
        1084     5.42003 2.67796e-15
        1085     5.42003 2.67796e-15
        1086     5.42003 2.67796e-15
        1087     5.42003 2.67796e-15
        1088     5.42003 2.67796e-15
        1089     5.42003 2.67796e-15
        1090     5.42003 2.67796e-15
        1091     5.42003 2.67796e-15
        1092     5.42003 2.67796e-15
        1093     5.42003 2.67796e-15
        1094     5.42003 2.67796e-15
        1095     5.42003 2.67796e-15
        1096     5.42003 2.67796e-15
        1097     5.42003 2.67796e-15
        1098     5.42003 2.67796e-15
        1099     5.42003 2.67796e-15
        1100     5.42003 2.67796e-15
        1101     5.42003 2.67796e-15
        1102     5.42003 2.67796e-15
        1103     5.42003 2.67796e-15
        1104     5.42003 2.67796e-15
        1105     5.42003 2.67796e-15
        1106     5.42003 2.67796e-15
        1107     5.42003 2.67796e-15
        1108     5.42003 2.67796e-15
        1109     5.42003 2.67796e-15
        1110     5.42003 2.67796e-15
        1111     5.42003 2.67796e-15
        1112     5.42003 2.67796e-15
        1113     5.42003 2.67796e-15
        1114     5.42003 2.67796e-15
        1115     5.42003 2.67796e-15
        1116     5.42003 2.67796e-15
        1117     5.42003 2.67796e-15
        1118     5.42003 2.67796e-15
        1119     5.42003 2.67796e-15
        1120     5.42003 2.67796e-15
        1121     5.42003 2.67796e-15
        1122     5.42003 2.67796e-15
        1123     5.42003 2.67796e-15
        1124     5.42003 2.67796e-15
        1125     5.42003 2.67796e-15
        1126     5.42003 2.67796e-15
        1127     5.42003 2.67796e-15
        1128     5.42003 2.67796e-15
        1129     5.42003 2.67796e-15
        1130     5.42003 2.67796e-15
        1131     5.42003 2.67796e-15
        1132     5.42003 2.67796e-15
        1133     5.42003 2.67796e-15
        1134     5.42003 2.67796e-15
        1135     5.42003 2.67796e-15
        1136     5.42003 2.67796e-15
        1137     5.42003 2.67796e-15
        1138     5.42003 2.67796e-15
        1139     5.42003 2.67796e-15
        1140     5.42003 2.67796e-15
        1141     5.42003 2.67796e-15
        1142     5.42003 2.67796e-15
        1143     5.42003 2.67796e-15
        1144     5.42003 2.67796e-15
        1145     5.42003 2.67796e-15
        1146     5.42003 2.67796e-15
        1147     5.42003 2.67796e-15
        1148     5.42003 2.67796e-15
        1149     5.42003 2.67796e-15
        1150     5.42003 2.67796e-15
        1151     5.42003 2.67796e-15
        1152     5.42003 2.67796e-15
        1153     5.42003 2.67796e-15
        1154     5.42003 2.67796e-15
        1155     5.42003 2.67796e-15
        1156     5.42003 2.67796e-15
        1157     5.42003 2.67796e-15
        1158     5.42003 2.67796e-15
        1159     5.42003 2.67796e-15
        1160     5.42003 2.67796e-15
        1161     5.42003 2.67796e-15
        1162     5.42003 2.67796e-15
        1163     5.42003 2.67796e-15
        1164     5.42003 2.67796e-15
        1165     5.42003 2.67796e-15
        1166     5.42003 2.67796e-15
        1167     5.42003 2.67796e-15
        1168     5.42003 2.67796e-15
        1169     5.42003 2.67796e-15
        1170     5.42003 2.67796e-15
        1171     5.42003 2.67796e-15
        1172     5.42003 2.67796e-15
        1173     5.42003 2.67796e-15
        1174     5.42003 2.67796e-15
        1175     5.42003 2.67796e-15
        1176     5.42003 2.67796e-15
        1177     5.42003 2.67796e-15
        1178     5.42003 2.67796e-15
        1179     5.42003 2.67796e-15
        1180     5.42003 2.67796e-15
        1181     5.42003 2.67796e-15
        1182     5.42003 2.67796e-15
        1183     5.42003 2.67796e-15
        1184     5.42003 2.67796e-15
        1185     5.42003 2.67796e-15
        1186     5.42003 2.67796e-15
        1187     5.42003 2.67796e-15
        1188     5.42003 2.67796e-15
        1189     5.42003 2.67796e-15
        1190     5.42003 2.67796e-15
        1191     5.42003 2.67796e-15
        1192     5.42003 2.67796e-15
        1193     5.42003 2.67796e-15
        1194     5.42003 2.67796e-15
        1195     5.42003 2.67796e-15
        1196     5.42003 2.67796e-15
        1197     5.42003 2.67796e-15
        1198     5.42003 2.67796e-15
        1199     5.42003 2.67796e-15
        1200     5.42003 2.67796e-15
        1201     5.42003 2.67796e-15
        1202     5.42003 2.67796e-15
        1203     5.42003 2.67796e-15
        1204     5.42003 2.67796e-15
        1205     5.42003 2.67796e-15
        1206     5.42003 2.67796e-15
        1207     5.42003 2.67796e-15
        1208     5.42003 2.67796e-15
        1209     5.42003 2.67796e-15
        1210     5.42003 2.67796e-15
        1211     5.42003 2.67796e-15
        1212     5.42003 2.67796e-15
        1213     5.42003 2.67796e-15
        1214     5.42003 2.67796e-15
        1215     5.42003 2.67796e-15
        1216     5.42003 2.67796e-15
        1217     5.42003 2.67796e-15
        1218     5.42003 2.67796e-15
        1219     5.42003 2.67796e-15
        1220     5.42003 2.67796e-15
        1221     5.42003 2.67796e-15
        1222     5.42003 2.67796e-15
        1223     5.42003 2.67796e-15
        1224     5.42003 2.67796e-15
        1225     5.42003 2.67796e-15
        1226     5.42003 2.67796e-15
        1227     5.42003 2.67796e-15
        1228     5.42003 2.67796e-15
        1229     5.42003 2.67796e-15
        1230     5.42003 2.67796e-15
        1231     5.42003 2.67796e-15
        1232     5.42003 2.67796e-15
        1233     5.42003 2.67796e-15
        1234     5.42003 2.67796e-15
        1235     5.42003 2.67796e-15
        1236     5.42003 2.67796e-15
        1237     5.42003 2.67796e-15
        1238     5.42003 2.67796e-15
        1239     5.42003 2.67796e-15
        1240     5.42003 2.67796e-15
        1241     5.42003 2.67796e-15
        1242     5.42003 2.67796e-15
        1243     5.42003 2.67796e-15
        1244     5.42003 2.67796e-15
        1245     5.42003 2.67796e-15
        1246     5.42003 2.67796e-15
        1247     5.42003 2.67796e-15
        1248     5.42003 2.67796e-15
        1249     5.42003 2.67796e-15
        1250     5.42003 2.67796e-15
        1251     5.42003 2.67796e-15
        1252     5.42003 2.67796e-15
        1253     5.42003 2.67796e-15
        1254     5.42003 2.67796e-15
        1255     5.42003 2.67796e-15
        1256     5.42003 2.67796e-15
        1257     5.42003 2.67796e-15
        1258     5.42003 2.67796e-15
        1259     5.42003 2.67796e-15
        1260     5.42003 2.67796e-15
        1261     5.42003 2.67796e-15
        1262     5.42003 2.67796e-15
        1263     5.42003 2.67796e-15
        1264     5.42003 2.67796e-15
        1265     5.42003 2.67796e-15
        1266     5.42003 2.67796e-15
        1267     5.42003 2.67796e-15
        1268     5.42003 2.67796e-15
        1269     5.42003 2.67796e-15
        1270     5.42003 2.67796e-15
        1271     5.42003 2.67796e-15
        1272     5.42003 2.67796e-15
        1273     5.42003 2.67796e-15
        1274     5.42003 2.67796e-15
        1275     5.42003 2.67796e-15
        1276     5.42003 2.67796e-15
        1277     5.42003 2.67796e-15
        1278     5.42003 2.67796e-15
        1279     5.42003 2.67796e-15
        1280     5.42003 2.67796e-15
        1281     5.42003 2.67796e-15
        1282     5.42003 2.67796e-15
        1283     5.42003 2.67796e-15
        1284     5.42003 2.67796e-15
        1285     5.42003 2.67796e-15
        1286     5.42003 2.67796e-15
        1287     5.42003 2.67796e-15
        1288     5.42003 2.67796e-15
        1289     5.42003 2.67796e-15
        1290     5.42003 2.67796e-15
        1291     5.42003 2.67796e-15
        1292     5.42003 2.67796e-15
        1293     5.42003 2.67796e-15
        1294     5.42003 2.67796e-15
        1295     5.42003 2.67796e-15
        1296     5.42003 2.67796e-15
        1297     5.42003 2.67796e-15
        1298     5.42003 2.67796e-15
        1299     5.42003 2.67796e-15
        1300     5.42003 2.67796e-15
        1301     5.42003 2.67796e-15
        1302     5.42003 2.67796e-15
        1303     5.42003 2.67796e-15
        1304     5.42003 2.67796e-15
        1305     5.42003 2.67796e-15
        1306     5.42003 2.67796e-15
        1307     5.42003 2.67796e-15
        1308     5.42003 2.67796e-15
        1309     5.42003 2.67796e-15
        1310     5.42003 2.67796e-15
        1311     5.42003 2.67796e-15
        1312     5.42003 2.67796e-15
        1313     5.42003 2.67796e-15
        1314     5.42003 2.67796e-15
        1315     5.42003 2.67796e-15
        1316     5.42003 2.67796e-15
        1317     5.42003 2.67796e-15
        1318     5.42003 2.67796e-15
        1319     5.42003 2.67796e-15
        1320     5.42003 2.67796e-15
        1321     5.42003 2.67796e-15
        1322     5.42003 2.67796e-15
        1323     5.42003 2.67796e-15
        1324     5.42003 2.67796e-15
        1325     5.42003 2.67796e-15
        1326     5.42003 2.67796e-15
        1327     5.42003 2.67796e-15
        1328     5.42003 2.67796e-15
        1329     5.42003 2.67796e-15
        1330     5.42003 2.67796e-15
        1331     5.42003 2.67796e-15
        1332     5.42003 2.67796e-15
        1333     5.42003 2.67796e-15
        1334     5.42003 2.67796e-15
        1335     5.42003 2.67796e-15
        1336     5.42003 2.67796e-15
        1337     5.42003 2.67796e-15
        1338     5.42003 2.67796e-15
        1339     5.42003 2.67796e-15
        1340     5.42003 2.67796e-15
        1341     5.42003 2.67796e-15
        1342     5.42003 2.67796e-15
        1343     5.42003 2.67796e-15
        1344     5.42003 2.67796e-15
        1345     5.42003 2.67796e-15
        1346     5.42003 2.67796e-15
        1347     5.42003 2.67796e-15
        1348     5.42003 2.67796e-15
        1349     5.42003 2.67796e-15
        1350     5.42003 2.67796e-15
        1351     5.42003 2.67796e-15
        1352     5.42003 2.67796e-15
        1353     5.42003 2.67796e-15
        1354     5.42003 2.67796e-15
        1355     5.42003 2.67796e-15
        1356     5.42003 2.67796e-15
        1357     5.42003 2.67796e-15
        1358     5.42003 2.67796e-15
        1359     5.42003 2.67796e-15
        1360     5.42003 2.67796e-15
        1361     5.42003 2.67796e-15
        1362     5.42003 2.67796e-15
        1363     5.42003 2.67796e-15
        1364     5.42003 2.67796e-15
        1365     5.42003 2.67796e-15
        1366     5.42003 2.67796e-15
        1367     5.42003 2.67796e-15
        1368     5.42003 2.67796e-15
        1369     5.42003 2.67796e-15
        1370     5.42003 2.67796e-15
        1371     5.42003 2.67796e-15
        1372     5.42003 2.67796e-15
        1373     5.42003 2.67796e-15
        1374     5.42003 2.67796e-15
        1375     5.42003 2.67796e-15
        1376     5.42003 2.67796e-15
        1377     5.42003 2.67796e-15
        1378     5.42003 2.67796e-15
        1379     5.41926  0.00765131
        1380     5.41161   0.0240608
        1381     5.38024   0.0384185
        1382     5.35346   0.0258612
        1383     5.34351 4.46326e-15
        1384     5.34351 4.46326e-15
        1385     5.34351 4.46326e-15
        1386     5.34351 4.46326e-15
        1387     5.34351 4.46326e-15
        1388     5.34351 4.46326e-15
        1389     5.34351 4.46326e-15
        1390     5.34351 4.46326e-15
        1391     5.34351 4.46326e-15
        1392     5.34351 4.46326e-15
        1393     5.34351 4.46326e-15
        1394     5.34351 4.46326e-15
        1395     5.34351 4.46326e-15
        1396     5.34351 4.46326e-15
        1397     5.34351 4.46326e-15
        1398     5.34351 4.46326e-15
        1399     5.34351 4.46326e-15
        1400     5.34351 4.46326e-15
        1401     5.34351 4.46326e-15
        1402     5.34351 4.46326e-15
        1403     5.34351 4.46326e-15
        1404     5.34351 4.46326e-15
        1405     5.34351 4.46326e-15
        1406     5.34351 4.46326e-15
        1407     5.34351 4.46326e-15
        1408     5.34351 4.46326e-15
        1409     5.34351 4.46326e-15
        1410     5.34351 4.46326e-15
        1411     5.34351 4.46326e-15
        1412     5.34351 4.46326e-15
        1413     5.34351 4.46326e-15
        1414     5.34351 4.46326e-15
        1415     5.34351 4.46326e-15
        1416     5.34351 4.46326e-15
        1417     5.34351 4.46326e-15
        1418     5.34351 4.46326e-15
        1419     5.34351 4.46326e-15
        1420     5.34351 4.46326e-15
        1421     5.34351 4.46326e-15
        1422     5.34351 4.46326e-15
        1423     5.34351 4.46326e-15
        1424     5.34351 4.46326e-15
        1425     5.34351 4.46326e-15
        1426     5.34351 4.46326e-15
        1427     5.34351 4.46326e-15
        1428     5.34351 4.46326e-15
        1429     5.34351 4.46326e-15
        1430     5.34351 4.46326e-15
        1431     5.34351 4.46326e-15
        1432     5.34351 4.46326e-15
        1433     5.34351 4.46326e-15
        1434     5.34351 4.46326e-15
        1435     5.34351 4.46326e-15
        1436     5.34351 4.46326e-15
        1437     5.34351 4.46326e-15
        1438     5.34351 4.46326e-15
        1439     5.34351 4.46326e-15
        1440     5.34351 4.46326e-15
        1441     5.34351 4.46326e-15
        1442     5.34351 4.46326e-15
        1443     5.34351 4.46326e-15
        1444     5.34351 4.46326e-15
        1445     5.34351 4.46326e-15
        1446     5.34351 4.46326e-15
        1447     5.34351 4.46326e-15
        1448     5.34351 4.46326e-15
        1449     5.34351 4.46326e-15
        1450     5.34351 4.46326e-15
        1451     5.34351 4.46326e-15
        1452     5.34351 4.46326e-15
        1453     5.34351 4.46326e-15
        1454     5.34351 4.46326e-15
        1455     5.34351 4.46326e-15
        1456     5.34351 4.46326e-15
        1457     5.34351 4.46326e-15
        1458     5.34351 4.46326e-15
        1459     5.34351 4.46326e-15
        1460     5.34351 4.46326e-15
        1461     5.34351 4.46326e-15
        1462     5.34351 4.46326e-15
        1463     5.34351 4.46326e-15
        1464     5.34351 4.46326e-15
        1465     5.34204   0.0146814
        1466      5.3303   0.0422271
        1467     5.29653   0.0688301
        1468     5.24955   0.0708256
        1469      5.1967 7.14122e-15
        1470      5.1967 7.14122e-15
        1471      5.1967 7.14122e-15
        1472      5.1967 7.14122e-15
        1473      5.1967 7.14122e-15
        1474     5.19498   0.0171378
        1475     5.18127   0.0492924
        1476     5.12301   0.0852727
        1477     5.06034    0.068923
        1478     5.02532 7.14122e-15
        1479     5.02532 7.14122e-15
        1480     5.02532 7.14122e-15
        1481     5.02532 7.14122e-15
        1482     5.02499  0.00333577
        1483     5.01865   0.0134103
        1484     5.00697   0.0166788
        1485     4.99196 4.46326e-15
        1486     4.99196 4.46326e-15
        1487     4.99196 4.46326e-15
        1488     4.99196 4.46326e-15
        1489     4.99196 4.46326e-15
        1490     4.99196 4.46326e-15
        1491     4.99196 4.46326e-15
        1492     4.99196 4.46326e-15
        1493     4.99196 4.46326e-15
        1494     4.99196 4.46326e-15
        1495     4.99196 4.46326e-15
        1496     4.99196 4.46326e-15
        1497     4.99196 4.46326e-15
        1498     4.99196 4.46326e-15
        1499     4.99196 4.46326e-15
        1500     4.99196 4.46326e-15
        1501     4.99196 4.46326e-15
        1502     4.99196 4.46326e-15
        1503     4.99196 4.46326e-15
        1504     4.99196 4.46326e-15
        1505     4.99196 4.46326e-15
        1506     4.99196 4.46326e-15
        1507     4.99196 4.46326e-15
        1508     4.99196 4.46326e-15
        1509     4.99196 4.46326e-15
        1510     4.99196 4.46326e-15
        1511     4.99196 4.46326e-15
        1512     4.99196 4.46326e-15
        1513     4.99196 4.46326e-15
        1514     4.99196 4.46326e-15
        1515     4.99196 4.46326e-15
        1516     4.99196 4.46326e-15
        1517     4.99196 4.46326e-15
        1518     4.99196 4.46326e-15
        1519     4.99196 4.46326e-15
        1520     4.99196 4.46326e-15
        1521     4.99196 4.46326e-15
        1522     4.99196 4.46326e-15
        1523     4.99196 4.46326e-15
        1524     4.99196 4.46326e-15
        1525     4.99196 4.46326e-15
        1526     4.99196 4.46326e-15
        1527     4.99196 4.46326e-15
        1528     4.99196 4.46326e-15
        1529     4.99196 4.46326e-15
        1530     4.99196 4.46326e-15
        1531     4.99196 4.46326e-15
        1532     4.99196 4.46326e-15
        1533     4.99196 4.46326e-15
        1534     4.99196 4.46326e-15
        1535     4.99196 4.46326e-15
        1536     4.99196 4.46326e-15
        1537     4.99196 4.46326e-15
        1538     4.99196 4.46326e-15
        1539     4.99196 4.46326e-15
        1540     4.99196 4.46326e-15
        1541     4.99196 4.46326e-15
        1542     4.99196 4.46326e-15
        1543     4.99196 4.46326e-15
        1544     4.99196 4.46326e-15
        1545     4.99196 4.46326e-15
        1546     4.99196 4.46326e-15
        1547     4.99196 4.46326e-15
        1548     4.99196 4.46326e-15
        1549     4.99196 4.46326e-15
        1550     4.99196 4.46326e-15
        1551     4.99196 4.46326e-15
        1552     4.99196 4.46326e-15
        1553     4.99196 4.46326e-15
        1554     4.99196 4.46326e-15
        1555     4.99196 4.46326e-15
        1556     4.99196 4.46326e-15
        1557     4.99196 4.46326e-15
        1558     4.99196 4.46326e-15
        1559     4.99196 4.46326e-15
        1560     4.99196 4.46326e-15
        1561     4.99196 4.46326e-15
        1562     4.99196 4.46326e-15
        1563     4.99196 4.46326e-15
        1564     4.99196 4.46326e-15
        1565     4.99196 4.46326e-15
        1566     4.99196 4.46326e-15
        1567     4.99196 4.46326e-15
        1568     4.99196 4.46326e-15
        1569     4.99196 4.46326e-15
        1570     4.99196 4.46326e-15
        1571     4.99196 4.46326e-15
        1572     4.99196 4.46326e-15
        1573     4.99196 4.46326e-15
        1574     4.99196 4.46326e-15
        1575     4.99196 4.46326e-15
        1576     4.99196 4.46326e-15
        1577     4.99196 4.46326e-15
        1578     4.99196 4.46326e-15
        1579     4.99196 4.46326e-15
        1580     4.99196 4.46326e-15
        1581     4.99196 4.46326e-15
        1582     4.99196 4.46326e-15
        1583     4.99196 4.46326e-15
        1584     4.99196 4.46326e-15
        1585     4.99196 4.46326e-15
        1586     4.99196 4.46326e-15
        1587     4.99196 4.46326e-15
        1588     4.99196 4.46326e-15
        1589     4.99196 4.46326e-15
        1590     4.99196 4.46326e-15
        1591     4.99196 4.46326e-15
        1592     4.99196 4.46326e-15
        1593     4.99196 4.46326e-15
        1594     4.99196 4.46326e-15
        1595     4.99196 4.46326e-15
        1596     4.99196 4.46326e-15
        1597     4.99196 4.46326e-15
        1598     4.99196 4.46326e-15
        1599     4.99196 4.46326e-15
        1600     4.99196 4.46326e-15
        1601     4.99196 4.46326e-15
        1602     4.99196 4.46326e-15
        1603     4.99196 4.46326e-15
        1604     4.99196 4.46326e-15
        1605     4.99196 4.46326e-15
        1606     4.99196 4.46326e-15
        1607     4.99196 4.46326e-15
        1608     4.99196 4.46326e-15
        1609     4.99196 4.46326e-15
        1610     4.99196 4.46326e-15
        1611     4.99196 4.46326e-15
        1612     4.99196 4.46326e-15
        1613     4.99196 4.46326e-15
        1614     4.99196 4.46326e-15
        1615     4.99196 4.46326e-15
        1616     4.99196 4.46326e-15
        1617     4.99196 4.46326e-15
        1618     4.99196 4.46326e-15
        1619     4.99196 4.46326e-15
        1620     4.99196 4.46326e-15
        1621     4.99196 4.46326e-15
        1622     4.99196 4.46326e-15
        1623     4.99196 4.46326e-15
        1624     4.99196 4.46326e-15
        1625     4.99196 4.46326e-15
        1626     4.99196 4.46326e-15
        1627     4.99196 4.46326e-15
        1628     4.99196 4.46326e-15
        1629     4.99196 4.46326e-15
        1630     4.99196 4.46326e-15
        1631     4.99196 4.46326e-15
        1632     4.99196 4.46326e-15
        1633     4.99196 4.46326e-15
        1634     4.99196 4.46326e-15
        1635     4.99196 4.46326e-15
        1636     4.99196 4.46326e-15
        1637     4.99196 4.46326e-15
        1638     4.99196 4.46326e-15
        1639     4.99196 4.46326e-15
        1640     4.99196 4.46326e-15
        1641     4.99196 4.46326e-15
        1642     4.99196 4.46326e-15
        1643     4.99196 4.46326e-15
        1644     4.99196 4.46326e-15
        1645     4.99196 4.46326e-15
        1646     4.99196 4.46326e-15
        1647     4.99196 4.46326e-15
        1648     4.99196 4.46326e-15
        1649     4.99196 4.46326e-15
        1650     4.99196 4.46326e-15
        1651     4.99196 4.46326e-15
        1652     4.99196 4.46326e-15
        1653     4.99196 4.46326e-15
        1654     4.99196 4.46326e-15
        1655     4.99196 4.46326e-15
        1656     4.99196 4.46326e-15
        1657     4.99196 4.46326e-15
        1658     4.99196 4.46326e-15
        1659     4.99196 4.46326e-15
        1660     4.99196 4.46326e-15
        1661     4.99196 4.46326e-15
        1662     4.99196 4.46326e-15
        1663     4.99196 4.46326e-15
        1664     4.99196 4.46326e-15
        1665     4.99196 4.46326e-15
        1666     4.99196 4.46326e-15
        1667     4.99196 4.46326e-15
        1668     4.99196 4.46326e-15
        1669     4.99196 4.46326e-15
        1670     4.99196 4.46326e-15
        1671     4.99196 4.46326e-15
        1672     4.99196 4.46326e-15
        1673     4.99196 4.46326e-15
        1674     4.99196 4.46326e-15
        1675     4.99196 4.46326e-15
        1676     4.99196 4.46326e-15
        1677     4.99196 4.46326e-15
        1678     4.99196 4.46326e-15
        1679     4.99196 4.46326e-15
        1680     4.99196 4.46326e-15
        1681     4.99196 4.46326e-15
        1682     4.99196 4.46326e-15
        1683     4.99196 4.46326e-15
        1684     4.99196 4.46326e-15
        1685     4.99196 4.46326e-15
        1686     4.99196 4.46326e-15
        1687     4.99196 4.46326e-15
        1688     4.99196 4.46326e-15
        1689     4.99196 4.46326e-15
        1690     4.99196 4.46326e-15
        1691     4.99196 4.46326e-15
        1692     4.99196 4.46326e-15
        1693     4.99196 4.46326e-15
        1694     4.99196 4.46326e-15
        1695     4.99196 4.46326e-15
        1696     4.99196 4.46326e-15
        1697     4.99196 4.46326e-15
        1698     4.99196 4.46326e-15
        1699     4.99196 4.46326e-15
        1700     4.99196 4.46326e-15
        1701     4.99196 4.46326e-15
        1702     4.99196 4.46326e-15
        1703     4.99196 4.46326e-15
        1704     4.99196 4.46326e-15
        1705     4.99196 4.46326e-15
        1706     4.99196 4.46326e-15
        1707     4.99196 4.46326e-15
        1708     4.99196 4.46326e-15
        1709     4.99196 4.46326e-15
        1710     4.99196 4.46326e-15
        1711     4.99196 4.46326e-15
        1712     4.99196 4.46326e-15
        1713     4.99196 4.46326e-15
        1714     4.99196 4.46326e-15
        1715     4.99196 4.46326e-15
        1716     4.99196 4.46326e-15
        1717     4.99196 4.46326e-15
        1718     4.99196 4.46326e-15
        1719     4.99196 4.46326e-15
        1720     4.99196 4.46326e-15
        1721     4.99196 4.46326e-15
        1722     4.99196 4.46326e-15
        1723     4.99196 4.46326e-15
        1724     4.99196 4.46326e-15
        1725     4.99196 4.46326e-15
        1726     4.99196 4.46326e-15
        1727     4.99196 4.46326e-15
        1728     4.99196 4.46326e-15
        1729     4.99196 4.46326e-15
        1730     4.99196 4.46326e-15
        1731     4.99196 4.46326e-15
        1732     4.99196 4.46326e-15
        1733     4.99196 4.46326e-15
        1734     4.99196 4.46326e-15
        1735     4.99196 4.46326e-15
        1736     4.99196 4.46326e-15
        1737     4.99196 4.46326e-15
        1738     4.99196 4.46326e-15
        1739     4.99196 4.46326e-15
        1740     4.99196 4.46326e-15
        1741     4.99196 4.46326e-15
        1742     4.99196 4.46326e-15
        1743     4.99196 4.46326e-15
        1744     4.99196 4.46326e-15
        1745     4.99196 4.46326e-15
        1746     4.99196 4.46326e-15
        1747     4.99196 4.46326e-15
        1748     4.99196 4.46326e-15
        1749     4.99196 4.46326e-15
        1750     4.99196 4.46326e-15
        1751     4.99196 4.46326e-15
        1752     4.99196 4.46326e-15
        1753     4.99196 4.46326e-15
        1754     4.99196 4.46326e-15
        1755     4.99196 4.46326e-15
        1756     4.99196 4.46326e-15
        1757     4.99196 4.46326e-15
        1758     4.99196 4.46326e-15
        1759     4.99196 4.46326e-15
        1760     4.99196 4.46326e-15
        1761     4.99196 4.46326e-15
        1762     4.99196 4.46326e-15
        1763     4.99196 4.46326e-15
        1764     4.99196 4.46326e-15
        1765     4.99196 4.46326e-15
        1766     4.99196 4.46326e-15
        1767     4.99196 4.46326e-15
        1768     4.99196 4.46326e-15
        1769     4.99196 4.46326e-15
        1770     4.99196 4.46326e-15
        1771     4.99196 4.46326e-15
        1772     4.99196 4.46326e-15
        1773     4.99196 4.46326e-15
        1774     4.99196 4.46326e-15
        1775     4.99196 4.46326e-15
        1776     4.99196 4.46326e-15
        1777     4.99196 4.46326e-15
        1778     4.99196 4.46326e-15
        1779     4.99196 4.46326e-15
        1780     4.99196 4.46326e-15
        1781     4.99196 4.46326e-15
        1782     4.99196 4.46326e-15
        1783     4.99196 4.46326e-15
        1784     4.99196 4.46326e-15
        1785     4.99196 4.46326e-15
        1786     4.99196 4.46326e-15
        1787     4.99196 4.46326e-15
        1788     4.99196 4.46326e-15
        1789     4.99196 4.46326e-15
        1790     4.99196 4.46326e-15
        1791     4.99196 4.46326e-15
        1792     4.99196 4.46326e-15
        1793     4.99196 4.46326e-15
        1794     4.99196 4.46326e-15
        1795     4.99196 4.46326e-15
        1796     4.99196 4.46326e-15
        1797     4.99196 4.46326e-15
        1798     4.99196 4.46326e-15
        1799     4.99196 4.46326e-15
        1800     4.99196 4.46326e-15
        1801     4.99196 4.46326e-15
        1802     4.99196 4.46326e-15
        1803     4.99196 4.46326e-15
        1804     4.99196 4.46326e-15
        1805     4.99196 4.46326e-15
        1806     4.99196 4.46326e-15
        1807     4.99196 4.46326e-15
        1808     4.99196 4.46326e-15
        1809     4.99196 4.46326e-15
        1810     4.99196 4.46326e-15
        1811     4.99196 4.46326e-15
        1812     4.99196 4.46326e-15
        1813     4.99196 4.46326e-15
        1814     4.99196 4.46326e-15
        1815     4.99196 4.46326e-15
        1816     4.99196 4.46326e-15
        1817     4.99196 4.46326e-15
        1818     4.99196 4.46326e-15
        1819     4.99196 4.46326e-15
        1820     4.99196 4.46326e-15
        1821     4.99196 4.46326e-15
        1822     4.99196 4.46326e-15
        1823     4.99196 4.46326e-15
        1824     4.99196 4.46326e-15
        1825     4.99196 4.46326e-15
        1826     4.99196 4.46326e-15
        1827     4.99196 4.46326e-15
        1828     4.99196 4.46326e-15
        1829     4.99196 4.46326e-15
        1830     4.99196 4.46326e-15
        1831     4.99196 4.46326e-15
        1832     4.99196 4.46326e-15
        1833     4.99196 4.46326e-15
        1834     4.99196 4.46326e-15
        1835     4.99196 4.46326e-15
        1836     4.99196 4.46326e-15
        1837     4.99196 4.46326e-15
        1838     4.99196 4.46326e-15
        1839     4.99196 4.46326e-15
        1840     4.99196 4.46326e-15
        1841     4.99196 4.46326e-15
        1842     4.99196 4.46326e-15
        1843     4.99196 4.46326e-15
        1844     4.99196 4.46326e-15
        1845     4.99196 4.46326e-15
        1846     4.99196 4.46326e-15
        1847     4.99196 4.46326e-15
        1848     4.99196 4.46326e-15
        1849     4.99196 4.46326e-15
        1850     4.99196 4.46326e-15
        1851     4.99196 4.46326e-15
        1852     4.99196 4.46326e-15
        1853     4.99196 4.46326e-15
        1854     4.99196 4.46326e-15
        1855     4.99196 4.46326e-15
        1856     4.99196 4.46326e-15
        1857     4.99196 4.46326e-15
        1858     4.99196 4.46326e-15
        1859     4.99196 4.46326e-15
        1860     4.99196 4.46326e-15
        1861     4.99196 4.46326e-15
        1862     4.99196 4.46326e-15
        1863     4.99196 4.46326e-15
        1864     4.99196 4.46326e-15
        1865     4.99196 4.46326e-15
        1866     4.99196 4.46326e-15
        1867     4.99196 4.46326e-15
        1868     4.99196 4.46326e-15
        1869     4.99196 4.46326e-15
        1870     4.99196 4.46326e-15
        1871     4.99196 4.46326e-15
        1872     4.99196 4.46326e-15
        1873     4.99196 4.46326e-15
        1874     4.99196 4.46326e-15
        1875     4.99196 4.46326e-15
        1876     4.99196 4.46326e-15
        1877     4.99196 4.46326e-15
        1878     4.99196 4.46326e-15
        1879     4.99196 4.46326e-15
        1880     4.99196 4.46326e-15
        1881     4.99196 4.46326e-15
        1882     4.99196 4.46326e-15
        1883     4.99196 4.46326e-15
        1884     4.99196 4.46326e-15
        1885     4.99196 4.46326e-15
        1886     4.99196 4.46326e-15
        1887     4.99196 4.46326e-15
        1888     4.99196 4.46326e-15
        1889     4.99196 4.46326e-15
        1890     4.99196 4.46326e-15
        1891     4.99196 4.46326e-15
        1892     4.99196 4.46326e-15
        1893     4.99196 4.46326e-15
        1894     4.99196 4.46326e-15
        1895     4.99196 4.46326e-15
        1896     4.99196 4.46326e-15
        1897     4.99196 4.46326e-15
        1898     4.99196 4.46326e-15
        1899     4.99196 4.46326e-15
        1900     4.99196 4.46326e-15
        1901     4.99196 4.46326e-15
        1902     4.99196 4.46326e-15
        1903     4.99196 4.46326e-15
        1904     4.99196 4.46326e-15
        1905     4.99196 4.46326e-15
        1906     4.99196 4.46326e-15
        1907     4.99196 4.46326e-15
        1908     4.99196 4.46326e-15
        1909     4.99196 4.46326e-15
        1910     4.99196 4.46326e-15
        1911     4.99196 4.46326e-15
        1912     4.99196 4.46326e-15
        1913     4.99196 4.46326e-15
        1914     4.99196 4.46326e-15
        1915     4.99196 4.46326e-15
        1916     4.99196 4.46326e-15
        1917     4.99196 4.46326e-15
        1918     4.99196 4.46326e-15
        1919     4.99196 4.46326e-15
        1920     4.99196 4.46326e-15
        1921     4.99196 4.46326e-15
        1922     4.99196 4.46326e-15
        1923     4.99196 4.46326e-15
        1924     4.99196 4.46326e-15
        1925     4.99196 4.46326e-15
        1926     4.99196 4.46326e-15
        1927     4.99196 4.46326e-15
        1928     4.99196 4.46326e-15
        1929     4.99196 4.46326e-15
        1930     4.99196 4.46326e-15
        1931     4.99196 4.46326e-15
        1932     4.99196 4.46326e-15
        1933     4.99196 4.46326e-15
        1934     4.99196 4.46326e-15
        1935     4.99196 4.46326e-15
        1936     4.99196 4.46326e-15
        1937     4.99196 4.46326e-15
        1938     4.99196 4.46326e-15
        1939     4.99196 4.46326e-15
        1940     4.99196 4.46326e-15
        1941     4.99196 4.46326e-15
        1942     4.99196 4.46326e-15
        1943     4.99196 4.46326e-15
        1944     4.99196 4.46326e-15
        1945     4.99196 4.46326e-15
        1946     4.99196 4.46326e-15
        1947     4.99196 4.46326e-15
        1948     4.99196 4.46326e-15
        1949     4.99196 4.46326e-15
        1950     4.99196 4.46326e-15
        1951     4.99196 4.46326e-15
        1952     4.99196 4.46326e-15
        1953     4.99196 4.46326e-15
        1954     4.99196 4.46326e-15
        1955     4.99196 4.46326e-15
        1956     4.99196 4.46326e-15
        1957     4.99196 4.46326e-15
        1958     4.99196 4.46326e-15
        1959     4.99196 4.46326e-15
        1960     4.99196 4.46326e-15
        1961     4.99196 4.46326e-15
        1962     4.99196 4.46326e-15
        1963     4.99196 4.46326e-15
        1964     4.99196 4.46326e-15
        1965     4.99196 4.46326e-15
        1966     4.99196 4.46326e-15
        1967     4.99196 4.46326e-15
        1968     4.99196 4.46326e-15
        1969     4.99196 4.46326e-15
        1970     4.99196 4.46326e-15
        1971     4.99196 4.46326e-15
        1972     4.99196 4.46326e-15
        1973     4.99196 4.46326e-15
        1974     4.99196 4.46326e-15
        1975     4.99196 4.46326e-15
        1976     4.99196 4.46326e-15
        1977     4.99196 4.46326e-15
        1978     4.99196 4.46326e-15
        1979     4.99196 4.46326e-15
        1980     4.99196 4.46326e-15
        1981     4.99196 4.46326e-15
        1982     4.99196 4.46326e-15
        1983     4.99196 4.46326e-15
        1984     4.99196 4.46326e-15
        1985     4.99196 4.46326e-15
        1986     4.99196 4.46326e-15
        1987     4.99196 4.46326e-15
        1988     4.99196 4.46326e-15
        1989     4.99196 4.46326e-15
        1990     4.99196 4.46326e-15
        1991     4.99196 4.46326e-15
        1992     4.99196 4.46326e-15
        1993     4.99196 4.46326e-15
        1994     4.99196 4.46326e-15
        1995     4.99196 4.46326e-15
        1996     4.99196 4.46326e-15
        1997     4.99196 4.46326e-15
        1998     4.99196 4.46326e-15
        1999     4.99196 4.46326e-15
        2000     4.99196 4.46326e-15
