2.46268 0
2.15188 0.310803
1.96206 0.261208
1.87958 0.202281
1.79943 0.175998
1.75503 0.150405
1.72077 0.13165
1.7001 0.115872
1.68755 0.102957
1.67764 0.0926186
1.65935 0.0857509
1.64721 0.079215
1.6376 0.0734983
1.6338 0.068152
1.63473 0.0634529
1.63351 0.0593674
1.6292 0.0559317
1.62989 0.0527374
1.63001 0.0498848
1.63017 0.0473251
1.62239 0.0456819
1.62284 0.0435583
1.62397 0.0416365
1.62423 0.0398648
1.62579 0.0382686
1.62876 0.0368873
1.62666 0.0355567
1.62264 0.0344986
1.61974 0.0334143
1.61842 0.032308
1.61786 0.0312535
1.61644 0.0302945
1.61567 0.0293721
1.61309 0.0286119
1.61075 0.0278805
1.60918 0.0271406
1.60931 0.0263971
1.60994 0.0257009
1.61034 0.0250363
1.60976 0.0244093
1.60953 0.0238075
1.61063 0.0232598
1.61085 0.0227134
1.61052 0.0221937
1.60986 0.0217049
1.61029 0.0212321
1.61298 0.0209492
1.61204 0.0205296
1.61279 0.0201201
1.61391 0.0197452
1.61395 0.0193542
1.61286 0.0190092
1.61533 0.0188093
1.61618 0.0184774
1.61474 0.0181955
1.61408 0.0178797
1.61187 0.0177026
1.61174 0.0173951
1.61047 0.0171454
1.60835 0.0169903
1.60841 0.0167096
1.60801 0.0164428
1.60753 0.0161869
1.60502 0.0161286
1.60477 0.0158805
1.60419 0.0156485
1.605 0.0154344
1.60554 0.0152153
1.6051 0.0149997
1.605 0.0147842
1.60523 0.0145763
1.60489 0.0143765
1.60316 0.0142831
1.60278 0.014094
1.60244 0.0139089
1.60352 0.0137676
1.60353 0.0135876
1.60126 0.0136041
1.60153 0.0134336
1.60137 0.0132656
1.60002 0.0131703
1.59947 0.0130203
1.60024 0.0128856
1.60105 0.0127567
1.60175 0.0126251
1.60105 0.0124967
1.6012 0.0123531
1.6002 0.0122527
1.5991 0.0121642
1.5992 0.0120287
1.59981 0.0119114
1.59846 0.0118585
1.59879 0.0117349
1.5993 0.0116208
1.59934 0.0114978
1.59955 0.0113796
1.59827 0.011335
1.59668 0.0113306
1.59671 0.0112156
1.59613 0.0111178
2.24853 0
2.30875 0.060228
2.4069 0.104119
2.41809 0.0744692
2.42948 0.0587978
2.45094 0.0525858
2.44762 0.0445671
2.44398 0.0387667
2.45249 0.0352312
2.4628 0.0331565
2.46338 0.0299968
2.47526 0.0298505
2.4573 0.0328151
2.45879 0.0304175
2.46103 0.0284059
2.46497 0.0268615
2.47535 0.0272847
2.47606 0.0257339
2.486 0.0262938
2.48979 0.0252312
2.48384 0.0247268
2.47808 0.0242686
2.47937 0.023225
2.47747 0.0223171
2.47658 0.0214245
2.46975 0.0216874
2.46617 0.0211727
2.46773 0.0204618
2.47182 0.0201643
2.47469 0.0196907
2.47501 0.0190475
2.47391 0.018475
2.47862 0.0185161
2.48045 0.0180558
2.48408 0.0179037
2.48386 0.0174007
2.4807 0.0172158
2.48158 0.0167797
2.48179 0.0163452
2.48223 0.0159373
2.48513 0.0158126
2.48417 0.0154616
2.48367 0.0151058
2.48118 0.0149674
2.47701 0.0152143
2.4744 0.0151067
2.47469 0.0147846
2.47285 0.0145901
2.472 0.0143146
2.4718 0.0140267
2.47483 0.0140782
2.47282 0.013951
2.4712 0.0137799
2.47095 0.0135246
2.47054 0.0132828
2.46944 0.0130896
2.47047 0.0128989
2.47288 0.0129013
2.47259 0.0126842
2.47384 0.0125344
2.4746 0.0123501
2.4739 0.0121689
2.47043 0.0124687
2.46939 0.0123165
2.46684 0.012389
2.46502 0.012336
2.46624 0.0122116
2.46473 0.0121251
2.46261 0.0121347
2.46238 0.0119621
2.46224 0.0117934
2.46193 0.0116326
2.4589 0.0118651
2.4589 0.0117037
2.45979 0.0115815
2.46007 0.0114314
2.4596 0.0112916
2.4606 0.0111902
2.4587 0.0112099
2.45854 0.0110701
2.4581 0.0109413
2.45853 0.0108158
2.45792 0.0107021
2.45654 0.010663
2.45545 0.0105939
2.45567 0.0104724
2.45651 0.0103857
2.45567 0.0103016
2.45549 0.0101867
2.45401 0.0101812
2.45324 0.0100984
2.4524 0.0100231
2.45281 0.00992309
2.45264 0.00981846
2.45214 0.00972744
2.45268 0.00964102
2.45256 0.00954191
2.45094 0.00958139
2.45159 0.00950603
2.45194 0.00941691
2.53795 0
2.63416 0.0962109
2.66395 0.0630324
2.65423 0.0456195
2.64544 0.0364129
2.63587 0.031233
2.62523 0.0284594
2.60687 0.0307335
2.60523 0.027154
2.60988 0.0247285
2.62522 0.0271197
2.64236 0.0301149
2.65319 0.0297412
2.65497 0.0275929
2.66274 0.0268348
2.67129 0.0265204
2.68154 0.0269367
2.69121 0.0271733
2.70525 0.0292918
2.70315 0.0278679
2.70088 0.0266053
2.6999 0.0253857
2.70752 0.0254252
2.708 0.0243475
2.70705 0.0233727
2.70651 0.0224623
2.70047 0.0224426
2.70326 0.0218054
2.70284 0.0210442
2.70812 0.0210055
2.70917 0.0203437
2.71028 0.0197286
2.71183 0.0191847
2.71178 0.018612
2.71063 0.0181084
2.71316 0.0177787
2.71217 0.0173201
2.71373 0.0169305
2.71494 0.0165348
2.7173 0.0162884
2.71621 0.0159233
2.721 0.0162611
2.72298 0.0160014
2.7224 0.0156442
2.72019 0.0154516
2.7218 0.0151975
2.72515 0.0152437
2.72345 0.0150197
2.72102 0.0149098
2.71995 0.0146476
2.72104 0.0143989
2.72186 0.0141432
2.7217 0.0138747
2.72379 0.0137738
2.72607 0.0137123
2.72463 0.013542
2.72617 0.013391
2.72844 0.0133527
2.72936 0.0131567
2.72856 0.0129603
2.72676 0.0128718
2.72635 0.0126692
2.72433 0.012629
2.72484 0.0124404
2.7212 0.012775
2.71871 0.0128248
2.71815 0.0126443
2.71793 0.0124589
2.71899 0.0123224
2.71981 0.0121729
2.71974 0.0120004
2.72183 0.0120153
2.72189 0.0118497
2.72056 0.0117646
2.72134 0.0116331
2.72055 0.0115058
2.71961 0.0113943
2.72099 0.0113314
2.72357 0.0114813
2.72378 0.0113388
2.72413 0.0112033
2.72497 0.0110978
2.72472 0.0109661
2.72489 0.010836
2.72864 0.0113471
2.72861 0.0112145
2.72865 0.0110849
2.72825 0.0109656
2.72667 0.0109564
2.72745 0.010862
2.72766 0.0107441
2.72685 0.0106578
2.72645 0.0105503
2.72471 0.0105814
2.72455 0.0104707
2.72394 0.0103787
2.723 0.010314
2.72337 0.0102147
2.72404 0.0101337
2.72358 0.0100427
2.57009 0
2.70913 0.139044
2.76588 0.0983092
2.8187 0.0873054
2.77375 0.0811987
2.7612 0.0674772
2.73247 0.0638532
2.69389 0.0674292
2.69115 0.05953
2.69819 0.0537082
2.70643 0.0492759
2.70938 0.0450787
2.70823 0.0414822
2.71835 0.0397171
2.73143 0.0392177
2.73922 0.0375035
2.75754 0.0397082
2.76402 0.0379931
2.76361 0.0359403
2.76816 0.034399
2.76808 0.0327201
2.7695 0.0312297
2.77584 0.0305082
2.77843 0.0293242
2.77942 0.0281441
2.77908 0.0270421
2.78091 0.0260858
2.77813 0.02529
2.77659 0.0244511
2.77342 0.0238335
2.77693 0.0233164
2.77624 0.0225863
2.77678 0.0218978
2.77559 0.0212773
2.78226 0.0217104
2.7826 0.0211014
2.77471 0.0219879
2.77706 0.021531
2.77894 0.0210557
2.78191 0.0207354
2.78354 0.0202893
2.77921 0.0202684
2.78216 0.0200092
2.77848 0.0198909
2.77579 0.0196299
2.77547 0.0192011
2.77797 0.0189538
2.7805 0.0187267
2.7808 0.018343
2.77927 0.0180373
2.77939 0.0176805
2.77767 0.0174221
2.77833 0.0171029
2.77947 0.016822
2.77831 0.0165539
2.77598 0.0164218
2.77337 0.0163414
2.77491 0.0161309
2.77595 0.0158893
2.78146 0.0165665
2.78388 0.0164715
2.7837 0.0162046
2.7834 0.0159482
2.78495 0.0157732
2.78209 0.0157904
2.78001 0.0156876
2.77789 0.0155969
2.77833 0.0153722
2.77984 0.0152225
2.78045 0.0150161
2.78098 0.0148127
2.78341 0.0148063
2.7854 0.0147364
2.78457 0.0145596
2.78464 0.0143644
2.78504 0.0141798
2.78611 0.0140352
2.78452 0.0139451
2.78599 0.0138456
2.78466 0.0137356
2.78248 0.0137404
2.78269 0.0135734
2.78377 0.0134528
2.78438 0.0133056
2.78494 0.0131598
2.78519 0.0130084
2.783 0.0130431
2.78393 0.0129278
2.78489 0.0128171
2.78741 0.0129235
2.78592 0.0128674
2.78428 0.0128324
2.78305 0.0127534
2.78389 0.0126451
2.78308 0.0125372
2.78339 0.0124097
2.78331 0.0122814
2.78405 0.0121773
2.78297 0.0121018
2.78217 0.0120064
2.43027 0
2.62187 0.191595
2.69718 0.133823
2.68547 0.095349
2.70376 0.0760883
2.71465 0.0630735
2.71698 0.0533576
2.71982 0.0462959
2.72818 0.0416768
2.74656 0.0415616
2.75756 0.0391704
2.76995 0.0378451
2.78053 0.0363844
2.76981 0.0353505
2.7683 0.0329442
2.77247 0.0310974
2.77561 0.029379
2.77812 0.0278119
2.7817 0.0265499
2.78792 0.0259444
2.78768 0.0246792
2.7899 0.023636
2.79431 0.0230109
2.79371 0.0220393
2.79222 0.0211919
2.78874 0.0206562
2.7897 0.0198996
2.79111 0.0192278
2.7911 0.0185529
2.79059 0.0179311
2.78742 0.0176302
2.78808 0.0170832
2.78903 0.0165846
2.79103 0.0162138
2.79172 0.0157587
2.79281 0.0153536
2.79618 0.0153088
2.80082 0.0156068
2.80261 0.0153061
2.80302 0.0149241
2.80454 0.0146351
2.80449 0.0142825
2.80355 0.0139783
2.80557 0.0138061
2.80798 0.0137092
2.80754 0.0134149
2.80881 0.0131877
2.80613 0.0131851
2.80289 0.0133144
2.8027 0.0130469
2.80279 0.0127889
2.80163 0.0125946
2.80576 0.0130283
2.80713 0.0128572
2.80841 0.0126869
2.80885 0.0124659
2.80963 0.01227
2.80941 0.0120586
2.80789 0.01195
2.80829 0.011756
2.80958 0.0116338
2.81123 0.0115632
2.81381 0.0116659
2.81546 0.0116007
2.81454 0.0114577
2.81245 0.0114745
2.81213 0.0113066
2.81205 0.0111394
2.81297 0.0110158
2.8134 0.0108657
2.81246 0.0107532
2.81048 0.0107857
2.81298 0.0109275
2.81292 0.010779
2.81249 0.010643
2.81388 0.0105943
2.81285 0.0105065
2.81142 0.01047
2.81328 0.0105034
2.81322 0.0103715
2.81121 0.0104377
2.81258 0.0103997
2.81428 0.0104138
2.81433 0.0102892
2.81541 0.010224
2.81472 0.0101279
2.81549 0.0100405
2.81714 0.0100611
2.81741 0.00995117
2.81833 0.00988326
2.81888 0.00978935
2.82003 0.00975076
2.82071 0.00966943
2.8212 0.00957837
2.82069 0.00949072
2.82085 0.00939267
2.82032 0.00931022
2.81936 0.00926503
2.81905 0.00917601
2.81831 0.00911427
2.55054 0
2.68914 0.138605
2.72712 0.0885792
2.7451 0.0651635
2.76752 0.0552312
2.84069 0.0859473
2.86757 0.0774542
2.8745 0.0674346
2.88693 0.0607569
2.92078 0.0640181
2.92386 0.0579884
2.93483 0.0540608
2.94055 0.0500569
2.94355 0.0464406
2.9476 0.0434231
2.94369 0.0408057
2.95499 0.0399606
2.95373 0.0376962
2.95083 0.0357752
2.94606 0.0342731
2.94225 0.0328219
2.93483 0.0321626
2.93653 0.0307795
2.94071 0.0297637
2.94193 0.0285747
2.93907 0.0276023
2.94641 0.0275541
2.9487 0.0266505
2.95168 0.0258874
2.94889 0.0251641
2.94254 0.0251548
2.94254 0.024356
2.94134 0.023637
2.94376 0.0230593
2.94633 0.0225372
2.94907 0.0220733
2.95217 0.0216913
2.95498 0.021299
2.96029 0.0214135
2.95925 0.0208972
2.95987 0.0203908
2.95972 0.0199
2.96134 0.0194992
2.96116 0.0190517
2.95765 0.0189523
2.95775 0.018536
2.95974 0.0182462
2.96148 0.0179467
2.95922 0.0177203
2.9585 0.0173775
2.95948 0.0170617
2.95934 0.016731
2.9561 0.0167292
2.95664 0.0164256
2.96026 0.0165247
2.96069 0.0162326
2.95924 0.0160108
2.96081 0.0158104
2.9576 0.0158685
2.953 0.0162663
2.95221 0.0160166
2.95424 0.0158853
2.95293 0.0156853
2.95325 0.0154414
2.95367 0.0152078
2.95321 0.0149825
2.95081 0.014952
2.94806 0.0149852
2.94486 0.0151082
2.94399 0.0149161
2.94642 0.0149035
2.94693 0.0147039
2.94858 0.0145949
2.9485 0.0143965
2.94709 0.0142739
2.94686 0.0140867
2.94855 0.0140056
2.94791 0.0138395
2.94878 0.0136906
2.94912 0.0135227
2.95063 0.0134394
2.95182 0.0133279
2.95167 0.0131672
2.9475 0.0136607
2.94659 0.0135301
2.94733 0.0133926
2.9481 0.01326
2.94799 0.0131089
2.94623 0.0130806
2.94674 0.0129447
2.94639 0.0128066
2.945 0.0127418
2.94207 0.012941
2.94313 0.0128461
2.94493 0.0128376
2.94793 0.0130529
2.94754 0.0129235
2.94689 0.0128079
2.94754 0.0126945
2.94939 0.0127032
2.50836 0
2.66455 0.156196
2.6882 0.0932286
2.72676 0.0763709
2.76406 0.069934
2.79275 0.0639042
2.7982 0.0542832
2.81661 0.0504863
2.81693 0.0445259
2.82182 0.0401236
2.82472 0.0364091
2.82686 0.0333053
2.82668 0.030637
2.82698 0.028366
2.82408 0.0265668
2.82 0.0251825
2.81769 0.0237676
2.82894 0.025073
2.82954 0.0237243
2.82906 0.0225121
2.83785 0.0231464
2.84124 0.0223281
2.83906 0.021446
2.83444 0.0210453
2.83798 0.0204936
2.84073 0.0198807
2.84533 0.0196751
2.84766 0.019102
2.85184 0.0188997
2.85283 0.0182855
2.85525 0.0178505
2.85419 0.0173161
2.8509 0.0171025
2.85666 0.0175635
2.86199 0.0178691
2.8653 0.017677
2.86392 0.0172472
2.86161 0.0169454
2.8605 0.0165431
2.85909 0.016185
2.85716 0.015903
2.85518 0.0156453
2.85752 0.0154549
2.85645 0.0151376
2.8553 0.0148418
2.85823 0.0148074
2.86101 0.0147539
2.8587 0.0146279
2.85866 0.0143263
2.85555 0.0143777
2.8563 0.014113
2.85536 0.0138707
2.85633 0.0136409
2.85678 0.0133933
2.85986 0.0135043
2.8593 0.013273
2.85873 0.0130501
2.85898 0.0128254
2.86381 0.0135017
2.86844 0.0140574
2.86993 0.0139055
2.87167 0.013789
2.86838 0.013961
2.8692 0.0137655
2.87144 0.013736
2.87086 0.0135386
2.87139 0.0133456
2.87079 0.0131616
2.86915 0.0130736
2.86517 0.0134864
2.86259 0.013543
2.86288 0.0133569
2.86224 0.0131884
2.86242 0.0130103
2.86387 0.0129167
2.86528 0.0128238
2.86555 0.012659
2.86501 0.0125074
2.86404 0.0123858
2.86489 0.0122594
2.86488 0.0121071
2.86678 0.0121085
2.86924 0.0122107
2.86775 0.0121556
2.86667 0.01206
2.86414 0.0121854
2.86357 0.0120577
2.86248 0.0119702
2.86388 0.0119175
2.86407 0.0117859
2.86487 0.0116833
2.86457 0.0115597
2.86339 0.0114954
2.86316 0.0113748
2.8622 0.0112946
2.86072 0.0112743
2.85927 0.0112512
2.85848 0.0111643
2.85838 0.0110513
2.85776 0.010958
