-3.15686 0
-3.32689 0.170032
-3.38528 0.114219
-3.41416 0.0857738
-3.43172 0.0687232
-3.44311 0.0572565
-3.45107 0.0490402
-3.45667 0.0428381
-3.46099 0.0380257
-3.46445 0.0341867
-3.4672 0.0310448
-3.46962 0.0284428
-3.47178 0.0262529
-3.47363 0.0243756
-3.47532 0.0227553
-3.47679 0.0213363
-3.47815 0.0200884
-3.47929 0.0189736
-3.48029 0.0179753
-3.4813 0.0170824
-3.48224 0.0162757
-3.48305 0.0155398
-3.48375 0.014865
-3.48429 0.0142423
-3.48478 0.0136699
-3.48531 0.0131442
-3.48581 0.012658
-3.4862 0.0122038
-3.48649 0.011779
-3.48684 0.011385
-3.48724 0.0110188
-3.48768 0.0106781
-3.48808 0.0103571
-3.48843 0.0100539
-3.48873 0.00976694
-3.48893 0.00949398
-3.48916 0.00923665
-3.48937 0.00899281
-3.48957 0.00876146
-3.48977 0.00854176
-3.48999 0.00833379
-3.49022 0.00813615
-3.4904 0.00794687
-3.49057 0.00776603
-3.49072 0.00759291
-3.49086 0.00742732
-3.49098 0.00726852
-3.49109 0.00711647
-3.49126 0.0069717
-3.49147 0.00683395
-3.49169 0.00670223
-3.49185 0.006574
-3.49197 0.00644987
-3.49207 0.00633022
-3.49219 0.00621521
-3.49226 0.00610358
-3.4923 0.00599567
-3.49237 0.00589185
-3.49246 0.00579184
-3.49255 0.00569516
-3.49258 0.00560111
-3.49261 0.00551011
-3.49264 0.00542203
-3.49267 0.00533671
-3.49273 0.00525433
-3.49281 0.00517469
-3.49287 0.00509717
-3.49296 0.00502253
-3.49305 0.00495
-3.49316 0.00488002
-3.49324 0.00481155
-3.49331 0.00474471
-3.49339 0.00467989
-3.49346 0.00461688
-3.49355 0.00455564
-3.49362 0.00449583
-3.49367 0.00443742
-3.49371 0.00438031
-3.49373 0.00432458
-3.49378 0.00427046
-3.49384 0.0042178
-3.49391 0.00416667
-3.49398 0.00411667
-3.49405 0.00406812
-3.49412 0.0040205
-3.49418 0.00397389
-3.49424 0.00392853
-3.49433 0.00388467
-3.4944 0.00384139
-3.49447 0.00379914
-3.49454 0.00375773
-3.49459 0.00371706
-3.49465 0.00367723
-3.49469 0.00363814
-3.49475 0.00360019
-3.4948 0.00356284
-3.49485 0.00352633
-3.49493 0.00349108
-3.495 0.00345635
-3.49508 0.00342253
-1.91879 0
-2.0248 0.106012
-2.06023 0.070723
-2.07775 0.0529874
-2.08806 0.0423192
-2.09511 0.0352643
-2.09988 0.0301832
-2.10353 0.0263941
-2.10671 0.0234927
-2.10903 0.0211411
-2.11068 0.0191932
-2.11208 0.0175768
-2.11337 0.0162199
-2.11458 0.0150652
-2.11551 0.0140556
-2.11642 0.0131793
-2.11717 0.0124025
-2.11783 0.0117119
-2.11842 0.0110941
-2.11895 0.0105381
-2.11942 0.010035
-2.11992 0.00958096
-2.12041 0.00916806
-2.12086 0.00878919
-2.12117 0.00843589
-2.12141 0.00810857
-2.12165 0.00780599
-2.12192 0.00752707
-2.12221 0.00726867
-2.12233 0.00702315
-2.12236 0.0067929
-2.12242 0.0065775
-2.12245 0.00637514
-2.12253 0.0061853
-2.12264 0.00600693
-2.12281 0.00584022
-2.12297 0.00568254
-2.12305 0.00553148
-2.12314 0.00538854
-2.12325 0.00525318
-2.12343 0.0051269
-2.12353 0.00500422
-2.12361 0.00488711
-2.12365 0.0047749
-2.12367 0.00466764
-2.12371 0.00456525
-2.12382 0.00446841
-2.12393 0.00437567
-2.12406 0.00428736
-2.12419 0.00420283
-2.1243 0.00412117
-2.1244 0.00404237
-2.12452 0.00396702
-2.12459 0.00389357
-2.12464 0.00382239
-2.12472 0.00375454
-2.12483 0.00368954
-2.12492 0.00362661
-2.12503 0.00356623
-2.1251 0.00350706
-2.12512 0.00344915
-2.12515 0.00339319
-2.12519 0.00333914
-2.12525 0.00328703
-2.12534 0.00323717
-2.12539 0.00318814
-2.1254 0.00314023
-2.12535 0.00309406
-2.12533 0.00304899
-2.12532 0.00300514
-2.12528 0.00296283
-2.12526 0.00292144
-2.12527 0.00288116
-2.12526 0.00284197
-2.12527 0.00280383
-2.1253 0.00276688
-2.12533 0.00273081
-2.12535 0.00269566
-2.12536 0.00266137
-2.12537 0.0026279
-2.12536 0.00259526
-2.12538 0.00256353
-2.12544 0.00253306
-2.12548 0.00250304
-2.12551 0.0024736
-2.12553 0.00244475
-2.12556 0.00241671
-2.12561 0.00238956
-2.12567 0.00236339
-2.1257 0.00233713
-2.12569 0.00231132
-2.12568 0.00228607
-2.1257 0.00226142
-2.12574 0.00223767
-2.12578 0.00221436
-2.12583 0.00219169
-2.12585 0.00216908
-2.12586 0.00214685
-2.12588 0.00212511
-2.1259 0.00210394
-1.53515 0
-1.62051 0.0853654
-1.6491 0.0569738
-1.66353 0.0427944
-1.67225 0.0342757
-1.67806 0.0285823
-1.68247 0.0245571
-1.6855 0.0214814
-1.68768 0.0190699
-1.68975 0.0171811
-1.69162 0.0156536
-1.69311 0.0143667
-1.69442 0.0132801
-1.69553 0.0123454
-1.69635 0.0115221
-1.69695 0.0107948
-1.69734 0.0101472
-1.69776 0.00957646
-1.69814 0.00906633
-1.69855 0.00861062
-1.69905 0.00820536
-1.69942 0.00783264
-1.69965 0.00748764
-1.69983 0.00717114
-1.70008 0.00688305
-1.70026 0.00661548
-1.70046 0.00636881
-1.70069 0.00614137
-1.70092 0.00593023
-1.70116 0.00573428
-1.70142 0.00555257
-1.70162 0.00537992
-1.70182 0.00521801
-1.70203 0.00506659
-1.70227 0.00492571
-1.70245 0.00479013
-1.70263 0.00466254
-1.70278 0.00454049
-1.70286 0.00442327
-1.70294 0.00431201
-1.70307 0.00420757
-1.70323 0.00410944
-1.7034 0.00401623
-1.7035 0.00392506
-1.70352 0.00383693
-1.7036 0.00375345
-1.70368 0.00367351
-1.70372 0.00359637
-1.70377 0.00352267
-1.70378 0.00345151
-1.70376 0.00338324
-1.70377 0.00331758
-1.70381 0.00325458
-1.70383 0.00319385
-1.70382 0.00313529
-1.70378 0.00307903
-1.70378 0.00302454
-1.70382 0.00297212
-1.70392 0.00292301
-1.70399 0.00287489
-1.70404 0.00282777
-1.7041 0.00278245
-1.70418 0.00273891
-1.70425 0.00269683
-1.70434 0.0026564
-1.7044 0.00261656
-1.70447 0.00257816
-1.70451 0.0025404
-1.70455 0.00250361
-1.70459 0.00246779
-1.70463 0.00243319
-1.70468 0.00239963
-1.70475 0.0023676
-1.70486 0.00233787
-1.70493 0.00230765
-1.70497 0.00227747
-1.70501 0.00224795
-1.70501 0.00221895
-1.70499 0.0021908
-1.70498 0.00216326
-1.70497 0.00213639
-1.70496 0.00211021
-1.70494 0.00208473
-1.70495 0.00205977
-1.70494 0.0020354
-1.70494 0.00201159
-1.70493 0.00198838
-1.70494 0.00196571
-1.70493 0.00194352
-1.70491 0.0019219
-1.70492 0.00190068
-1.70494 0.00188
-1.70494 0.00185968
-1.70494 0.00183979
-1.70493 0.00182033
-1.70495 0.00180135
-1.70494 0.00178269
-1.7049 0.00176492
-1.70489 0.00174704
-1.7049 0.0017295
-1.47833 0
-1.56043 0.0821033
-1.58749 0.0545795
-1.60128 0.0409852
-1.60944 0.032777
-1.61477 0.027289
-1.61854 0.0233689
-1.62105 0.0203937
-1.62318 0.0181105
-1.62498 0.0162988
-1.62643 0.0148134
-1.6276 0.0135736
-1.62857 0.0125232
-1.62948 0.0116301
-1.63053 0.010878
-1.63156 0.0102272
-1.63264 0.00966802
-1.63346 0.00915122
-1.63421 0.00868885
-1.63485 0.00826782
-1.63544 0.00788607
-1.6359 0.00753342
-1.63634 0.00721184
-1.63669 0.00691378
-1.63699 0.006638
-1.63734 0.00638721
-1.63765 0.006154
-1.63791 0.00593577
-1.63812 0.00573123
-1.63828 0.00553922
-1.63845 0.00536026
-1.63865 0.00519417
-1.63886 0.00503852
-1.63908 0.00489307
-1.63925 0.00475428
-1.6394 0.00462287
-1.63949 0.00449706
-1.63954 0.00437737
-1.63964 0.00426478
-1.6397 0.00415722
-1.63974 0.00405478
-1.63973 0.00395706
-1.63974 0.00386395
-1.63976 0.00377516
-1.63982 0.00369079
-1.63993 0.00361143
-1.63999 0.00353424
-1.64003 0.00346007
-1.64007 0.00338893
-1.64015 0.00332138
-1.64027 0.00325797
-1.6404 0.0031974
-1.64051 0.0031384
-1.64056 0.0030802
-1.64063 0.00302436
-1.64062 0.00296987
-1.64063 0.00291731
-1.64073 0.00286856
-1.64083 0.00282109
-1.64092 0.00277506
-1.641 0.00273056
-1.6411 0.00268781
-1.64119 0.00264654
-1.64125 0.00260544
-1.6413 0.00256568
-1.64138 0.00252757
-1.64144 0.00249043
-1.6415 0.00245429
-1.64156 0.00241913
-1.64162 0.00238507
-1.6417 0.00235242
-1.64177 0.00232063
-1.64184 0.0022897
-1.6419 0.00225943
-1.64196 0.00222983
-1.64202 0.00220113
-1.64208 0.00217324
-1.64215 0.00214624
-1.64218 0.00211912
-1.64223 0.00209304
-1.6423 0.00206837
-1.64236 0.00204387
-1.64241 0.00201964
-1.64248 0.00199689
-1.64254 0.00197407
-1.64256 0.00195111
-1.64259 0.00192877
-1.6426 0.00190675
-1.64264 0.0018856
-1.64266 0.00186462
-1.64267 0.00184403
-1.64268 0.00182393
-1.6427 0.00180433
-1.64273 0.00178524
-1.64276 0.00176664
-1.64278 0.00174826
-1.64279 0.00173016
-1.64279 0.00171242
-1.64277 0.00169518
-1.64277 0.00167815
-1.42185 0
-1.50114 0.0792921
-1.52666 0.0524137
-1.5398 0.0393208
-1.54718 0.0313406
-1.55231 0.0260975
-1.55573 0.0223208
-1.55885 0.0195799
-1.56123 0.0174308
-1.56319 0.0157138
-1.56481 0.0143053
-1.56579 0.0130956
-1.56673 0.0120827
-1.56755 0.0112167
-1.56819 0.010462
-1.56884 0.00980798
-1.56945 0.00923267
-1.56979 0.00871155
-1.57013 0.00824698
-1.57039 0.00782824
-1.57071 0.00745319
-1.57091 0.00710893
-1.57107 0.0067948
-1.57128 0.00650881
-1.57155 0.00624912
-1.57179 0.00600868
-1.57198 0.00578501
-1.57227 0.00558196
-1.57248 0.00539029
-1.57269 0.00521165
-1.57284 0.00504305
-1.57301 0.0048857
-1.57321 0.00473979
-1.57341 0.00460241
-1.57365 0.00447541
-1.57387 0.0043547
-1.57408 0.00424072
-1.57424 0.00413064
-1.57434 0.00402476
-1.57445 0.00392418
-1.57454 0.0038285
-1.57467 0.00373849
-1.57478 0.00365216
-1.57483 0.00356847
-1.57491 0.00348923
-1.57497 0.00341306
-1.57496 0.00333966
-1.57495 0.00326936
-1.57495 0.00320195
-1.575 0.00313763
-1.57507 0.00307634
-1.57516 0.00301788
-1.57521 0.0029608
-1.57523 0.00290557
-1.5753 0.00285306
-1.57536 0.00280221
-1.57542 0.0027533
-1.57547 0.00270592
-1.57554 0.00266062
-1.57565 0.00261799
-1.57575 0.00257685
-1.57582 0.00253583
-1.57585 0.00249547
-1.57588 0.00245634
-1.57588 0.00241826
-1.57588 0.00238134
-1.57591 0.00234576
-1.57599 0.00231251
-1.57604 0.00227926
-1.5761 0.00224728
-1.57616 0.00221608
-1.5762 0.00218556
-1.57623 0.00215557
-1.57627 0.0021266
-1.5763 0.00209822
-1.5763 0.00207043
-1.57631 0.00204342
-1.57636 0.00201768
-1.57642 0.00199284
-1.57649 0.00196913
-1.57657 0.00194618
-1.57665 0.00192393
-1.57671 0.00190141
-1.57676 0.0018794
-1.57681 0.00185783
-1.57688 0.00183735
-1.57694 0.00181736
-1.57698 0.00179688
-1.57702 0.00177714
-1.57708 0.00175826
-1.57712 0.00173937
-1.57717 0.00172097
-1.57721 0.00170281
-1.57722 0.00168464
-1.57724 0.00166699
-1.57729 0.00165022
-1.57734 0.00163394
-1.57737 0.00161744
-1.57738 0.00160106
-1.57736 0.00158512
-1.22404 0
-1.29155 0.0675032
-1.31347 0.0447158
-1.32452 0.0334937
-1.33119 0.0267887
-1.33576 0.0223449
-1.3392 0.0191947
-1.34193 0.016846
-1.34383 0.0149786
-1.34527 0.013474
-1.34644 0.0122437
-1.34743 0.0112209
-1.34863 0.010391
-1.34981 0.00969221
-1.35072 0.00906839
-1.35147 0.00851616
-1.35198 0.00801563
-1.35244 0.00757166
-1.35294 0.00717937
-1.35338 0.006825
-1.35388 0.0065113
-1.35431 0.00622302
-1.3546 0.00595336
-1.35493 0.00570912
-1.35518 0.00548204
-1.35542 0.00527219
-1.3556 0.00507638
-1.35566 0.00489214
-1.3557 0.00472062
-1.35578 0.00456113
-1.35592 0.0044138
-1.35596 0.0042739
-1.35605 0.00414333
-1.35614 0.00402051
-1.35626 0.00390575
-1.35637 0.0037975
-1.3565 0.00369547
-1.35661 0.00359862
-1.35667 0.00350572
-1.35675 0.00341777
-1.35676 0.00333339
-1.35673 0.00325315
-1.35669 0.00317684
-1.35668 0.00310382
-1.35671 0.00303421
-1.35675 0.00296772
-1.35679 0.0029042
-1.35688 0.00284453
-1.35697 0.00278721
-1.35707 0.00273288
-1.35718 0.00268113
-1.35727 0.00263031
-1.35729 0.00258029
-1.35732 0.00253233
-1.35737 0.00248623
-1.35737 0.00244143
-1.35738 0.00239826
-1.35741 0.00235672
-1.35748 0.00231746
-1.35755 0.00227941
-1.35756 0.0022418
-1.35755 0.00220541
-1.35753 0.00217016
-1.35753 0.00213599
-1.35753 0.00210287
-1.35751 0.00207085
-1.35749 0.00203975
-1.35748 0.00200961
-1.35747 0.00198027
-1.35747 0.00195179
-1.35745 0.00192415
-1.35745 0.00189725
-1.35743 0.00187114
-1.35744 0.00184568
-1.35745 0.00182092
-1.35745 0.0017968
-1.35745 0.00177331
-1.35746 0.00175045
-1.3575 0.00172857
-1.35751 0.00170685
-1.35749 0.00168574
-1.35748 0.00166509
-1.35742 0.00164598
-1.35737 0.00162705
-1.35738 0.00160782
-1.35738 0.00158903
-1.35739 0.0015707
-1.3574 0.00155276
-1.35744 0.00153565
-1.35748 0.00151901
-1.35753 0.00150303
-1.35759 0.00148789
-1.35766 0.00147367
-1.35771 0.00145889
-1.35779 0.00144525
-1.35785 0.0014317
-1.35793 0.00141865
-1.35798 0.00140516
-1.35799 0.00139096
-1.35803 0.00137738
-1.38956 0
-1.46696 0.0774065
-1.49217 0.0513114
-1.50556 0.0386731
-1.51394 0.0311067
-1.51947 0.0259924
-1.52277 0.0222153
-1.52515 0.0193854
-1.52679 0.0171749
-1.52812 0.015419
-1.52937 0.0140029
-1.53048 0.0128305
-1.53135 0.0118345
-1.53204 0.0109783
-1.53271 0.0102422
-1.53329 0.00959832
-1.53372 0.00902635
-1.53421 0.00852398
-1.53466 0.00807562
-1.53502 0.00766975
-1.53541 0.00730583
-1.53582 0.00697753
-1.53607 0.00667208
-1.53632 0.00639302
-1.53653 0.00613558
-1.53669 0.00589693
-1.53685 0.00567661
-1.53704 0.00547357
-1.53725 0.00528535
-1.53739 0.00510823
-1.53751 0.00494213
-1.53767 0.00478771
-1.53782 0.00464299
-1.53794 0.00450583
-1.53804 0.00437649
-1.53823 0.00425729
-1.53837 0.00414282
-1.5385 0.00403442
-1.53859 0.0039307
-1.53859 0.00383117
-1.53862 0.00373669
-1.53868 0.0036471
-1.53872 0.00356154
-1.53873 0.00347966
-1.53875 0.00340157
-1.53876 0.0033268
-1.53875 0.00325526
-1.53869 0.00318723
-1.53866 0.00312163
-1.53864 0.00305867
-1.53866 0.00299818
-1.53872 0.00294052
-1.53878 0.00288525
-1.53883 0.00283182
-1.53884 0.00277987
-1.53886 0.00272982
-1.53888 0.00268155
-1.53891 0.00263521
-1.53893 0.0025902
-1.53895 0.00254673
-1.53895 0.00250463
-1.53896 0.00246392
-1.53894 0.00242454
-1.53893 0.0023864
-1.53894 0.00234942
-1.53892 0.00231364
-1.53892 0.00227885
-1.53893 0.0022451
-1.53895 0.00221246
-1.53898 0.00218076
-1.53901 0.00215
-1.53903 0.00212006
-1.53902 0.00209085
-1.53904 0.00206256
-1.53908 0.00203526
-1.53912 0.00200871
-1.53918 0.00198317
-1.53923 0.00195846
-1.53925 0.0019336
-1.53926 0.0019093
-1.53924 0.00188575
-1.53923 0.00186263
-1.53923 0.00184006
-1.53922 0.00181809
-1.53919 0.00179675
-1.53918 0.00177579
-1.53916 0.00175537
-1.53913 0.00173551
-1.53909 0.00171639
-1.53906 0.00169754
-1.53903 0.001679
-1.53902 0.00166068
-1.53901 0.00164278
-1.53901 0.00162521
-1.53902 0.00160804
-1.53902 0.00159121
-1.53901 0.00157475
-1.53903 0.00155867
-1.53907 0.00154349
-1.53909 0.00152812
