-5.61954 0
-5.47877 0.140771
-5.34734 0.154528
-5.29374 0.121706
-5.23116 0.113157
-5.19814 0.0981133
-5.17184 0.086991
-5.15677 0.0768293
-5.14854 0.0682554
-5.1421 0.0613885
-5.12655 0.0576636
-5.11683 0.0535294
-5.10938 0.0498
-5.10743 0.046147
-5.11005 0.04304
-5.11029 0.040261
-5.10735 0.0379326
-5.10918 0.0358097
-5.11031 0.0338914
-5.11147 0.0321731
-5.10463 0.0313574
-5.1059 0.029925
-5.10771 0.0286519
-5.10852 0.0274439
-5.11057 0.0264033
-5.11407 0.0256079
-5.11248 0.0246927
-5.10885 0.0240702
-5.10623 0.0233723
-5.10526 0.0226004
-5.1051 0.0218598
-5.10412 0.0211884
-5.10375 0.0205396
-5.10152 0.020051
-5.09948 0.0195762
-5.09811 0.0190738
-5.09847 0.0185545
-5.09931 0.0180794
-5.09991 0.0176197
-5.09952 0.017178
-5.09952 0.0167538
-5.10085 0.0164038
-5.10125 0.0160228
-5.10109 0.0156553
-5.10058 0.015312
-5.10115 0.0149863
-5.10396 0.0149307
-5.10314 0.0146393
-5.10405 0.0143663
-5.10537 0.0141382
-5.10563 0.0138606
-5.10471 0.0136227
-5.1073 0.0136108
-5.10826 0.0133909
-5.10694 0.0132114
-5.10634 0.0129868
-5.10417 0.0129415
-5.10412 0.0127166
-5.10293 0.0125554
-5.1009 0.012511
-5.101 0.0123046
-5.10063 0.0121102
-5.10017 0.0119251
-5.09769 0.0119969
-5.0975 0.0118124
-5.097 0.0116425
-5.09787 0.0115
-5.0985 0.0113473
-5.09815 0.0111873
-5.09816 0.0110263
-5.09847 0.0108745
-5.0982 0.0107259
-5.09655 0.010706
-5.09624 0.0105648
-5.09598 0.0104262
-5.09714 0.0103526
-5.0972 0.0102175
-5.09496 0.0103314
-5.09527 0.0102042
-5.09515 0.0100765
-5.09386 0.010035
-5.09338 0.00992338
-5.09422 0.00983868
-5.0951 0.00976086
-5.09587 0.00967554
-5.09523 0.00958355
-5.09544 0.00947516
-5.09453 0.00941084
-5.0935 0.00936163
-5.09368 0.00925872
-5.09435 0.00918115
-5.09305 0.00917309
-5.09343 0.00908179
-5.09399 0.00900183
-5.09409 0.00890711
-5.09436 0.00881795
-5.09312 0.00881345
-5.09161 0.00885239
-5.09171 0.0087631
-5.09122 0.00868928
-4.16731 0
-4.33355 0.16624
-4.46713 0.164481
-4.49584 0.119796
-4.51754 0.0952981
-4.54604 0.082867
-4.54749 0.0700504
-4.54752 0.0606654
-4.5592 0.0547618
-4.57184 0.0505854
-4.57406 0.04581
-4.58734 0.0438781
-4.57067 0.0436711
-4.57337 0.0405216
-4.57654 0.0378567
-4.58139 0.035742
-4.59252 0.0353716
-4.59389 0.0333766
-4.60442 0.0332817
-4.60874 0.0318682
-4.60326 0.0308035
-4.59801 0.0298369
-4.59978 0.0285653
-4.59833 0.0273877
-4.59774 0.0262759
-4.59116 0.0260902
-4.58782 0.0253266
-4.58965 0.0244739
-4.59404 0.024019
-4.59702 0.0233958
-4.59736 0.0226311
-4.59633 0.0219366
-4.60108 0.021784
-4.60298 0.0212193
-4.60672 0.0209398
-4.60667 0.0203498
-4.60367 0.0200173
-4.60463 0.0195068
-4.60493 0.0190024
-4.60547 0.0185292
-4.60856 0.0183342
-4.60769 0.0179135
-4.60728 0.0174968
-4.60483 0.0172696
-4.60068 0.0173845
-4.59811 0.0171947
-4.59851 0.0168296
-4.59678 0.0165662
-4.59605 0.0162407
-4.59599 0.0159127
-4.59913 0.0159107
-4.59722 0.0157188
-4.59572 0.0154919
-4.59555 0.0152033
-4.59518 0.0149288
-4.59417 0.0146946
-4.5953 0.0144787
-4.5978 0.0144454
-4.59762 0.0141997
-4.59895 0.0140245
-4.59972 0.0138142
-4.59906 0.0136057
-4.59562 0.013822
-4.59464 0.01364
-4.59218 0.0136514
-4.5904 0.0135599
-4.59164 0.013413
-4.59008 0.0133057
-4.58794 0.0132858
-4.5877 0.0130967
-4.58751 0.0129123
-4.58718 0.0127359
-4.58417 0.0129175
-4.58416 0.0127417
-4.58506 0.0126033
-4.58537 0.0124401
-4.58493 0.0122855
-4.58594 0.0121695
-4.58406 0.0121611
-4.5839 0.0120092
-4.58346 0.0118684
-4.58391 0.0117317
-4.58336 0.0116028
-4.58202 0.0115414
-4.58095 0.0114547
-4.5812 0.0113234
-4.58208 0.0112268
-4.58128 0.011127
-4.58117 0.0110018
-4.57971 0.0109758
-4.57893 0.0108826
-4.57808 0.0107969
-4.57851 0.0106886
-4.57838 0.0105751
-4.57792 0.0104732
-4.57851 0.0103805
-4.57841 0.0102735
-4.5768 0.0102944
-4.57746 0.0102112
-4.57784 0.0101156
-4.0731 0
-4.25467 0.181576
-4.31305 0.11999
-4.31776 0.084976
-4.31769 0.0658222
-4.31393 0.053875
-4.30771 0.0459556
-4.29237 0.0426501
-4.29291 0.0376177
-4.29963 0.0343098
-4.31684 0.035487
-4.33547 0.0373708
-4.3476 0.0364544
-4.3505 0.0338747
-4.35909 0.0326826
-4.36825 0.0319147
-4.37888 0.0318074
-4.38897 0.0316418
-4.4034 0.0332255
-4.4017 0.031566
-4.39992 0.030078
-4.39933 0.0286844
-4.40717 0.0285083
-4.40783 0.0273027
-4.40713 0.0261971
-4.40677 0.0251719
-4.40093 0.0249165
-4.40395 0.024199
-4.40376 0.0233504
-4.40928 0.0232252
-4.4106 0.022502
-4.4119 0.0218264
-4.41365 0.0212271
-4.4138 0.0205939
-4.41291 0.020017
-4.41561 0.0196398
-4.4148 0.0191187
-4.41651 0.018687
-4.4178 0.0182471
-4.42024 0.017952
-4.41928 0.0175347
-4.42424 0.0178148
-4.42638 0.0175276
-4.4259 0.0171314
-4.42371 0.0168885
-4.4254 0.0166036
-4.42883 0.0166041
-4.42717 0.0163396
-4.42479 0.016178
-4.42373 0.0158867
-4.42479 0.0156085
-4.42563 0.0153283
-4.42551 0.0150368
-4.42762 0.0149059
-4.42989 0.0148068
-4.42841 0.014615
-4.42995 0.014439
-4.43226 0.0143738
-4.43328 0.0141649
-4.43255 0.0139457
-4.43081 0.013826
-4.43045 0.0136057
-4.42851 0.0135287
-4.42909 0.0133283
-4.42554 0.0135928
-4.42311 0.0136044
-4.42262 0.0134088
-4.42245 0.0132113
-4.42354 0.0130644
-4.42439 0.0129047
-4.42437 0.0127217
-4.4265 0.0127241
-4.42664 0.0125493
-4.42541 0.0124394
-4.42627 0.0123023
-4.42553 0.012162
-4.42462 0.0120372
-4.426 0.0119622
-4.42856 0.0120841
-4.42876 0.0119338
-4.4291 0.0117905
-4.42993 0.0116754
-4.42966 0.011537
-4.42983 0.0114001
-4.43359 0.0118735
-4.43355 0.0117347
-4.43358 0.0115991
-4.43319 0.0114731
-4.4316 0.0114541
-4.43236 0.0113516
-4.43259 0.0112283
-4.43179 0.0111341
-4.43139 0.0110212
-4.42965 0.0110413
-4.42948 0.0109257
-4.42889 0.0108273
-4.42794 0.0107567
-4.42827 0.0106512
-4.42893 0.0105642
-4.42848 0.010468
-4.04842 0
-4.26956 0.221148
-4.35337 0.152725
-4.41998 0.126886
-4.38319 0.104946
-4.37597 0.0859915
-4.35101 0.0768415
-4.31494 0.0756935
-4.31433 0.0667582
-4.32317 0.0603614
-4.33286 0.0554523
-4.33698 0.0507879
-4.3368 0.0467185
-4.34783 0.0446387
-4.36196 0.0438913
-4.37078 0.0419935
-4.39019 0.0439623
-4.39748 0.0420839
-4.39782 0.0398089
-4.40301 0.0381219
-4.40351 0.0362645
-4.4054 0.0346282
-4.41218 0.0337769
-4.41513 0.0324727
-4.41641 0.0311731
-4.41642 0.0299501
-4.41856 0.0288993
-4.41604 0.0279618
-4.41471 0.0270134
-4.4117 0.0262701
-4.41537 0.0256727
-4.4149 0.024862
-4.41564 0.0241083
-4.41467 0.0234086
-4.42151 0.0237369
-4.422 0.0230734
-4.4142 0.023759
-4.4166 0.02325
-4.41858 0.0227322
-4.42161 0.0223619
-4.42328 0.021874
-4.41894 0.021783
-4.4219 0.0214741
-4.41824 0.0212957
-4.41561 0.0209835
-4.4154 0.0205233
-4.41796 0.0202443
-4.42053 0.0199844
-4.42087 0.0195753
-4.41942 0.0192345
-4.41966 0.0188551
-4.41807 0.018557
-4.41884 0.0182197
-4.42003 0.017919
-4.41894 0.0176241
-4.4166 0.0174639
-4.41399 0.0173517
-4.41564 0.0171294
-4.41678 0.0168748
-4.42238 0.017511
-4.42488 0.0174031
-4.4248 0.0171203
-4.42459 0.0168476
-4.4262 0.0166596
-4.42339 0.0166397
-4.42139 0.0165078
-4.41933 0.0163892
-4.41983 0.0161543
-4.4214 0.0159951
-4.42207 0.0157794
-4.42268 0.0155673
-4.42518 0.0155522
-4.42724 0.0154748
-4.42647 0.0152836
-4.4266 0.015079
-4.42706 0.0148864
-4.42819 0.0147353
-4.42667 0.0146247
-4.42817 0.0145161
-4.42689 0.0143902
-4.42478 0.0143679
-4.42505 0.0141942
-4.42618 0.0140678
-4.42687 0.0139161
-4.42748 0.013765
-4.42775 0.0136068
-4.42559 0.0136221
-4.42654 0.0134994
-4.42753 0.0133837
-4.43007 0.0134767
-4.42859 0.0134103
-4.42696 0.0133634
-4.42575 0.0132744
-4.42662 0.0131612
-4.42584 0.0130449
-4.42617 0.0129125
-4.4261 0.0127788
-4.42684 0.0126691
-4.42574 0.0125886
-4.42494 0.0124877
-3.85212 0
-4.123 0.270887
-4.22384 0.186087
-4.22527 0.131591
-4.25095 0.105115
-4.26696 0.0873075
-4.27271 0.0740121
-4.27867 0.064372
-4.28941 0.0577779
-4.30975 0.0555382
-4.32237 0.0517964
-4.33574 0.0491386
-4.34726 0.0466453
-4.33736 0.0443047
-4.3365 0.0412545
-4.34132 0.0388902
-4.34506 0.036722
-4.34791 0.0347392
-4.35182 0.033092
-4.35831 0.0320568
-4.35839 0.0304922
-4.36081 0.0291737
-4.36538 0.0282486
-4.36499 0.0270488
-4.36378 0.0259728
-4.36053 0.0251638
-4.36168 0.0242412
-4.36338 0.0234213
-4.36358 0.0226001
-4.36328 0.0218359
-4.36026 0.021334
-4.36109 0.0206732
-4.36224 0.0200701
-4.36444 0.0195946
-4.36537 0.0190491
-4.36668 0.0185586
-4.37026 0.0184027
-4.37506 0.0185438
-4.37696 0.0181612
-4.37746 0.0177086
-4.37909 0.0173472
-4.37916 0.0169293
-4.37833 0.016552
-4.3804 0.0163031
-4.38289 0.0161303
-4.38251 0.0157802
-4.38378 0.0154924
-4.38109 0.0154024
-4.37784 0.015431
-4.37769 0.0151199
-4.37786 0.0148215
-4.37678 0.0145736
-4.38097 0.0148956
-4.38236 0.014683
-4.38371 0.0144773
-4.3842 0.0142249
-4.38505 0.0139984
-4.38488 0.0137559
-4.38343 0.0135986
-4.38393 0.0133795
-4.38533 0.0132324
-4.38705 0.0131303
-4.38966 0.0131807
-4.39134 0.0130819
-4.39042 0.0129121
-4.38833 0.012885
-4.38804 0.0126945
-4.38804 0.0125065
-4.38901 0.0123623
-4.3895 0.0121943
-4.38861 0.0120542
-4.38668 0.0120417
-4.38921 0.012142
-4.38919 0.0119768
-4.38878 0.0118229
-4.39018 0.0117497
-4.38917 0.0116405
-4.38778 0.0115737
-4.3897 0.0115869
-4.38971 0.0114412
-4.38778 0.011463
-4.38923 0.0114141
-4.39099 0.011412
-4.39109 0.0112759
-4.39222 0.011199
-4.3916 0.0110854
-4.39244 0.0109894
-4.39411 0.0109925
-4.39443 0.0108729
-4.39541 0.0107962
-4.396 0.0106932
-4.3972 0.0106441
-4.39792 0.0105537
-4.39842 0.0104527
-4.39794 0.0103535
-4.39814 0.0102471
-4.39767 0.010152
-4.39673 0.0100913
-4.39644 0.00999318
-4.39567 0.00992244
-3.77458 0
-3.98069 0.206108
-4.04059 0.133224
-4.06962 0.0985735
-4.09871 0.0817103
-4.17645 0.102439
-4.20677 0.0917319
-4.21643 0.0800277
-4.23077 0.0720193
-4.26604 0.0734429
-4.2703 0.0665675
-4.28226 0.0619339
-4.28918 0.0573896
-4.29336 0.0532965
-4.29831 0.0498633
-4.29516 0.046749
-4.30697 0.0454722
-4.30618 0.0428789
-4.30377 0.0406307
-4.29944 0.0387885
-4.29613 0.0370431
-4.28914 0.036005
-4.29113 0.0344616
-4.29563 0.0333001
-4.29712 0.0319748
-4.29449 0.0308325
-4.302 0.0306052
-4.30436 0.0295858
-4.30738 0.0287071
-4.30467 0.0278659
-4.29846 0.0276591
-4.2985 0.0267808
-4.29739 0.0259805
-4.2999 0.0253295
-4.30258 0.0247411
-4.30544 0.0242135
-4.30867 0.0237697
-4.31159 0.0233193
-4.31696 0.0233399
-4.31599 0.0227694
-4.31663 0.0222163
-4.31645 0.0216816
-4.31803 0.0212304
-4.31785 0.0207431
-4.31436 0.0205742
-4.31449 0.0201224
-4.31653 0.0197943
-4.31836 0.019464
-4.31619 0.0191853
-4.31557 0.018808
-4.31667 0.0184681
-4.3166 0.0181096
-4.31338 0.0180541
-4.31397 0.0177263
-4.31763 0.0177816
-4.31806 0.0174665
-4.31663 0.0172171
-4.31822 0.0169929
-4.31508 0.0169955
-4.31054 0.017315
-4.30978 0.017046
-4.31178 0.0168881
-4.31047 0.0166698
-4.31078 0.0164102
-4.31119 0.0161612
-4.31072 0.0159214
-4.3083 0.0158675
-4.30553 0.0158757
-4.30234 0.0159673
-4.30146 0.0157619
-4.30387 0.0157245
-4.30438 0.0155128
-4.30602 0.0153862
-4.30594 0.015177
-4.30453 0.0150397
-4.3043 0.0148423
-4.306 0.0147462
-4.30537 0.0145695
-4.30627 0.0144122
-4.30663 0.0142352
-4.30811 0.0141369
-4.3093 0.0140133
-4.30909 0.013845
-4.30487 0.0143148
-4.30396 0.0141744
-4.30471 0.0140287
-4.30549 0.0138884
-4.30539 0.01373
-4.30366 0.0136847
-4.30422 0.0135432
-4.30391 0.0133971
-4.30259 0.0133162
-4.29973 0.0134791
-4.30084 0.0133811
-4.30272 0.0133717
-4.30579 0.0135829
-4.30547 0.0134459
-4.30487 0.0133217
-4.30553 0.0132031
-4.30742 0.0132062
-3.89791 0
-4.13152 0.233603
-4.18038 0.143447
-4.23232 0.113959
-4.278 0.0993924
-4.31222 0.0880721
-4.32098 0.074948
-4.34176 0.0681539
-4.34373 0.0601381
-4.34994 0.0541467
-4.35409 0.0491534
-4.35733 0.0449875
-4.35803 0.0413883
-4.35902 0.038331
-4.35678 0.0357543
-4.35329 0.0336269
-4.35141 0.0316429
-4.36315 0.0320579
-4.3642 0.0303421
-4.36408 0.0287853
-4.37326 0.0288778
-4.37705 0.0277941
-4.37513 0.0266277
-4.37077 0.0258647
-4.37451 0.0250902
-4.37742 0.0242803
-4.38218 0.0238435
-4.3847 0.0231145
-4.38909 0.0227298
-4.39022 0.0219883
-4.39276 0.0214181
-4.39185 0.0207577
-4.38872 0.0203614
-4.3946 0.0206089
-4.40004 0.0207377
-4.40353 0.0204534
-4.40229 0.0199313
-4.40011 0.0195219
-4.39908 0.0190424
-4.39768 0.018613
-4.39578 0.0182525
-4.39386 0.0179158
-4.39624 0.0176555
-4.39518 0.0172826
-4.39406 0.0169312
-4.39699 0.016816
-4.39976 0.0166865
-4.39739 0.0165067
-4.39732 0.0161665
-4.39419 0.0161477
-4.39496 0.0158469
-4.39408 0.015564
-4.39511 0.0153026
-4.39561 0.0150248
-4.3987 0.01507
-4.39815 0.0148087
-4.39761 0.0145567
-4.39789 0.0143064
-4.40274 0.014875
-4.40739 0.0153443
-4.40888 0.0151644
-4.41063 0.0150196
-4.40732 0.0151436
-4.40813 0.0149268
-4.41038 0.0148665
-4.40978 0.0146518
-4.41032 0.0144415
-4.40972 0.0142399
-4.4081 0.0141255
-4.40414 0.0144735
-4.40159 0.0144947
-4.40191 0.0142955
-4.40125 0.0141137
-4.40147 0.0139232
-4.40295 0.0138163
-4.4044 0.0137106
-4.40473 0.0135352
-4.40424 0.0133694
-4.4033 0.0132329
-4.40415 0.0130946
-4.40412 0.012932
-4.40601 0.0129126
-4.40847 0.012991
-4.40697 0.0129229
-4.40587 0.0128175
-4.40332 0.0129213
-4.40273 0.0127853
-4.40161 0.0126889
-4.40297 0.0126189
-4.40313 0.0124789
-4.4039 0.0123654
-4.40359 0.0122343
-4.4024 0.0121608
-4.40216 0.012033
-4.40122 0.0119428
-4.39974 0.0119099
-4.39828 0.0118764
-4.3975 0.0117806
-4.39745 0.0116611
-4.39685 0.0115596
