1.64179 0
1.43459 0.207202
1.30804 0.174138
1.25306 0.134854
1.19962 0.117332
1.17002 0.10027
1.14718 0.0877667
1.1334 0.0772478
1.12503 0.0686381
1.11843 0.0617457
1.10623 0.0571673
1.09814 0.05281
1.09173 0.0489989
1.0892 0.0454347
1.08982 0.0423019
1.089 0.0395782
1.08613 0.0372878
1.08659 0.0351583
1.08668 0.0332565
1.08678 0.0315501
1.0816 0.0304546
1.0819 0.0290389
1.08264 0.0277577
1.08282 0.0265766
1.08386 0.0255124
1.08584 0.0245915
1.08444 0.0237045
1.08176 0.0229991
1.07982 0.0222762
1.07895 0.0215387
1.07857 0.0208357
1.07762 0.0201963
1.07711 0.0195814
1.07539 0.0190746
1.07384 0.018587
1.07279 0.0180937
1.07287 0.0175981
1.07329 0.0171339
1.07356 0.0166909
1.07317 0.0162728
1.07302 0.0158717
1.07375 0.0155065
1.0739 0.0151423
1.07368 0.0147958
1.07324 0.0144699
1.07353 0.0141548
1.07532 0.0139662
1.0747 0.0136864
1.07519 0.0134134
1.07594 0.0131635
1.07596 0.0129028
1.07524 0.0126728
1.07689 0.0125395
1.07746 0.0123183
1.0765 0.0121303
1.07606 0.0119198
1.07458 0.0118017
1.0745 0.0115968
1.07364 0.0114303
1.07223 0.0113269
1.07228 0.0111397
1.07201 0.0109619
1.07169 0.0107913
1.07001 0.0107524
1.06984 0.010587
1.06946 0.0104323
1.07 0.0102896
1.07036 0.0101435
1.07007 0.00999981
1.07 0.00985615
1.07015 0.00971756
1.06993 0.00958434
1.06877 0.00952206
1.06852 0.009396
1.06829 0.00927263
1.06901 0.00917839
1.06902 0.00905841
1.0675 0.00906939
1.06769 0.00895575
1.06758 0.00884374
1.06668 0.00878023
1.06631 0.00868023
1.06683 0.00859042
1.06736 0.00850447
1.06783 0.00841672
1.06737 0.00833114
1.06746 0.0082354
1.0668 0.00816845
1.06606 0.00810947
1.06614 0.00801917
1.06654 0.00794091
1.06564 0.00790569
1.06586 0.00782325
1.0662 0.00774717
1.06622 0.00766523
1.06637 0.00758637
1.06551 0.00755669
1.06445 0.00755373
1.06447 0.00747707
1.06409 0.0074119
1.49902 0
1.53917 0.040152
1.6046 0.0694129
1.61206 0.0496461
1.61965 0.0391985
1.63396 0.0350572
1.63174 0.0297114
1.62932 0.0258445
1.63499 0.0234875
1.64187 0.0221043
1.64225 0.0199979
1.65018 0.0199003
1.6382 0.0218767
1.63919 0.0202783
1.64069 0.0189373
1.64331 0.0179077
1.65024 0.0181898
1.65071 0.0171559
1.65733 0.0175292
1.65986 0.0168208
1.65589 0.0164846
1.65206 0.0161791
1.65291 0.0154833
1.65165 0.0148781
1.65105 0.014283
1.6465 0.0144583
1.64411 0.0141151
1.64515 0.0136412
1.64788 0.0134428
1.6498 0.0131271
1.65 0.0126983
1.64927 0.0123167
1.65242 0.0123441
1.65363 0.0120372
1.65605 0.0119358
1.6559 0.0116004
1.6538 0.0114772
1.65439 0.0111865
1.65453 0.0108968
1.65482 0.0106248
1.65675 0.0105417
1.65611 0.0103077
1.65578 0.0100705
1.65412 0.00997826
1.65134 0.0101429
1.6496 0.0100712
1.64979 0.00985643
1.64857 0.00972673
1.648 0.00954305
1.64787 0.00935112
1.64989 0.00938547
1.64854 0.00930068
1.64747 0.00918661
1.6473 0.00901643
1.64703 0.00885523
1.6463 0.0087264
1.64698 0.00859924
1.64859 0.0086009
1.64839 0.00845615
1.64923 0.00835627
1.64973 0.00823339
1.64927 0.00811262
1.64695 0.0083125
1.64626 0.008211
1.64456 0.00825935
1.64334 0.00822398
1.64416 0.00814108
1.64315 0.00808341
1.64174 0.00808979
1.64159 0.00797476
1.64149 0.00786226
1.64128 0.00775504
1.63927 0.00791007
1.63926 0.00780245
1.63986 0.00772101
1.64005 0.00762093
1.63974 0.00752771
1.6404 0.00746012
1.63913 0.00747326
1.63902 0.00738004
1.63873 0.00729422
1.63902 0.00721051
1.63861 0.00713472
1.6377 0.00710866
1.63696 0.00706262
1.63711 0.00698162
1.63768 0.0069238
1.63711 0.00686771
1.637 0.00679114
1.63601 0.00678746
1.63549 0.00673225
1.63493 0.00668205
1.63521 0.00661539
1.63509 0.00654564
1.63476 0.00648496
1.63512 0.00642735
1.63504 0.00636127
1.63396 0.0063876
1.63439 0.00633735
1.63462 0.00627794
1.69197 0
1.75611 0.0641406
1.77597 0.0420216
1.76948 0.030413
1.76363 0.0242753
1.75725 0.020822
1.75015 0.0189729
1.73791 0.020489
1.73682 0.0181027
1.73992 0.0164857
1.75014 0.0180798
1.76158 0.0200766
1.76879 0.0198275
1.76998 0.0183953
1.77516 0.0178899
1.78086 0.0176803
1.78769 0.0179578
1.79414 0.0181155
1.8035 0.0195279
1.8021 0.0185786
1.80058 0.0177368
1.79994 0.0169238
1.80502 0.0169501
1.80534 0.0162317
1.8047 0.0155818
1.80434 0.0149749
1.80031 0.0149617
1.80217 0.0145369
1.80189 0.0140295
1.80542 0.0140036
1.80612 0.0135625
1.80685 0.0131524
1.80789 0.0127898
1.80785 0.012408
1.80709 0.0120723
1.80877 0.0118525
1.80811 0.0115467
1.80915 0.011287
1.80996 0.0110232
1.81153 0.0108589
1.81081 0.0106156
1.814 0.0108407
1.81532 0.0106676
1.81494 0.0104295
1.81346 0.0103011
1.81454 0.0101317
1.81677 0.0101625
1.81563 0.0100131
1.81401 0.00993984
1.8133 0.00976507
1.81403 0.00959925
1.81457 0.00942879
1.81447 0.00924978
1.81586 0.00918255
1.81738 0.00914155
1.81642 0.00902798
1.81744 0.00892732
1.81896 0.0089018
1.81957 0.00877113
1.81904 0.0086402
1.81784 0.00858121
1.81757 0.00844617
1.81622 0.00841934
1.81656 0.00829357
1.81414 0.0085167
1.81247 0.00854985
1.8121 0.00842952
1.81195 0.00830593
1.81266 0.00821495
1.81321 0.00811525
1.81316 0.00800027
1.81455 0.00801019
1.81459 0.00789981
1.8137 0.0078431
1.81423 0.0077554
1.8137 0.00767052
1.81308 0.00759619
1.81399 0.00755426
1.81572 0.0076542
1.81586 0.00755921
1.81609 0.00746887
1.81665 0.00739854
1.81648 0.00731074
1.81659 0.00722403
1.8191 0.00756476
1.81907 0.00747632
1.8191 0.00738994
1.81883 0.0073104
1.81778 0.00730424
1.8183 0.00724132
1.81844 0.00716273
1.8179 0.00710523
1.81763 0.00703351
1.81647 0.00705425
1.81636 0.00698045
1.81596 0.00691911
1.81533 0.00687598
1.81558 0.0068098
1.81603 0.00675582
1.81572 0.00669511
1.71339 0
1.80609 0.0926962
1.84392 0.0655394
1.87913 0.0582036
1.84917 0.0541324
1.8408 0.0449848
1.82165 0.0425688
1.79593 0.0449528
1.7941 0.0396867
1.79879 0.0358055
1.80429 0.0328506
1.80625 0.0300525
1.80549 0.0276548
1.81224 0.026478
1.82095 0.0261451
1.82615 0.0250023
1.83836 0.0264721
1.84268 0.0253288
1.8424 0.0239602
1.84544 0.0229327
1.84538 0.0218134
1.84633 0.0208198
1.85056 0.0203388
1.85229 0.0195495
1.85295 0.0187627
1.85272 0.0180281
1.85394 0.0173905
1.85209 0.01686
1.85106 0.0163007
1.84895 0.015889
1.85128 0.0155443
1.85083 0.0150576
1.85119 0.0145985
1.85039 0.0141849
1.85484 0.0144736
1.85507 0.0140676
1.8498 0.0146586
1.85138 0.014354
1.85263 0.0140371
1.85461 0.0138236
1.85569 0.0135262
1.85281 0.0135123
1.85477 0.0133395
1.85232 0.0132606
1.85053 0.0130866
1.85031 0.0128008
1.85198 0.0126359
1.85367 0.0124845
1.85387 0.0122287
1.85285 0.0120249
1.85292 0.011787
1.85178 0.0116147
1.85222 0.011402
1.85298 0.0112147
1.85221 0.0110359
1.85065 0.0109479
1.84891 0.0108942
1.84994 0.0107539
1.85063 0.0105929
1.85431 0.0110443
1.85592 0.010981
1.8558 0.0108031
1.8556 0.0106321
1.85663 0.0105155
1.85472 0.010527
1.85334 0.0104584
1.85192 0.0103979
1.85222 0.0102481
1.85322 0.0101484
1.85364 0.0100108
1.85399 0.00987511
1.85561 0.00987086
1.85693 0.00982428
1.85638 0.00970643
1.85643 0.00957626
1.85669 0.00945318
1.85741 0.00935681
1.85635 0.00929673
1.85733 0.00923043
1.85644 0.00915706
1.85498 0.00916026
1.85513 0.00904896
1.85585 0.00896855
1.85625 0.0088704
1.85662 0.00877319
1.85679 0.00867224
1.85533 0.00869542
1.85596 0.00861851
1.85659 0.00854476
1.85828 0.00861566
1.85728 0.00857826
1.85619 0.00855494
1.85536 0.00850225
1.85593 0.00843007
1.85539 0.00835814
1.85559 0.00827316
1.85554 0.00818758
1.85603 0.00811823
1.85531 0.00806786
1.85478 0.00800427
1.62018 0
1.74791 0.12773
1.79812 0.0892155
1.79031 0.063566
1.80251 0.0507255
1.80977 0.042049
1.81132 0.0355717
1.81321 0.0308639
1.81879 0.0277845
1.83104 0.0277077
1.83837 0.0261136
1.84664 0.02523
1.85369 0.0242563
1.84654 0.023567
1.84553 0.0219628
1.84832 0.0207316
1.85041 0.019586
1.85208 0.0185413
1.85446 0.0177
1.85861 0.0172963
1.85845 0.0164528
1.85994 0.0157573
1.86287 0.0153406
1.86248 0.0146929
1.86148 0.0141279
1.85916 0.0137708
1.8598 0.0132664
1.86074 0.0128185
1.86073 0.0123686
1.86039 0.011954
1.85828 0.0117535
1.85872 0.0113888
1.85935 0.0110564
1.86069 0.0108092
1.86115 0.0105058
1.86187 0.0102357
1.86412 0.0102059
1.86722 0.0104045
1.86841 0.0102041
1.86868 0.00994941
1.86969 0.00975672
1.86966 0.00952165
1.86903 0.00931888
1.87038 0.00920404
1.87199 0.00913946
1.8717 0.00894329
1.87254 0.00879181
1.87076 0.00879007
1.86859 0.00887629
1.86846 0.00869792
1.86853 0.00852592
1.86775 0.00839641
1.87051 0.00868557
1.87142 0.00857149
1.87228 0.00845794
1.87257 0.0083106
1.87309 0.00818001
1.87294 0.00803904
1.87192 0.00796668
1.87219 0.00783731
1.87305 0.00775585
1.87415 0.00770882
1.87587 0.00777724
1.87697 0.00773383
1.87636 0.00763849
1.87497 0.0076497
1.87475 0.00753774
1.8747 0.00742629
1.87531 0.00734384
1.8756 0.00724382
1.87497 0.00716879
1.87365 0.0071905
1.87532 0.00728499
1.87528 0.00718599
1.87499 0.00709531
1.87592 0.00706288
1.87523 0.00700435
1.87428 0.00698002
1.87552 0.00700228
1.87548 0.00691431
1.87414 0.00695845
1.87505 0.0069331
1.87619 0.00694252
1.87622 0.00685947
1.87694 0.00681601
1.87648 0.0067519
1.87699 0.00669368
1.87809 0.00670742
1.87827 0.00663411
1.87889 0.00658884
1.87925 0.00652623
1.88002 0.00650051
1.88048 0.00644629
1.8808 0.00638558
1.88046 0.00632714
1.88057 0.00626178
1.88022 0.00620681
1.87957 0.00617668
1.87937 0.00611734
1.87887 0.00607618
1.70036 0
1.79276 0.0924033
1.81808 0.0590528
1.83007 0.0434424
1.84501 0.0368208
1.89379 0.0572982
1.91171 0.0516361
1.91634 0.0449564
1.92462 0.0405046
1.94718 0.0426787
1.94924 0.0386589
1.95655 0.0360405
1.96037 0.0333713
1.96237 0.0309604
1.96506 0.0289487
1.96246 0.0272038
1.96999 0.0266404
1.96916 0.0251308
1.96722 0.0238501
1.96404 0.0228487
1.9615 0.0218813
1.95655 0.0214417
1.95769 0.0205197
1.96047 0.0198425
1.96129 0.0190498
1.95938 0.0184016
1.96427 0.0183694
1.9658 0.017767
1.96779 0.0172583
1.96593 0.0167761
1.96169 0.0167698
1.96169 0.0162373
1.96089 0.015758
1.96251 0.0153729
1.96422 0.0150248
1.96605 0.0147155
1.96811 0.0144609
1.96999 0.0141993
1.97353 0.0142757
1.97283 0.0139315
1.97325 0.0135939
1.97314 0.0132667
1.97423 0.0129995
1.97411 0.0127011
1.97177 0.0126349
1.97183 0.0123573
1.97316 0.0121641
1.97432 0.0119645
1.97282 0.0118135
1.97233 0.011585
1.97299 0.0113745
1.97289 0.011154
1.97073 0.0111528
1.9711 0.0109504
1.97351 0.0110165
1.97379 0.0108217
1.97283 0.0106739
1.97387 0.0105402
1.97173 0.010579
1.96866 0.0108442
1.96814 0.0106777
1.96949 0.0105902
1.96862 0.0104568
1.96883 0.0102943
1.96911 0.0101385
1.96881 0.00998831
1.96721 0.00996801
1.96537 0.00999015
1.96324 0.0100721
1.96266 0.0099441
1.96428 0.00993568
1.96462 0.00980257
1.96572 0.00972992
1.96567 0.00959767
1.96472 0.00951595
1.96457 0.00939116
1.9657 0.00933708
1.96528 0.00922636
1.96585 0.00912705
1.96608 0.00901514
1.96709 0.00895957
1.96788 0.00888525
1.96778 0.00877812
1.965 0.00910714
1.96439 0.00902009
1.96489 0.0089284
1.9654 0.00884001
1.96533 0.00873926
1.96415 0.00872038
1.96449 0.00862982
1.96426 0.00853776
1.96334 0.00849452
1.96138 0.00862735
1.96208 0.00856408
1.96329 0.00855837
1.96529 0.00870195
1.96503 0.0086157
1.96459 0.00853857
1.96502 0.00846303
1.96626 0.00846879
1.67224 0
1.77637 0.104131
1.79213 0.0621524
1.81784 0.050914
1.84271 0.0466227
1.86183 0.0426028
1.86547 0.0361888
1.87774 0.0336575
1.87795 0.0296839
1.88121 0.0267491
1.88315 0.0242728
1.88457 0.0222035
1.88445 0.0204246
1.88466 0.0189106
1.88272 0.0177112
1.88 0.0167884
1.87846 0.0158451
1.88596 0.0167153
1.88636 0.0158162
1.88604 0.015008
1.8919 0.0154309
1.89416 0.0148854
1.89271 0.0142973
1.88963 0.0140302
1.89199 0.0136624
1.89382 0.0132538
1.89689 0.0131167
1.89844 0.0127347
1.90123 0.0125998
1.90188 0.0121903
1.9035 0.0119003
1.90279 0.0115441
1.9006 0.0114017
1.90444 0.011709
1.90799 0.0119127
1.9102 0.0117847
1.90928 0.0114981
1.90774 0.011297
1.907 0.0110287
1.90606 0.01079
1.90477 0.010602
1.90346 0.0104302
1.90501 0.0103033
1.9043 0.0100917
1.90354 0.0098945
1.90549 0.00987161
1.90734 0.00983596
1.9058 0.00975195
1.90577 0.00955088
1.9037 0.00958511
1.9042 0.00940865
1.90358 0.0092471
1.90422 0.00909396
1.90452 0.00892884
1.90657 0.00900286
1.9062 0.00884864
1.90582 0.00870005
1.90599 0.00855027
1.90921 0.00900113
1.91229 0.0093716
1.91329 0.00927031
1.91445 0.00919268
1.91225 0.00930732
1.9128 0.00917702
1.91429 0.00915731
1.91391 0.00902573
1.91426 0.00889707
1.91386 0.0087744
1.91276 0.00871575
1.91011 0.00899093
1.90839 0.00902868
1.90859 0.00890458
1.90816 0.00879226
1.90828 0.00867352
1.90924 0.00861111
1.91019 0.00854917
1.91037 0.00843932
1.91001 0.00833828
1.90936 0.00825718
1.90993 0.00817293
1.90992 0.0080714
1.91119 0.00807231
1.91282 0.00814046
1.91183 0.00810375
1.91112 0.00804002
1.90943 0.00812361
1.90905 0.00803849
1.90832 0.00798011
1.90925 0.00794501
1.90938 0.00785724
1.90991 0.00778889
1.90971 0.00770645
1.90892 0.00766362
1.90877 0.00758321
1.90814 0.00752973
1.90715 0.00751619
1.90618 0.0075008
1.90565 0.00744286
1.90559 0.00736756
1.90517 0.00730531
