0.997421
0.998859
0.999861
1.00054
1.00024
1.00011
1.00021
1.00014
0.999928
1.00013
0.999922
1.00028
1.00018
1.00004
1.00015
1.00011
1.00016
1.00009
1.00013
1.00017
1.00019
1.00015
1.00009
1.00011
1.00005
1.00019
1.00016
1.00025
1.00021
1.00022
1.00022
1.00024
1.00027
1.00023
1.00024
1.00022
1.00021
1.0002
1.00017
1.00014
1.00013
1.00012
1.0001
1.00006
1.00004
1.00008
1.00005
1.00003
1.00008
1.00013
1.00011
1.0001
1.00009
1.00011
1.00012
1.00012
1.0001
1.00008
1.00007
1.00007
1.00007
1.00005
1.00003
1.00003
0.999982
1
0.999949
0.999904
0.999915
0.99989
0.999868
0.999868
0.999873
0.999863
0.999851
0.999837
0.999821
0.999826
0.999855
0.99987
0.999866
0.999864
0.999866
0.999845
0.99987
0.999863
0.999872
0.999901
0.999877
0.999859
0.999872
0.999867
0.999905
0.999894
0.999864
0.999872
0.99988
0.999872
0.999862
0.999857
