0.998898
0.999266
0.999443
0.999572
0.9999
1.00013
1.00005
1.00009
1.0001
1.00012
1.00008
1.00007
1.00004
1.00003
0.999992
0.999996
0.999992
0.999997
0.99996
0.999973
1.00003
1.00002
1.00003
1.00005
1.00001
1
1.00004
1.00005
1.00005
1.00008
1.00008
1.00009
1.00011
1.00012
1.00012
1.00014
1.00013
1.00012
1.0001
1.0001
1.00009
1.00008
1.00006
1.00007
1.00008
1.00009
1.00009
1.00009
1.00009
1.00009
1.0001
1.00011
1.00012
1.00012
1.00012
1.0001
1.00011
1.0001
1.0001
1.0001
1.0001
1.0001
1.0001
1.00009
1.0001
1.0001
1.00009
1.00008
1.00006
1.00005
1.00005
1.00004
1.00005
1.00004
1.00003
1.00003
1.00003
1.00002
1.00001
1.00001
0.999996
1
0.999996
0.999992
0.999997
0.999998
0.999997
0.999991
0.999999
0.999995
0.999992
0.999993
0.999988
0.999985
0.999985
0.999987
0.999987
0.999994
0.999988
0.999993
