0
0.000368288
0.000276497
0.000234213
0.000375367
0.000380276
0.000329432
0.000287811
0.000253871
0.000228882
0.000211248
0.000193422
0.000179575
0.000166868
0.000159605
0.000149334
0.000140318
0.0001324
0.000130684
0.000124679
0.000133298
0.000128057
0.000122963
0.000118883
0.000118865
0.000114627
0.000116382
0.000112534
0.000108641
0.000107443
0.000103923
0.00010173
0.000100219
9.74305e-05
9.46059e-05
9.37772e-05
9.1558e-05
8.91674e-05
9.02555e-05
8.79702e-05
8.59426e-05
8.5116e-05
8.44821e-05
8.25834e-05
8.17147e-05
8.02849e-05
7.85615e-05
7.69091e-05
7.54809e-05
7.39967e-05
7.32466e-05
7.20684e-05
7.19342e-05
7.06504e-05
6.96247e-05
7.09654e-05
7.02264e-05
6.96073e-05
6.87571e-05
6.80572e-05
6.71546e-05
6.60726e-05
6.52529e-05
6.50067e-05
6.40418e-05
6.30655e-05
6.24588e-05
6.17419e-05
6.40339e-05
6.41632e-05
6.3437e-05
6.27748e-05
6.19744e-05
6.12899e-05
6.09823e-05
6.04494e-05
5.99404e-05
6.0354e-05
6.00661e-05
5.97489e-05
5.98762e-05
5.92814e-05
5.87407e-05
5.81429e-05
5.76402e-05
5.69722e-05
5.63147e-05
5.59834e-05
5.5873e-05
5.543e-05
5.48793e-05
5.42845e-05
5.38578e-05
5.33856e-05
5.28215e-05
5.22975e-05
5.17633e-05
5.17077e-05
5.15385e-05
5.12219e-05
