0
0.00143755
0.00130155
0.00114582
0.000937837
0.000776706
0.000663716
0.00057936
0.000551943
0.000532239
0.000523239
0.000596845
0.000557579
0.000534107
0.000507659
0.000476003
0.000448964
0.000428309
0.000407188
0.000387839
0.000369766
0.000354527
0.000343984
0.000329937
0.000321765
0.000337298
0.000325605
0.000324216
0.000315328
0.000304995
0.00029504
0.000286869
0.000279737
0.000275103
0.000267327
0.000260356
0.000253548
0.000246955
0.000241898
0.000237855
0.000232485
0.000226977
0.000222579
0.000220734
0.000216508
0.000214742
0.00021256
0.000208699
0.000209463
0.000211607
0.000208603
0.000204587
0.000201007
0.000197832
0.000194485
0.00019098
0.000188532
0.000186104
0.000183223
0.000180212
0.000177422
0.000174955
0.000173548
0.00017086
0.000174505
0.000172715
0.000177485
0.000180507
0.000178182
0.000177339
0.00017626
0.000173794
0.000171472
0.000169417
0.000167594
0.000165977
0.000164567
0.000162518
0.000163105
0.000161781
0.000159846
0.000157894
0.00015599
0.000155552
0.000155784
0.000154129
0.000152634
0.000153657
0.000153885
0.000153172
0.000152015
0.000150426
0.000153665
0.000152478
0.000153706
0.000152277
0.000150926
0.000149577
0.000148388
0.000147011
