0
0.436064
0.609604
0.746992
0.866977
0.97434
1.04969
1.13246
1.21508
1.27883
1.34891
1.4074
1.47297
1.53188
1.57913
1.64047
1.70198
1.77083
1.81482
1.87411
1.90119
1.92972
1.98014
2.03699
2.07301
2.12344
2.15374
2.18407
2.25541
2.28696
2.33163
2.37368
2.40807
2.44996
2.49866
2.55315
2.592
2.62923
2.67543
2.69899
2.74424
2.78071
2.81574
2.86653
2.91204
2.94445
2.98709
3.02324
3.0387
3.06539
3.09534
3.137
3.16216
3.20829
3.22553
3.26825
3.30392
3.34112
3.35981
3.38943
3.39718
3.4231
3.4605
3.49115
3.52551
3.56411
3.5873
3.62501
3.63334
3.66077
3.69394
3.70539
3.7268
3.74783
3.76547
3.78486
3.80962
3.84794
3.87479
3.91684
3.92645
3.94729
3.98066
4.02345
4.04588
4.06653
4.08945
4.10816
4.1189
4.15649
4.19296
4.21212
4.2225
4.23786
4.2533
4.27667
4.29464
4.31407
4.33985
4.36821
