1
1.41111
1.73096
1.99837
2.22339
2.43282
2.62385
2.80841
2.99076
3.16065
3.30695
3.45406
3.59028
3.71945
3.84956
3.96778
4.09636
4.22289
4.33499
4.46359
4.57481
4.68732
4.78639
4.88791
4.98134
5.09319
5.18822
5.28252
5.38261
5.46924
5.55931
5.65667
5.73625
5.82144
5.91241
6.00709
6.09438
6.17909
6.25297
6.33195
6.41388
6.49376
6.56881
6.65301
6.73081
6.80684
6.88584
6.9642
7.03175
7.1027
7.17509
7.24284
7.30887
7.37708
7.43577
7.50593
7.57267
7.63299
7.69403
7.75889
7.81275
7.88174
7.94603
8.00317
8.06335
8.12538
8.1824
8.25573
8.31178
8.38345
8.44047
8.49881
8.54893
8.6107
8.67234
8.73849
8.79318
8.8506
8.90248
8.96822
9.01981
9.068
9.1203
9.17854
9.23759
9.28371
9.3454
9.39974
9.46137
9.50899
9.55728
9.60907
9.65277
9.71784
9.78631
9.83221
9.8881
9.93567
9.98223
10.0427
