1
1.4176
1.74034
2.01301
2.25309
2.45927
2.6585
2.84419
3.01324
3.18148
3.33284
3.48807
3.6224
3.75311
3.8758
4.0028
4.12475
4.24342
4.36076
4.47332
4.5843
4.70145
4.81022
4.90803
5.00602
5.11375
5.21225
5.30302
5.39168
5.46952
5.56529
5.6475
5.73318
5.8129
5.88804
5.97898
6.05604
6.13361
6.22174
6.30087
6.37556
6.45204
6.5379
6.60961
6.67867
6.75042
6.83135
6.91461
6.99323
7.06044
7.13493
7.20541
7.27711
7.33925
7.41327
7.46598
7.5326
7.60949
7.66535
7.73182
7.79418
7.85901
7.92444
7.99645
8.06311
8.11973
8.18012
8.24269
8.30278
8.36435
8.4195
8.47585
8.54132
8.59844
8.65953
8.7207
8.77667
8.83873
8.89717
8.95624
9.0106
9.06781
9.12143
9.17474
9.2409
9.2894
9.35279
9.41516
9.47055
9.52207
9.57687
9.62812
9.68599
9.74149
9.79347
9.84966
9.89892
9.94873
10.0002
10.058
