0
0.40681
0.573043
0.706115
0.814984
0.914773
0.993531
1.08578
1.17066
1.24296
1.31904
1.38227
1.4324
1.48321
1.53543
1.57864
1.62731
1.67808
1.72391
1.75304
1.79842
1.85195
1.89446
1.93756
1.97822
2.02498
2.06766
2.11352
2.15131
2.1861
2.22344
2.24386
2.27302
2.31821
2.34337
2.38122
2.41912
2.46342
2.51125
2.54711
2.58313
2.58929
2.62457
2.66398
2.67373
2.69478
2.72403
2.75283
2.78851
2.82741
2.86355
2.89789
2.93742
2.96836
2.99837
3.02622
3.06343
3.09742
3.10908
3.13332
3.15129
3.18258
3.20048
3.22634
3.25959
3.28008
3.30765
3.34868
3.3683
3.39912
3.41631
3.44227
3.47939
3.51393
3.54312
3.57522
3.60741
3.63208
3.66794
3.70053
3.72627
3.74512
3.77122
3.78285
3.79959
3.80625
3.83523
3.86122
3.87702
3.90397
3.92113
3.9354
3.96457
3.99604
4.01371
4.04681
4.06615
4.07793
4.09904
4.11394
